#
# A fatal error has been detected by the Java Runtime Environment:
#
#  SIGSEGV (0xb) at pc=0x00007f930105b4ba, pid=17569, tid=140269084702464
#
# JRE version: Java(TM) SE Runtime Environment (7.0_79-b15) (build 1.7.0_79-b15)
# Java VM: Java HotSpot(TM) 64-Bit Server VM (24.79-b02 mixed mode linux-amd64 compressed oops)
# Problematic frame:
# v  ~BufferBlob::jni_fast_GetLongField
#
# Failed to write core dump. Core dumps have been disabled. To enable core dumping, try "ulimit -c unlimited" before starting Java again
#
# If you would like to submit a bug report, please visit:
#   http://bugreport.java.com/bugreport/crash.jsp
# The crash happened outside the Java Virtual Machine in native code.
# See problematic frame for where to report the bug.
#

---------------  T H R E A D  ---------------

Current thread (0x00007f93042ff800):  JavaThread "AWT-XAWT" daemon [_thread_in_native, id=17608, stack(0x00007f92f0e77000,0x00007f92f0f78000)]

siginfo:si_signo=SIGSEGV: si_errno=0, si_code=1 (SEGV_MAPERR), si_addr=0x0000000000000000

Registers:
RAX=0x00007f930a287e00, RBX=0x0000000081fdf1d0, RCX=0x00007f930acd92e0, RDX=0x0000000000000042
RSP=0x00007f92f0f76638, RBP=0x00007f92f0f76660, RSI=0x0000000000000000, RDI=0x00007f93042ff9e8
R8 =0x0000000000000003, R9 =0x0000000000000000, R10=0x000000000000001a, R11=0x00007f92f23e05d0
R12=0x00007f93042ff9e8, R13=0x0000000000000000, R14=0x00007f92f2b1afe0, R15=0x00007f93042ff800
RIP=0x00007f930105b4ba, EFLAGS=0x0000000000010246, CSGSFS=0x0000000000000033, ERR=0x0000000000000004
  TRAPNO=0x000000000000000e

Top of Stack: (sp=0x00007f92f0f76638)
0x00007f92f0f76638:   00007f92f28e5801 0000000081fdf1d0
0x00007f92f0f76648:   00007f92a80310c0 0000000081fdf1d0
0x00007f92f0f76658:   00007f92f0f76748 0000000000000000
0x00007f92f0f76668:   00007f92f23e0628 0000000081fdf1d0
0x00007f92f0f76678:   00007f92f0f766a0 0000000000000000
0x00007f92f0f76688:   00007f92f23d7de3 0000000081fdf1d0
0x00007f92f0f76698:   00007f92f28db68f 00007f92f0f76710
0x00007f92f0f766a8:   00007f9301012d98 00007f9301006233
0x00007f92f0f766b8:   0000000000000000 00000000883f4dd8
0x00007f92f0f766c8:   0000000000000000 00007f92f0f766d0
0x00007f92f0f766d8:   0000000000000000 00007f92f0f76748
0x00007f92f0f766e8:   0000000081fe52a0 0000000000000000
0x00007f92f0f766f8:   0000000081fdf1d0 0000000000000000
0x00007f92f0f76708:   00007f92f0f76730 00007f92f0f76790
0x00007f92f0f76718:   00007f9301006350 00000000874abd30
0x00007f92f0f76728:   00007f930100ecc0 0000000000000000
0x00007f92f0f76738:   00007f92f0f76790 00007f92bc000ea0
0x00007f92f0f76748:   00000000883b25b8 00007f92f0f76750
0x00007f92f0f76758:   00000000820f1ccc 00007f92f0f767d8
0x00007f92f0f76768:   00000000820fd768 0000000082dfd3f0
0x00007f92f0f76778:   00000000820f1e00 00007f92f0f76730
0x00007f92f0f76788:   00007f92f0f767d0 00007f92f0f76820
0x00007f92f0f76798:   00007f9301006058 0000000000000000
0x00007f92f0f767a8:   00000000d991d020 0000000000000000
0x00007f92f0f767b8:   0000000000000000 0000000000000000
0x00007f92f0f767c8:   00000000883b25b8 0000000000000000
0x00007f92f0f767d8:   00000000d9948748 00007f92f0f767e0
0x00007f92f0f767e8:   00000000820f1ad5 00007f92f0f76830
0x00007f92f0f767f8:   00000000820fd768 0000000000000000
0x00007f92f0f76808:   00000000820f1ae0 00007f92f0f767d0
0x00007f92f0f76818:   00007f92f0f76830 00007f92f0f76878
0x00007f92f0f76828:   00007f9301006706 00000000d9948748 

Instructions: (pc=0x00007f930105b4ba)
0x00007f930105b49a:   00 00 00 00 00 00 44 8b 15 61 04 26 09 4c 8b ce
0x00007f930105b4aa:   41 f6 c2 01 0f 85 2e 00 00 00 4d 33 ca 4d 33 ca
0x00007f930105b4ba:   4d 8b 09 4c 8b da 49 c1 eb 02 4b 8b 04 19 49 bb
0x00007f930105b4ca:   08 b9 2b 0a 93 7f 00 00 4c 33 d8 4c 33 d8 45 3b 

Register to memory mapping:

RAX=0x00007f930a287e00: <offset 0xe1be00> in /opt/jdk1.7.0_79/jre/lib/amd64/server/libjvm.so at 0x00007f930946c000
RBX=0x0000000081fdf1d0 is an oop
{method} 
 - klass: {other class}
RCX=0x00007f930acd92e0: <offset 0x2172e0> in /lib64/libpthread.so.0 at 0x00007f930aac2000
RDX=0x0000000000000042 is an unknown value
RSP=0x00007f92f0f76638 is pointing into the stack for thread: 0x00007f93042ff800
RBP=0x00007f92f0f76660 is pointing into the stack for thread: 0x00007f93042ff800
RSI=0x0000000000000000 is an unknown value
RDI=0x00007f93042ff9e8 is an unknown value
R8 =0x0000000000000003 is an unknown value
R9 =0x0000000000000000 is an unknown value
R10=0x000000000000001a is an unknown value
R11=0x00007f92f23e05d0: _XimServerDestroy+0 in /lib64/libX11.so.6 at 0x00007f92f2377000
R12=0x00007f93042ff9e8 is an unknown value
R13=0x0000000000000000 is an unknown value
R14=0x00007f92f2b1afe0: <offset 0x253fe0> in /opt/jdk1.7.0_79/jre/lib/amd64/xawt/libmawt.so at 0x00007f92f28c7000
R15=0x00007f93042ff800 is a thread


Stack: [0x00007f92f0e77000,0x00007f92f0f78000],  sp=0x00007f92f0f76638,  free space=1021k
Native frames: (J=compiled Java code, j=interpreted, Vv=VM code, C=native code)
v  ~BufferBlob::jni_fast_GetLongField

Java frames: (J=compiled Java code, j=interpreted, Vv=VM code)
j  sun.awt.X11.XlibWrapper.XFilterEvent(JJ)Z+0
j  sun.awt.X11.XToolkit.run(Z)V+300
j  sun.awt.X11.XToolkit.run()V+5
j  java.lang.Thread.run()V+11
v  ~StubRoutines::call_stub

---------------  P R O C E S S  ---------------

Java Threads: ( => current thread )
  0x00007f92d0003000 JavaThread "SIGTERM handler" daemon [_thread_blocked, id=23837, stack(0x00007f92d4c8e000,0x00007f92d4d8f000)]
  0x00007f9298004000 JavaThread "XToolkt-Shutdown-Thread" [_thread_blocked, id=23833, stack(0x00007f92d4d8f000,0x00007f92d4e90000)]
  0x00007f92d0002000 JavaThread "SIGTERM handler" daemon [_thread_blocked, id=23828, stack(0x00007f92d5757000,0x00007f92d5858000)]
  0x00007f92d0001000 JavaThread "SIGHUP handler" daemon [_thread_blocked, id=23826, stack(0x00007f92d5454000,0x00007f92d5555000)]
  0x00007f92b00d3800 JavaThread "MySQL Statement Cancellation Timer" daemon [_thread_blocked, id=17628, stack(0x00007f92d5353000,0x00007f92d5454000)]
  0x00007f92ac06f000 JavaThread "AWT-EventQueue-1" [_thread_blocked, id=17623, stack(0x00007f92d5555000,0x00007f92d5656000)]
  0x00007f92ac033800 JavaThread "TimerQueue" daemon [_thread_blocked, id=17621, stack(0x00007f92d5656000,0x00007f92d5757000)]
  0x00007f9304009000 JavaThread "DestroyJavaVM" [_thread_blocked, id=17581, stack(0x00007f930ade3000,0x00007f930aee4000)]
  0x00007f930431a000 JavaThread "AWT-EventQueue-0" [_thread_blocked, id=17617, stack(0x00007f92f0b74000,0x00007f92f0c75000)]
  0x00007f9304316000 JavaThread "AWT-Shutdown" [_thread_blocked, id=17615, stack(0x00007f92f0c75000,0x00007f92f0d76000)]
  0x00007f930430d000 JavaThread "thread applet-EITLERP/Purchase/frmPOAmendGen.class" [_thread_blocked, id=17613, stack(0x00007f92f0d76000,0x00007f92f0e77000)]
=>0x00007f93042ff800 JavaThread "AWT-XAWT" daemon [_thread_in_native, id=17608, stack(0x00007f92f0e77000,0x00007f92f0f78000)]
  0x00007f93042da800 JavaThread "Java2D Disposer" daemon [_thread_blocked, id=17606, stack(0x00007f92f139d000,0x00007f92f149e000)]
  0x00007f9304098000 JavaThread "Service Thread" daemon [_thread_blocked, id=17599, stack(0x00007f92f2eef000,0x00007f92f2ff0000)]
  0x00007f9304095800 JavaThread "C2 CompilerThread1" daemon [_thread_blocked, id=17598, stack(0x00007f92f2ff0000,0x00007f92f30f1000)]
  0x00007f9304092800 JavaThread "C2 CompilerThread0" daemon [_thread_blocked, id=17597, stack(0x00007f92f30f1000,0x00007f92f31f2000)]
  0x00007f9304090000 JavaThread "Signal Dispatcher" daemon [_thread_blocked, id=17596, stack(0x00007f92f31f2000,0x00007f92f32f3000)]
  0x00007f930406f800 JavaThread "Finalizer" daemon [_thread_blocked, id=17592, stack(0x00007f92f32f3000,0x00007f92f33f4000)]
  0x00007f930406d800 JavaThread "Reference Handler" daemon [_thread_blocked, id=17591, stack(0x00007f92f33f4000,0x00007f92f34f5000)]

Other Threads:
  0x00007f9304069000 VMThread [stack: 0x00007f92f34f5000,0x00007f92f35f6000] [id=17590]
  0x00007f930409b000 WatcherThread [stack: 0x00007f92f2dee000,0x00007f92f2eef000] [id=17600]

VM state:not at safepoint (normal execution)

VM Mutex/Monitor currently owned by a thread: None

Heap
 PSYoungGen      total 36352K, used 29317K [0x00000000d7a00000, 0x00000000dc100000, 0x0000000100000000)
  eden space 31232K, 77% used [0x00000000d7a00000,0x00000000d91a9628,0x00000000d9880000)
  from space 5120K, 99% used [0x00000000d9880000,0x00000000d9d78080,0x00000000d9d80000)
  to   space 5120K, 0% used [0x00000000dbc00000,0x00000000dbc00000,0x00000000dc100000)
 ParOldGen       total 82432K, used 25737K [0x0000000086e00000, 0x000000008be80000, 0x00000000d7a00000)
  object space 82432K, 31% used [0x0000000086e00000,0x0000000088722428,0x000000008be80000)
 PSPermGen       total 21504K, used 18442K [0x0000000081c00000, 0x0000000083100000, 0x0000000086e00000)
  object space 21504K, 85% used [0x0000000081c00000,0x0000000082e028c0,0x0000000083100000)

Card table byte_map: [0x00007f9308308000,0x00007f93086fb000] byte_map_base: 0x00007f9307efa000

Polling page: 0x00007f930aefb000

Code Cache  [0x00007f9301000000, 0x00007f9301270000, 0x00007f9304000000)
 total_blobs=968 nmethods=417 adapters=504 free_code_cache=47656Kb largest_free_block=48753472

Compilation events (10 events):
Event: 1840.340 Thread 0x00007f9304095800  425             sun.awt.SunToolkit::awtUnlock (7 bytes)
Event: 1840.340 Thread 0x00007f9304092800  424             sun.awt.SunToolkit::awtLock (7 bytes)
Event: 1840.342 Thread 0x00007f9304092800 nmethod 424 0x00007f930106a390 code [0x00007f930106a500, 0x00007f930106a688]
Event: 1840.342 Thread 0x00007f9304095800 nmethod 425 0x00007f9301069f10 code [0x00007f930106a060, 0x00007f930106a1e8]
Event: 2157.675 Thread 0x00007f9304092800  426             sun.awt.X11.XToolkit::getDisplay (4 bytes)
Event: 2157.675 Thread 0x00007f9304092800 nmethod 426 0x00007f930116eb90 code [0x00007f930116ecc0, 0x00007f930116ed18]
Event: 4783.565 Thread 0x00007f9304095800  428   !         sun.awt.X11.XToolkit::callTimeoutTasks (220 bytes)
Event: 4783.567 Thread 0x00007f9304095800 nmethod 428 0x00007f930117a850 code [0x00007f930117a9e0, 0x00007f930117ac58]
Event: 4864.651 Thread 0x00007f9304092800  429   !         sun.awt.X11.XToolkit::getNextTaskTime (55 bytes)
Event: 4864.654 Thread 0x00007f9304092800 nmethod 429 0x00007f9301179c50 code [0x00007f9301179de0, 0x00007f930117a0d0]

GC Heap History (6 events):
Event: 1.631 GC heap before
{Heap before GC invocations=1 (full 0):
 PSYoungGen      total 36352K, used 31232K [0x00000000d7a00000, 0x00000000da280000, 0x0000000100000000)
  eden space 31232K, 100% used [0x00000000d7a00000,0x00000000d9880000,0x00000000d9880000)
  from space 5120K, 0% used [0x00000000d9d80000,0x00000000d9d80000,0x00000000da280000)
  to   space 5120K, 0% used [0x00000000d9880000,0x00000000d9880000,0x00000000d9d80000)
 ParOldGen       total 82432K, used 0K [0x0000000086e00000, 0x000000008be80000, 0x00000000d7a00000)
  object space 82432K, 0% used [0x0000000086e00000,0x0000000086e00000,0x000000008be80000)
 PSPermGen       total 21504K, used 16941K [0x0000000081c00000, 0x0000000083100000, 0x0000000086e00000)
  object space 21504K, 78% used [0x0000000081c00000,0x0000000082c8b498,0x0000000083100000)
Event: 1.646 GC heap after
Heap after GC invocations=1 (full 0):
 PSYoungGen      total 36352K, used 5096K [0x00000000d7a00000, 0x00000000da280000, 0x0000000100000000)
  eden space 31232K, 0% used [0x00000000d7a00000,0x00000000d7a00000,0x00000000d9880000)
  from space 5120K, 99% used [0x00000000d9880000,0x00000000d9d7a248,0x00000000d9d80000)
  to   space 5120K, 0% used [0x00000000d9d80000,0x00000000d9d80000,0x00000000da280000)
 ParOldGen       total 82432K, used 494K [0x0000000086e00000, 0x000000008be80000, 0x00000000d7a00000)
  object space 82432K, 0% used [0x0000000086e00000,0x0000000086e7ba90,0x000000008be80000)
 PSPermGen       total 21504K, used 16941K [0x0000000081c00000, 0x0000000083100000, 0x0000000086e00000)
  object space 21504K, 78% used [0x0000000081c00000,0x0000000082c8b498,0x0000000083100000)
}
Event: 2.236 GC heap before
{Heap before GC invocations=2 (full 0):
 PSYoungGen      total 36352K, used 36328K [0x00000000d7a00000, 0x00000000da280000, 0x0000000100000000)
  eden space 31232K, 100% used [0x00000000d7a00000,0x00000000d9880000,0x00000000d9880000)
  from space 5120K, 99% used [0x00000000d9880000,0x00000000d9d7a248,0x00000000d9d80000)
  to   space 5120K, 0% used [0x00000000d9d80000,0x00000000d9d80000,0x00000000da280000)
 ParOldGen       total 82432K, used 494K [0x0000000086e00000, 0x000000008be80000, 0x00000000d7a00000)
  object space 82432K, 0% used [0x0000000086e00000,0x0000000086e7ba90,0x000000008be80000)
 PSPermGen       total 21504K, used 17370K [0x0000000081c00000, 0x0000000083100000, 0x0000000086e00000)
  object space 21504K, 80% used [0x0000000081c00000,0x0000000082cf6b18,0x0000000083100000)
Event: 2.293 GC heap after
Heap after GC invocations=2 (full 0):
 PSYoungGen      total 36352K, used 5090K [0x00000000d7a00000, 0x00000000dc100000, 0x0000000100000000)
  eden space 31232K, 0% used [0x00000000d7a00000,0x00000000d7a00000,0x00000000d9880000)
  from space 5120K, 99% used [0x00000000d9d80000,0x00000000da278890,0x00000000da280000)
  to   space 5120K, 0% used [0x00000000d9880000,0x00000000d9880000,0x00000000d9d80000)
 ParOldGen       total 82432K, used 17953K [0x0000000086e00000, 0x000000008be80000, 0x00000000d7a00000)
  object space 82432K, 21% used [0x0000000086e00000,0x0000000087f885e8,0x000000008be80000)
 PSPermGen       total 21504K, used 17370K [0x0000000081c00000, 0x0000000083100000, 0x0000000086e00000)
  object space 21504K, 80% used [0x0000000081c00000,0x0000000082cf6b18,0x0000000083100000)
}
Event: 3.412 GC heap before
{Heap before GC invocations=3 (full 0):
 PSYoungGen      total 36352K, used 36322K [0x00000000d7a00000, 0x00000000dc100000, 0x0000000100000000)
  eden space 31232K, 100% used [0x00000000d7a00000,0x00000000d9880000,0x00000000d9880000)
  from space 5120K, 99% used [0x00000000d9d80000,0x00000000da278890,0x00000000da280000)
  to   space 5120K, 0% used [0x00000000d9880000,0x00000000d9880000,0x00000000d9d80000)
 ParOldGen       total 82432K, used 17953K [0x0000000086e00000, 0x000000008be80000, 0x00000000d7a00000)
  object space 82432K, 21% used [0x0000000086e00000,0x0000000087f885e8,0x000000008be80000)
 PSPermGen       total 21504K, used 17823K [0x0000000081c00000, 0x0000000083100000, 0x0000000086e00000)
  object space 21504K, 82% used [0x0000000081c00000,0x0000000082d67c80,0x0000000083100000)
Event: 3.425 GC heap after
Heap after GC invocations=3 (full 0):
 PSYoungGen      total 36352K, used 5088K [0x00000000d7a00000, 0x00000000dc100000, 0x0000000100000000)
  eden space 31232K, 0% used [0x00000000d7a00000,0x00000000d7a00000,0x00000000d9880000)
  from space 5120K, 99% used [0x00000000d9880000,0x00000000d9d78080,0x00000000d9d80000)
  to   space 5120K, 0% used [0x00000000dbc00000,0x00000000dbc00000,0x00000000dc100000)
 ParOldGen       total 82432K, used 25737K [0x0000000086e00000, 0x000000008be80000, 0x00000000d7a00000)
  object space 82432K, 31% used [0x0000000086e00000,0x0000000088722428,0x000000008be80000)
 PSPermGen       total 21504K, used 17823K [0x0000000081c00000, 0x0000000083100000, 0x0000000086e00000)
  object space 21504K, 82% used [0x0000000081c00000,0x0000000082d67c80,0x0000000083100000)
}

Deoptimization events (10 events):
Event: 5.173 Thread 0x00007f92ac06f000 Uncommon trap: reason=null_check action=make_not_entrant pc=0x00007f93010e9d40 method=java.lang.StringCoding.deref(Ljava/lang/ThreadLocal;)Ljava/lang/Object; @ 4
Event: 5.269 Thread 0x00007f92ac06f000 Uncommon trap: reason=unloaded action=reinterpret pc=0x00007f93011777ec method=java.lang.CharacterData.of(I)Ljava/lang/CharacterData; @ 96
Event: 5.344 Thread 0x00007f93042ff800 Uncommon trap: reason=unreached action=reinterpret pc=0x00007f9301082b94 method=java.util.TreeMap.getEntry(Ljava/lang/Object;)Ljava/util/TreeMap$Entry; @ 4
Event: 5.344 Thread 0x00007f92ac06f000 Uncommon trap: reason=unreached action=reinterpret pc=0x00007f930110bbd4 method=java.awt.EventQueue.noEvents()Z @ 16
Event: 5.345 Thread 0x00007f92ac06f000 Uncommon trap: reason=unreached action=reinterpret pc=0x00007f9301166004 method=java.awt.EventQueue.getAccessControlContextFrom(Ljava/lang/Object;)Ljava/security/AccessControlContext; @ 4
Event: 5.345 Thread 0x00007f92ac06f000 Uncommon trap: reason=unreached action=reinterpret pc=0x00007f9301143a0c method=javax.swing.RepaintManager.addDirtyRegion0(Ljava/awt/Container;IIII)V @ 86
Event: 5.374 Thread 0x00007f92ac06f000 Uncommon trap: reason=class_check action=maybe_recompile pc=0x00007f930107e0a0 method=java.lang.String.equals(Ljava/lang/Object;)Z @ 8
Event: 5.374 Thread 0x00007f92ac06f000 Uncommon trap: reason=class_check action=maybe_recompile pc=0x00007f930107e0a0 method=java.lang.String.equals(Ljava/lang/Object;)Z @ 8
Event: 441.602 Thread 0x00007f93042ff800 Uncommon trap: reason=null_check action=make_not_entrant pc=0x00007f93010db618 method=java.lang.StringCoding.deref(Ljava/lang/ThreadLocal;)Ljava/lang/Object; @ 4
Event: 441.604 Thread 0x00007f92ac06f000 Uncommon trap: reason=unreached action=reinterpret pc=0x00007f93010b359c method=java.lang.reflect.Field.getFieldAccessor(Ljava/lang/Object;)Lsun/reflect/FieldAccessor; @ 22

Internal exceptions (10 events):
Event: 3.270 Thread 0x00007f930430d000 Threw 0x00000000d962cf58 at /HUDSON/workspace/7u-2-build-linux-amd64/jdk7u79/2331/hotspot/src/share/vm/prims/jvm.cpp:1304
Event: 3.276 Thread 0x00007f930430d000 Threw 0x00000000d9663290 at /HUDSON/workspace/7u-2-build-linux-amd64/jdk7u79/2331/hotspot/src/share/vm/prims/jvm.cpp:1304
Event: 3.367 Thread 0x00007f930430d000 Threw 0x00000000d9706a58 at /HUDSON/workspace/7u-2-build-linux-amd64/jdk7u79/2331/hotspot/src/share/vm/prims/jvm.cpp:1304
Event: 3.536 Thread 0x00007f930430d000 Threw 0x00000000d7ca81a8 at /HUDSON/workspace/7u-2-build-linux-amd64/jdk7u79/2331/hotspot/src/share/vm/prims/jvm.cpp:1304
Event: 3.753 Thread 0x00007f930430d000 Threw 0x00000000d7cce798 at /HUDSON/workspace/7u-2-build-linux-amd64/jdk7u79/2331/hotspot/src/share/vm/prims/jvm.cpp:1304
Event: 4.883 Thread 0x00007f930430d000 Threw 0x00000000d897ab38 at /HUDSON/workspace/7u-2-build-linux-amd64/jdk7u79/2331/hotspot/src/share/vm/prims/jvm.cpp:1304
Event: 5.173 Thread 0x00007f92ac06f000 Implicit null exception at 0x00007f9301130aa0 to 0x00007f9301131195
Event: 5.173 Thread 0x00007f92ac06f000 Implicit null exception at 0x00007f93010e95e0 to 0x00007f93010e9d25
Event: 5.344 Thread 0x00007f93042ff800 Implicit null exception at 0x00007f9301082a68 to 0x00007f9301082b81
Event: 441.602 Thread 0x00007f93042ff800 Implicit null exception at 0x00007f93010db52a to 0x00007f93010db60d

Events (10 events):
Event: 6571.924 Thread 0x00007f92d0001000 Thread added: 0x00007f92d0001000
Event: 6571.924 Thread 0x00007f92d0002000 Thread added: 0x00007f92d0002000
Event: 6571.925 Thread 0x00007f9298004000 Thread added: 0x00007f9298004000
Event: 6571.925 loading class 0x00007f92c801ead0
Event: 6571.925 loading class 0x00007f92c81752d0
Event: 6571.925 loading class 0x00007f92c81752d0 done
Event: 6571.925 loading class 0x00007f92c801ead0 done
Event: 6571.925 Thread 0x00007f92d0003000 Thread added: 0x00007f92d0003000
Event: 6572.578 loading class 0x00007f92c8009e00
Event: 6572.578 loading class 0x00007f92c8009e00 done


Dynamic libraries:
00400000-00401000 r-xp 00000000 fd:00 135975873                          /opt/jdk1.7.0_79/bin/java
00600000-00601000 rw-p 00000000 fd:00 135975873                          /opt/jdk1.7.0_79/bin/java
01e28000-01e49000 rw-p 00000000 00:00 0                                  [heap]
81c00000-83100000 rw-p 00000000 00:00 0 
83100000-86e00000 rw-p 00000000 00:00 0 
86e00000-8be80000 rw-p 00000000 00:00 0 
8be80000-d7a00000 rw-p 00000000 00:00 0 
d7a00000-dc100000 rw-p 00000000 00:00 0 
dc100000-100000000 rw-p 00000000 00:00 0 
7f9290000000-7f9290021000 rw-p 00000000 00:00 0 
7f9290021000-7f9294000000 ---p 00000000 00:00 0 
7f9294000000-7f9294021000 rw-p 00000000 00:00 0 
7f9294021000-7f9298000000 ---p 00000000 00:00 0 
7f9298000000-7f9298021000 rw-p 00000000 00:00 0 
7f9298021000-7f929c000000 ---p 00000000 00:00 0 
7f929c000000-7f929c021000 rw-p 00000000 00:00 0 
7f929c021000-7f92a0000000 ---p 00000000 00:00 0 
7f92a0000000-7f92a0021000 rw-p 00000000 00:00 0 
7f92a0021000-7f92a4000000 ---p 00000000 00:00 0 
7f92a4000000-7f92a406d000 rw-p 00000000 00:00 0 
7f92a406d000-7f92a8000000 ---p 00000000 00:00 0 
7f92a8000000-7f92a8039000 rw-p 00000000 00:00 0 
7f92a8039000-7f92ac000000 ---p 00000000 00:00 0 
7f92ac000000-7f92ac0f2000 rw-p 00000000 00:00 0 
7f92ac0f2000-7f92b0000000 ---p 00000000 00:00 0 
7f92b0000000-7f92b03bb000 rw-p 00000000 00:00 0 
7f92b03bb000-7f92b4000000 ---p 00000000 00:00 0 
7f92b4000000-7f92b4021000 rw-p 00000000 00:00 0 
7f92b4021000-7f92b8000000 ---p 00000000 00:00 0 
7f92b8000000-7f92b8021000 rw-p 00000000 00:00 0 
7f92b8021000-7f92bc000000 ---p 00000000 00:00 0 
7f92bc000000-7f92bc02c000 rw-p 00000000 00:00 0 
7f92bc02c000-7f92c0000000 ---p 00000000 00:00 0 
7f92c0000000-7f92c0021000 rw-p 00000000 00:00 0 
7f92c0021000-7f92c4000000 ---p 00000000 00:00 0 
7f92c4000000-7f92c4021000 rw-p 00000000 00:00 0 
7f92c4021000-7f92c8000000 ---p 00000000 00:00 0 
7f92c8000000-7f92c880f000 rw-p 00000000 00:00 0 
7f92c880f000-7f92cc000000 ---p 00000000 00:00 0 
7f92cc000000-7f92cccc2000 rw-p 00000000 00:00 0 
7f92cccc2000-7f92d0000000 ---p 00000000 00:00 0 
7f92d0000000-7f92d0021000 rw-p 00000000 00:00 0 
7f92d0021000-7f92d4000000 ---p 00000000 00:00 0 
7f92d4b8e000-7f92d4b90000 r--s 00000000 fd:00 1288497                    /var/cache/fontconfig/87f5e051180a7a75f16eb6fe7dbd3749-le64.cache-4
7f92d4b90000-7f92d4b9b000 r--s 00000000 fd:00 748404                     /var/cache/fontconfig/b79f3aaa7d385a141ab53ec885cc22a8-le64.cache-4
7f92d4b9b000-7f92d4b9e000 r--s 00000000 fd:00 748401                     /var/cache/fontconfig/0b1bcc92b4d25cc154d77dafe3bceaa0-le64.cache-4
7f92d4b9e000-7f92d4ba0000 r--s 00000000 fd:00 1288535                    /var/cache/fontconfig/711dae798b6bff4224ea2776edcb5c93-le64.cache-4
7f92d4ba0000-7f92d4ba2000 r--s 00000000 fd:00 1288534                    /var/cache/fontconfig/2e1514a9fdd499050989183bb65136db-le64.cache-4
7f92d4ba2000-7f92d4bac000 r--s 00000000 fd:00 1288533                    /var/cache/fontconfig/75726aeed9fe8691fd29315754d820cc-le64.cache-4
7f92d4bac000-7f92d4bae000 r--s 00000000 fd:00 1288532                    /var/cache/fontconfig/3f821257dd33660ba7bbb45c32deb84c-le64.cache-4
7f92d4bae000-7f92d4bb1000 r--s 00000000 fd:00 1288531                    /var/cache/fontconfig/830f035fa84a65ce80e050178dbb630d-le64.cache-4
7f92d4bb1000-7f92d4bb2000 r--s 00000000 fd:00 1288530                    /var/cache/fontconfig/81a173283b451552b599cfaafd6236bd-le64.cache-4
7f92d4bb2000-7f92d4bb3000 r--s 00000000 fd:00 1288529                    /var/cache/fontconfig/ac68f755438cc3dc5a526084839fc7ca-le64.cache-4
7f92d4bb3000-7f92d4bb4000 r--s 00000000 fd:00 1288528                    /var/cache/fontconfig/f951a6bc01c50d58ac4af16a0108457e-le64.cache-4
7f92d4bb4000-7f92d4bb5000 r--s 00000000 fd:00 1288527                    /var/cache/fontconfig/12513961c6e7090f8648812f9eaf65d6-le64.cache-4
7f92d4bb5000-7f92d4bb8000 r--s 00000000 fd:00 1288526                    /var/cache/fontconfig/e26bf336397aae6fcef4d3803472adec-le64.cache-4
7f92d4bb8000-7f92d4bb9000 r--s 00000000 fd:00 1288525                    /var/cache/fontconfig/f132fa2327207a6ac3298c0518879731-le64.cache-4
7f92d4bb9000-7f92d4bba000 r--s 00000000 fd:00 1288524                    /var/cache/fontconfig/0fef740e1edd47736fa2cccff935ab7c-le64.cache-4
7f92d4bba000-7f92d4bbb000 r--s 00000000 fd:00 1288523                    /var/cache/fontconfig/6fcb01a03a016cc71057b587cdea6709-le64.cache-4
7f92d4bbb000-7f92d4bbf000 r--s 00000000 fd:00 1288522                    /var/cache/fontconfig/29c8f5b6bf15d25ebb2e963855ab41be-le64.cache-4
7f92d4bbf000-7f92d4bc2000 r--s 00000000 fd:00 1288521                    /var/cache/fontconfig/e0636055caa850f70f1a6db008fc4729-le64.cache-4
7f92d4bc2000-7f92d4bc3000 r--s 00000000 fd:00 1288520                    /var/cache/fontconfig/46d51d90fe9d963f6f4186edb936a931-le64.cache-4
7f92d4bc3000-7f92d4bc4000 r--s 00000000 fd:00 1288519                    /var/cache/fontconfig/b887eea8f1b96e1d899b44ed6681fc27-le64.cache-4
7f92d4bc4000-7f92d4bc5000 r--s 00000000 fd:00 1288518                    /var/cache/fontconfig/860639f272b8b4b3094f9e399e41bccd-le64.cache-4
7f92d4bc5000-7f92d4bc6000 r--s 00000000 fd:00 1288517                    /var/cache/fontconfig/211368abcb0ff835c229ff05c9ec01dc-le64.cache-4
7f92d4bc6000-7f92d4bc7000 r--s 00000000 fd:00 1288516                    /var/cache/fontconfig/c46020d7221988a13df853d2b46304fc-le64.cache-4
7f92d4bc7000-7f92d4bda000 r--s 00000000 fd:00 1288499                    /var/cache/fontconfig/614d1caaa4d7914789410f6367de37ca-le64.cache-4
7f92d4c8e000-7f92d4c91000 ---p 00000000 00:00 0 
7f92d4c91000-7f92d4d8f000 rw-p 00000000 00:00 0                          [stack:23837]
7f92d4d8f000-7f92d4d92000 ---p 00000000 00:00 0 
7f92d4d92000-7f92d4e90000 rw-p 00000000 00:00 0                          [stack:23833]
7f92d4e90000-7f92d501f000 rw-s 00000000 00:04 42598432                   /SYSV00000000 (deleted)
7f92d501f000-7f92d5032000 r--s 00000000 fd:00 268925880                  /usr/share/fonts/default/ghostscript/putri.pfa
7f92d5032000-7f92d5044000 r--s 00000000 fd:00 268925879                  /usr/share/fonts/default/ghostscript/putr.pfa
7f92d5044000-7f92d5057000 r--s 00000000 fd:00 268925878                  /usr/share/fonts/default/ghostscript/putbi.pfa
7f92d5057000-7f92d5069000 r--s 00000000 fd:00 268925877                  /usr/share/fonts/default/ghostscript/putb.pfa
7f92d5069000-7f92d5077000 r--s 00000000 fd:00 403305366                  /usr/share/X11/fonts/Type1/cursor.pfa
7f92d5077000-7f92d5080000 r--s 00000000 fd:00 403305365                  /usr/share/X11/fonts/Type1/c0649bt_.pfb
7f92d5080000-7f92d5089000 r--s 00000000 fd:00 403305363                  /usr/share/X11/fonts/Type1/c0648bt_.pfb
7f92d5089000-7f92d5092000 r--s 00000000 fd:00 403305361                  /usr/share/X11/fonts/Type1/c0633bt_.pfb
7f92d5092000-7f92d509b000 r--s 00000000 fd:00 403305359                  /usr/share/X11/fonts/Type1/c0632bt_.pfb
7f92d509b000-7f92d50a5000 r--s 00000000 fd:00 403305357                  /usr/share/X11/fonts/Type1/c0611bt_.pfb
7f92d50a5000-7f92d50af000 r--s 00000000 fd:00 403305355                  /usr/share/X11/fonts/Type1/c0583bt_.pfb
7f92d50af000-7f92d50b9000 r--s 00000000 fd:00 403305353                  /usr/share/X11/fonts/Type1/c0582bt_.pfb
7f92d50b9000-7f92d50c3000 r--s 00000000 fd:00 403305351                  /usr/share/X11/fonts/Type1/c0419bt_.pfb
7f92d50c3000-7f92d50d5000 r--s 00000000 fd:00 403305349                  /usr/share/X11/fonts/Type1/UTRG____.pfa
7f92d50d5000-7f92d50e8000 r--s 00000000 fd:00 403305347                  /usr/share/X11/fonts/Type1/UTI_____.pfa
7f92d50e8000-7f92d50fa000 r--s 00000000 fd:00 403305345                  /usr/share/X11/fonts/Type1/UTB_____.pfa
7f92d50fa000-7f92d510d000 r--s 00000000 fd:00 403305343                  /usr/share/X11/fonts/Type1/UTBI____.pfa
7f92d510d000-7f92d5124000 r--s 00000000 fd:00 1080147                    /usr/share/fonts/default/Type1/z003034l.pfb
7f92d5124000-7f92d513f000 r--s 00000000 fd:00 1080139                    /usr/share/fonts/default/Type1/p052004l.pfb
7f92d513f000-7f92d515a000 r--s 00000000 fd:00 1080137                    /usr/share/fonts/default/Type1/p052003l.pfb
7f92d515a000-7f92d516d000 r--s 00000000 fd:00 1080119                    /usr/share/fonts/default/Type1/n019064l.pfb
7f92d516d000-7f92d517e000 r--s 00000000 fd:00 1080117                    /usr/share/fonts/default/Type1/n019063l.pfb
7f92d517e000-7f92d5190000 r--s 00000000 fd:00 1080115                    /usr/share/fonts/default/Type1/n019044l.pfb
7f92d5190000-7f92d51a2000 r--s 00000000 fd:00 1080113                    /usr/share/fonts/default/Type1/n019043l.pfb
7f92d51a2000-7f92d51ae000 r--s 00000000 fd:00 1080103                    /usr/share/fonts/default/Type1/d050000l.pfb
7f92d51ae000-7f92d51c6000 r--s 00000000 fd:00 1080101                    /usr/share/fonts/default/Type1/c059036l.pfb
7f92d51c6000-7f92d51de000 r--s 00000000 fd:00 1080099                    /usr/share/fonts/default/Type1/c059033l.pfb
7f92d51de000-7f92d51f9000 r--s 00000000 fd:00 1080097                    /usr/share/fonts/default/Type1/c059016l.pfb
7f92d51f9000-7f92d5213000 r--s 00000000 fd:00 1080063                    /usr/share/fonts/default/Type1/c059013l.pfb
7f92d5213000-7f92d5225000 r--s 00000000 fd:00 1080061                    /usr/share/fonts/default/Type1/b018035l.pfb
7f92d5225000-7f92d523a000 r--s 00000000 fd:00 1080059                    /usr/share/fonts/default/Type1/b018032l.pfb
7f92d523a000-7f92d524d000 r--s 00000000 fd:00 1080057                    /usr/share/fonts/default/Type1/b018015l.pfb
7f92d524d000-7f92d5266000 r--s 00000000 fd:00 1080055                    /usr/share/fonts/default/Type1/b018012l.pfb
7f92d5266000-7f92d5277000 r--s 00000000 fd:00 1080053                    /usr/share/fonts/default/Type1/a010035l.pfb
7f92d5277000-7f92d5287000 r--s 00000000 fd:00 1080051                    /usr/share/fonts/default/Type1/a010033l.pfb
7f92d5287000-7f92d5290000 r--s 00000000 fd:00 1080145                    /usr/share/fonts/default/Type1/s050000l.pfb
7f92d5290000-7f92d52a0000 r--s 00000000 fd:00 1080049                    /usr/share/fonts/default/Type1/a010015l.pfb
7f92d52a0000-7f92d52bc000 r--s 00000000 fd:00 1080143                    /usr/share/fonts/default/Type1/p052024l.pfb
7f92d52bc000-7f92d52cc000 r--s 00000000 fd:00 1080047                    /usr/share/fonts/default/Type1/a010013l.pfb
7f92d52cc000-7f92d52e7000 r--s 00000000 fd:00 1080141                    /usr/share/fonts/default/Type1/p052023l.pfb
7f92d52e7000-7f92d52e8000 r--s 00000000 fd:00 1288515                    /var/cache/fontconfig/d759ee9cd048e494517a1be23d25a662-le64.cache-4
7f92d52e8000-7f92d52e9000 r--s 00000000 fd:00 1288514                    /var/cache/fontconfig/d290456e58f67f52b0f8f224126f9ea8-le64.cache-4
7f92d52e9000-7f92d52ea000 r--s 00000000 fd:00 1288512                    /var/cache/fontconfig/fa2b533b7056bdadb961f088bc0a978b-le64.cache-4
7f92d52ea000-7f92d52eb000 r--s 00000000 fd:00 1288511                    /var/cache/fontconfig/df893b4576ad6107f9397134092c4059-le64.cache-4
7f92d52eb000-7f92d52ec000 r--s 00000000 fd:00 1288510                    /var/cache/fontconfig/900402270e15d763a6e008bb2d4c7686-le64.cache-4
7f92d52ec000-7f92d52ed000 r--s 00000000 fd:00 1288509                    /var/cache/fontconfig/47f48679023f44a4d1e44699a69464f6-le64.cache-4
7f92d52ed000-7f92d52ee000 r--s 00000000 fd:00 1288508                    /var/cache/fontconfig/2881ed3fd21ca306ddad6f9b0dd3189f-le64.cache-4
7f92d52ee000-7f92d52ef000 r--s 00000000 fd:00 1288507                    /var/cache/fontconfig/3c3fb04d32a5211b073874b125d29701-le64.cache-4
7f92d52ef000-7f92d52f0000 r--s 00000000 fd:00 1288506                    /var/cache/fontconfig/e61abf8156cc476151baa07d67337cae-le64.cache-4
7f92d52f0000-7f92d52fb000 r--s 00000000 fd:00 1288498                    /var/cache/fontconfig/12b26b760a24f8b4feb03ad48a333a72-le64.cache-4
7f92d52fb000-7f92d5314000 r--s 00000000 fd:00 1080121                    /usr/share/fonts/default/Type1/n021003l.pfb
7f92d5314000-7f92d532a000 r--s 00000000 fd:00 1080135                    /usr/share/fonts/default/Type1/n022024l.pfb
7f92d532a000-7f92d533c000 r--s 00000000 fd:00 1080107                    /usr/share/fonts/default/Type1/n019004l.pfb
7f92d533c000-7f92d5353000 r--s 00000000 fd:00 1080125                    /usr/share/fonts/default/Type1/n021023l.pfb
7f92d5353000-7f92d5356000 ---p 00000000 00:00 0 
7f92d5356000-7f92d5454000 rw-p 00000000 00:00 0                          [stack:17628]
7f92d5454000-7f92d5457000 ---p 00000000 00:00 0 
7f92d5457000-7f92d5555000 rw-p 00000000 00:00 0                          [stack:23826]
7f92d5555000-7f92d5558000 ---p 00000000 00:00 0 
7f92d5558000-7f92d5656000 rw-p 00000000 00:00 0                          [stack:17623]
7f92d5656000-7f92d5659000 ---p 00000000 00:00 0 
7f92d5659000-7f92d5757000 rw-p 00000000 00:00 0                          [stack:17621]
7f92d5757000-7f92d575a000 ---p 00000000 00:00 0 
7f92d575a000-7f92d5858000 rw-p 00000000 00:00 0                          [stack:23828]
7f92d5858000-7f92d58c1000 r-xp 00000000 fd:00 142824609                  /opt/jdk1.7.0_79/jre/lib/amd64/libt2k.so
7f92d58c1000-7f92d5ac0000 ---p 00069000 fd:00 142824609                  /opt/jdk1.7.0_79/jre/lib/amd64/libt2k.so
7f92d5ac0000-7f92d5ac7000 rw-p 00068000 fd:00 142824609                  /opt/jdk1.7.0_79/jre/lib/amd64/libt2k.so
7f92d5ac7000-7f92d5ad7000 rw-p 00000000 00:00 0 
7f92d5ad7000-7f92dc000000 r--p 00000000 fd:00 11594                      /usr/lib/locale/locale-archive
7f92dc000000-7f92dc021000 rw-p 00000000 00:00 0 
7f92dc021000-7f92e0000000 ---p 00000000 00:00 0 
7f92e0000000-7f92e0021000 rw-p 00000000 00:00 0 
7f92e0021000-7f92e4000000 ---p 00000000 00:00 0 
7f92e4000000-7f92e4021000 rw-p 00000000 00:00 0 
7f92e4021000-7f92e8000000 ---p 00000000 00:00 0 
7f92e8000000-7f92e8021000 rw-p 00000000 00:00 0 
7f92e8021000-7f92ec000000 ---p 00000000 00:00 0 
7f92ec000000-7f92ec021000 rw-p 00000000 00:00 0 
7f92ec021000-7f92f0000000 ---p 00000000 00:00 0 
7f92f0000000-7f92f0005000 r--s 00000000 fd:00 1288505                    /var/cache/fontconfig/b67b32625a2bb51b023d3814a918f351-le64.cache-4
7f92f0005000-7f92f0007000 r--s 00000000 fd:00 1288504                    /var/cache/fontconfig/d3379abda271c4acd2ad0c01f565d0b0-le64.cache-4
7f92f0007000-7f92f0008000 r--s 00000000 fd:00 1288503                    /var/cache/fontconfig/b4d0b56f766d89640448751fcd18ec1e-le64.cache-4
7f92f0008000-7f92f0020000 r--s 00000000 fd:00 1080129                    /usr/share/fonts/default/Type1/n022003l.pfb
7f92f0020000-7f92f0039000 r--s 00000000 fd:00 1080123                    /usr/share/fonts/default/Type1/n021004l.pfb
7f92f0039000-7f92f004f000 r--s 00000000 fd:00 1080133                    /usr/share/fonts/default/Type1/n022023l.pfb
7f92f004f000-7f92f0063000 r--s 00000000 fd:00 1080105                    /usr/share/fonts/default/Type1/n019003l.pfb
7f92f0063000-7f92f0079000 r--s 00000000 fd:00 1080127                    /usr/share/fonts/default/Type1/n021024l.pfb
7f92f0079000-7f92f0092000 r--s 00000000 fd:00 1080131                    /usr/share/fonts/default/Type1/n022004l.pfb
7f92f0092000-7f92f00a3000 r--s 00000000 fd:00 1080109                    /usr/share/fonts/default/Type1/n019023l.pfb
7f92f00a3000-7f92f00b4000 r--s 00000000 fd:00 1080111                    /usr/share/fonts/default/Type1/n019024l.pfb
7f92f00b4000-7f92f00ca000 r-xp 00000000 fd:00 134220897                  /usr/lib64/libresolv-2.17.so
7f92f00ca000-7f92f02ca000 ---p 00016000 fd:00 134220897                  /usr/lib64/libresolv-2.17.so
7f92f02ca000-7f92f02cb000 r--p 00016000 fd:00 134220897                  /usr/lib64/libresolv-2.17.so
7f92f02cb000-7f92f02cc000 rw-p 00017000 fd:00 134220897                  /usr/lib64/libresolv-2.17.so
7f92f02cc000-7f92f02ce000 rw-p 00000000 00:00 0 
7f92f02ce000-7f92f02d3000 r-xp 00000000 fd:00 134220882                  /usr/lib64/libnss_dns-2.17.so
7f92f02d3000-7f92f04d2000 ---p 00005000 fd:00 134220882                  /usr/lib64/libnss_dns-2.17.so
7f92f04d2000-7f92f04d3000 r--p 00004000 fd:00 134220882                  /usr/lib64/libnss_dns-2.17.so
7f92f04d3000-7f92f04d4000 rw-p 00005000 fd:00 134220882                  /usr/lib64/libnss_dns-2.17.so
7f92f04d4000-7f92f04e4000 r-xp 00000000 fd:00 136694159                  /opt/jdk1.7.0_79/jre/lib/amd64/libnio.so
7f92f04e4000-7f92f06e4000 ---p 00010000 fd:00 136694159                  /opt/jdk1.7.0_79/jre/lib/amd64/libnio.so
7f92f06e4000-7f92f06e5000 rw-p 00010000 fd:00 136694159                  /opt/jdk1.7.0_79/jre/lib/amd64/libnio.so
7f92f06e5000-7f92f06fa000 r-xp 00000000 fd:00 140765489                  /usr/lib64/libgcc_s-4.8.5-20150702.so.1
7f92f06fa000-7f92f08f9000 ---p 00015000 fd:00 140765489                  /usr/lib64/libgcc_s-4.8.5-20150702.so.1
7f92f08f9000-7f92f08fa000 r--p 00014000 fd:00 140765489                  /usr/lib64/libgcc_s-4.8.5-20150702.so.1
7f92f08fa000-7f92f08fb000 rw-p 00015000 fd:00 140765489                  /usr/lib64/libgcc_s-4.8.5-20150702.so.1
7f92f08fb000-7f92f0960000 r-xp 00000000 fd:00 136694157                  /opt/jdk1.7.0_79/jre/lib/amd64/libfontmanager.so
7f92f0960000-7f92f0b5f000 ---p 00065000 fd:00 136694157                  /opt/jdk1.7.0_79/jre/lib/amd64/libfontmanager.so
7f92f0b5f000-7f92f0b64000 rw-p 00064000 fd:00 136694157                  /opt/jdk1.7.0_79/jre/lib/amd64/libfontmanager.so
7f92f0b64000-7f92f0b74000 rw-p 00000000 00:00 0 
7f92f0b74000-7f92f0b77000 ---p 00000000 00:00 0 
7f92f0b77000-7f92f0c75000 rw-p 00000000 00:00 0                          [stack:17617]
7f92f0c75000-7f92f0c78000 ---p 00000000 00:00 0 
7f92f0c78000-7f92f0d76000 rw-p 00000000 00:00 0                          [stack:17615]
7f92f0d76000-7f92f0d79000 ---p 00000000 00:00 0 
7f92f0d79000-7f92f0e77000 rw-p 00000000 00:00 0                          [stack:17613]
7f92f0e77000-7f92f0e7a000 ---p 00000000 00:00 0 
7f92f0e7a000-7f92f0f78000 rw-p 00000000 00:00 0                          [stack:17608]
7f92f0f78000-7f92f0f7d000 r-xp 00000000 fd:00 136456049                  /usr/lib64/libXfixes.so.3.1.0
7f92f0f7d000-7f92f117c000 ---p 00005000 fd:00 136456049                  /usr/lib64/libXfixes.so.3.1.0
7f92f117c000-7f92f117d000 r--p 00004000 fd:00 136456049                  /usr/lib64/libXfixes.so.3.1.0
7f92f117d000-7f92f117e000 rw-p 00005000 fd:00 136456049                  /usr/lib64/libXfixes.so.3.1.0
7f92f117e000-7f92f1188000 r-xp 00000000 fd:00 136512846                  /usr/lib64/libXcursor.so.1.0.2
7f92f1188000-7f92f1387000 ---p 0000a000 fd:00 136512846                  /usr/lib64/libXcursor.so.1.0.2
7f92f1387000-7f92f1388000 r--p 00009000 fd:00 136512846                  /usr/lib64/libXcursor.so.1.0.2
7f92f1388000-7f92f1389000 rw-p 0000a000 fd:00 136512846                  /usr/lib64/libXcursor.so.1.0.2
7f92f1389000-7f92f138b000 r--s 00000000 fd:00 1288501                    /var/cache/fontconfig/99a1ce9f8b6a0434aadb01d3779b0780-le64.cache-4
7f92f138b000-7f92f1393000 r--s 00000000 fd:00 1288495                    /var/cache/fontconfig/928306c3ad40271d946e41014a49fc28-le64.cache-4
7f92f1393000-7f92f139d000 r--s 00253000 fd:00 270956660                  /opt/jdk1.7.0_79/jre/lib/resources.jar
7f92f139d000-7f92f13a0000 ---p 00000000 00:00 0 
7f92f13a0000-7f92f14cf000 rw-p 00000000 00:00 0                          [stack:17606]
7f92f14cf000-7f92f14e5000 r-xp 00000000 fd:00 140770144                  /opt/jdk1.7.0_79/jre/lib/amd64/libnet.so
7f92f14e5000-7f92f16e5000 ---p 00016000 fd:00 140770144                  /opt/jdk1.7.0_79/jre/lib/amd64/libnet.so
7f92f16e5000-7f92f16e6000 rw-p 00016000 fd:00 140770144                  /opt/jdk1.7.0_79/jre/lib/amd64/libnet.so
7f92f16e6000-7f92f170f000 r--s 002d1000 fd:00 407264750                  /usr/local/netbeans-8.0.2/enterprise/modules/ext/jsf-2_2/javax.faces.jar
7f92f170f000-7f92f172e000 r--s 001cd000 fd:00 136694124                  /usr/local/netbeans-8.0.2/extide/ant/lib/ant.jar
7f92f172e000-7f92f1730000 r--s 00000000 fd:00 1288500                    /var/cache/fontconfig/f9d379b867d7c69c85310a4f24e5228f-le64.cache-4
7f92f1730000-7f92f1731000 r--s 00000000 fd:00 1288494                    /var/cache/fontconfig/3640555adad8a8f6978400293cfce7ab-le64.cache-4
7f92f1731000-7f92f1735000 r--s 00000000 fd:00 1288502                    /var/cache/fontconfig/beeeeb3dfe132a8a0633a017c99ce0c0-le64.cache-4
7f92f1735000-7f92f1736000 r--s 00001000 fd:00 3147453                    /usr/local/netbeans-8.0.2/enterprise/ant/extra/jspcompile.jar
7f92f1736000-7f92f1737000 r--s 00004000 fd:00 136694104                  /usr/local/netbeans-8.0.2/extide/ant/lib/ant-launcher.jar
7f92f1737000-7f92f1738000 r--s 00007000 fd:00 272596183                  /usr/local/netbeans-8.0.2/enterprise/modules/ext/jstl-api.jar
7f92f1738000-7f92f1741000 r--s 0005b000 fd:00 272596182                  /usr/local/netbeans-8.0.2/enterprise/modules/ext/jstl-impl.jar
7f92f1741000-7f92f174a000 r--s 000a1000 fd:00 272596168                  /usr/local/netbeans-8.0.2/enterprise/modules/ext/glassfish-jspparser-4.0.jar
7f92f174a000-7f92f1750000 r--s 00055000 fd:00 272596172                  /usr/local/netbeans-8.0.2/enterprise/modules/ext/servlet3.1-jsp2.3-api.jar
7f92f1750000-7f92f1758000 r--s 000c4000 fd:00 405420801                  /usr/local/netbeans-8.0.2/ide/modules/ext/mysql-connector-java-5.1.23-bin.jar
7f92f1758000-7f92f175f000 r--s 0006a000 fd:00 403369936                  /opt/jdk1.7.0_79/jre/lib/ext/apache-commons-net.jar
7f92f175f000-7f92f1760000 r--s 00001000 fd:00 406777103                  /opt/jdk1.7.0_79/jre/lib/ext/xmlpull_1_1_3_4c.jar
7f92f1760000-7f92f1768000 r--s 00028000 fd:00 406777102                  /opt/jdk1.7.0_79/jre/lib/ext/xml-apis.jar
7f92f1768000-7f92f177e000 r--s 00110000 fd:00 406777101                  /opt/jdk1.7.0_79/jre/lib/ext/xercesImpl.jar
7f92f177e000-7f92f1784000 r--s 00057000 fd:00 406777100                  /opt/jdk1.7.0_79/jre/lib/ext/toniclf.jar
7f92f1784000-7f92f178d000 r--s 00087000 fd:00 406777099                  /opt/jdk1.7.0_79/jre/lib/ext/tinylaf.jar
7f92f178d000-7f92f1790000 r--s 00017000 fd:00 406777098                  /opt/jdk1.7.0_79/jre/lib/ext/TimingFramework.jar
7f92f1790000-7f92f17a8000 r--s 002df000 fd:00 406777097                  /opt/jdk1.7.0_79/jre/lib/ext/swingx.jar
7f92f17a8000-7f92f17a9000 r--s 00002000 fd:00 406777096                  /opt/jdk1.7.0_79/jre/lib/ext/swing-worker.jar
7f92f17a9000-7f92f17ac000 r--s 00029000 fd:00 406777095                  /opt/jdk1.7.0_79/jre/lib/ext/stax-1.2.0.jar
7f92f17ac000-7f92f17ad000 r--s 00005000 fd:00 406777094                  /opt/jdk1.7.0_79/jre/lib/ext/smtp.jar
7f92f17ad000-7f92f17ae000 r--s 00001000 fd:00 406777093                  /opt/jdk1.7.0_79/jre/lib/ext/slf4j-simple-1.6.1.jar
7f92f17ae000-7f92f17b0000 r--s 00005000 fd:00 406777092                  /opt/jdk1.7.0_79/jre/lib/ext/slf4j-api-1.6.1.jar
7f92f17b0000-7f92f17b2000 r--s 0000d000 fd:00 406777091                  /opt/jdk1.7.0_79/jre/lib/ext/RXTXcomm.jar
7f92f17b2000-7f92f17b3000 r--s 00004000 fd:00 406777090                  /opt/jdk1.7.0_79/jre/lib/ext/pop3.jar
7f92f17b3000-7f92f17d0000 r--s 0017c000 fd:00 406777089                  /opt/jdk1.7.0_79/jre/lib/ext/poi-3.7-20101029.jar
7f92f17d0000-7f92f17da000 r--s 0008e000 fd:00 406777088                  /opt/jdk1.7.0_79/jre/lib/ext/poi-2.0-final-20040126.jar
7f92f17da000-7f92f17db000 r--s 00002000 fd:00 406777087                  /opt/jdk1.7.0_79/jre/lib/ext/png-encoder-1.5.jar
7f92f17db000-7f92f17dc000 r--s 00001000 fd:00 406777086                  /opt/jdk1.7.0_79/jre/lib/ext/nsisant-1.1.jar
7f92f17dc000-7f92f17e4000 r--s 000c3000 fd:00 406777085                  /opt/jdk1.7.0_79/jre/lib/ext/mysql-connector-java-5.1.23-bin.jar
7f92f17e4000-7f92f17ea000 r--s 000ab000 fd:00 406777084                  /opt/jdk1.7.0_79/jre/lib/ext/mysql-connector-java-5.1.9.jar
7f92f17ea000-7f92f180d000 r--s 00176000 fd:00 406777083                  /opt/jdk1.7.0_79/jre/lib/ext/mondrian-2.0.1.jar
7f92f180d000-7f92f1811000 r--s 00028000 fd:00 406777081                  /opt/jdk1.7.0_79/jre/lib/ext/mailapi.jar
7f92f1811000-7f92f1819000 r--s 00052000 fd:00 406777080                  /opt/jdk1.7.0_79/jre/lib/ext/looks-2.0-rc.jar
7f92f1819000-7f92f181a000 r--s 0000a000 fd:00 406777079                  /opt/jdk1.7.0_79/jre/lib/ext/kxml2-2.3.0.jar
7f92f181a000-7f92f1825000 r--s 0008b000 fd:00 406777078                  /opt/jdk1.7.0_79/jre/lib/ext/jxl.jar
7f92f1825000-7f92f1827000 r--s 00001000 fd:00 406777077                  /opt/jdk1.7.0_79/jre/lib/ext/jta.jar
7f92f1827000-7f92f182f000 r--s 00057000 fd:00 406777076                  /opt/jdk1.7.0_79/jre/lib/ext/jsmoothgen-ant-0.9.7.jar
7f92f182f000-7f92f1830000 r--s 00004000 fd:00 406777075                  /opt/jdk1.7.0_79/jre/lib/ext/jr-bsh-compiler.jar
7f92f1830000-7f92f183d000 r--s 000f9000 fd:00 406777074                  /opt/jdk1.7.0_79/jre/lib/ext/jfreechart-1.0.0.jar
7f92f183d000-7f92f183f000 r--s 0000c000 fd:00 406777073                  /opt/jdk1.7.0_79/jre/lib/ext/jep-2.24.jar
7f92f183f000-7f92f1849000 r--s 0011e000 fd:00 406777072                  /opt/jdk1.7.0_79/jre/lib/ext/jdt-compiler-3.1.1.jar
7f92f1849000-7f92f184b000 r--s 00009000 fd:00 406777071                  /opt/jdk1.7.0_79/jre/lib/ext/jdatepicker-1.3.4.jar
7f92f184b000-7f92f1850000 r--s 00043000 fd:00 406777070                  /opt/jdk1.7.0_79/jre/lib/ext/jcommon-1.0.0.jar
7f92f1850000-7f92f1852000 r--s 0000a000 fd:00 406777069                  /opt/jdk1.7.0_79/jre/lib/ext/jcmdline-1.0.2.jar
7f92f1852000-7f92f1853000 r--s 00006000 fd:00 406777068                  /opt/jdk1.7.0_79/jre/lib/ext/jboss-transaction-api_1.2_spec-1.0.0.Final.jar
7f92f1853000-7f92f1855000 r--s 0000c000 fd:00 406777067                  /opt/jdk1.7.0_79/jre/lib/ext/jboss-logging-3.1.3.GA.jar
7f92f1855000-7f92f185d000 r--s 000a8000 fd:00 406777066                  /opt/jdk1.7.0_79/jre/lib/ext/javaws.jar
7f92f185d000-7f92f1866000 r--s 000a1000 fd:00 406777065                  /opt/jdk1.7.0_79/jre/lib/ext/javassist-3.18.1-GA.jar
7f92f1866000-7f92f187f000 r--s 00137000 fd:00 406777063                  /opt/jdk1.7.0_79/jre/lib/ext/jasperreports-1.2.4.jar
7f92f187f000-7f92f1889000 r--s 00079000 fd:00 406777062                  /opt/jdk1.7.0_79/jre/lib/ext/jakarta-bcel-20050813.jar
7f92f1889000-7f92f1898000 r--s 0016d000 fd:00 406777061                  /opt/jdk1.7.0_79/jre/lib/ext/itext-1.3.1.jar
7f92f1898000-7f92f18d4000 r--s 00445000 fd:00 406777060                  /opt/jdk1.7.0_79/jre/lib/ext/iReport.jar
7f92f18d4000-7f92f1931000 r--s 00486000 fd:00 406606178                  /opt/jdk1.7.0_79/jre/lib/ext/hibernate-core-4.3.1.Final.jar
7f92f1931000-7f92f1933000 r-xp 00000000 fd:00 134581261                  /usr/lib64/libXau.so.6.0.0
7f92f1933000-7f92f1b33000 ---p 00002000 fd:00 134581261                  /usr/lib64/libXau.so.6.0.0
7f92f1b33000-7f92f1b34000 r--p 00002000 fd:00 134581261                  /usr/lib64/libXau.so.6.0.0
7f92f1b34000-7f92f1b35000 rw-p 00003000 fd:00 134581261                  /usr/lib64/libXau.so.6.0.0
7f92f1b35000-7f92f1b56000 r-xp 00000000 fd:00 134590305                  /usr/lib64/libxcb.so.1.1.0
7f92f1b56000-7f92f1d55000 ---p 00021000 fd:00 134590305                  /usr/lib64/libxcb.so.1.1.0
7f92f1d55000-7f92f1d56000 r--p 00020000 fd:00 134590305                  /usr/lib64/libxcb.so.1.1.0
7f92f1d56000-7f92f1d57000 rw-p 00021000 fd:00 134590305                  /usr/lib64/libxcb.so.1.1.0
7f92f1d57000-7f92f1d66000 r-xp 00000000 fd:00 136456051                  /usr/lib64/libXi.so.6.1.0
7f92f1d66000-7f92f1f65000 ---p 0000f000 fd:00 136456051                  /usr/lib64/libXi.so.6.1.0
7f92f1f65000-7f92f1f66000 r--p 0000e000 fd:00 136456051                  /usr/lib64/libXi.so.6.1.0
7f92f1f66000-7f92f1f67000 rw-p 0000f000 fd:00 136456051                  /usr/lib64/libXi.so.6.1.0
7f92f1f67000-7f92f1f6c000 r-xp 00000000 fd:00 136456062                  /usr/lib64/libXtst.so.6.1.0
7f92f1f6c000-7f92f216b000 ---p 00005000 fd:00 136456062                  /usr/lib64/libXtst.so.6.1.0
7f92f216b000-7f92f216c000 r--p 00004000 fd:00 136456062                  /usr/lib64/libXtst.so.6.1.0
7f92f216c000-7f92f216d000 rw-p 00005000 fd:00 136456062                  /usr/lib64/libXtst.so.6.1.0
7f92f216d000-7f92f2176000 r-xp 00000000 fd:00 136456095                  /usr/lib64/libXrender.so.1.3.0
7f92f2176000-7f92f2375000 ---p 00009000 fd:00 136456095                  /usr/lib64/libXrender.so.1.3.0
7f92f2375000-7f92f2376000 r--p 00008000 fd:00 136456095                  /usr/lib64/libXrender.so.1.3.0
7f92f2376000-7f92f2377000 rw-p 00009000 fd:00 136456095                  /usr/lib64/libXrender.so.1.3.0
7f92f2377000-7f92f24af000 r-xp 00000000 fd:00 134490859                  /usr/lib64/libX11.so.6.3.0
7f92f24af000-7f92f26af000 ---p 00138000 fd:00 134490859                  /usr/lib64/libX11.so.6.3.0
7f92f26af000-7f92f26b0000 r--p 00138000 fd:00 134490859                  /usr/lib64/libX11.so.6.3.0
7f92f26b0000-7f92f26b5000 rw-p 00139000 fd:00 134490859                  /usr/lib64/libX11.so.6.3.0
7f92f26b5000-7f92f26c6000 r-xp 00000000 fd:00 136456047                  /usr/lib64/libXext.so.6.4.0
7f92f26c6000-7f92f28c5000 ---p 00011000 fd:00 136456047                  /usr/lib64/libXext.so.6.4.0
7f92f28c5000-7f92f28c6000 r--p 00010000 fd:00 136456047                  /usr/lib64/libXext.so.6.4.0
7f92f28c6000-7f92f28c7000 rw-p 00011000 fd:00 136456047                  /usr/lib64/libXext.so.6.4.0
7f92f28c7000-7f92f2917000 r-xp 00000000 fd:00 270134054                  /opt/jdk1.7.0_79/jre/lib/amd64/xawt/libmawt.so
7f92f2917000-7f92f2b17000 ---p 00050000 fd:00 270134054                  /opt/jdk1.7.0_79/jre/lib/amd64/xawt/libmawt.so
7f92f2b17000-7f92f2b1b000 rw-p 00050000 fd:00 270134054                  /opt/jdk1.7.0_79/jre/lib/amd64/xawt/libmawt.so
7f92f2b1b000-7f92f2b1c000 rw-p 00000000 00:00 0 
7f92f2b1c000-7f92f2bbe000 r-xp 00000000 fd:00 140770121                  /opt/jdk1.7.0_79/jre/lib/amd64/libawt.so
7f92f2bbe000-7f92f2dbe000 ---p 000a2000 fd:00 140770121                  /opt/jdk1.7.0_79/jre/lib/amd64/libawt.so
7f92f2dbe000-7f92f2dca000 rw-p 000a2000 fd:00 140770121                  /opt/jdk1.7.0_79/jre/lib/amd64/libawt.so
7f92f2dca000-7f92f2dee000 rw-p 00000000 00:00 0 
7f92f2dee000-7f92f2def000 ---p 00000000 00:00 0 
7f92f2def000-7f92f2eef000 rw-p 00000000 00:00 0                          [stack:17600]
7f92f2eef000-7f92f2ef2000 ---p 00000000 00:00 0 
7f92f2ef2000-7f92f2ff0000 rw-p 00000000 00:00 0                          [stack:17599]
7f92f2ff0000-7f92f2ff3000 ---p 00000000 00:00 0 
7f92f2ff3000-7f92f30f1000 rw-p 00000000 00:00 0                          [stack:17598]
7f92f30f1000-7f92f30f4000 ---p 00000000 00:00 0 
7f92f30f4000-7f92f31f2000 rw-p 00000000 00:00 0                          [stack:17597]
7f92f31f2000-7f92f31f5000 ---p 00000000 00:00 0 
7f92f31f5000-7f92f32f3000 rw-p 00000000 00:00 0                          [stack:17596]
7f92f32f3000-7f92f32f6000 ---p 00000000 00:00 0 
7f92f32f6000-7f92f33f4000 rw-p 00000000 00:00 0                          [stack:17592]
7f92f33f4000-7f92f33f7000 ---p 00000000 00:00 0 
7f92f33f7000-7f92f34f5000 rw-p 00000000 00:00 0                          [stack:17591]
7f92f34f5000-7f92f34f6000 ---p 00000000 00:00 0 
7f92f34f6000-7f92f4000000 rw-p 00000000 00:00 0                          [stack:17590]
7f92f4000000-7f92f4021000 rw-p 00000000 00:00 0 
7f92f4021000-7f92f8000000 ---p 00000000 00:00 0 
7f92f8000000-7f92f8003000 r--s 00038000 fd:00 406777064                  /opt/jdk1.7.0_79/jre/lib/ext/javacup.jar
7f92f8003000-7f92f8005000 r--s 0001f000 fd:00 406777059                  /opt/jdk1.7.0_79/jre/lib/ext/imap.jar
7f92f8005000-7f92f800a000 r--s 00017000 fd:00 406777058                  /opt/jdk1.7.0_79/jre/lib/ext/hibernate-jpa-2.1-api-1.0.0.Final.jar
7f92f800a000-7f92f8017000 r--s 0008e000 fd:00 406777057                  /opt/jdk1.7.0_79/jre/lib/ext/hibernate-entitymanager-4.3.1.Final.jar
7f92f8017000-7f92f801a000 r--s 0001e000 fd:00 406777056                  /opt/jdk1.7.0_79/jre/lib/ext/hibernate-ehcache-4.3.1.Final.jar
7f92f801a000-7f92f801d000 r--s 00010000 fd:00 406606177                  /opt/jdk1.7.0_79/jre/lib/ext/hibernate-commons-annotations-4.0.4.Final.jar
7f92f801d000-7f92f802b000 r--s 000c4000 fd:00 406607294                  /opt/jdk1.7.0_79/jre/lib/ext/groovy-all-1.0-beta-10.jar
7f92f802b000-7f92f802d000 r--s 00011000 fd:00 406607293                  /opt/jdk1.7.0_79/jre/lib/ext/eigenbase-xom.jar
7f92f802d000-7f92f802f000 r--s 0000b000 fd:00 406607292                  /opt/jdk1.7.0_79/jre/lib/ext/eigenbase-resgen.jar
7f92f802f000-7f92f8031000 r--s 00002000 fd:00 406607291                  /opt/jdk1.7.0_79/jre/lib/ext/eigenbase-properties.jar
7f92f8031000-7f92f8047000 r--s 000dd000 fd:00 406607290                  /opt/jdk1.7.0_79/jre/lib/ext/ehcache-core-2.4.3.jar
7f92f8047000-7f92f8049000 r--s 0000a000 fd:00 406607289                  /opt/jdk1.7.0_79/jre/lib/ext/ehcache-1.1.jar
7f92f8049000-7f92f804e000 r--s 00048000 fd:00 406607288                  /opt/jdk1.7.0_79/jre/lib/ext/dom4j-1.6.jar
7f92f804e000-7f92f8053000 r--s 00046000 fd:00 406607287                  /opt/jdk1.7.0_79/jre/lib/ext/dom4j-1.6.1.jar
7f92f8053000-7f92f8055000 r--s 0000e000 fd:00 406607286                  /opt/jdk1.7.0_79/jre/lib/ext/commons-pool-1.3.jar
7f92f8055000-7f92f8058000 r--s 00015000 fd:00 406607283                  /opt/jdk1.7.0_79/jre/lib/ext/commons-javaflow-20060411.jar
7f92f8058000-7f92f805c000 r--s 0001f000 fd:00 406607282                  /opt/jdk1.7.0_79/jre/lib/ext/commons-digester-1.7.jar
7f92f805c000-7f92f805f000 r--s 00018000 fd:00 406607281                  /opt/jdk1.7.0_79/jre/lib/ext/commons-dbcp-1.2.1.jar
7f92f805f000-7f92f8065000 r--s 00023000 fd:00 406607280                  /opt/jdk1.7.0_79/jre/lib/ext/commons-collections-2.1.jar
7f92f8065000-7f92f8068000 r--s 00019000 fd:00 406607279                  /opt/jdk1.7.0_79/jre/lib/ext/commons-beanutils-1.5.jar
7f92f8068000-7f92f806e000 r--s 0003f000 fd:00 406607276                  /opt/jdk1.7.0_79/jre/lib/ext/cglib-2.1.jar
7f92f806e000-7f92f807d000 r--s 0007e000 fd:00 406777082                  /opt/jdk1.7.0_79/jre/lib/ext/mchange-commons-java-0.2.3.4.jar
7f92f807d000-7f92fc000000 rw-p 00000000 00:00 0 
7f92fc000000-7f92fc021000 rw-p 00000000 00:00 0 
7f92fc021000-7f9300000000 ---p 00000000 00:00 0 
7f9300000000-7f9300001000 r--s 00009000 fd:00 406607295                  /opt/jdk1.7.0_79/jre/lib/ext/hibernate-c3p0-4.3.1.Final.jar
7f9300001000-7f9300008000 r--s 00060000 fd:00 406607275                  /opt/jdk1.7.0_79/jre/lib/ext/c3p0-0.9.2.1.jar
7f9300008000-7f9300579000 rw-p 00000000 00:00 0 
7f9300579000-7f9300739000 r--s 039f7000 fd:00 274659343                  /opt/jdk1.7.0_79/jre/lib/rt.jar
7f9300739000-7f9300bfc000 rw-p 00000000 00:00 0 
7f9300bfc000-7f9300bfd000 ---p 00000000 00:00 0 
7f9300bfd000-7f9300cfd000 rw-p 00000000 00:00 0                          [stack:17585]
7f9300cfd000-7f9300cfe000 ---p 00000000 00:00 0 
7f9300cfe000-7f9300dfe000 rw-p 00000000 00:00 0                          [stack:17584]
7f9300dfe000-7f9300dff000 ---p 00000000 00:00 0 
7f9300dff000-7f9300eff000 rw-p 00000000 00:00 0                          [stack:17583]
7f9300eff000-7f9300f00000 ---p 00000000 00:00 0 
7f9300f00000-7f9301000000 rw-p 00000000 00:00 0                          [stack:17582]
7f9301000000-7f9301270000 rwxp 00000000 00:00 0 
7f9301270000-7f9304366000 rw-p 00000000 00:00 0 
7f9304366000-7f9308000000 ---p 00000000 00:00 0 
7f9308000000-7f9308001000 r--s 00004000 fd:00 406607285                  /opt/jdk1.7.0_79/jre/lib/ext/commons-logging-api-1.0.2.jar
7f9308001000-7f9308002000 r--s 00006000 fd:00 406607284                  /opt/jdk1.7.0_79/jre/lib/ext/commons-logging-1.0.2.jar
7f9308002000-7f9308007000 r--s 00037000 fd:00 406607274                  /opt/jdk1.7.0_79/jre/lib/ext/bsh-1.3.0.jar
7f9308007000-7f9308009000 r--s 00013000 fd:00 406607273                  /opt/jdk1.7.0_79/jre/lib/ext/barbecue-1.1.jar
7f9308009000-7f9308064000 rw-p 00000000 00:00 0 
7f9308064000-7f9308082000 rw-p 00000000 00:00 0 
7f9308082000-7f93080ab000 rw-p 00000000 00:00 0 
7f93080ab000-7f9308308000 rw-p 00000000 00:00 0 
7f9308308000-7f9308313000 rw-p 00000000 00:00 0 
7f9308313000-7f9308331000 rw-p 00000000 00:00 0 
7f9308331000-7f930835a000 rw-p 00000000 00:00 0 
7f930835a000-7f93085b7000 rw-p 00000000 00:00 0 
7f93085b7000-7f93085db000 rw-p 00000000 00:00 0 
7f93085db000-7f93086fa000 rw-p 00000000 00:00 0 
7f93086fa000-7f93086fb000 rw-p 00000000 00:00 0 
7f93086fb000-7f9308715000 r-xp 00000000 fd:00 138576185                  /opt/jdk1.7.0_79/jre/lib/amd64/libzip.so
7f9308715000-7f9308915000 ---p 0001a000 fd:00 138576185                  /opt/jdk1.7.0_79/jre/lib/amd64/libzip.so
7f9308915000-7f9308916000 rw-p 0001a000 fd:00 138576185                  /opt/jdk1.7.0_79/jre/lib/amd64/libzip.so
7f9308916000-7f9308922000 r-xp 00000000 fd:00 134220885                  /usr/lib64/libnss_files-2.17.so
7f9308922000-7f9308b21000 ---p 0000c000 fd:00 134220885                  /usr/lib64/libnss_files-2.17.so
7f9308b21000-7f9308b22000 r--p 0000b000 fd:00 134220885                  /usr/lib64/libnss_files-2.17.so
7f9308b22000-7f9308b23000 rw-p 0000c000 fd:00 134220885                  /usr/lib64/libnss_files-2.17.so
7f9308b23000-7f9308b29000 rw-p 00000000 00:00 0 
7f9308b29000-7f9308b52000 r-xp 00000000 fd:00 136581061                  /opt/jdk1.7.0_79/jre/lib/amd64/libjava.so
7f9308b52000-7f9308d52000 ---p 00029000 fd:00 136581061                  /opt/jdk1.7.0_79/jre/lib/amd64/libjava.so
7f9308d52000-7f9308d54000 rw-p 00029000 fd:00 136581061                  /opt/jdk1.7.0_79/jre/lib/amd64/libjava.so
7f9308d54000-7f9308d61000 r-xp 00000000 fd:00 137954771                  /opt/jdk1.7.0_79/jre/lib/amd64/libverify.so
7f9308d61000-7f9308f60000 ---p 0000d000 fd:00 137954771                  /opt/jdk1.7.0_79/jre/lib/amd64/libverify.so
7f9308f60000-7f9308f62000 rw-p 0000c000 fd:00 137954771                  /opt/jdk1.7.0_79/jre/lib/amd64/libverify.so
7f9308f62000-7f9308f69000 r-xp 00000000 fd:00 134220900                  /usr/lib64/librt-2.17.so
7f9308f69000-7f9309168000 ---p 00007000 fd:00 134220900                  /usr/lib64/librt-2.17.so
7f9309168000-7f9309169000 r--p 00006000 fd:00 134220900                  /usr/lib64/librt-2.17.so
7f9309169000-7f930916a000 rw-p 00007000 fd:00 134220900                  /usr/lib64/librt-2.17.so
7f930916a000-7f930926a000 r-xp 00000000 fd:00 134220870                  /usr/lib64/libm-2.17.so
7f930926a000-7f930946a000 ---p 00100000 fd:00 134220870                  /usr/lib64/libm-2.17.so
7f930946a000-7f930946b000 r--p 00100000 fd:00 134220870                  /usr/lib64/libm-2.17.so
7f930946b000-7f930946c000 rw-p 00101000 fd:00 134220870                  /usr/lib64/libm-2.17.so
7f930946c000-7f9309fe1000 r-xp 00000000 fd:00 142824615                  /opt/jdk1.7.0_79/jre/lib/amd64/server/libjvm.so
7f9309fe1000-7f930a1e1000 ---p 00b75000 fd:00 142824615                  /opt/jdk1.7.0_79/jre/lib/amd64/server/libjvm.so
7f930a1e1000-7f930a2a5000 rw-p 00b75000 fd:00 142824615                  /opt/jdk1.7.0_79/jre/lib/amd64/server/libjvm.so
7f930a2a5000-7f930a2e6000 rw-p 00000000 00:00 0 
7f930a2e6000-7f930a49c000 r-xp 00000000 fd:00 140765500                  /usr/lib64/libc-2.17.so
7f930a49c000-7f930a69c000 ---p 001b6000 fd:00 140765500                  /usr/lib64/libc-2.17.so
7f930a69c000-7f930a6a0000 r--p 001b6000 fd:00 140765500                  /usr/lib64/libc-2.17.so
7f930a6a0000-7f930a6a2000 rw-p 001ba000 fd:00 140765500                  /usr/lib64/libc-2.17.so
7f930a6a2000-7f930a6a7000 rw-p 00000000 00:00 0 
7f930a6a7000-7f930a6a9000 r-xp 00000000 fd:00 134220868                  /usr/lib64/libdl-2.17.so
7f930a6a9000-7f930a8a9000 ---p 00002000 fd:00 134220868                  /usr/lib64/libdl-2.17.so
7f930a8a9000-7f930a8aa000 r--p 00002000 fd:00 134220868                  /usr/lib64/libdl-2.17.so
7f930a8aa000-7f930a8ab000 rw-p 00003000 fd:00 134220868                  /usr/lib64/libdl-2.17.so
7f930a8ab000-7f930a8c1000 r-xp 00000000 fd:00 142873177                  /opt/jdk1.7.0_79/lib/amd64/jli/libjli.so
7f930a8c1000-7f930aac1000 ---p 00016000 fd:00 142873177                  /opt/jdk1.7.0_79/lib/amd64/jli/libjli.so
7f930aac1000-7f930aac2000 rw-p 00016000 fd:00 142873177                  /opt/jdk1.7.0_79/lib/amd64/jli/libjli.so
7f930aac2000-7f930aad9000 r-xp 00000000 fd:00 134220895                  /usr/lib64/libpthread-2.17.so
7f930aad9000-7f930acd8000 ---p 00017000 fd:00 134220895                  /usr/lib64/libpthread-2.17.so
7f930acd8000-7f930acd9000 r--p 00016000 fd:00 134220895                  /usr/lib64/libpthread-2.17.so
7f930acd9000-7f930acda000 rw-p 00017000 fd:00 134220895                  /usr/lib64/libpthread-2.17.so
7f930acda000-7f930acde000 rw-p 00000000 00:00 0 
7f930acde000-7f930acfe000 r-xp 00000000 fd:00 140765493                  /usr/lib64/ld-2.17.so
7f930acfe000-7f930ad02000 r--s 0004a000 fd:00 406607269                  /opt/jdk1.7.0_79/jre/lib/ext/AppFramework.jar
7f930ad02000-7f930ad2d000 rw-p 00000000 00:00 0 
7f930ad2d000-7f930ade3000 rw-p 00000000 00:00 0 
7f930ade3000-7f930ade6000 ---p 00000000 00:00 0 
7f930ade6000-7f930aee8000 rw-p 00000000 00:00 0                          [stack:17581]
7f930aee8000-7f930aeea000 r--s 00003000 fd:00 406607272                  /opt/jdk1.7.0_79/jre/lib/ext/asm-attrs.jar
7f930aeea000-7f930aeeb000 r--s 00006000 fd:00 406607271                  /opt/jdk1.7.0_79/jre/lib/ext/asm.jar
7f930aeeb000-7f930aef0000 r--s 00065000 fd:00 405427648                  /opt/jdk1.7.0_79/jre/lib/ext/antlr-2.7.7.jar
7f930aef0000-7f930aef2000 r--s 0000c000 fd:00 406607268                  /opt/jdk1.7.0_79/jre/lib/ext/activation.jar
7f930aef2000-7f930aefa000 rw-s 00000000 fd:00 406637957                  /tmp/hsperfdata_root/17569
7f930aefa000-7f930aefb000 rw-p 00000000 00:00 0 
7f930aefb000-7f930aefc000 r--p 00000000 00:00 0 
7f930aefc000-7f930aefd000 rw-p 00000000 00:00 0 
7f930aefd000-7f930aefe000 r--p 0001f000 fd:00 140765493                  /usr/lib64/ld-2.17.so
7f930aefe000-7f930aeff000 rw-p 00020000 fd:00 140765493                  /usr/lib64/ld-2.17.so
7f930aeff000-7f930af00000 rw-p 00000000 00:00 0 
7ffe251d2000-7ffe251f3000 rw-p 00000000 00:00 0                          [stack]
7ffe251fa000-7ffe251fc000 r-xp 00000000 00:00 0                          [vdso]
ffffffffff600000-ffffffffff601000 r-xp 00000000 00:00 0                  [vsyscall]

VM Arguments:
jvm_args: -Djava.security.policy=applet.policy 
java_command: sun.applet.AppletViewer file:/databasesdml/NetBeansProjects/dinesh/build/frmPOAmendGen.html
Launcher Type: SUN_STANDARD

Environment Variables:
JAVA_HOME=/opt/jdk1.7.0_79
JRE_HOME=/opt/jdk1.7.0_79/jre
CLASSPATH=/usr/local/bin:/usr/local/sbin:/usr/bin:/usr/sbin:/bin:/sbin:/opt/jdk1.7.0_79/bin:/opt/jdk1.7.0_79/jre/bin:/opt/jdk1.7.0_79/lib:/opt/jdk1.7.0_79/jre/lib/ext:/iReport-1.2.4/lib
PATH=/usr/local/bin:/usr/local/sbin:/usr/bin:/usr/sbin:/bin:/sbin:/opt/jdk1.7.0_79/bin:/opt/jdk1.7.0_79/jre/bin:/root/bin
USERNAME=root
LD_LIBRARY_PATH=/opt/jdk1.7.0_79/jre/lib/amd64:/opt/jdk1.7.0_79/jre/lib/i386:
SHELL=/bin/bash
DISPLAY=:0

Signal Handlers:
SIGSEGV: [libjvm.so+0x9a3bf0], sa_mask[0]=0x7ffbfeff, sa_flags=0x10000004
SIGBUS: [libjvm.so+0x9a3bf0], sa_mask[0]=0x7ffbfeff, sa_flags=0x10000004
SIGFPE: [libjvm.so+0x81cb60], sa_mask[0]=0x7ffbfeff, sa_flags=0x10000004
SIGPIPE: [libjvm.so+0x81cb60], sa_mask[0]=0x7ffbfeff, sa_flags=0x10000004
SIGXFSZ: [libjvm.so+0x81cb60], sa_mask[0]=0x7ffbfeff, sa_flags=0x10000004
SIGILL: [libjvm.so+0x81cb60], sa_mask[0]=0x7ffbfeff, sa_flags=0x10000004
SIGUSR1: SIG_DFL, sa_mask[0]=0x00000000, sa_flags=0x00000000
SIGUSR2: [libjvm.so+0x81e360], sa_mask[0]=0x00000004, sa_flags=0x10000004
SIGHUP: [libjvm.so+0x81f480], sa_mask[0]=0x7ffbfeff, sa_flags=0x10000004
SIGINT: SIG_IGN, sa_mask[0]=0x00000000, sa_flags=0x00000000
SIGTERM: [libjvm.so+0x81f480], sa_mask[0]=0x7ffbfeff, sa_flags=0x10000004
SIGQUIT: [libjvm.so+0x81f480], sa_mask[0]=0x7ffbfeff, sa_flags=0x10000004


---------------  S Y S T E M  ---------------

OS:CentOS Linux release 7.2.1511 (Core) 

uname:Linux 3.10.0-327.el7.x86_64 #1 SMP Thu Nov 19 22:10:57 UTC 2015 x86_64
libc:glibc 2.17 NPTL 2.17 
rlimit: STACK 8192k, CORE 0k, NPROC 30857, NOFILE 4096, AS infinity
load average:0.03 0.07 0.12

/proc/meminfo:
MemTotal:        7930960 kB
MemFree:         1280752 kB
MemAvailable:    3015900 kB
Buffers:               0 kB
Cached:          1253776 kB
SwapCached:        89140 kB
Active:          3551500 kB
Inactive:        2015572 kB
Active(anon):    2960096 kB
Inactive(anon):  1420936 kB
Active(file):     591404 kB
Inactive(file):   594636 kB
Unevictable:           0 kB
Mlocked:               0 kB
SwapTotal:       1346688 kB
SwapFree:              0 kB
Dirty:               136 kB
Writeback:            68 kB
AnonPages:       4249892 kB
Mapped:            81100 kB
Shmem:             67236 kB
Slab:             867908 kB
SReclaimable:     802500 kB
SUnreclaim:        65408 kB
KernelStack:        9408 kB
PageTables:        20984 kB
NFS_Unstable:          0 kB
Bounce:                0 kB
WritebackTmp:          0 kB
CommitLimit:     3965480 kB
Committed_AS:    6694704 kB
VmallocTotal:   34359738367 kB
VmallocUsed:      363628 kB
VmallocChunk:   34359365632 kB
HardwareCorrupted:     0 kB
AnonHugePages:   3033088 kB
HugePages_Total:       0
HugePages_Free:        0
HugePages_Rsvd:        0
HugePages_Surp:        0
Hugepagesize:       2048 kB
DirectMap4k:      128580 kB
DirectMap2M:     6082560 kB
DirectMap1G:     2097152 kB


CPU:total 4 (2 cores per cpu, 2 threads per core) family 6 model 60 stepping 3, cmov, cx8, fxsr, mmx, sse, sse2, sse3, ssse3, sse4.1, sse4.2, popcnt, avx, avx2, aes, erms, ht, tsc, tscinvbit

/proc/cpuinfo:
processor	: 0
vendor_id	: GenuineIntel
cpu family	: 6
model		: 60
model name	: Intel(R) Core(TM) i3-4150 CPU @ 3.50GHz
stepping	: 3
microcode	: 0x1c
cpu MHz		: 3496.855
cache size	: 3072 KB
physical id	: 0
siblings	: 4
core id		: 0
cpu cores	: 2
apicid		: 0
initial apicid	: 0
fpu		: yes
fpu_exception	: yes
cpuid level	: 13
wp		: yes
flags		: fpu vme de pse tsc msr pae mce cx8 apic sep mtrr pge mca cmov pat pse36 clflush dts acpi mmx fxsr sse sse2 ss ht tm pbe syscall nx pdpe1gb rdtscp lm constant_tsc arch_perfmon pebs bts rep_good nopl xtopology nonstop_tsc aperfmperf eagerfpu pni pclmulqdq dtes64 monitor ds_cpl vmx est tm2 ssse3 fma cx16 xtpr pdcm pcid sse4_1 sse4_2 movbe popcnt tsc_deadline_timer aes xsave avx f16c rdrand lahf_lm abm arat epb pln pts dtherm tpr_shadow vnmi flexpriority ept vpid fsgsbase tsc_adjust bmi1 avx2 smep bmi2 erms invpcid xsaveopt
bogomips	: 6983.75
clflush size	: 64
cache_alignment	: 64
address sizes	: 39 bits physical, 48 bits virtual
power management:

processor	: 1
vendor_id	: GenuineIntel
cpu family	: 6
model		: 60
model name	: Intel(R) Core(TM) i3-4150 CPU @ 3.50GHz
stepping	: 3
microcode	: 0x1c
cpu MHz		: 2110.937
cache size	: 3072 KB
physical id	: 0
siblings	: 4
core id		: 1
cpu cores	: 2
apicid		: 2
initial apicid	: 2
fpu		: yes
fpu_exception	: yes
cpuid level	: 13
wp		: yes
flags		: fpu vme de pse tsc msr pae mce cx8 apic sep mtrr pge mca cmov pat pse36 clflush dts acpi mmx fxsr sse sse2 ss ht tm pbe syscall nx pdpe1gb rdtscp lm constant_tsc arch_perfmon pebs bts rep_good nopl xtopology nonstop_tsc aperfmperf eagerfpu pni pclmulqdq dtes64 monitor ds_cpl vmx est tm2 ssse3 fma cx16 xtpr pdcm pcid sse4_1 sse4_2 movbe popcnt tsc_deadline_timer aes xsave avx f16c rdrand lahf_lm abm arat epb pln pts dtherm tpr_shadow vnmi flexpriority ept vpid fsgsbase tsc_adjust bmi1 avx2 smep bmi2 erms invpcid xsaveopt
bogomips	: 6983.75
clflush size	: 64
cache_alignment	: 64
address sizes	: 39 bits physical, 48 bits virtual
power management:

processor	: 2
vendor_id	: GenuineIntel
cpu family	: 6
model		: 60
model name	: Intel(R) Core(TM) i3-4150 CPU @ 3.50GHz
stepping	: 3
microcode	: 0x1c
cpu MHz		: 2474.882
cache size	: 3072 KB
physical id	: 0
siblings	: 4
core id		: 0
cpu cores	: 2
apicid		: 1
initial apicid	: 1
fpu		: yes
fpu_exception	: yes
cpuid level	: 13
wp		: yes
flags		: fpu vme de pse tsc msr pae mce cx8 apic sep mtrr pge mca cmov pat pse36 clflush dts acpi mmx fxsr sse sse2 ss ht tm pbe syscall nx pdpe1gb rdtscp lm constant_tsc arch_perfmon pebs bts rep_good nopl xtopology nonstop_tsc aperfmperf eagerfpu pni pclmulqdq dtes64 monitor ds_cpl vmx est tm2 ssse3 fma cx16 xtpr pdcm pcid sse4_1 sse4_2 movbe popcnt tsc_deadline_timer aes xsave avx f16c rdrand lahf_lm abm arat epb pln pts dtherm tpr_shadow vnmi flexpriority ept vpid fsgsbase tsc_adjust bmi1 avx2 smep bmi2 erms invpcid xsaveopt
bogomips	: 6983.75
clflush size	: 64
cache_alignment	: 64
address sizes	: 39 bits physical, 48 bits virtual
power management:

processor	: 3
vendor_id	: GenuineIntel
cpu family	: 6
model		: 60
model name	: Intel(R) Core(TM) i3-4150 CPU @ 3.50GHz
stepping	: 3
microcode	: 0x1c
cpu MHz		: 3487.695
cache size	: 3072 KB
physical id	: 0
siblings	: 4
core id		: 1
cpu cores	: 2
apicid		: 3
initial apicid	: 3
fpu		: yes
fpu_exception	: yes
cpuid level	: 13
wp		: yes
flags		: fpu vme de pse tsc msr pae mce cx8 apic sep mtrr pge mca cmov pat pse36 clflush dts acpi mmx fxsr sse sse2 ss ht tm pbe syscall nx pdpe1gb rdtscp lm constant_tsc arch_perfmon pebs bts rep_good nopl xtopology nonstop_tsc aperfmperf eagerfpu pni pclmulqdq dtes64 monitor ds_cpl vmx est tm2 ssse3 fma cx16 xtpr pdcm pcid sse4_1 sse4_2 movbe popcnt tsc_deadline_timer aes xsave avx f16c rdrand lahf_lm abm arat epb pln pts dtherm tpr_shadow vnmi flexpriority ept vpid fsgsbase tsc_adjust bmi1 avx2 smep bmi2 erms invpcid xsaveopt
bogomips	: 6983.75
clflush size	: 64
cache_alignment	: 64
address sizes	: 39 bits physical, 48 bits virtual
power management:



Memory: 4k page, physical 7930960k(1280752k free), swap 1346688k(0k free)

vm_info: Java HotSpot(TM) 64-Bit Server VM (24.79-b02) for linux-amd64 JRE (1.7.0_79-b15), built on Apr 10 2015 11:34:48 by "java_re" with gcc 4.3.0 20080428 (Red Hat 4.3.0-8)

time: Wed Jul  5 18:29:20 2017
elapsed time: 6574 seconds

