#
# A fatal error has been detected by the Java Runtime Environment:
#
#  SIGSEGV (0xb) at pc=0x00007fbc3505b4ba, pid=20676, tid=140446089524992
#
# JRE version: Java(TM) SE Runtime Environment (7.0_79-b15) (build 1.7.0_79-b15)
# Java VM: Java HotSpot(TM) 64-Bit Server VM (24.79-b02 mixed mode linux-amd64 compressed oops)
# Problematic frame:
# v  ~BufferBlob::jni_fast_GetLongField
#
# Failed to write core dump. Core dumps have been disabled. To enable core dumping, try "ulimit -c unlimited" before starting Java again
#
# If you would like to submit a bug report, please visit:
#   http://bugreport.java.com/bugreport/crash.jsp
# The crash happened outside the Java Virtual Machine in native code.
# See problematic frame for where to report the bug.
#

---------------  T H R E A D  ---------------

Current thread (0x00007fbc38347800):  JavaThread "AWT-XAWT" daemon [_thread_in_native, id=20695, stack(0x00007fbc2736b000,0x00007fbc2746c000)]

siginfo:si_signo=SIGSEGV: si_errno=0, si_code=1 (SEGV_MAPERR), si_addr=0x0000000000000000

Registers:
RAX=0x00007fbc40775e00, RBX=0x0000000081fded80, RCX=0x00007fbc411c72e0, RDX=0x0000000000000042
RSP=0x00007fbc2746a7b8, RBP=0x00007fbc2746a7e0, RSI=0x0000000000000000, RDI=0x00007fbc383479e8
R8 =0x0000000000000003, R9 =0x0000000000000000, R10=0x000000000000007e, R11=0x00007fbc348475d0
R12=0x00007fbc383479e8, R13=0x0000000000000000, R14=0x00007fbc3c288fe0, R15=0x00007fbc38347800
RIP=0x00007fbc3505b4ba, EFLAGS=0x0000000000010246, CSGSFS=0x0000000000000033, ERR=0x0000000000000004
  TRAPNO=0x000000000000000e

Top of Stack: (sp=0x00007fbc2746a7b8)
0x00007fbc2746a7b8:   00007fbc3c053801 0000000081fded80
0x00007fbc2746a7c8:   00007fbbdc024500 0000000081fded80
0x00007fbc2746a7d8:   00007fbc2746a8c8 0000000000000000
0x00007fbc2746a7e8:   00007fbc34847628 0000000081fded80
0x00007fbc2746a7f8:   00007fbc2746a820 0000000000000000
0x00007fbc2746a808:   00007fbc3483ede3 0000000081fded80
0x00007fbc2746a818:   00007fbc3c04968f 00007fbc2746a890
0x00007fbc2746a828:   00007fbc35012d98 0000000082272c60
0x00007fbc2746a838:   0000000000000000 00007fbc2746a858
0x00007fbc2746a848:   00007fbc2746a8b8 00007fbc2746a850
0x00007fbc2746a858:   0000000000000000 00007fbc2746a8c8
0x00007fbc2746a868:   0000000081fe4e50 0000000000000000
0x00007fbc2746a878:   0000000081fded80 0000000000000000
0x00007fbc2746a888:   00007fbc2746a8b0 00007fbc2746a910
0x00007fbc2746a898:   00007fbc35006350 0000000087135068
0x00007fbc2746a8a8:   00007fbc3500ecc0 0000000000000000
0x00007fbc2746a8b8:   00007fbc2746a910 00007fbbf0000ea0
0x00007fbc2746a8c8:   0000000087191d88 00007fbc2746a8d0
0x00007fbc2746a8d8:   00000000820f181c 00007fbc2746a958
0x00007fbc2746a8e8:   00000000820fd2b8 0000000082eb7b50
0x00007fbc2746a8f8:   00000000820f1950 00007fbc2746a8b0
0x00007fbc2746a908:   00007fbc2746a950 00007fbc2746a9a0
0x00007fbc2746a918:   00007fbc35006058 0000000000000000
0x00007fbc2746a928:   00000000d882fb18 0000000000000000
0x00007fbc2746a938:   0000000000000000 0000000000000000
0x00007fbc2746a948:   0000000087191d88 0000000000000000
0x00007fbc2746a958:   00000000870538b8 00007fbc2746a960
0x00007fbc2746a968:   00000000820f1625 00007fbc2746a9b0
0x00007fbc2746a978:   00000000820fd2b8 0000000000000000
0x00007fbc2746a988:   00000000820f1630 00007fbc2746a950
0x00007fbc2746a998:   00007fbc2746a9b0 00007fbc2746a9f8
0x00007fbc2746a9a8:   00007fbc35006706 00000000870538b8 

Instructions: (pc=0x00007fbc3505b4ba)
0x00007fbc3505b49a:   00 00 00 00 00 00 44 8b 15 61 e4 74 0b 4c 8b ce
0x00007fbc3505b4aa:   41 f6 c2 01 0f 85 2e 00 00 00 4d 33 ca 4d 33 ca
0x00007fbc3505b4ba:   4d 8b 09 4c 8b da 49 c1 eb 02 4b 8b 04 19 49 bb
0x00007fbc3505b4ca:   08 99 7a 40 bc 7f 00 00 4c 33 d8 4c 33 d8 45 3b 

Register to memory mapping:

RAX=0x00007fbc40775e00: <offset 0xe1be00> in /opt/jdk1.7.0_79/jre/lib/amd64/server/libjvm.so at 0x00007fbc3f95a000
RBX=0x0000000081fded80 is an oop
{method} 
 - klass: {other class}
RCX=0x00007fbc411c72e0: <offset 0x2172e0> in /lib64/libpthread.so.0 at 0x00007fbc40fb0000
RDX=0x0000000000000042 is an unknown value
RSP=0x00007fbc2746a7b8 is pointing into the stack for thread: 0x00007fbc38347800
RBP=0x00007fbc2746a7e0 is pointing into the stack for thread: 0x00007fbc38347800
RSI=0x0000000000000000 is an unknown value
RDI=0x00007fbc383479e8 is an unknown value
R8 =0x0000000000000003 is an unknown value
R9 =0x0000000000000000 is an unknown value
R10=0x000000000000007e is an unknown value
R11=0x00007fbc348475d0: _XimServerDestroy+0 in /lib64/libX11.so.6 at 0x00007fbc347de000
R12=0x00007fbc383479e8 is an unknown value
R13=0x0000000000000000 is an unknown value
R14=0x00007fbc3c288fe0: <offset 0x253fe0> in /opt/jdk1.7.0_79/jre/lib/amd64/xawt/libmawt.so at 0x00007fbc3c035000
R15=0x00007fbc38347800 is a thread


Stack: [0x00007fbc2736b000,0x00007fbc2746c000],  sp=0x00007fbc2746a7b8,  free space=1021k
Native frames: (J=compiled Java code, j=interpreted, Vv=VM code, C=native code)
v  ~BufferBlob::jni_fast_GetLongField

Java frames: (J=compiled Java code, j=interpreted, Vv=VM code)
j  sun.awt.X11.XlibWrapper.XFilterEvent(JJ)Z+0
j  sun.awt.X11.XToolkit.run(Z)V+300
j  sun.awt.X11.XToolkit.run()V+5
j  java.lang.Thread.run()V+11
v  ~StubRoutines::call_stub

---------------  P R O C E S S  ---------------

Java Threads: ( => current thread )
  0x00007fbc04003000 JavaThread "SIGTERM handler" daemon [_thread_blocked, id=22131, stack(0x00007fbc25b0a000,0x00007fbc25c0b000)]
  0x00007fbbcc004800 JavaThread "XToolkt-Shutdown-Thread" [_thread_blocked, id=22125, stack(0x00007fbc25c0b000,0x00007fbc25d0c000)]
  0x00007fbc04002000 JavaThread "SIGTERM handler" daemon [_thread_blocked, id=22122, stack(0x00007fbc26228000,0x00007fbc26329000)]
  0x00007fbc04001000 JavaThread "SIGHUP handler" daemon [_thread_blocked, id=22120, stack(0x00007fbc25f25000,0x00007fbc26026000)]
  0x00007fbbe4131000 JavaThread "MySQL Statement Cancellation Timer" daemon [_thread_blocked, id=20705, stack(0x00007fbc25e24000,0x00007fbc25f25000)]
  0x00007fbbe00d6800 JavaThread "AWT-EventQueue-1" [_thread_blocked, id=20702, stack(0x00007fbc26026000,0x00007fbc26127000)]
  0x00007fbbe0031800 JavaThread "TimerQueue" daemon [_thread_blocked, id=20701, stack(0x00007fbc26127000,0x00007fbc26228000)]
  0x00007fbc38009000 JavaThread "DestroyJavaVM" [_thread_blocked, id=20681, stack(0x00007fbc412d1000,0x00007fbc413d2000)]
  0x00007fbc38361800 JavaThread "AWT-EventQueue-0" [_thread_blocked, id=20699, stack(0x00007fbc27068000,0x00007fbc27169000)]
  0x00007fbc3835c000 JavaThread "AWT-Shutdown" [_thread_blocked, id=20698, stack(0x00007fbc27169000,0x00007fbc2726a000)]
  0x00007fbc38355000 JavaThread "thread applet-EITLERP/Purchase/frmPOAmendGen.class" [_thread_blocked, id=20697, stack(0x00007fbc2726a000,0x00007fbc2736b000)]
=>0x00007fbc38347800 JavaThread "AWT-XAWT" daemon [_thread_in_native, id=20695, stack(0x00007fbc2736b000,0x00007fbc2746c000)]
  0x00007fbc38322800 JavaThread "Java2D Disposer" daemon [_thread_blocked, id=20694, stack(0x00007fbc27891000,0x00007fbc27992000)]
  0x00007fbc38098000 JavaThread "Service Thread" daemon [_thread_blocked, id=20692, stack(0x00007fbc3c38b000,0x00007fbc3c48c000)]
  0x00007fbc38095800 JavaThread "C2 CompilerThread1" daemon [_thread_blocked, id=20691, stack(0x00007fbc3c48c000,0x00007fbc3c58d000)]
  0x00007fbc38092800 JavaThread "C2 CompilerThread0" daemon [_thread_blocked, id=20690, stack(0x00007fbc3c58d000,0x00007fbc3c68e000)]
  0x00007fbc38090000 JavaThread "Signal Dispatcher" daemon [_thread_blocked, id=20689, stack(0x00007fbc3c68e000,0x00007fbc3c78f000)]
  0x00007fbc3806f800 JavaThread "Finalizer" daemon [_thread_blocked, id=20688, stack(0x00007fbc3c78f000,0x00007fbc3c890000)]
  0x00007fbc3806d800 JavaThread "Reference Handler" daemon [_thread_blocked, id=20687, stack(0x00007fbc3c890000,0x00007fbc3c991000)]

Other Threads:
  0x00007fbc38069000 VMThread [stack: 0x00007fbc3c991000,0x00007fbc3ca92000] [id=20686]
  0x00007fbc380a3000 WatcherThread [stack: 0x00007fbc3c28a000,0x00007fbc3c38b000] [id=20693]

VM state:not at safepoint (normal execution)

VM Mutex/Monitor currently owned by a thread: None

Heap
 PSYoungGen      total 67584K, used 44516K [0x00000000d7a00000, 0x00000000dc100000, 0x0000000100000000)
  eden space 62464K, 71% used [0x00000000d7a00000,0x00000000da579100,0x00000000db700000)
  from space 5120K, 0% used [0x00000000dbc00000,0x00000000dbc00000,0x00000000dc100000)
  to   space 5120K, 0% used [0x00000000db700000,0x00000000db700000,0x00000000dbc00000)
 ParOldGen       total 82432K, used 25587K [0x0000000086e00000, 0x000000008be80000, 0x00000000d7a00000)
  object space 82432K, 31% used [0x0000000086e00000,0x00000000886fcc70,0x000000008be80000)
 PSPermGen       total 41472K, used 19318K [0x0000000081c00000, 0x0000000084480000, 0x0000000086e00000)
  object space 41472K, 46% used [0x0000000081c00000,0x0000000082edda48,0x0000000084480000)

Card table byte_map: [0x00007fbc3e7f6000,0x00007fbc3ebe9000] byte_map_base: 0x00007fbc3e3e8000

Polling page: 0x00007fbc413e9000

Code Cache  [0x00007fbc35000000, 0x00007fbc35270000, 0x00007fbc38000000)
 total_blobs=1155 nmethods=598 adapters=510 free_code_cache=47229Kb largest_free_block=48323648

Compilation events (10 events):
Event: 38.348 Thread 0x00007fbc38092800  653             javax.swing.text.GapVector::getArray (5 bytes)
Event: 38.348 Thread 0x00007fbc38092800 nmethod 653 0x00007fbc351ce550 code [0x00007fbc351ce680, 0x00007fbc351ce6d8]
Event: 39.557 Thread 0x00007fbc38095800  655             java.awt.Component::getInputContext (16 bytes)
Event: 39.557 Thread 0x00007fbc38095800 nmethod 655 0x00007fbc35107350 code [0x00007fbc351074a0, 0x00007fbc35107538]
Event: 115.843 Thread 0x00007fbc38092800  656             java.util.IdentityHashMap$IdentityHashMapIterator::hasNext (50 bytes)
Event: 115.845 Thread 0x00007fbc38092800 nmethod 656 0x00007fbc35106f90 code [0x00007fbc351070e0, 0x00007fbc35107278]
Event: 119.411 Thread 0x00007fbc38095800  657   !         sun.awt.X11.XToolkit::windowToXWindow (27 bytes)
Event: 119.414 Thread 0x00007fbc38095800 nmethod 657 0x00007fbc35106790 code [0x00007fbc35106900, 0x00007fbc35106da8]
Event: 1703.566 Thread 0x00007fbc38092800  658   !         sun.awt.X11.XToolkit::callTimeoutTasks (220 bytes)
Event: 1703.568 Thread 0x00007fbc38092800 nmethod 658 0x00007fbc351df190 code [0x00007fbc351df320, 0x00007fbc351df598]

GC Heap History (10 events):
Event: 7.174 GC heap before
{Heap before GC invocations=5 (full 1):
 PSYoungGen      total 67584K, used 5106K [0x00000000d7a00000, 0x00000000dc100000, 0x0000000100000000)
  eden space 62464K, 0% used [0x00000000d7a00000,0x00000000d7a00000,0x00000000db700000)
  from space 5120K, 99% used [0x00000000dbc00000,0x00000000dc0fc870,0x00000000dc100000)
  to   space 5120K, 0% used [0x00000000db700000,0x00000000db700000,0x00000000dbc00000)
 ParOldGen       total 82432K, used 37553K [0x0000000086e00000, 0x000000008be80000, 0x00000000d7a00000)
  object space 82432K, 45% used [0x0000000086e00000,0x00000000892ac5f0,0x000000008be80000)
 PSPermGen       total 21504K, used 18674K [0x0000000081c00000, 0x0000000083100000, 0x0000000086e00000)
  object space 21504K, 86% used [0x0000000081c00000,0x0000000082e3cb80,0x0000000083100000)
Event: 7.302 GC heap after
Heap after GC invocations=5 (full 1):
 PSYoungGen      total 67584K, used 0K [0x00000000d7a00000, 0x00000000dc100000, 0x0000000100000000)
  eden space 62464K, 0% used [0x00000000d7a00000,0x00000000d7a00000,0x00000000db700000)
  from space 5120K, 0% used [0x00000000dbc00000,0x00000000dbc00000,0x00000000dc100000)
  to   space 5120K, 0% used [0x00000000db700000,0x00000000db700000,0x00000000dbc00000)
 ParOldGen       total 82432K, used 28356K [0x0000000086e00000, 0x000000008be80000, 0x00000000d7a00000)
  object space 82432K, 34% used [0x0000000086e00000,0x00000000889b1170,0x000000008be80000)
 PSPermGen       total 37376K, used 18668K [0x0000000081c00000, 0x0000000084080000, 0x0000000086e00000)
  object space 37376K, 49% used [0x0000000081c00000,0x0000000082e3b380,0x0000000084080000)
}
Event: 11.261 GC heap before
{Heap before GC invocations=6 (full 1):
 PSYoungGen      total 67584K, used 18326K [0x00000000d7a00000, 0x00000000dc100000, 0x0000000100000000)
  eden space 62464K, 29% used [0x00000000d7a00000,0x00000000d8be5b78,0x00000000db700000)
  from space 5120K, 0% used [0x00000000dbc00000,0x00000000dbc00000,0x00000000dc100000)
  to   space 5120K, 0% used [0x00000000db700000,0x00000000db700000,0x00000000dbc00000)
 ParOldGen       total 82432K, used 28356K [0x0000000086e00000, 0x000000008be80000, 0x00000000d7a00000)
  object space 82432K, 34% used [0x0000000086e00000,0x00000000889b1170,0x000000008be80000)
 PSPermGen       total 37376K, used 18879K [0x0000000081c00000, 0x0000000084080000, 0x0000000086e00000)
  object space 37376K, 50% used [0x0000000081c00000,0x0000000082e6fe80,0x0000000084080000)
Event: 11.270 GC heap after
Heap after GC invocations=6 (full 1):
 PSYoungGen      total 67584K, used 5115K [0x00000000d7a00000, 0x00000000dc100000, 0x0000000100000000)
  eden space 62464K, 0% used [0x00000000d7a00000,0x00000000d7a00000,0x00000000db700000)
  from space 5120K, 99% used [0x00000000db700000,0x00000000dbbfee38,0x00000000dbc00000)
  to   space 5120K, 0% used [0x00000000dbc00000,0x00000000dbc00000,0x00000000dc100000)
 ParOldGen       total 82432K, used 32420K [0x0000000086e00000, 0x000000008be80000, 0x00000000d7a00000)
  object space 82432K, 39% used [0x0000000086e00000,0x0000000088da93c8,0x000000008be80000)
 PSPermGen       total 37376K, used 18879K [0x0000000081c00000, 0x0000000084080000, 0x0000000086e00000)
  object space 37376K, 50% used [0x0000000081c00000,0x0000000082e6fe80,0x0000000084080000)
}
Event: 11.270 GC heap before
{Heap before GC invocations=7 (full 2):
 PSYoungGen      total 67584K, used 5115K [0x00000000d7a00000, 0x00000000dc100000, 0x0000000100000000)
  eden space 62464K, 0% used [0x00000000d7a00000,0x00000000d7a00000,0x00000000db700000)
  from space 5120K, 99% used [0x00000000db700000,0x00000000dbbfee38,0x00000000dbc00000)
  to   space 5120K, 0% used [0x00000000dbc00000,0x00000000dbc00000,0x00000000dc100000)
 ParOldGen       total 82432K, used 32420K [0x0000000086e00000, 0x000000008be80000, 0x00000000d7a00000)
  object space 82432K, 39% used [0x0000000086e00000,0x0000000088da93c8,0x000000008be80000)
 PSPermGen       total 37376K, used 18879K [0x0000000081c00000, 0x0000000084080000, 0x0000000086e00000)
  object space 37376K, 50% used [0x0000000081c00000,0x0000000082e6fe80,0x0000000084080000)
Event: 11.359 GC heap after
Heap after GC invocations=7 (full 2):
 PSYoungGen      total 67584K, used 0K [0x00000000d7a00000, 0x00000000dc100000, 0x0000000100000000)
  eden space 62464K, 0% used [0x00000000d7a00000,0x00000000d7a00000,0x00000000db700000)
  from space 5120K, 0% used [0x00000000db700000,0x00000000db700000,0x00000000dbc00000)
  to   space 5120K, 0% used [0x00000000dbc00000,0x00000000dbc00000,0x00000000dc100000)
 ParOldGen       total 82432K, used 25421K [0x0000000086e00000, 0x000000008be80000, 0x00000000d7a00000)
  object space 82432K, 30% used [0x0000000086e00000,0x00000000886d37e8,0x000000008be80000)
 PSPermGen       total 42496K, used 18879K [0x0000000081c00000, 0x0000000084580000, 0x0000000086e00000)
  object space 42496K, 44% used [0x0000000081c00000,0x0000000082e6fce0,0x0000000084580000)
}
Event: 30.749 GC heap before
{Heap before GC invocations=8 (full 2):
 PSYoungGen      total 67584K, used 5732K [0x00000000d7a00000, 0x00000000dc100000, 0x0000000100000000)
  eden space 62464K, 9% used [0x00000000d7a00000,0x00000000d7f99220,0x00000000db700000)
  from space 5120K, 0% used [0x00000000db700000,0x00000000db700000,0x00000000dbc00000)
  to   space 5120K, 0% used [0x00000000dbc00000,0x00000000dbc00000,0x00000000dc100000)
 ParOldGen       total 82432K, used 25421K [0x0000000086e00000, 0x000000008be80000, 0x00000000d7a00000)
  object space 82432K, 30% used [0x0000000086e00000,0x00000000886d37e8,0x000000008be80000)
 PSPermGen       total 42496K, used 19211K [0x0000000081c00000, 0x0000000084580000, 0x0000000086e00000)
  object space 42496K, 45% used [0x0000000081c00000,0x0000000082ec2fe8,0x0000000084580000)
Event: 30.751 GC heap after
Heap after GC invocations=8 (full 2):
 PSYoungGen      total 67584K, used 288K [0x00000000d7a00000, 0x00000000dc100000, 0x0000000100000000)
  eden space 62464K, 0% used [0x00000000d7a00000,0x00000000d7a00000,0x00000000db700000)
  from space 5120K, 5% used [0x00000000dbc00000,0x00000000dbc48000,0x00000000dc100000)
  to   space 5120K, 0% used [0x00000000db700000,0x00000000db700000,0x00000000dbc00000)
 ParOldGen       total 82432K, used 25429K [0x0000000086e00000, 0x000000008be80000, 0x00000000d7a00000)
  object space 82432K, 30% used [0x0000000086e00000,0x00000000886d57e8,0x000000008be80000)
 PSPermGen       total 42496K, used 19211K [0x0000000081c00000, 0x0000000084580000, 0x0000000086e00000)
  object space 42496K, 45% used [0x0000000081c00000,0x0000000082ec2fe8,0x0000000084580000)
}
Event: 30.751 GC heap before
{Heap before GC invocations=9 (full 3):
 PSYoungGen      total 67584K, used 288K [0x00000000d7a00000, 0x00000000dc100000, 0x0000000100000000)
  eden space 62464K, 0% used [0x00000000d7a00000,0x00000000d7a00000,0x00000000db700000)
  from space 5120K, 5% used [0x00000000dbc00000,0x00000000dbc48000,0x00000000dc100000)
  to   space 5120K, 0% used [0x00000000db700000,0x00000000db700000,0x00000000dbc00000)
 ParOldGen       total 82432K, used 25429K [0x0000000086e00000, 0x000000008be80000, 0x00000000d7a00000)
  object space 82432K, 30% used [0x0000000086e00000,0x00000000886d57e8,0x000000008be80000)
 PSPermGen       total 42496K, used 19211K [0x0000000081c00000, 0x0000000084580000, 0x0000000086e00000)
  object space 42496K, 45% used [0x0000000081c00000,0x0000000082ec2fe8,0x0000000084580000)
Event: 30.882 GC heap after
Heap after GC invocations=9 (full 3):
 PSYoungGen      total 67584K, used 0K [0x00000000d7a00000, 0x00000000dc100000, 0x0000000100000000)
  eden space 62464K, 0% used [0x00000000d7a00000,0x00000000d7a00000,0x00000000db700000)
  from space 5120K, 0% used [0x00000000dbc00000,0x00000000dbc00000,0x00000000dc100000)
  to   space 5120K, 0% used [0x00000000db700000,0x00000000db700000,0x00000000dbc00000)
 ParOldGen       total 82432K, used 25587K [0x0000000086e00000, 0x000000008be80000, 0x00000000d7a00000)
  object space 82432K, 31% used [0x0000000086e00000,0x00000000886fcc70,0x000000008be80000)
 PSPermGen       total 41472K, used 19211K [0x0000000081c00000, 0x0000000084480000, 0x0000000086e00000)
  object space 41472K, 46% used [0x0000000081c00000,0x0000000082ec2f10,0x0000000084480000)
}

Deoptimization events (10 events):
Event: 35.698 Thread 0x00007fbbe00d6800 Uncommon trap: reason=predicate action=maybe_recompile pc=0x00007fbc35149410 method=java.util.regex.Pattern$Start.match(Ljava/util/regex/Matcher;ILjava/lang/CharSequence;)Z @ 37
Event: 35.735 Thread 0x00007fbbe00d6800 Uncommon trap: reason=unreached action=reinterpret pc=0x00007fbc350f836c method=javax.swing.RepaintManager.addInvalidComponent(Ljavax/swing/JComponent;)V @ 81
Event: 38.035 Thread 0x00007fbbe00d6800 Uncommon trap: reason=unreached action=reinterpret pc=0x00007fbc351629fc method=javax.swing.RepaintManager.addDirtyRegion0(Ljava/awt/Container;IIII)V @ 86
Event: 38.189 Thread 0x00007fbbe00d6800 Uncommon trap: reason=unreached action=reinterpret pc=0x00007fbc351cb468 method=javax.swing.SwingUtilities.getValidateRoot(Ljava/awt/Container;Z)Ljava/awt/Container; @ 17
Event: 38.197 Thread 0x00007fbbe00d6800 Uncommon trap: reason=class_check action=maybe_recompile pc=0x00007fbc3519788c method=javax.swing.table.AbstractTableModel.fireTableChanged(Ljavax/swing/event/TableModelEvent;)V @ 31
Event: 38.197 Thread 0x00007fbbe00d6800 Uncommon trap: reason=class_check action=maybe_recompile pc=0x00007fbc3519788c method=javax.swing.table.AbstractTableModel.fireTableChanged(Ljavax/swing/event/TableModelEvent;)V @ 31
Event: 38.198 Thread 0x00007fbbe00d6800 Uncommon trap: reason=class_check action=maybe_recompile pc=0x00007fbc3519788c method=javax.swing.table.AbstractTableModel.fireTableChanged(Ljavax/swing/event/TableModelEvent;)V @ 31
Event: 38.198 Thread 0x00007fbbe00d6800 Uncommon trap: reason=class_check action=maybe_recompile pc=0x00007fbc3519788c method=javax.swing.table.AbstractTableModel.fireTableChanged(Ljavax/swing/event/TableModelEvent;)V @ 31
Event: 38.340 Thread 0x00007fbbe00d6800 Uncommon trap: reason=unreached action=reinterpret pc=0x00007fbc350e5634 method=EITLERP.EITLTableModel.getValueAt(II)Ljava/lang/Object; @ 6
Event: 2207.081 Thread 0x00007fbbe00d6800 Uncommon trap: reason=unreached action=reinterpret pc=0x00007fbc35139e14 method=java.util.concurrent.locks.AbstractQueuedSynchronizer.acquireQueued(Ljava/util/concurrent/locks/AbstractQueuedSynchronizer$Node;I)Z @ 17

Internal exceptions (10 events):
Event: 7.311 Thread 0x00007fbc3806f800 Threw 0x00000000d7bd0978 at /HUDSON/workspace/7u-2-build-linux-amd64/jdk7u79/2331/hotspot/src/share/vm/prims/jni.cpp:743
Event: 7.312 Thread 0x00007fbc3806f800 Threw 0x00000000d7bd33d8 at /HUDSON/workspace/7u-2-build-linux-amd64/jdk7u79/2331/hotspot/src/share/vm/prims/jni.cpp:743
Event: 7.312 Thread 0x00007fbc3806f800 Threw 0x00000000d7bd5e38 at /HUDSON/workspace/7u-2-build-linux-amd64/jdk7u79/2331/hotspot/src/share/vm/prims/jni.cpp:743
Event: 7.312 Thread 0x00007fbc3806f800 Threw 0x00000000d7bd8898 at /HUDSON/workspace/7u-2-build-linux-amd64/jdk7u79/2331/hotspot/src/share/vm/prims/jni.cpp:743
Event: 7.312 Thread 0x00007fbc3806f800 Threw 0x00000000d7bdb2f8 at /HUDSON/workspace/7u-2-build-linux-amd64/jdk7u79/2331/hotspot/src/share/vm/prims/jni.cpp:743
Event: 7.312 Thread 0x00007fbc3806f800 Threw 0x00000000d7bddd58 at /HUDSON/workspace/7u-2-build-linux-amd64/jdk7u79/2331/hotspot/src/share/vm/prims/jni.cpp:743
Event: 7.585 Thread 0x00007fbbe00d6800 Threw 0x00000000d8b03870 at /HUDSON/workspace/7u-2-build-linux-amd64/jdk7u79/2331/hotspot/src/share/vm/prims/jni.cpp:743
Event: 11.403 Thread 0x00007fbbe00d6800 Threw 0x00000000d7a42788 at /HUDSON/workspace/7u-2-build-linux-amd64/jdk7u79/2331/hotspot/src/share/vm/prims/jni.cpp:743
Event: 31.036 Thread 0x00007fbbe00d6800 Threw 0x00000000d88b8990 at /HUDSON/workspace/7u-2-build-linux-amd64/jdk7u79/2331/hotspot/src/share/vm/prims/jni.cpp:743
Event: 35.698 Thread 0x00007fbbe00d6800 Implicit null exception at 0x00007fbc35179132 to 0x00007fbc35179895

Events (10 events):
Event: 2206.329 loading class 0x00007fbc000591f0
Event: 2206.329 loading class 0x00007fbbfc0cde40
Event: 2206.329 loading class 0x00007fbbfc0cde40 done
Event: 2206.329 loading class 0x00007fbc000591f0 done
Event: 2206.372 Thread 0x00007fbc04003000 Thread added: 0x00007fbc04003000
Event: 2207.081 Thread 0x00007fbbe00d6800 Uncommon trap: trap_request=0xffffffad fr.pc=0x00007fbc35139e14
Event: 2207.081 Thread 0x00007fbbe00d6800 DEOPT PACKING pc=0x00007fbc35139e14 sp=0x00007fbc26123bc0
Event: 2207.081 Thread 0x00007fbbe00d6800 DEOPT UNPACKING pc=0x00007fbc35039445 sp=0x00007fbc26123b50 mode 2
Event: 2207.082 loading class 0x00007fbc382b5620
Event: 2207.082 loading class 0x00007fbc382b5620 done


Dynamic libraries:
00400000-00401000 r-xp 00000000 fd:00 135975873                          /opt/jdk1.7.0_79/bin/java
00600000-00601000 rw-p 00000000 fd:00 135975873                          /opt/jdk1.7.0_79/bin/java
011a1000-011c2000 rw-p 00000000 00:00 0                                  [heap]
81c00000-84480000 rw-p 00000000 00:00 0 
84480000-84580000 ---p 00000000 00:00 0 
84580000-86e00000 rw-p 00000000 00:00 0 
86e00000-8be80000 rw-p 00000000 00:00 0 
8be80000-d7a00000 rw-p 00000000 00:00 0 
d7a00000-dc100000 rw-p 00000000 00:00 0 
dc100000-100000000 rw-p 00000000 00:00 0 
7fbbc4000000-7fbbc4021000 rw-p 00000000 00:00 0 
7fbbc4021000-7fbbc8000000 ---p 00000000 00:00 0 
7fbbc8000000-7fbbc8021000 rw-p 00000000 00:00 0 
7fbbc8021000-7fbbcc000000 ---p 00000000 00:00 0 
7fbbcc000000-7fbbcc021000 rw-p 00000000 00:00 0 
7fbbcc021000-7fbbd0000000 ---p 00000000 00:00 0 
7fbbd0000000-7fbbd0021000 rw-p 00000000 00:00 0 
7fbbd0021000-7fbbd4000000 ---p 00000000 00:00 0 
7fbbd4000000-7fbbd4021000 rw-p 00000000 00:00 0 
7fbbd4021000-7fbbd8000000 ---p 00000000 00:00 0 
7fbbd8000000-7fbbd808f000 rw-p 00000000 00:00 0 
7fbbd808f000-7fbbdc000000 ---p 00000000 00:00 0 
7fbbdc000000-7fbbdc047000 rw-p 00000000 00:00 0 
7fbbdc047000-7fbbe0000000 ---p 00000000 00:00 0 
7fbbe0000000-7fbbe016a000 rw-p 00000000 00:00 0 
7fbbe016a000-7fbbe4000000 ---p 00000000 00:00 0 
7fbbe4000000-7fbbe43aa000 rw-p 00000000 00:00 0 
7fbbe43aa000-7fbbe8000000 ---p 00000000 00:00 0 
7fbbe8000000-7fbbe8021000 rw-p 00000000 00:00 0 
7fbbe8021000-7fbbec000000 ---p 00000000 00:00 0 
7fbbec000000-7fbbec021000 rw-p 00000000 00:00 0 
7fbbec021000-7fbbf0000000 ---p 00000000 00:00 0 
7fbbf0000000-7fbbf0026000 rw-p 00000000 00:00 0 
7fbbf0026000-7fbbf4000000 ---p 00000000 00:00 0 
7fbbf4000000-7fbbf4021000 rw-p 00000000 00:00 0 
7fbbf4021000-7fbbf8000000 ---p 00000000 00:00 0 
7fbbf8000000-7fbbf8021000 rw-p 00000000 00:00 0 
7fbbf8021000-7fbbfc000000 ---p 00000000 00:00 0 
7fbbfc000000-7fbbfcb32000 rw-p 00000000 00:00 0 
7fbbfcb32000-7fbc00000000 ---p 00000000 00:00 0 
7fbc00000000-7fbc008e9000 rw-p 00000000 00:00 0 
7fbc008e9000-7fbc04000000 ---p 00000000 00:00 0 
7fbc04000000-7fbc04021000 rw-p 00000000 00:00 0 
7fbc04021000-7fbc08000000 ---p 00000000 00:00 0 
7fbc09ad7000-7fbc10000000 r--p 00000000 fd:00 11594                      /usr/lib/locale/locale-archive
7fbc10000000-7fbc10021000 rw-p 00000000 00:00 0 
7fbc10021000-7fbc14000000 ---p 00000000 00:00 0 
7fbc14000000-7fbc14021000 rw-p 00000000 00:00 0 
7fbc14021000-7fbc18000000 ---p 00000000 00:00 0 
7fbc18000000-7fbc18021000 rw-p 00000000 00:00 0 
7fbc18021000-7fbc1c000000 ---p 00000000 00:00 0 
7fbc1c000000-7fbc1c021000 rw-p 00000000 00:00 0 
7fbc1c021000-7fbc20000000 ---p 00000000 00:00 0 
7fbc20000000-7fbc20021000 rw-p 00000000 00:00 0 
7fbc20021000-7fbc24000000 ---p 00000000 00:00 0 
7fbc255a5000-7fbc255a7000 r--s 00000000 fd:00 1288497                    /var/cache/fontconfig/87f5e051180a7a75f16eb6fe7dbd3749-le64.cache-4
7fbc255a7000-7fbc255b2000 r--s 00000000 fd:00 748404                     /var/cache/fontconfig/b79f3aaa7d385a141ab53ec885cc22a8-le64.cache-4
7fbc255b2000-7fbc255b5000 r--s 00000000 fd:00 748401                     /var/cache/fontconfig/0b1bcc92b4d25cc154d77dafe3bceaa0-le64.cache-4
7fbc255b5000-7fbc255b7000 r--s 00000000 fd:00 1288535                    /var/cache/fontconfig/711dae798b6bff4224ea2776edcb5c93-le64.cache-4
7fbc255b7000-7fbc255b9000 r--s 00000000 fd:00 1288534                    /var/cache/fontconfig/2e1514a9fdd499050989183bb65136db-le64.cache-4
7fbc255b9000-7fbc255c3000 r--s 00000000 fd:00 1288533                    /var/cache/fontconfig/75726aeed9fe8691fd29315754d820cc-le64.cache-4
7fbc255c3000-7fbc255c5000 r--s 00000000 fd:00 1288532                    /var/cache/fontconfig/3f821257dd33660ba7bbb45c32deb84c-le64.cache-4
7fbc255c5000-7fbc255c8000 r--s 00000000 fd:00 1288531                    /var/cache/fontconfig/830f035fa84a65ce80e050178dbb630d-le64.cache-4
7fbc255c8000-7fbc255c9000 r--s 00000000 fd:00 1288530                    /var/cache/fontconfig/81a173283b451552b599cfaafd6236bd-le64.cache-4
7fbc255c9000-7fbc255ca000 r--s 00000000 fd:00 1288529                    /var/cache/fontconfig/ac68f755438cc3dc5a526084839fc7ca-le64.cache-4
7fbc255ca000-7fbc255cb000 r--s 00000000 fd:00 1288528                    /var/cache/fontconfig/f951a6bc01c50d58ac4af16a0108457e-le64.cache-4
7fbc255cb000-7fbc255cc000 r--s 00000000 fd:00 1288527                    /var/cache/fontconfig/12513961c6e7090f8648812f9eaf65d6-le64.cache-4
7fbc255cc000-7fbc255cf000 r--s 00000000 fd:00 1288526                    /var/cache/fontconfig/e26bf336397aae6fcef4d3803472adec-le64.cache-4
7fbc255cf000-7fbc255d0000 r--s 00000000 fd:00 1288525                    /var/cache/fontconfig/f132fa2327207a6ac3298c0518879731-le64.cache-4
7fbc255d0000-7fbc255d1000 r--s 00000000 fd:00 1288524                    /var/cache/fontconfig/0fef740e1edd47736fa2cccff935ab7c-le64.cache-4
7fbc255d1000-7fbc255d2000 r--s 00000000 fd:00 1288523                    /var/cache/fontconfig/6fcb01a03a016cc71057b587cdea6709-le64.cache-4
7fbc255d2000-7fbc255d6000 r--s 00000000 fd:00 1288522                    /var/cache/fontconfig/29c8f5b6bf15d25ebb2e963855ab41be-le64.cache-4
7fbc255d6000-7fbc255d9000 r--s 00000000 fd:00 1288521                    /var/cache/fontconfig/e0636055caa850f70f1a6db008fc4729-le64.cache-4
7fbc255d9000-7fbc255da000 r--s 00000000 fd:00 1288520                    /var/cache/fontconfig/46d51d90fe9d963f6f4186edb936a931-le64.cache-4
7fbc255da000-7fbc255db000 r--s 00000000 fd:00 1288519                    /var/cache/fontconfig/b887eea8f1b96e1d899b44ed6681fc27-le64.cache-4
7fbc255db000-7fbc255dc000 r--s 00000000 fd:00 1288518                    /var/cache/fontconfig/860639f272b8b4b3094f9e399e41bccd-le64.cache-4
7fbc255dc000-7fbc255dd000 r--s 00000000 fd:00 1288517                    /var/cache/fontconfig/211368abcb0ff835c229ff05c9ec01dc-le64.cache-4
7fbc255dd000-7fbc255de000 r--s 00000000 fd:00 1288516                    /var/cache/fontconfig/c46020d7221988a13df853d2b46304fc-le64.cache-4
7fbc255de000-7fbc255df000 r--s 00000000 fd:00 1288515                    /var/cache/fontconfig/d759ee9cd048e494517a1be23d25a662-le64.cache-4
7fbc255df000-7fbc255e0000 r--s 00000000 fd:00 1288514                    /var/cache/fontconfig/d290456e58f67f52b0f8f224126f9ea8-le64.cache-4
7fbc255e0000-7fbc255e1000 r--s 00000000 fd:00 1288512                    /var/cache/fontconfig/fa2b533b7056bdadb961f088bc0a978b-le64.cache-4
7fbc255e1000-7fbc255e2000 r--s 00000000 fd:00 1288511                    /var/cache/fontconfig/df893b4576ad6107f9397134092c4059-le64.cache-4
7fbc255e2000-7fbc255e3000 r--s 00000000 fd:00 1288510                    /var/cache/fontconfig/900402270e15d763a6e008bb2d4c7686-le64.cache-4
7fbc255e3000-7fbc255e4000 r--s 00000000 fd:00 1288509                    /var/cache/fontconfig/47f48679023f44a4d1e44699a69464f6-le64.cache-4
7fbc255e4000-7fbc255e5000 r--s 00000000 fd:00 1288508                    /var/cache/fontconfig/2881ed3fd21ca306ddad6f9b0dd3189f-le64.cache-4
7fbc255e5000-7fbc255ea000 r--s 00000000 fd:00 1288505                    /var/cache/fontconfig/b67b32625a2bb51b023d3814a918f351-le64.cache-4
7fbc255ea000-7fbc255ec000 r--s 00000000 fd:00 1288504                    /var/cache/fontconfig/d3379abda271c4acd2ad0c01f565d0b0-le64.cache-4
7fbc255ec000-7fbc255ff000 r--s 00000000 fd:00 1288499                    /var/cache/fontconfig/614d1caaa4d7914789410f6367de37ca-le64.cache-4
7fbc25b0a000-7fbc25b0d000 ---p 00000000 00:00 0 
7fbc25b0d000-7fbc25c0b000 rw-p 00000000 00:00 0                          [stack:22131]
7fbc25c0b000-7fbc25c0e000 ---p 00000000 00:00 0 
7fbc25c0e000-7fbc25d0c000 rw-p 00000000 00:00 0                          [stack:22125]
7fbc25d0c000-7fbc25d0d000 r--s 00000000 fd:00 1288507                    /var/cache/fontconfig/3c3fb04d32a5211b073874b125d29701-le64.cache-4
7fbc25d0d000-7fbc25d18000 r--s 00000000 fd:00 1288498                    /var/cache/fontconfig/12b26b760a24f8b4feb03ad48a333a72-le64.cache-4
7fbc25d18000-7fbc25d20000 r--s 00000000 fd:00 1288495                    /var/cache/fontconfig/928306c3ad40271d946e41014a49fc28-le64.cache-4
7fbc25da6000-7fbc25dab000 rw-s 00000000 00:04 377225245                  /SYSV00000000 (deleted)
7fbc25dab000-7fbc25e24000 rw-s 00000000 00:04 375226391                  /SYSV00000000 (deleted)
7fbc25e24000-7fbc25e27000 ---p 00000000 00:00 0 
7fbc25e27000-7fbc25f25000 rw-p 00000000 00:00 0                          [stack:20705]
7fbc25f25000-7fbc25f28000 ---p 00000000 00:00 0 
7fbc25f28000-7fbc26026000 rw-p 00000000 00:00 0                          [stack:22120]
7fbc26026000-7fbc26029000 ---p 00000000 00:00 0 
7fbc26029000-7fbc26127000 rw-p 00000000 00:00 0                          [stack:20702]
7fbc26127000-7fbc2612a000 ---p 00000000 00:00 0 
7fbc2612a000-7fbc26228000 rw-p 00000000 00:00 0                          [stack:20701]
7fbc26228000-7fbc2622b000 ---p 00000000 00:00 0 
7fbc2622b000-7fbc26329000 rw-p 00000000 00:00 0                          [stack:22122]
7fbc26329000-7fbc26392000 r-xp 00000000 fd:00 142824609                  /opt/jdk1.7.0_79/jre/lib/amd64/libt2k.so
7fbc26392000-7fbc26591000 ---p 00069000 fd:00 142824609                  /opt/jdk1.7.0_79/jre/lib/amd64/libt2k.so
7fbc26591000-7fbc26598000 rw-p 00068000 fd:00 142824609                  /opt/jdk1.7.0_79/jre/lib/amd64/libt2k.so
7fbc26598000-7fbc265a8000 rw-p 00000000 00:00 0 
7fbc265a8000-7fbc265be000 r-xp 00000000 fd:00 134220897                  /usr/lib64/libresolv-2.17.so
7fbc265be000-7fbc267be000 ---p 00016000 fd:00 134220897                  /usr/lib64/libresolv-2.17.so
7fbc267be000-7fbc267bf000 r--p 00016000 fd:00 134220897                  /usr/lib64/libresolv-2.17.so
7fbc267bf000-7fbc267c0000 rw-p 00017000 fd:00 134220897                  /usr/lib64/libresolv-2.17.so
7fbc267c0000-7fbc267c2000 rw-p 00000000 00:00 0 
7fbc267c2000-7fbc267c7000 r-xp 00000000 fd:00 134220882                  /usr/lib64/libnss_dns-2.17.so
7fbc267c7000-7fbc269c6000 ---p 00005000 fd:00 134220882                  /usr/lib64/libnss_dns-2.17.so
7fbc269c6000-7fbc269c7000 r--p 00004000 fd:00 134220882                  /usr/lib64/libnss_dns-2.17.so
7fbc269c7000-7fbc269c8000 rw-p 00005000 fd:00 134220882                  /usr/lib64/libnss_dns-2.17.so
7fbc269c8000-7fbc269d8000 r-xp 00000000 fd:00 136694159                  /opt/jdk1.7.0_79/jre/lib/amd64/libnio.so
7fbc269d8000-7fbc26bd8000 ---p 00010000 fd:00 136694159                  /opt/jdk1.7.0_79/jre/lib/amd64/libnio.so
7fbc26bd8000-7fbc26bd9000 rw-p 00010000 fd:00 136694159                  /opt/jdk1.7.0_79/jre/lib/amd64/libnio.so
7fbc26bd9000-7fbc26bee000 r-xp 00000000 fd:00 140765489                  /usr/lib64/libgcc_s-4.8.5-20150702.so.1
7fbc26bee000-7fbc26ded000 ---p 00015000 fd:00 140765489                  /usr/lib64/libgcc_s-4.8.5-20150702.so.1
7fbc26ded000-7fbc26dee000 r--p 00014000 fd:00 140765489                  /usr/lib64/libgcc_s-4.8.5-20150702.so.1
7fbc26dee000-7fbc26def000 rw-p 00015000 fd:00 140765489                  /usr/lib64/libgcc_s-4.8.5-20150702.so.1
7fbc26def000-7fbc26e54000 r-xp 00000000 fd:00 136694157                  /opt/jdk1.7.0_79/jre/lib/amd64/libfontmanager.so
7fbc26e54000-7fbc27053000 ---p 00065000 fd:00 136694157                  /opt/jdk1.7.0_79/jre/lib/amd64/libfontmanager.so
7fbc27053000-7fbc27058000 rw-p 00064000 fd:00 136694157                  /opt/jdk1.7.0_79/jre/lib/amd64/libfontmanager.so
7fbc27058000-7fbc27068000 rw-p 00000000 00:00 0 
7fbc27068000-7fbc2706b000 ---p 00000000 00:00 0 
7fbc2706b000-7fbc27169000 rw-p 00000000 00:00 0                          [stack:20699]
7fbc27169000-7fbc2716c000 ---p 00000000 00:00 0 
7fbc2716c000-7fbc2726a000 rw-p 00000000 00:00 0                          [stack:20698]
7fbc2726a000-7fbc2726d000 ---p 00000000 00:00 0 
7fbc2726d000-7fbc2736b000 rw-p 00000000 00:00 0                          [stack:20697]
7fbc2736b000-7fbc2736e000 ---p 00000000 00:00 0 
7fbc2736e000-7fbc2746c000 rw-p 00000000 00:00 0                          [stack:20695]
7fbc2746c000-7fbc27471000 r-xp 00000000 fd:00 136456049                  /usr/lib64/libXfixes.so.3.1.0
7fbc27471000-7fbc27670000 ---p 00005000 fd:00 136456049                  /usr/lib64/libXfixes.so.3.1.0
7fbc27670000-7fbc27671000 r--p 00004000 fd:00 136456049                  /usr/lib64/libXfixes.so.3.1.0
7fbc27671000-7fbc27672000 rw-p 00005000 fd:00 136456049                  /usr/lib64/libXfixes.so.3.1.0
7fbc27672000-7fbc2767c000 r-xp 00000000 fd:00 136512846                  /usr/lib64/libXcursor.so.1.0.2
7fbc2767c000-7fbc2787b000 ---p 0000a000 fd:00 136512846                  /usr/lib64/libXcursor.so.1.0.2
7fbc2787b000-7fbc2787c000 r--p 00009000 fd:00 136512846                  /usr/lib64/libXcursor.so.1.0.2
7fbc2787c000-7fbc2787d000 rw-p 0000a000 fd:00 136512846                  /usr/lib64/libXcursor.so.1.0.2
7fbc2787d000-7fbc2787e000 r--s 00000000 fd:00 1288506                    /var/cache/fontconfig/e61abf8156cc476151baa07d67337cae-le64.cache-4
7fbc2787e000-7fbc2787f000 r--s 00000000 fd:00 1288503                    /var/cache/fontconfig/b4d0b56f766d89640448751fcd18ec1e-le64.cache-4
7fbc2787f000-7fbc27881000 r--s 00000000 fd:00 1288501                    /var/cache/fontconfig/99a1ce9f8b6a0434aadb01d3779b0780-le64.cache-4
7fbc27881000-7fbc27883000 r--s 00000000 fd:00 1288500                    /var/cache/fontconfig/f9d379b867d7c69c85310a4f24e5228f-le64.cache-4
7fbc27883000-7fbc27887000 r--s 00000000 fd:00 1288502                    /var/cache/fontconfig/beeeeb3dfe132a8a0633a017c99ce0c0-le64.cache-4
7fbc27887000-7fbc27891000 r--s 00253000 fd:00 270956660                  /opt/jdk1.7.0_79/jre/lib/resources.jar
7fbc27891000-7fbc27894000 ---p 00000000 00:00 0 
7fbc27894000-7fbc279c3000 rw-p 00000000 00:00 0                          [stack:20694]
7fbc279c3000-7fbc279d9000 r-xp 00000000 fd:00 140770144                  /opt/jdk1.7.0_79/jre/lib/amd64/libnet.so
7fbc279d9000-7fbc27bd9000 ---p 00016000 fd:00 140770144                  /opt/jdk1.7.0_79/jre/lib/amd64/libnet.so
7fbc27bd9000-7fbc27bda000 rw-p 00016000 fd:00 140770144                  /opt/jdk1.7.0_79/jre/lib/amd64/libnet.so
7fbc27bda000-7fbc27bdc000 r-xp 00000000 fd:00 134581261                  /usr/lib64/libXau.so.6.0.0
7fbc27bdc000-7fbc27ddc000 ---p 00002000 fd:00 134581261                  /usr/lib64/libXau.so.6.0.0
7fbc27ddc000-7fbc27ddd000 r--p 00002000 fd:00 134581261                  /usr/lib64/libXau.so.6.0.0
7fbc27ddd000-7fbc27dde000 rw-p 00003000 fd:00 134581261                  /usr/lib64/libXau.so.6.0.0
7fbc27dde000-7fbc27dff000 r-xp 00000000 fd:00 134590305                  /usr/lib64/libxcb.so.1.1.0
7fbc27dff000-7fbc27ffe000 ---p 00021000 fd:00 134590305                  /usr/lib64/libxcb.so.1.1.0
7fbc27ffe000-7fbc27fff000 r--p 00020000 fd:00 134590305                  /usr/lib64/libxcb.so.1.1.0
7fbc27fff000-7fbc28000000 rw-p 00021000 fd:00 134590305                  /usr/lib64/libxcb.so.1.1.0
7fbc28000000-7fbc28021000 rw-p 00000000 00:00 0 
7fbc28021000-7fbc2c000000 ---p 00000000 00:00 0 
7fbc2c000000-7fbc2c001000 r--s 00000000 fd:00 1288494                    /var/cache/fontconfig/3640555adad8a8f6978400293cfce7ab-le64.cache-4
7fbc2c001000-7fbc2c002000 r--s 00001000 fd:00 3147453                    /usr/local/netbeans-8.0.2/enterprise/ant/extra/jspcompile.jar
7fbc2c002000-7fbc2c003000 r--s 00004000 fd:00 136694104                  /usr/local/netbeans-8.0.2/extide/ant/lib/ant-launcher.jar
7fbc2c003000-7fbc2c004000 r--s 00007000 fd:00 272596183                  /usr/local/netbeans-8.0.2/enterprise/modules/ext/jstl-api.jar
7fbc2c004000-7fbc2c02d000 r--s 002d1000 fd:00 407264750                  /usr/local/netbeans-8.0.2/enterprise/modules/ext/jsf-2_2/javax.faces.jar
7fbc2c02d000-7fbc2c036000 r--s 0005b000 fd:00 272596182                  /usr/local/netbeans-8.0.2/enterprise/modules/ext/jstl-impl.jar
7fbc2c036000-7fbc2c03f000 r--s 000a1000 fd:00 272596168                  /usr/local/netbeans-8.0.2/enterprise/modules/ext/glassfish-jspparser-4.0.jar
7fbc2c03f000-7fbc2c045000 r--s 00055000 fd:00 272596172                  /usr/local/netbeans-8.0.2/enterprise/modules/ext/servlet3.1-jsp2.3-api.jar
7fbc2c045000-7fbc2c064000 r--s 001cd000 fd:00 136694124                  /usr/local/netbeans-8.0.2/extide/ant/lib/ant.jar
7fbc2c064000-7fbc2c06c000 r--s 000c4000 fd:00 405420801                  /usr/local/netbeans-8.0.2/ide/modules/ext/mysql-connector-java-5.1.23-bin.jar
7fbc2c06c000-7fbc2c073000 r--s 0006a000 fd:00 403369936                  /opt/jdk1.7.0_79/jre/lib/ext/apache-commons-net.jar
7fbc2c073000-7fbc2c074000 r--s 00001000 fd:00 406777103                  /opt/jdk1.7.0_79/jre/lib/ext/xmlpull_1_1_3_4c.jar
7fbc2c074000-7fbc2c07c000 r--s 00028000 fd:00 406777102                  /opt/jdk1.7.0_79/jre/lib/ext/xml-apis.jar
7fbc2c07c000-7fbc2c092000 r--s 00110000 fd:00 406777101                  /opt/jdk1.7.0_79/jre/lib/ext/xercesImpl.jar
7fbc2c092000-7fbc2c098000 r--s 00057000 fd:00 406777100                  /opt/jdk1.7.0_79/jre/lib/ext/toniclf.jar
7fbc2c098000-7fbc2c0a1000 r--s 00087000 fd:00 406777099                  /opt/jdk1.7.0_79/jre/lib/ext/tinylaf.jar
7fbc2c0a1000-7fbc2c0a4000 r--s 00017000 fd:00 406777098                  /opt/jdk1.7.0_79/jre/lib/ext/TimingFramework.jar
7fbc2c0a4000-7fbc2c0bc000 r--s 002df000 fd:00 406777097                  /opt/jdk1.7.0_79/jre/lib/ext/swingx.jar
7fbc2c0bc000-7fbc2c0bd000 r--s 00002000 fd:00 406777096                  /opt/jdk1.7.0_79/jre/lib/ext/swing-worker.jar
7fbc2c0bd000-7fbc2c0c0000 r--s 00029000 fd:00 406777095                  /opt/jdk1.7.0_79/jre/lib/ext/stax-1.2.0.jar
7fbc2c0c0000-7fbc2c0c1000 r--s 00005000 fd:00 406777094                  /opt/jdk1.7.0_79/jre/lib/ext/smtp.jar
7fbc2c0c1000-7fbc2c0c3000 r--s 00005000 fd:00 406777092                  /opt/jdk1.7.0_79/jre/lib/ext/slf4j-api-1.6.1.jar
7fbc2c0c3000-7fbc2c0e0000 r--s 0017c000 fd:00 406777089                  /opt/jdk1.7.0_79/jre/lib/ext/poi-3.7-20101029.jar
7fbc2c0e0000-7fbc30000000 rw-p 00000000 00:00 0 
7fbc30000000-7fbc30021000 rw-p 00000000 00:00 0 
7fbc30021000-7fbc34000000 ---p 00000000 00:00 0 
7fbc34000000-7fbc34001000 r--s 00001000 fd:00 406777093                  /opt/jdk1.7.0_79/jre/lib/ext/slf4j-simple-1.6.1.jar
7fbc34001000-7fbc34003000 r--s 0000d000 fd:00 406777091                  /opt/jdk1.7.0_79/jre/lib/ext/RXTXcomm.jar
7fbc34003000-7fbc34004000 r--s 00004000 fd:00 406777090                  /opt/jdk1.7.0_79/jre/lib/ext/pop3.jar
7fbc34004000-7fbc3400e000 r--s 0008e000 fd:00 406777088                  /opt/jdk1.7.0_79/jre/lib/ext/poi-2.0-final-20040126.jar
7fbc3400e000-7fbc3400f000 r--s 00002000 fd:00 406777087                  /opt/jdk1.7.0_79/jre/lib/ext/png-encoder-1.5.jar
7fbc3400f000-7fbc34010000 r--s 00001000 fd:00 406777086                  /opt/jdk1.7.0_79/jre/lib/ext/nsisant-1.1.jar
7fbc34010000-7fbc34018000 r--s 000c3000 fd:00 406777085                  /opt/jdk1.7.0_79/jre/lib/ext/mysql-connector-java-5.1.23-bin.jar
7fbc34018000-7fbc3401e000 r--s 000ab000 fd:00 406777084                  /opt/jdk1.7.0_79/jre/lib/ext/mysql-connector-java-5.1.9.jar
7fbc3401e000-7fbc34041000 r--s 00176000 fd:00 406777083                  /opt/jdk1.7.0_79/jre/lib/ext/mondrian-2.0.1.jar
7fbc34041000-7fbc34045000 r--s 00028000 fd:00 406777081                  /opt/jdk1.7.0_79/jre/lib/ext/mailapi.jar
7fbc34045000-7fbc3404d000 r--s 00052000 fd:00 406777080                  /opt/jdk1.7.0_79/jre/lib/ext/looks-2.0-rc.jar
7fbc3404d000-7fbc3404e000 r--s 0000a000 fd:00 406777079                  /opt/jdk1.7.0_79/jre/lib/ext/kxml2-2.3.0.jar
7fbc3404e000-7fbc34059000 r--s 0008b000 fd:00 406777078                  /opt/jdk1.7.0_79/jre/lib/ext/jxl.jar
7fbc34059000-7fbc3405b000 r--s 00001000 fd:00 406777077                  /opt/jdk1.7.0_79/jre/lib/ext/jta.jar
7fbc3405b000-7fbc34063000 r--s 00057000 fd:00 406777076                  /opt/jdk1.7.0_79/jre/lib/ext/jsmoothgen-ant-0.9.7.jar
7fbc34063000-7fbc34064000 r--s 00004000 fd:00 406777075                  /opt/jdk1.7.0_79/jre/lib/ext/jr-bsh-compiler.jar
7fbc34064000-7fbc34071000 r--s 000f9000 fd:00 406777074                  /opt/jdk1.7.0_79/jre/lib/ext/jfreechart-1.0.0.jar
7fbc34071000-7fbc34073000 r--s 0000c000 fd:00 406777073                  /opt/jdk1.7.0_79/jre/lib/ext/jep-2.24.jar
7fbc34073000-7fbc3407d000 r--s 0011e000 fd:00 406777072                  /opt/jdk1.7.0_79/jre/lib/ext/jdt-compiler-3.1.1.jar
7fbc3407d000-7fbc3407f000 r--s 00009000 fd:00 406777071                  /opt/jdk1.7.0_79/jre/lib/ext/jdatepicker-1.3.4.jar
7fbc3407f000-7fbc34084000 r--s 00043000 fd:00 406777070                  /opt/jdk1.7.0_79/jre/lib/ext/jcommon-1.0.0.jar
7fbc34084000-7fbc34086000 r--s 0000a000 fd:00 406777069                  /opt/jdk1.7.0_79/jre/lib/ext/jcmdline-1.0.2.jar
7fbc34086000-7fbc34087000 r--s 00006000 fd:00 406777068                  /opt/jdk1.7.0_79/jre/lib/ext/jboss-transaction-api_1.2_spec-1.0.0.Final.jar
7fbc34087000-7fbc34089000 r--s 0000c000 fd:00 406777067                  /opt/jdk1.7.0_79/jre/lib/ext/jboss-logging-3.1.3.GA.jar
7fbc34089000-7fbc34091000 r--s 000a8000 fd:00 406777066                  /opt/jdk1.7.0_79/jre/lib/ext/javaws.jar
7fbc34091000-7fbc3409a000 r--s 000a1000 fd:00 406777065                  /opt/jdk1.7.0_79/jre/lib/ext/javassist-3.18.1-GA.jar
7fbc3409a000-7fbc3409d000 r--s 00038000 fd:00 406777064                  /opt/jdk1.7.0_79/jre/lib/ext/javacup.jar
7fbc3409d000-7fbc340b6000 r--s 00137000 fd:00 406777063                  /opt/jdk1.7.0_79/jre/lib/ext/jasperreports-1.2.4.jar
7fbc340b6000-7fbc340c0000 r--s 00079000 fd:00 406777062                  /opt/jdk1.7.0_79/jre/lib/ext/jakarta-bcel-20050813.jar
7fbc340c0000-7fbc340cf000 r--s 0016d000 fd:00 406777061                  /opt/jdk1.7.0_79/jre/lib/ext/itext-1.3.1.jar
7fbc340cf000-7fbc3410b000 r--s 00445000 fd:00 406777060                  /opt/jdk1.7.0_79/jre/lib/ext/iReport.jar
7fbc3410b000-7fbc3410d000 r--s 0001f000 fd:00 406777059                  /opt/jdk1.7.0_79/jre/lib/ext/imap.jar
7fbc3410d000-7fbc34112000 r--s 00017000 fd:00 406777058                  /opt/jdk1.7.0_79/jre/lib/ext/hibernate-jpa-2.1-api-1.0.0.Final.jar
7fbc34112000-7fbc3411f000 r--s 0008e000 fd:00 406777057                  /opt/jdk1.7.0_79/jre/lib/ext/hibernate-entitymanager-4.3.1.Final.jar
7fbc3411f000-7fbc34122000 r--s 0001e000 fd:00 406777056                  /opt/jdk1.7.0_79/jre/lib/ext/hibernate-ehcache-4.3.1.Final.jar
7fbc34122000-7fbc3417f000 r--s 00486000 fd:00 406606178                  /opt/jdk1.7.0_79/jre/lib/ext/hibernate-core-4.3.1.Final.jar
7fbc3417f000-7fbc34182000 r--s 00010000 fd:00 406606177                  /opt/jdk1.7.0_79/jre/lib/ext/hibernate-commons-annotations-4.0.4.Final.jar
7fbc34182000-7fbc34183000 r--s 00009000 fd:00 406607295                  /opt/jdk1.7.0_79/jre/lib/ext/hibernate-c3p0-4.3.1.Final.jar
7fbc34183000-7fbc34191000 r--s 000c4000 fd:00 406607294                  /opt/jdk1.7.0_79/jre/lib/ext/groovy-all-1.0-beta-10.jar
7fbc34191000-7fbc34193000 r--s 00011000 fd:00 406607293                  /opt/jdk1.7.0_79/jre/lib/ext/eigenbase-xom.jar
7fbc34193000-7fbc34195000 r--s 0000b000 fd:00 406607292                  /opt/jdk1.7.0_79/jre/lib/ext/eigenbase-resgen.jar
7fbc34195000-7fbc34197000 r--s 00002000 fd:00 406607291                  /opt/jdk1.7.0_79/jre/lib/ext/eigenbase-properties.jar
7fbc34197000-7fbc341ad000 r--s 000dd000 fd:00 406607290                  /opt/jdk1.7.0_79/jre/lib/ext/ehcache-core-2.4.3.jar
7fbc341ad000-7fbc341af000 r--s 0000a000 fd:00 406607289                  /opt/jdk1.7.0_79/jre/lib/ext/ehcache-1.1.jar
7fbc341af000-7fbc341b4000 r--s 00048000 fd:00 406607288                  /opt/jdk1.7.0_79/jre/lib/ext/dom4j-1.6.jar
7fbc341b4000-7fbc341b9000 r--s 00046000 fd:00 406607287                  /opt/jdk1.7.0_79/jre/lib/ext/dom4j-1.6.1.jar
7fbc341b9000-7fbc341bb000 r--s 0000e000 fd:00 406607286                  /opt/jdk1.7.0_79/jre/lib/ext/commons-pool-1.3.jar
7fbc341bb000-7fbc341be000 r--s 00015000 fd:00 406607283                  /opt/jdk1.7.0_79/jre/lib/ext/commons-javaflow-20060411.jar
7fbc341be000-7fbc341cd000 r-xp 00000000 fd:00 136456051                  /usr/lib64/libXi.so.6.1.0
7fbc341cd000-7fbc343cc000 ---p 0000f000 fd:00 136456051                  /usr/lib64/libXi.so.6.1.0
7fbc343cc000-7fbc343cd000 r--p 0000e000 fd:00 136456051                  /usr/lib64/libXi.so.6.1.0
7fbc343cd000-7fbc343ce000 rw-p 0000f000 fd:00 136456051                  /usr/lib64/libXi.so.6.1.0
7fbc343ce000-7fbc343d3000 r-xp 00000000 fd:00 136456062                  /usr/lib64/libXtst.so.6.1.0
7fbc343d3000-7fbc345d2000 ---p 00005000 fd:00 136456062                  /usr/lib64/libXtst.so.6.1.0
7fbc345d2000-7fbc345d3000 r--p 00004000 fd:00 136456062                  /usr/lib64/libXtst.so.6.1.0
7fbc345d3000-7fbc345d4000 rw-p 00005000 fd:00 136456062                  /usr/lib64/libXtst.so.6.1.0
7fbc345d4000-7fbc345dd000 r-xp 00000000 fd:00 136456095                  /usr/lib64/libXrender.so.1.3.0
7fbc345dd000-7fbc347dc000 ---p 00009000 fd:00 136456095                  /usr/lib64/libXrender.so.1.3.0
7fbc347dc000-7fbc347dd000 r--p 00008000 fd:00 136456095                  /usr/lib64/libXrender.so.1.3.0
7fbc347dd000-7fbc347de000 rw-p 00009000 fd:00 136456095                  /usr/lib64/libXrender.so.1.3.0
7fbc347de000-7fbc34916000 r-xp 00000000 fd:00 134490859                  /usr/lib64/libX11.so.6.3.0
7fbc34916000-7fbc34b16000 ---p 00138000 fd:00 134490859                  /usr/lib64/libX11.so.6.3.0
7fbc34b16000-7fbc34b17000 r--p 00138000 fd:00 134490859                  /usr/lib64/libX11.so.6.3.0
7fbc34b17000-7fbc34b1c000 rw-p 00139000 fd:00 134490859                  /usr/lib64/libX11.so.6.3.0
7fbc34b1c000-7fbc34b2d000 r-xp 00000000 fd:00 136456047                  /usr/lib64/libXext.so.6.4.0
7fbc34b2d000-7fbc34d2c000 ---p 00011000 fd:00 136456047                  /usr/lib64/libXext.so.6.4.0
7fbc34d2c000-7fbc34d2d000 r--p 00010000 fd:00 136456047                  /usr/lib64/libXext.so.6.4.0
7fbc34d2d000-7fbc34d2e000 rw-p 00011000 fd:00 136456047                  /usr/lib64/libXext.so.6.4.0
7fbc34d2e000-7fbc34dd0000 r-xp 00000000 fd:00 140770121                  /opt/jdk1.7.0_79/jre/lib/amd64/libawt.so
7fbc34dd0000-7fbc34fd0000 ---p 000a2000 fd:00 140770121                  /opt/jdk1.7.0_79/jre/lib/amd64/libawt.so
7fbc34fd0000-7fbc34fdc000 rw-p 000a2000 fd:00 140770121                  /opt/jdk1.7.0_79/jre/lib/amd64/libawt.so
7fbc34fdc000-7fbc35000000 rw-p 00000000 00:00 0 
7fbc35000000-7fbc35270000 rwxp 00000000 00:00 0 
7fbc35270000-7fbc38392000 rw-p 00000000 00:00 0 
7fbc38392000-7fbc3c000000 ---p 00000000 00:00 0 
7fbc3c000000-7fbc3c001000 r--s 00004000 fd:00 406607285                  /opt/jdk1.7.0_79/jre/lib/ext/commons-logging-api-1.0.2.jar
7fbc3c001000-7fbc3c002000 r--s 00006000 fd:00 406607284                  /opt/jdk1.7.0_79/jre/lib/ext/commons-logging-1.0.2.jar
7fbc3c002000-7fbc3c006000 r--s 0001f000 fd:00 406607282                  /opt/jdk1.7.0_79/jre/lib/ext/commons-digester-1.7.jar
7fbc3c006000-7fbc3c009000 r--s 00018000 fd:00 406607281                  /opt/jdk1.7.0_79/jre/lib/ext/commons-dbcp-1.2.1.jar
7fbc3c009000-7fbc3c00f000 r--s 00023000 fd:00 406607280                  /opt/jdk1.7.0_79/jre/lib/ext/commons-collections-2.1.jar
7fbc3c00f000-7fbc3c012000 r--s 00019000 fd:00 406607279                  /opt/jdk1.7.0_79/jre/lib/ext/commons-beanutils-1.5.jar
7fbc3c012000-7fbc3c018000 r--s 0003f000 fd:00 406607276                  /opt/jdk1.7.0_79/jre/lib/ext/cglib-2.1.jar
7fbc3c018000-7fbc3c027000 r--s 0007e000 fd:00 406777082                  /opt/jdk1.7.0_79/jre/lib/ext/mchange-commons-java-0.2.3.4.jar
7fbc3c027000-7fbc3c02e000 r--s 00060000 fd:00 406607275                  /opt/jdk1.7.0_79/jre/lib/ext/c3p0-0.9.2.1.jar
7fbc3c02e000-7fbc3c033000 r--s 00037000 fd:00 406607274                  /opt/jdk1.7.0_79/jre/lib/ext/bsh-1.3.0.jar
7fbc3c033000-7fbc3c035000 r--s 00013000 fd:00 406607273                  /opt/jdk1.7.0_79/jre/lib/ext/barbecue-1.1.jar
7fbc3c035000-7fbc3c085000 r-xp 00000000 fd:00 270134054                  /opt/jdk1.7.0_79/jre/lib/amd64/xawt/libmawt.so
7fbc3c085000-7fbc3c285000 ---p 00050000 fd:00 270134054                  /opt/jdk1.7.0_79/jre/lib/amd64/xawt/libmawt.so
7fbc3c285000-7fbc3c289000 rw-p 00050000 fd:00 270134054                  /opt/jdk1.7.0_79/jre/lib/amd64/xawt/libmawt.so
7fbc3c289000-7fbc3c28a000 rw-p 00000000 00:00 0 
7fbc3c28a000-7fbc3c28b000 ---p 00000000 00:00 0 
7fbc3c28b000-7fbc3c38b000 rw-p 00000000 00:00 0                          [stack:20693]
7fbc3c38b000-7fbc3c38e000 ---p 00000000 00:00 0 
7fbc3c38e000-7fbc3c48c000 rw-p 00000000 00:00 0                          [stack:20692]
7fbc3c48c000-7fbc3c48f000 ---p 00000000 00:00 0 
7fbc3c48f000-7fbc3c58d000 rw-p 00000000 00:00 0                          [stack:20691]
7fbc3c58d000-7fbc3c590000 ---p 00000000 00:00 0 
7fbc3c590000-7fbc3c68e000 rw-p 00000000 00:00 0                          [stack:20690]
7fbc3c68e000-7fbc3c691000 ---p 00000000 00:00 0 
7fbc3c691000-7fbc3c78f000 rw-p 00000000 00:00 0                          [stack:20689]
7fbc3c78f000-7fbc3c792000 ---p 00000000 00:00 0 
7fbc3c792000-7fbc3c890000 rw-p 00000000 00:00 0                          [stack:20688]
7fbc3c890000-7fbc3c893000 ---p 00000000 00:00 0 
7fbc3c893000-7fbc3c991000 rw-p 00000000 00:00 0                          [stack:20687]
7fbc3c991000-7fbc3c992000 ---p 00000000 00:00 0 
7fbc3c992000-7fbc3da70000 rw-p 00000000 00:00 0                          [stack:20686]
7fbc3da70000-7fbc3dc30000 r--s 039f7000 fd:00 274659343                  /opt/jdk1.7.0_79/jre/lib/rt.jar
7fbc3dc30000-7fbc3e143000 rw-p 00000000 00:00 0 
7fbc3e143000-7fbc3e144000 ---p 00000000 00:00 0 
7fbc3e144000-7fbc3e244000 rw-p 00000000 00:00 0                          [stack:20685]
7fbc3e244000-7fbc3e245000 ---p 00000000 00:00 0 
7fbc3e245000-7fbc3e345000 rw-p 00000000 00:00 0                          [stack:20684]
7fbc3e345000-7fbc3e346000 ---p 00000000 00:00 0 
7fbc3e346000-7fbc3e446000 rw-p 00000000 00:00 0                          [stack:20683]
7fbc3e446000-7fbc3e447000 ---p 00000000 00:00 0 
7fbc3e447000-7fbc3e55c000 rw-p 00000000 00:00 0                          [stack:20682]
7fbc3e55c000-7fbc3e570000 rw-p 00000000 00:00 0 
7fbc3e570000-7fbc3e599000 rw-p 00000000 00:00 0 
7fbc3e599000-7fbc3e7f6000 rw-p 00000000 00:00 0 
7fbc3e7f6000-7fbc3e80b000 rw-p 00000000 00:00 0 
7fbc3e80b000-7fbc3e81f000 rw-p 00000000 00:00 0 
7fbc3e81f000-7fbc3e848000 rw-p 00000000 00:00 0 
7fbc3e848000-7fbc3eaa5000 rw-p 00000000 00:00 0 
7fbc3eaa5000-7fbc3eac9000 rw-p 00000000 00:00 0 
7fbc3eac9000-7fbc3ebe8000 rw-p 00000000 00:00 0 
7fbc3ebe8000-7fbc3ebe9000 rw-p 00000000 00:00 0 
7fbc3ebe9000-7fbc3ec03000 r-xp 00000000 fd:00 138576185                  /opt/jdk1.7.0_79/jre/lib/amd64/libzip.so
7fbc3ec03000-7fbc3ee03000 ---p 0001a000 fd:00 138576185                  /opt/jdk1.7.0_79/jre/lib/amd64/libzip.so
7fbc3ee03000-7fbc3ee04000 rw-p 0001a000 fd:00 138576185                  /opt/jdk1.7.0_79/jre/lib/amd64/libzip.so
7fbc3ee04000-7fbc3ee10000 r-xp 00000000 fd:00 134220885                  /usr/lib64/libnss_files-2.17.so
7fbc3ee10000-7fbc3f00f000 ---p 0000c000 fd:00 134220885                  /usr/lib64/libnss_files-2.17.so
7fbc3f00f000-7fbc3f010000 r--p 0000b000 fd:00 134220885                  /usr/lib64/libnss_files-2.17.so
7fbc3f010000-7fbc3f011000 rw-p 0000c000 fd:00 134220885                  /usr/lib64/libnss_files-2.17.so
7fbc3f011000-7fbc3f017000 rw-p 00000000 00:00 0 
7fbc3f017000-7fbc3f040000 r-xp 00000000 fd:00 136581061                  /opt/jdk1.7.0_79/jre/lib/amd64/libjava.so
7fbc3f040000-7fbc3f240000 ---p 00029000 fd:00 136581061                  /opt/jdk1.7.0_79/jre/lib/amd64/libjava.so
7fbc3f240000-7fbc3f242000 rw-p 00029000 fd:00 136581061                  /opt/jdk1.7.0_79/jre/lib/amd64/libjava.so
7fbc3f242000-7fbc3f24f000 r-xp 00000000 fd:00 137954771                  /opt/jdk1.7.0_79/jre/lib/amd64/libverify.so
7fbc3f24f000-7fbc3f44e000 ---p 0000d000 fd:00 137954771                  /opt/jdk1.7.0_79/jre/lib/amd64/libverify.so
7fbc3f44e000-7fbc3f450000 rw-p 0000c000 fd:00 137954771                  /opt/jdk1.7.0_79/jre/lib/amd64/libverify.so
7fbc3f450000-7fbc3f457000 r-xp 00000000 fd:00 134220900                  /usr/lib64/librt-2.17.so
7fbc3f457000-7fbc3f656000 ---p 00007000 fd:00 134220900                  /usr/lib64/librt-2.17.so
7fbc3f656000-7fbc3f657000 r--p 00006000 fd:00 134220900                  /usr/lib64/librt-2.17.so
7fbc3f657000-7fbc3f658000 rw-p 00007000 fd:00 134220900                  /usr/lib64/librt-2.17.so
7fbc3f658000-7fbc3f758000 r-xp 00000000 fd:00 134220870                  /usr/lib64/libm-2.17.so
7fbc3f758000-7fbc3f958000 ---p 00100000 fd:00 134220870                  /usr/lib64/libm-2.17.so
7fbc3f958000-7fbc3f959000 r--p 00100000 fd:00 134220870                  /usr/lib64/libm-2.17.so
7fbc3f959000-7fbc3f95a000 rw-p 00101000 fd:00 134220870                  /usr/lib64/libm-2.17.so
7fbc3f95a000-7fbc404cf000 r-xp 00000000 fd:00 142824615                  /opt/jdk1.7.0_79/jre/lib/amd64/server/libjvm.so
7fbc404cf000-7fbc406cf000 ---p 00b75000 fd:00 142824615                  /opt/jdk1.7.0_79/jre/lib/amd64/server/libjvm.so
7fbc406cf000-7fbc40793000 rw-p 00b75000 fd:00 142824615                  /opt/jdk1.7.0_79/jre/lib/amd64/server/libjvm.so
7fbc40793000-7fbc407d4000 rw-p 00000000 00:00 0 
7fbc407d4000-7fbc4098a000 r-xp 00000000 fd:00 140765500                  /usr/lib64/libc-2.17.so
7fbc4098a000-7fbc40b8a000 ---p 001b6000 fd:00 140765500                  /usr/lib64/libc-2.17.so
7fbc40b8a000-7fbc40b8e000 r--p 001b6000 fd:00 140765500                  /usr/lib64/libc-2.17.so
7fbc40b8e000-7fbc40b90000 rw-p 001ba000 fd:00 140765500                  /usr/lib64/libc-2.17.so
7fbc40b90000-7fbc40b95000 rw-p 00000000 00:00 0 
7fbc40b95000-7fbc40b97000 r-xp 00000000 fd:00 134220868                  /usr/lib64/libdl-2.17.so
7fbc40b97000-7fbc40d97000 ---p 00002000 fd:00 134220868                  /usr/lib64/libdl-2.17.so
7fbc40d97000-7fbc40d98000 r--p 00002000 fd:00 134220868                  /usr/lib64/libdl-2.17.so
7fbc40d98000-7fbc40d99000 rw-p 00003000 fd:00 134220868                  /usr/lib64/libdl-2.17.so
7fbc40d99000-7fbc40daf000 r-xp 00000000 fd:00 142873177                  /opt/jdk1.7.0_79/lib/amd64/jli/libjli.so
7fbc40daf000-7fbc40faf000 ---p 00016000 fd:00 142873177                  /opt/jdk1.7.0_79/lib/amd64/jli/libjli.so
7fbc40faf000-7fbc40fb0000 rw-p 00016000 fd:00 142873177                  /opt/jdk1.7.0_79/lib/amd64/jli/libjli.so
7fbc40fb0000-7fbc40fc7000 r-xp 00000000 fd:00 134220895                  /usr/lib64/libpthread-2.17.so
7fbc40fc7000-7fbc411c6000 ---p 00017000 fd:00 134220895                  /usr/lib64/libpthread-2.17.so
7fbc411c6000-7fbc411c7000 r--p 00016000 fd:00 134220895                  /usr/lib64/libpthread-2.17.so
7fbc411c7000-7fbc411c8000 rw-p 00017000 fd:00 134220895                  /usr/lib64/libpthread-2.17.so
7fbc411c8000-7fbc411cc000 rw-p 00000000 00:00 0 
7fbc411cc000-7fbc411ec000 r-xp 00000000 fd:00 140765493                  /usr/lib64/ld-2.17.so
7fbc411ec000-7fbc411f0000 r--s 0004a000 fd:00 406607269                  /opt/jdk1.7.0_79/jre/lib/ext/AppFramework.jar
7fbc411f0000-7fbc4121b000 rw-p 00000000 00:00 0 
7fbc4121b000-7fbc412d1000 rw-p 00000000 00:00 0 
7fbc412d1000-7fbc412d4000 ---p 00000000 00:00 0 
7fbc412d4000-7fbc413d6000 rw-p 00000000 00:00 0                          [stack:20681]
7fbc413d6000-7fbc413d8000 r--s 00003000 fd:00 406607272                  /opt/jdk1.7.0_79/jre/lib/ext/asm-attrs.jar
7fbc413d8000-7fbc413d9000 r--s 00006000 fd:00 406607271                  /opt/jdk1.7.0_79/jre/lib/ext/asm.jar
7fbc413d9000-7fbc413de000 r--s 00065000 fd:00 405427648                  /opt/jdk1.7.0_79/jre/lib/ext/antlr-2.7.7.jar
7fbc413de000-7fbc413e0000 r--s 0000c000 fd:00 406607268                  /opt/jdk1.7.0_79/jre/lib/ext/activation.jar
7fbc413e0000-7fbc413e8000 rw-s 00000000 fd:00 407945188                  /tmp/hsperfdata_root/20676
7fbc413e8000-7fbc413e9000 rw-p 00000000 00:00 0 
7fbc413e9000-7fbc413ea000 r--p 00000000 00:00 0 
7fbc413ea000-7fbc413eb000 rw-p 00000000 00:00 0 
7fbc413eb000-7fbc413ec000 r--p 0001f000 fd:00 140765493                  /usr/lib64/ld-2.17.so
7fbc413ec000-7fbc413ed000 rw-p 00020000 fd:00 140765493                  /usr/lib64/ld-2.17.so
7fbc413ed000-7fbc413ee000 rw-p 00000000 00:00 0 
7ffe6bc0a000-7ffe6bc2b000 rw-p 00000000 00:00 0                          [stack]
7ffe6bcf1000-7ffe6bcf3000 r-xp 00000000 00:00 0                          [vdso]
ffffffffff600000-ffffffffff601000 r-xp 00000000 00:00 0                  [vsyscall]

VM Arguments:
jvm_args: -Djava.security.policy=applet.policy 
java_command: sun.applet.AppletViewer file:/databasesdml/NetBeansProjects/dinesh/build/frmPOAmendGen.html
Launcher Type: SUN_STANDARD

Environment Variables:
JAVA_HOME=/opt/jdk1.7.0_79
JRE_HOME=/opt/jdk1.7.0_79/jre
CLASSPATH=/usr/local/bin:/usr/local/sbin:/usr/bin:/usr/sbin:/bin:/sbin:/opt/jdk1.7.0_79/bin:/opt/jdk1.7.0_79/jre/bin:/opt/jdk1.7.0_79/lib:/opt/jdk1.7.0_79/jre/lib/ext:/iReport-1.2.4/lib
PATH=/usr/local/bin:/usr/local/sbin:/usr/bin:/usr/sbin:/bin:/sbin:/opt/jdk1.7.0_79/bin:/opt/jdk1.7.0_79/jre/bin:/root/bin
USERNAME=root
LD_LIBRARY_PATH=/opt/jdk1.7.0_79/jre/lib/amd64:/opt/jdk1.7.0_79/jre/lib/i386:
SHELL=/bin/bash
DISPLAY=:0

Signal Handlers:
SIGSEGV: [libjvm.so+0x9a3bf0], sa_mask[0]=0x7ffbfeff, sa_flags=0x10000004
SIGBUS: [libjvm.so+0x9a3bf0], sa_mask[0]=0x7ffbfeff, sa_flags=0x10000004
SIGFPE: [libjvm.so+0x81cb60], sa_mask[0]=0x7ffbfeff, sa_flags=0x10000004
SIGPIPE: [libjvm.so+0x81cb60], sa_mask[0]=0x7ffbfeff, sa_flags=0x10000004
SIGXFSZ: [libjvm.so+0x81cb60], sa_mask[0]=0x7ffbfeff, sa_flags=0x10000004
SIGILL: [libjvm.so+0x81cb60], sa_mask[0]=0x7ffbfeff, sa_flags=0x10000004
SIGUSR1: SIG_DFL, sa_mask[0]=0x00000000, sa_flags=0x00000000
SIGUSR2: [libjvm.so+0x81e360], sa_mask[0]=0x00000004, sa_flags=0x10000004
SIGHUP: [libjvm.so+0x81f480], sa_mask[0]=0x7ffbfeff, sa_flags=0x10000004
SIGINT: SIG_IGN, sa_mask[0]=0x00000000, sa_flags=0x00000000
SIGTERM: [libjvm.so+0x81f480], sa_mask[0]=0x7ffbfeff, sa_flags=0x10000004
SIGQUIT: [libjvm.so+0x81f480], sa_mask[0]=0x7ffbfeff, sa_flags=0x10000004


---------------  S Y S T E M  ---------------

OS:CentOS Linux release 7.2.1511 (Core) 

uname:Linux 3.10.0-327.el7.x86_64 #1 SMP Thu Nov 19 22:10:57 UTC 2015 x86_64
libc:glibc 2.17 NPTL 2.17 
rlimit: STACK 8192k, CORE 0k, NPROC 30857, NOFILE 4096, AS infinity
load average:0.08 0.03 0.06

/proc/meminfo:
MemTotal:        7930960 kB
MemFree:          734376 kB
MemAvailable:    2519268 kB
Buffers:               0 kB
Cached:          1465076 kB
SwapCached:       115364 kB
Active:          4869692 kB
Inactive:        1393664 kB
Active(anon):    3646032 kB
Inactive(anon):  1193472 kB
Active(file):    1223660 kB
Inactive(file):   200192 kB
Unevictable:           0 kB
Mlocked:               0 kB
SwapTotal:      16777212 kB
SwapFree:       15326964 kB
Dirty:                96 kB
Writeback:         79064 kB
AnonPages:       4721828 kB
Mapped:            55416 kB
Shmem:             40792 kB
Slab:             685844 kB
SReclaimable:     614432 kB
SUnreclaim:        71412 kB
KernelStack:        8400 kB
PageTables:        22600 kB
NFS_Unstable:          0 kB
Bounce:                0 kB
WritebackTmp:          0 kB
CommitLimit:    20742692 kB
Committed_AS:    7292516 kB
VmallocTotal:   34359738367 kB
VmallocUsed:      363628 kB
VmallocChunk:   34359368704 kB
HardwareCorrupted:     0 kB
AnonHugePages:   2777088 kB
HugePages_Total:       0
HugePages_Free:        0
HugePages_Rsvd:        0
HugePages_Surp:        0
Hugepagesize:       2048 kB
DirectMap4k:      106052 kB
DirectMap2M:     4007936 kB
DirectMap1G:     4194304 kB


CPU:total 4 (2 cores per cpu, 2 threads per core) family 6 model 60 stepping 3, cmov, cx8, fxsr, mmx, sse, sse2, sse3, ssse3, sse4.1, sse4.2, popcnt, avx, avx2, aes, erms, ht, tsc, tscinvbit

/proc/cpuinfo:
processor	: 0
vendor_id	: GenuineIntel
cpu family	: 6
model		: 60
model name	: Intel(R) Core(TM) i3-4150 CPU @ 3.50GHz
stepping	: 3
microcode	: 0x1c
cpu MHz		: 3499.863
cache size	: 3072 KB
physical id	: 0
siblings	: 4
core id		: 0
cpu cores	: 2
apicid		: 0
initial apicid	: 0
fpu		: yes
fpu_exception	: yes
cpuid level	: 13
wp		: yes
flags		: fpu vme de pse tsc msr pae mce cx8 apic sep mtrr pge mca cmov pat pse36 clflush dts acpi mmx fxsr sse sse2 ss ht tm pbe syscall nx pdpe1gb rdtscp lm constant_tsc arch_perfmon pebs bts rep_good nopl xtopology nonstop_tsc aperfmperf eagerfpu pni pclmulqdq dtes64 monitor ds_cpl vmx est tm2 ssse3 fma cx16 xtpr pdcm pcid sse4_1 sse4_2 movbe popcnt tsc_deadline_timer aes xsave avx f16c rdrand lahf_lm abm arat epb pln pts dtherm tpr_shadow vnmi flexpriority ept vpid fsgsbase tsc_adjust bmi1 avx2 smep bmi2 erms invpcid xsaveopt
bogomips	: 6983.41
clflush size	: 64
cache_alignment	: 64
address sizes	: 39 bits physical, 48 bits virtual
power management:

processor	: 1
vendor_id	: GenuineIntel
cpu family	: 6
model		: 60
model name	: Intel(R) Core(TM) i3-4150 CPU @ 3.50GHz
stepping	: 3
microcode	: 0x1c
cpu MHz		: 3499.863
cache size	: 3072 KB
physical id	: 0
siblings	: 4
core id		: 1
cpu cores	: 2
apicid		: 2
initial apicid	: 2
fpu		: yes
fpu_exception	: yes
cpuid level	: 13
wp		: yes
flags		: fpu vme de pse tsc msr pae mce cx8 apic sep mtrr pge mca cmov pat pse36 clflush dts acpi mmx fxsr sse sse2 ss ht tm pbe syscall nx pdpe1gb rdtscp lm constant_tsc arch_perfmon pebs bts rep_good nopl xtopology nonstop_tsc aperfmperf eagerfpu pni pclmulqdq dtes64 monitor ds_cpl vmx est tm2 ssse3 fma cx16 xtpr pdcm pcid sse4_1 sse4_2 movbe popcnt tsc_deadline_timer aes xsave avx f16c rdrand lahf_lm abm arat epb pln pts dtherm tpr_shadow vnmi flexpriority ept vpid fsgsbase tsc_adjust bmi1 avx2 smep bmi2 erms invpcid xsaveopt
bogomips	: 6983.41
clflush size	: 64
cache_alignment	: 64
address sizes	: 39 bits physical, 48 bits virtual
power management:

processor	: 2
vendor_id	: GenuineIntel
cpu family	: 6
model		: 60
model name	: Intel(R) Core(TM) i3-4150 CPU @ 3.50GHz
stepping	: 3
microcode	: 0x1c
cpu MHz		: 3499.863
cache size	: 3072 KB
physical id	: 0
siblings	: 4
core id		: 0
cpu cores	: 2
apicid		: 1
initial apicid	: 1
fpu		: yes
fpu_exception	: yes
cpuid level	: 13
wp		: yes
flags		: fpu vme de pse tsc msr pae mce cx8 apic sep mtrr pge mca cmov pat pse36 clflush dts acpi mmx fxsr sse sse2 ss ht tm pbe syscall nx pdpe1gb rdtscp lm constant_tsc arch_perfmon pebs bts rep_good nopl xtopology nonstop_tsc aperfmperf eagerfpu pni pclmulqdq dtes64 monitor ds_cpl vmx est tm2 ssse3 fma cx16 xtpr pdcm pcid sse4_1 sse4_2 movbe popcnt tsc_deadline_timer aes xsave avx f16c rdrand lahf_lm abm arat epb pln pts dtherm tpr_shadow vnmi flexpriority ept vpid fsgsbase tsc_adjust bmi1 avx2 smep bmi2 erms invpcid xsaveopt
bogomips	: 6983.41
clflush size	: 64
cache_alignment	: 64
address sizes	: 39 bits physical, 48 bits virtual
power management:

processor	: 3
vendor_id	: GenuineIntel
cpu family	: 6
model		: 60
model name	: Intel(R) Core(TM) i3-4150 CPU @ 3.50GHz
stepping	: 3
microcode	: 0x1c
cpu MHz		: 3500.000
cache size	: 3072 KB
physical id	: 0
siblings	: 4
core id		: 1
cpu cores	: 2
apicid		: 3
initial apicid	: 3
fpu		: yes
fpu_exception	: yes
cpuid level	: 13
wp		: yes
flags		: fpu vme de pse tsc msr pae mce cx8 apic sep mtrr pge mca cmov pat pse36 clflush dts acpi mmx fxsr sse sse2 ss ht tm pbe syscall nx pdpe1gb rdtscp lm constant_tsc arch_perfmon pebs bts rep_good nopl xtopology nonstop_tsc aperfmperf eagerfpu pni pclmulqdq dtes64 monitor ds_cpl vmx est tm2 ssse3 fma cx16 xtpr pdcm pcid sse4_1 sse4_2 movbe popcnt tsc_deadline_timer aes xsave avx f16c rdrand lahf_lm abm arat epb pln pts dtherm tpr_shadow vnmi flexpriority ept vpid fsgsbase tsc_adjust bmi1 avx2 smep bmi2 erms invpcid xsaveopt
bogomips	: 6983.41
clflush size	: 64
cache_alignment	: 64
address sizes	: 39 bits physical, 48 bits virtual
power management:



Memory: 4k page, physical 7930960k(734376k free), swap 16777212k(15326964k free)

vm_info: Java HotSpot(TM) 64-Bit Server VM (24.79-b02) for linux-amd64 JRE (1.7.0_79-b15), built on Apr 10 2015 11:34:48 by "java_re" with gcc 4.3.0 20080428 (Red Hat 4.3.0-8)

time: Wed Jul 12 18:29:14 2017
elapsed time: 2208 seconds

