<?xml version="1.0" encoding="UTF-8  ?>"
<!-- TReportWriter Document - A Textbased Report writer -->
<DBInfo value="jdbc:mysql://200.0.0.227:3306/FILTERFABRIC"/>
<ReportQuery value="SELECT INVOICE_DATE,TRANSPORTER_NAME,TRANSPORTER_CODE,PARTY_NAME,STATION_CODE,NET_AMOUNT,BALE_NO,GROSS_WEIGHT,TRANSPORTER_CODE, @i:= IF(TRANSPORTER_CODE = @last_outlet, @i + 1, 1) as SR_NO,
       @last_outlet := TRANSPORTER_CODE
from (SELECT  @i := 0, @last_outlet := NULL) h 
JOIN (SELECT H.INVOICE_DATE,H.TRANSPORTER_NAME,TRANSPORTER_CODE,PARTY_NAME,STATION_CODE,NET_AMOUNT,BALE_NO,GROSS_WEIGHT FROM FILTERFABRIC.FF_TRD_INVOICE_HEADER H,DINESHMILLS.D_SAL_PARTY_MASTER M,(SELECT @a:= 0) AS a  WHERE H.PARTY_CODE=M.PARTY_CODE AND MAIN_ACCOUNT_CODE=210072 AND TRANSPORT_MODE=2 
ORDER BY TRANSPORTER_CODE) I
"/>
<ReportPage>
<property name="PageHeight" value="80"/>
<property name="PageWidth" value="132"/>
<property name="PageSize" value="2"/>
<property name="PaperOrientation" value="1"/>
<property name="LeftMargin" value="0"/>
<property name="RightMargin" value="0"/>
<property name="TopMargin" value="0"/>
<property name="BottomMargin" value="0"/>
</ReportPage>
<InputParameters count="0">
</InputParameters>
<Variables count="3">
<Variable>
<property name="VariableName" value="PAGE_NO"/>
<property name="Expression" value="PAGE_NO"/>
<property name="Function" value="None"/>
<property name="EvaluationTime" value="3"/>
<property name="EvaluationGroup" value=""/>
<property name="BuiltInVariable" value="true"/>
<property name="VariableValue" value=""/>
<property name="ResetOn" value="4"/>
<property name="ResetGroupName" value=""/>
</Variable>
<Variable>
<property name="VariableName" value="TOTAL_PAGES"/>
<property name="Expression" value="TOTAL_PAGES"/>
<property name="Function" value="None"/>
<property name="EvaluationTime" value="1"/>
<property name="EvaluationGroup" value=""/>
<property name="BuiltInVariable" value="true"/>
<property name="VariableValue" value=""/>
<property name="ResetOn" value="4"/>
<property name="ResetGroupName" value=""/>
</Variable>
<Variable>
<property name="VariableName" value="DATE"/>
<property name="Expression" value="DATE"/>
<property name="Function" value="None"/>
<property name="EvaluationTime" value="0"/>
<property name="EvaluationGroup" value=""/>
<property name="BuiltInVariable" value="true"/>
<property name="VariableValue" value=""/>
<property name="ResetOn" value="4"/>
<property name="ResetGroupName" value=""/>
</Variable>
</Variables>
<Band BandHeight="0" SplitBand="true" BandType="1" BandStartRow="0" BandName="Report Header" GroupExpression="" StartGroupOnNewPage="false" >
</Band>
<Band BandHeight="0" SplitBand="true" BandType="2" BandStartRow="0" BandName="Page Header" GroupExpression="" StartGroupOnNewPage="false" >
</Band>
<Band BandHeight="18" SplitBand="true" BandType="3" BandStartRow="0" BandName="TRANS" GroupExpression="$F{TRANSPORTER_CODE}" StartGroupOnNewPage="true" >
<TextField>
<property name="Text" value="S H R I   D I N E S H   M I L L S   L T D. - V A D O D A R A"/>
<property name="MultiLine" value="false"/>
<property name="Width" value="60"/>
<property name="PositionX" value="36"/>
<property name="PositionY" value="1"/>
<property name="PrintCondition" value=""/>
<property name="Alignment" value="1"/>
</TextField>
<TextField>
<property name="Text" value="CHRG"/>
<property name="MultiLine" value="false"/>
<property name="Width" value="4"/>
<property name="PositionX" value="116"/>
<property name="PositionY" value="13"/>
<property name="PrintCondition" value=""/>
<property name="Alignment" value="1"/>
</TextField>
<TextField>
<property name="Text" value="*******************************************************************************************************************************"/>
<property name="MultiLine" value="false"/>
<property name="Width" value="127"/>
<property name="PositionX" value="1"/>
<property name="PositionY" value="12"/>
<property name="PrintCondition" value=""/>
<property name="Alignment" value="1"/>
</TextField>
<TextField>
<property name="Text" value="]"/>
<property name="MultiLine" value="false"/>
<property name="Width" value="1"/>
<property name="PositionX" value="72"/>
<property name="PositionY" value="3"/>
<property name="PrintCondition" value=""/>
<property name="Alignment" value="1"/>
</TextField>
<TextField>
<property name="Text" value="C O N S I G N E E"/>
<property name="MultiLine" value="false"/>
<property name="Width" value="17"/>
<property name="PositionX" value="6"/>
<property name="PositionY" value="14"/>
<property name="PrintCondition" value=""/>
<property name="Alignment" value="1"/>
</TextField>
<TextField>
<property name="Text" value="WT"/>
<property name="MultiLine" value="false"/>
<property name="Width" value="2"/>
<property name="PositionX" value="109"/>
<property name="PositionY" value="14"/>
<property name="PrintCondition" value=""/>
<property name="Alignment" value="1"/>
</TextField>
<TextField>
<property name="Text" value="DESCRIPTION"/>
<property name="MultiLine" value="false"/>
<property name="Width" value="11"/>
<property name="PositionX" value="66"/>
<property name="PositionY" value="13"/>
<property name="PrintCondition" value=""/>
<property name="Alignment" value="1"/>
</TextField>
<TextField>
<property name="Text" value="NO"/>
<property name="MultiLine" value="false"/>
<property name="Width" value="2"/>
<property name="PositionX" value="2"/>
<property name="PositionY" value="15"/>
<property name="PrintCondition" value=""/>
<property name="Alignment" value="1"/>
</TextField>
<TextField>
<property name="Text" value="DESTINATION"/>
<property name="MultiLine" value="false"/>
<property name="Width" value="11"/>
<property name="PositionX" value="47"/>
<property name="PositionY" value="14"/>
<property name="PrintCondition" value=""/>
<property name="Alignment" value="1"/>
</TextField>
<TextField>
<property name="Text" value="DATE :"/>
<property name="MultiLine" value="false"/>
<property name="Width" value="6"/>
<property name="PositionX" value="110"/>
<property name="PositionY" value="3"/>
<property name="PrintCondition" value=""/>
<property name="Alignment" value="1"/>
</TextField>
<TextField>
<property name="Text" value="RS."/>
<property name="MultiLine" value="false"/>
<property name="Width" value="3"/>
<property name="PositionX" value="116"/>
<property name="PositionY" value="14"/>
<property name="PrintCondition" value=""/>
<property name="Alignment" value="1"/>
</TextField>
<TextField>
<property name="Text" value="DELIVERED AT THE DESTINATION IN SAFE AND INTACT CONDITION AS WAS HANDED OVER AT THE BOOKING STATION HERE IN VADODARA. "/>
<property name="MultiLine" value="false"/>
<property name="Width" value="118"/>
<property name="PositionX" value="1"/>
<property name="PositionY" value="8"/>
<property name="PrintCondition" value=""/>
<property name="Alignment" value="1"/>
</TextField>
<TextField>
<property name="Text" value="ANY DAMAGE CAUSED TO I.F. DURING TRANSIT WILL BE EXCLUSIVELY AT THE CARRIERS RISK AND COST.THE FREIGHT IS TO BE COLLECTED "/>
<property name="MultiLine" value="false"/>
<property name="Width" value="122"/>
<property name="PositionX" value="1"/>
<property name="PositionY" value="9"/>
<property name="PrintCondition" value=""/>
<property name="Alignment" value="1"/>
</TextField>
<TextField>
<property name="Text" value="INV VALUE"/>
<property name="MultiLine" value="false"/>
<property name="Width" value="9"/>
<property name="PositionX" value="84"/>
<property name="PositionY" value="13"/>
<property name="PrintCondition" value=""/>
<property name="Alignment" value="1"/>
</TextField>
<TextField>
<property name="Text" value="PLEASE ARRANGE TO SEND THE FOLLOWING GOODS AS DETAILED BELOW. INDUS. FAB ARE VERY COSTLY AND MOST DELICATE INDUSTRIAL FABRICS. "/>
<property name="MultiLine" value="false"/>
<property name="Width" value="127"/>
<property name="PositionX" value="1"/>
<property name="PositionY" value="6"/>
<property name="PrintCondition" value=""/>
<property name="Alignment" value="1"/>
</TextField>
<TextField>
<property name="Text" value="*******************************************************************************************************************************"/>
<property name="MultiLine" value="false"/>
<property name="Width" value="127"/>
<property name="PositionX" value="1"/>
<property name="PositionY" value="16"/>
<property name="PrintCondition" value=""/>
<property name="Alignment" value="1"/>
</TextField>
<TextField>
<property name="Text" value="GROSS"/>
<property name="MultiLine" value="false"/>
<property name="Width" value="5"/>
<property name="PositionX" value="108"/>
<property name="PositionY" value="13"/>
<property name="PrintCondition" value=""/>
<property name="Alignment" value="1"/>
</TextField>
<TextField>
<property name="Text" value="KGS"/>
<property name="MultiLine" value="false"/>
<property name="Width" value="3"/>
<property name="PositionX" value="108"/>
<property name="PositionY" value="15"/>
<property name="PrintCondition" value=""/>
<property name="Alignment" value="1"/>
</TextField>
<TextField>
<property name="Text" value="BALE NO"/>
<property name="MultiLine" value="false"/>
<property name="Width" value="7"/>
<property name="PositionX" value="96"/>
<property name="PositionY" value="13"/>
<property name="PrintCondition" value=""/>
<property name="Alignment" value="1"/>
</TextField>
<TextField>
<property name="Text" value="FROM THE PARTY. "/>
<property name="MultiLine" value="false"/>
<property name="Width" value="16"/>
<property name="PositionX" value="1"/>
<property name="PositionY" value="10"/>
<property name="PrintCondition" value=""/>
<property name="Alignment" value="1"/>
</TextField>
<TextField>
<property name="Text" value="SR"/>
<property name="MultiLine" value="false"/>
<property name="Width" value="2"/>
<property name="PositionX" value="2"/>
<property name="PositionY" value="14"/>
<property name="PrintCondition" value=""/>
<property name="Alignment" value="1"/>
</TextField>
<TextField>
<property name="Text" value="M/S."/>
<property name="MultiLine" value="false"/>
<property name="Width" value="4"/>
<property name="PositionX" value="1"/>
<property name="PositionY" value="3"/>
<property name="PrintCondition" value=""/>
<property name="Alignment" value="1"/>
</TextField>
<TextField>
<property name="Text" value="[TR-CD : "/>
<property name="MultiLine" value="false"/>
<property name="Width" value="9"/>
<property name="PositionX" value="60"/>
<property name="PositionY" value="3"/>
<property name="PrintCondition" value=""/>
<property name="Alignment" value="1"/>
</TextField>
<TextField>
<property name="Text" value="RS."/>
<property name="MultiLine" value="false"/>
<property name="Width" value="3"/>
<property name="PositionX" value="87"/>
<property name="PositionY" value="15"/>
<property name="PrintCondition" value=""/>
<property name="Alignment" value="1"/>
</TextField>
<TextField>
<property name="Text" value="IN"/>
<property name="MultiLine" value="false"/>
<property name="Width" value="2"/>
<property name="PositionX" value="87"/>
<property name="PositionY" value="14"/>
<property name="PrintCondition" value=""/>
<property name="Alignment" value="1"/>
</TextField>
<TextField>
<property name="Text" value="OF"/>
<property name="MultiLine" value="false"/>
<property name="Width" value="2"/>
<property name="PositionX" value="70"/>
<property name="PositionY" value="14"/>
<property name="PrintCondition" value=""/>
<property name="Alignment" value="1"/>
</TextField>
<TextField>
<property name="Text" value="AS SUCH THEY SHOULD BE TRANSPORTED IN CLOSED/COVERED LORRIES WITHOUT EXPOSING TO RAIN,SUN ETC. THE I.F. CONSIGNMENT SHOULD BE "/>
<property name="MultiLine" value="false"/>
<property name="Width" value="126"/>
<property name="PositionX" value="1"/>
<property name="PositionY" value="7"/>
<property name="PrintCondition" value=""/>
<property name="Alignment" value="1"/>
</TextField>
<TextField>
<property name="Text" value="GOODS"/>
<property name="MultiLine" value="false"/>
<property name="Width" value="5"/>
<property name="PositionX" value="69"/>
<property name="PositionY" value="15"/>
<property name="PrintCondition" value=""/>
<property name="Alignment" value="1"/>
</TextField>
<DBField>
<property name="Text" value="$F{TRANSPORTER_NAME}"/>
<property name="DataType" value="String"/>
<property name="MultiLine" value="false"/>
<property name="Width" value="35"/>
<property name="PositionX" value="5"/>
<property name="PositionY" value="3"/>
<property name="PrintCondition" value=""/>
<property name="FormatString" value=""/>
<property name="Alignment" value="1"/>
<property name="BlankWhenNull" value="false"/>
<property name="ConvertToWords" value="false"/>
</DBField>
<DBField>
<property name="Text" value="$F{TRANSPORTER_CODE}"/>
<property name="DataType" value="String"/>
<property name="MultiLine" value="false"/>
<property name="Width" value="3"/>
<property name="PositionX" value="69"/>
<property name="PositionY" value="3"/>
<property name="PrintCondition" value=""/>
<property name="FormatString" value=""/>
<property name="Alignment" value="1"/>
<property name="BlankWhenNull" value="false"/>
<property name="ConvertToWords" value="false"/>
</DBField>
<DBField>
<property name="Text" value="$F{INVOICE_DATE}"/>
<property name="DataType" value="Date"/>
<property name="MultiLine" value="false"/>
<property name="Width" value="10"/>
<property name="PositionX" value="117"/>
<property name="PositionY" value="3"/>
<property name="PrintCondition" value=""/>
<property name="FormatString" value="DD/MM/YYYY"/>
<property name="Alignment" value="1"/>
<property name="BlankWhenNull" value="false"/>
<property name="ConvertToWords" value="false"/>
</DBField>
</Band>
<Band BandHeight="3" SplitBand="true" BandType="4" BandStartRow="0" BandName="Detail" GroupExpression="" StartGroupOnNewPage="false" >
<TextField>
<property name="Text" value="INSUSTRIAL FABRIC"/>
<property name="MultiLine" value="false"/>
<property name="Width" value="17"/>
<property name="PositionX" value="64"/>
<property name="PositionY" value="1"/>
<property name="PrintCondition" value=""/>
<property name="Alignment" value="1"/>
</TextField>
<TextField>
<property name="Text" value="60"/>
<property name="MultiLine" value="false"/>
<property name="Width" value="2"/>
<property name="PositionX" value="117"/>
<property name="PositionY" value="1"/>
<property name="PrintCondition" value=""/>
<property name="Alignment" value="1"/>
</TextField>
<DBField>
<property name="Text" value="$F{SR_NO}"/>
<property name="DataType" value="Numeric"/>
<property name="MultiLine" value="false"/>
<property name="Width" value="2"/>
<property name="PositionX" value="2"/>
<property name="PositionY" value="1"/>
<property name="PrintCondition" value=""/>
<property name="FormatString" value="00"/>
<property name="Alignment" value="2"/>
<property name="BlankWhenNull" value="false"/>
<property name="ConvertToWords" value="false"/>
</DBField>
<DBField>
<property name="Text" value="$F{GROSS_WEIGHT}"/>
<property name="DataType" value="Numeric"/>
<property name="MultiLine" value="false"/>
<property name="Width" value="8"/>
<property name="PositionX" value="106"/>
<property name="PositionY" value="1"/>
<property name="PrintCondition" value=""/>
<property name="FormatString" value="#0.00"/>
<property name="Alignment" value="2"/>
<property name="BlankWhenNull" value="false"/>
<property name="ConvertToWords" value="false"/>
</DBField>
<DBField>
<property name="Text" value="$F{TRANSPORTER_NAME}"/>
<property name="DataType" value="String"/>
<property name="MultiLine" value="false"/>
<property name="Width" value="35"/>
<property name="PositionX" value="6"/>
<property name="PositionY" value="1"/>
<property name="PrintCondition" value=""/>
<property name="FormatString" value=""/>
<property name="Alignment" value="1"/>
<property name="BlankWhenNull" value="false"/>
<property name="ConvertToWords" value="false"/>
</DBField>
<DBField>
<property name="Text" value="$F{NET_AMOUNT}"/>
<property name="DataType" value="Numeric"/>
<property name="MultiLine" value="false"/>
<property name="Width" value="10"/>
<property name="PositionX" value="83"/>
<property name="PositionY" value="1"/>
<property name="PrintCondition" value=""/>
<property name="FormatString" value="#0"/>
<property name="Alignment" value="2"/>
<property name="BlankWhenNull" value="false"/>
<property name="ConvertToWords" value="false"/>
</DBField>
<DBField>
<property name="Text" value="$F{BALE_NO}"/>
<property name="DataType" value="String"/>
<property name="MultiLine" value="false"/>
<property name="Width" value="10"/>
<property name="PositionX" value="95"/>
<property name="PositionY" value="1"/>
<property name="PrintCondition" value=""/>
<property name="FormatString" value=""/>
<property name="Alignment" value="1"/>
<property name="BlankWhenNull" value="false"/>
<property name="ConvertToWords" value="false"/>
</DBField>
<DBField>
<property name="Text" value="$F{STATION_CODE}"/>
<property name="DataType" value="String"/>
<property name="MultiLine" value="false"/>
<property name="Width" value="15"/>
<property name="PositionX" value="47"/>
<property name="PositionY" value="1"/>
<property name="PrintCondition" value=""/>
<property name="FormatString" value=""/>
<property name="Alignment" value="1"/>
<property name="BlankWhenNull" value="false"/>
<property name="ConvertToWords" value="false"/>
</DBField>
</Band>
<Band BandHeight="21" SplitBand="true" BandType="5" BandStartRow="0" BandName="TRANS" GroupExpression="$F{TRANSPORTER_CODE}" StartGroupOnNewPage="true" >
<TextField>
<property name="Text" value="YOURS FAITHFULLY,"/>
<property name="MultiLine" value="false"/>
<property name="Width" value="17"/>
<property name="PositionX" value="1"/>
<property name="PositionY" value="7"/>
<property name="PrintCondition" value=""/>
<property name="Alignment" value="1"/>
</TextField>
<TextField>
<property name="Text" value="*******************************************************************************************************************************"/>
<property name="MultiLine" value="false"/>
<property name="Width" value="127"/>
<property name="PositionX" value="1"/>
<property name="PositionY" value="0"/>
<property name="PrintCondition" value=""/>
<property name="Alignment" value="1"/>
</TextField>
<TextField>
<property name="Text" value="ENCL [1] EXICSE GATE PASS [GPI]"/>
<property name="MultiLine" value="false"/>
<property name="Width" value="31"/>
<property name="PositionX" value="1"/>
<property name="PositionY" value="16"/>
<property name="PrintCondition" value=""/>
<property name="Alignment" value="1"/>
</TextField>
<TextField>
<property name="Text" value="[2] INVOICE COPIES"/>
<property name="MultiLine" value="false"/>
<property name="Width" value="18"/>
<property name="PositionX" value="6"/>
<property name="PositionY" value="18"/>
<property name="PrintCondition" value=""/>
<property name="Alignment" value="1"/>
</TextField>
<TextField>
<property name="Text" value="SALES MANAGER"/>
<property name="MultiLine" value="false"/>
<property name="Width" value="13"/>
<property name="PositionX" value="1"/>
<property name="PositionY" value="13"/>
<property name="PrintCondition" value=""/>
<property name="Alignment" value="1"/>
</TextField>
<TextField>
<property name="Text" value="FOR SHRI DINESH MILLS LTD."/>
<property name="MultiLine" value="false"/>
<property name="Width" value="26"/>
<property name="PositionX" value="1"/>
<property name="PositionY" value="8"/>
<property name="PrintCondition" value=""/>
<property name="Alignment" value="1"/>
</TextField>
<TextField>
<property name="Text" value="* SUBJECT TO VADODATA JURISDICTION"/>
<property name="MultiLine" value="false"/>
<property name="Width" value="34"/>
<property name="PositionX" value="1"/>
<property name="PositionY" value="15"/>
<property name="PrintCondition" value=""/>
<property name="Alignment" value="1"/>
</TextField>
<TextField>
<property name="Text" value="PLEASE SEND G. C. NOTE NEGOTIABLE THROUGH BANK IN DUPLICATE"/>
<property name="MultiLine" value="false"/>
<property name="Width" value="59"/>
<property name="PositionX" value="1"/>
<property name="PositionY" value="2"/>
<property name="PrintCondition" value=""/>
<property name="Alignment" value="1"/>
</TextField>
<TextField>
<property name="Text" value="[WHILE DELIVERING THE CONSIGNMENT, PLEASE HANDOVER THE EXCISE GATE PASS TO THE RESPECTIVE PARTY WITHOUT FAIL.]"/>
<property name="MultiLine" value="false"/>
<property name="Width" value="110"/>
<property name="PositionX" value="10"/>
<property name="PositionY" value="17"/>
<property name="PrintCondition" value=""/>
<property name="Alignment" value="1"/>
</TextField>
</Band>
<Band BandHeight="0" SplitBand="true" BandType="6" BandStartRow="0" BandName="Page Footer" GroupExpression="" StartGroupOnNewPage="false" >
</Band>
<Band BandHeight="0" SplitBand="true" BandType="7" BandStartRow="0" BandName="Report Footer" GroupExpression="" StartGroupOnNewPage="false" >
</Band>
