<?xml version="1.0" encoding="UTF-8  ?>"
<!-- TReportWriter Document - A Textbased Report writer -->
<DBInfo value="jdbc:mysql://200.0.0.227:3306/SALES"/>
<ReportQuery value="SELECT CND_NO,CND_FIN_VOUCHER_NO,CND_RC_VOUCHER_NO,CND_MAIN_ACCOUNT_NAME,CND_LC_OPENER,CND_MAIN_ACCOUNT_CODE,CND_SUB_ACCOUNT_CODE,CND_LINK_NO, CND_LINK_YEAR, CND_INVOICE_DATE, CASE WHEN CND_EFFECT ='D' THEN 0 ELSE CND_INVOICE_AMOUNT END AS CND_INVOICE_AMOUNT , CASE WHEN CND_EFFECT ='D' THEN 0 ELSE CND_CHARGE_CODE END AS CNE_CHARGE_CODE , CASE WHEN CND_EFFECT ='D' THEN 0 ELSE CND_PERCENT END AS CND_PERCENT,CND_BOOK_CODE, CND_DEBIT_AMOUNT,CND_CREDIT_AMOUNT,CND_VALUE_DATE,CND_INTERVAL_CAPTION,CND_LC_OPENER,CND_DAYS FROM D_CREDIT_NOTE_DETAIL  WHERE CND_YEAR_MON_ID = '20150701' AND CND_TYPE='LC' ORDER BY  CND_NO,CND_SUB_ACCOUNT_CODE,CND_INVOICE_DATE,CND_INVOICE_NO,CND_VALUE_DATE,CND_DAYS,CND_EFFECT DESC,CND_LINK_NO+0;"/>
<ReportPage>
<property name="PageHeight" value="72"/>
<property name="PageWidth" value="175"/>
<property name="PageSize" value="2"/>
<property name="PaperOrientation" value="1"/>
<property name="LeftMargin" value="0"/>
<property name="RightMargin" value="0"/>
<property name="TopMargin" value="0"/>
<property name="BottomMargin" value="0"/>
</ReportPage>
<InputParameters count="0">
</InputParameters>
<Variables count="9">
<Variable>
<property name="VariableName" value="PAGE_NO"/>
<property name="Expression" value="PAGE_NO"/>
<property name="Function" value="None"/>
<property name="EvaluationTime" value="3"/>
<property name="EvaluationGroup" value=""/>
<property name="BuiltInVariable" value="true"/>
<property name="VariableValue" value=""/>
<property name="ResetOn" value="4"/>
<property name="ResetGroupName" value=""/>
</Variable>
<Variable>
<property name="VariableName" value="TOTAL_PAGES"/>
<property name="Expression" value="TOTAL_PAGES"/>
<property name="Function" value="None"/>
<property name="EvaluationTime" value="1"/>
<property name="EvaluationGroup" value=""/>
<property name="BuiltInVariable" value="true"/>
<property name="VariableValue" value=""/>
<property name="ResetOn" value="4"/>
<property name="ResetGroupName" value=""/>
</Variable>
<Variable>
<property name="VariableName" value="DATE"/>
<property name="Expression" value="DATE"/>
<property name="Function" value="None"/>
<property name="EvaluationTime" value="0"/>
<property name="EvaluationGroup" value=""/>
<property name="BuiltInVariable" value="true"/>
<property name="VariableValue" value=""/>
<property name="ResetOn" value="4"/>
<property name="ResetGroupName" value=""/>
</Variable>
<Variable>
<property name="VariableName" value="TOTAL_INVOICE_AMT"/>
<property name="Expression" value="$F{CND_INVOICE_AMOUNT}"/>
<property name="Function" value="Sum"/>
<property name="EvaluationTime" value="0"/>
<property name="EvaluationGroup" value="CND_LC_OPENER"/>
<property name="BuiltInVariable" value="false"/>
<property name="VariableValue" value=""/>
<property name="ResetOn" value="2"/>
<property name="ResetGroupName" value="CND_LC_OPENER"/>
</Variable>
<Variable>
<property name="VariableName" value="TOTAL_DEBIT_AMT"/>
<property name="Expression" value="$F{CND_DEBIT_AMOUNT}"/>
<property name="Function" value="Sum"/>
<property name="EvaluationTime" value="0"/>
<property name="EvaluationGroup" value="CND_LC_OPENER"/>
<property name="BuiltInVariable" value="false"/>
<property name="VariableValue" value=""/>
<property name="ResetOn" value="2"/>
<property name="ResetGroupName" value="CND_LC_OPENER"/>
</Variable>
<Variable>
<property name="VariableName" value="TOTAL_CREDIT_AMT"/>
<property name="Expression" value="$F{CND_CREDIT_AMOUNT}"/>
<property name="Function" value="Sum"/>
<property name="EvaluationTime" value="0"/>
<property name="EvaluationGroup" value="CND_LC_OPENER"/>
<property name="BuiltInVariable" value="false"/>
<property name="VariableValue" value=""/>
<property name="ResetOn" value="2"/>
<property name="ResetGroupName" value="CND_LC_OPENER"/>
</Variable>
<Variable>
<property name="VariableName" value="GRAND_TOTAL_INV_AMT"/>
<property name="Expression" value="$F{CND_INVOICE_AMOUNT}"/>
<property name="Function" value="Sum"/>
<property name="EvaluationTime" value="0"/>
<property name="EvaluationGroup" value=" "/>
<property name="BuiltInVariable" value="false"/>
<property name="VariableValue" value=""/>
<property name="ResetOn" value="4"/>
<property name="ResetGroupName" value=" "/>
</Variable>
<Variable>
<property name="VariableName" value="GRAND_DEBIT_TOTAL"/>
<property name="Expression" value="$F{CND_DEBIT_AMOUNT}"/>
<property name="Function" value="Sum"/>
<property name="EvaluationTime" value="0"/>
<property name="EvaluationGroup" value=" "/>
<property name="BuiltInVariable" value="false"/>
<property name="VariableValue" value=""/>
<property name="ResetOn" value="4"/>
<property name="ResetGroupName" value=" "/>
</Variable>
<Variable>
<property name="VariableName" value="GRAND_CREDIT_TOTAL"/>
<property name="Expression" value="$F{CND_CREDIT_AMOUNT}"/>
<property name="Function" value="Sum"/>
<property name="EvaluationTime" value="0"/>
<property name="EvaluationGroup" value=" "/>
<property name="BuiltInVariable" value="false"/>
<property name="VariableValue" value=""/>
<property name="ResetOn" value="4"/>
<property name="ResetGroupName" value=" "/>
</Variable>
</Variables>
<Band BandHeight="0" SplitBand="true" BandType="1" BandStartRow="0" BandName="Report Header" GroupExpression="" StartGroupOnNewPage="false" >
</Band>
<Band BandHeight="11" SplitBand="true" BandType="2" BandStartRow="0" BandName="Page Header" GroupExpression="" StartGroupOnNewPage="false" >
<TextField>
<property name="Text" value="RC-VOUCHER"/>
<property name="MultiLine" value="false"/>
<property name="Width" value="10"/>
<property name="PositionX" value="125"/>
<property name="PositionY" value="8"/>
<property name="PrintCondition" value=""/>
<property name="Alignment" value="2"/>
</TextField>
<TextField>
<property name="Text" value="DATE"/>
<property name="MultiLine" value="false"/>
<property name="Width" value="4"/>
<property name="PositionX" value="131"/>
<property name="PositionY" value="9"/>
<property name="PrintCondition" value=""/>
<property name="Alignment" value="2"/>
</TextField>
<TextField>
<property name="Text" value="QUATERWISE L.C.  DETAIL (NO DISCOUNT AND NON PAYMENT)  FOR"/>
<property name="MultiLine" value="false"/>
<property name="Width" value="58"/>
<property name="PositionX" value="41"/>
<property name="PositionY" value="2"/>
<property name="PrintCondition" value=""/>
<property name="Alignment" value="1"/>
</TextField>
<TextField>
<property name="Text" value="NO."/>
<property name="MultiLine" value="false"/>
<property name="Width" value="3"/>
<property name="PositionX" value="119"/>
<property name="PositionY" value="9"/>
<property name="PrintCondition" value=""/>
<property name="Alignment" value="1"/>
</TextField>
<TextField>
<property name="Text" value="<---------"/>
<property name="MultiLine" value="false"/>
<property name="Width" value="10"/>
<property name="PositionX" value="156"/>
<property name="PositionY" value="6"/>
<property name="PrintCondition" value=""/>
<property name="Alignment" value="1"/>
</TextField>
<TextField>
<property name="Text" value="Sub"/>
<property name="MultiLine" value="false"/>
<property name="Width" value="3"/>
<property name="PositionX" value="39"/>
<property name="PositionY" value="8"/>
<property name="PrintCondition" value=""/>
<property name="Alignment" value="1"/>
</TextField>
<TextField>
<property name="Text" value="Particulars"/>
<property name="MultiLine" value="false"/>
<property name="Width" value="11"/>
<property name="PositionX" value="6"/>
<property name="PositionY" value="6"/>
<property name="PrintCondition" value=""/>
<property name="Alignment" value="1"/>
</TextField>
<TextField>
<property name="Text" value="LEGACY NO"/>
<property name="MultiLine" value="false"/>
<property name="Width" value="9"/>
<property name="PositionX" value="146"/>
<property name="PositionY" value="8"/>
<property name="PrintCondition" value=""/>
<property name="Alignment" value="2"/>
</TextField>
<TextField>
<property name="Text" value="%"/>
<property name="MultiLine" value="false"/>
<property name="Width" value="1"/>
<property name="PositionX" value="92"/>
<property name="PositionY" value="8"/>
<property name="PrintCondition" value=""/>
<property name="Alignment" value="1"/>
</TextField>
<TextField>
<property name="Text" value="<-------"/>
<property name="MultiLine" value="false"/>
<property name="Width" value="8"/>
<property name="PositionX" value="95"/>
<property name="PositionY" value="6"/>
<property name="PrintCondition" value=""/>
<property name="Alignment" value="1"/>
</TextField>
<TextField>
<property name="Text" value="-------->"/>
<property name="MultiLine" value="false"/>
<property name="Width" value="9"/>
<property name="PositionX" value="121"/>
<property name="PositionY" value="6"/>
<property name="PrintCondition" value=""/>
<property name="Alignment" value="1"/>
</TextField>
<TextField>
<property name="Text" value="A/C C O D E"/>
<property name="MultiLine" value="false"/>
<property name="Width" value="11"/>
<property name="PositionX" value="30"/>
<property name="PositionY" value="6"/>
<property name="PrintCondition" value=""/>
<property name="Alignment" value="1"/>
</TextField>
<TextField>
<property name="Text" value="AMOUNT"/>
<property name="MultiLine" value="false"/>
<property name="Width" value="6"/>
<property name="PositionX" value="167"/>
<property name="PositionY" value="6"/>
<property name="PrintCondition" value=""/>
<property name="Alignment" value="1"/>
</TextField>
<TextField>
<property name="Text" value="DAYS"/>
<property name="MultiLine" value="false"/>
<property name="Width" value="4"/>
<property name="PositionX" value="158"/>
<property name="PositionY" value="8"/>
<property name="PrintCondition" value=""/>
<property name="Alignment" value="2"/>
</TextField>
<TextField>
<property name="Text" value="PAGE NO :"/>
<property name="MultiLine" value="false"/>
<property name="Width" value="9"/>
<property name="PositionX" value="99"/>
<property name="PositionY" value="1"/>
<property name="PrintCondition" value=""/>
<property name="Alignment" value="1"/>
</TextField>
<TextField>
<property name="Text" value="Payment Details"/>
<property name="MultiLine" value="false"/>
<property name="Width" value="15"/>
<property name="PositionX" value="104"/>
<property name="PositionY" value="6"/>
<property name="PrintCondition" value=""/>
<property name="Alignment" value="1"/>
</TextField>
<TextField>
<property name="Text" value="Link"/>
<property name="MultiLine" value="false"/>
<property name="Width" value="4"/>
<property name="PositionX" value="48"/>
<property name="PositionY" value="8"/>
<property name="PrintCondition" value=""/>
<property name="Alignment" value="1"/>
</TextField>
<TextField>
<property name="Text" value="------->"/>
<property name="MultiLine" value="false"/>
<property name="Width" value="8"/>
<property name="PositionX" value="77"/>
<property name="PositionY" value="6"/>
<property name="PrintCondition" value=""/>
<property name="Alignment" value="1"/>
</TextField>
<TextField>
<property name="Text" value="AUTO ADJ. VOUCHER"/>
<property name="MultiLine" value="false"/>
<property name="Width" value="17"/>
<property name="PositionX" value="138"/>
<property name="PositionY" value="9"/>
<property name="PrintCondition" value=""/>
<property name="Alignment" value="2"/>
</TextField>
<TextField>
<property name="Text" value="_____________________________________________________________________________________________________________________________________________________________________________"/>
<property name="MultiLine" value="false"/>
<property name="Width" value="173"/>
<property name="PositionX" value="1"/>
<property name="PositionY" value="10"/>
<property name="PrintCondition" value=""/>
<property name="Alignment" value="1"/>
</TextField>
<TextField>
<property name="Text" value="Main"/>
<property name="MultiLine" value="false"/>
<property name="Width" value="4"/>
<property name="PositionX" value="30"/>
<property name="PositionY" value="8"/>
<property name="PrintCondition" value=""/>
<property name="Alignment" value="1"/>
</TextField>
<TextField>
<property name="Text" value="S H R I  D I N E S H M I L L S  L T D ."/>
<property name="MultiLine" value="false"/>
<property name="Width" value="39"/>
<property name="PositionX" value="41"/>
<property name="PositionY" value="1"/>
<property name="PrintCondition" value=""/>
<property name="Alignment" value="1"/>
</TextField>
<TextField>
<property name="Text" value="ERP PRINT"/>
<property name="MultiLine" value="false"/>
<property name="Width" value="9"/>
<property name="PositionX" value="161"/>
<property name="PositionY" value="1"/>
<property name="PrintCondition" value=""/>
<property name="Alignment" value="1"/>
</TextField>
<TextField>
<property name="Text" value="_____________________________________________________________________________________________________________________________________________________________________________"/>
<property name="MultiLine" value="false"/>
<property name="Width" value="173"/>
<property name="PositionX" value="1"/>
<property name="PositionY" value="5"/>
<property name="PrintCondition" value=""/>
<property name="Alignment" value="1"/>
</TextField>
<TextField>
<property name="Text" value="<-------"/>
<property name="MultiLine" value="false"/>
<property name="Width" value="8"/>
<property name="PositionX" value="48"/>
<property name="PositionY" value="6"/>
<property name="PrintCondition" value=""/>
<property name="Alignment" value="1"/>
</TextField>
<TextField>
<property name="Text" value="INV-AMT"/>
<property name="MultiLine" value="false"/>
<property name="Width" value="7"/>
<property name="PositionX" value="76"/>
<property name="PositionY" value="8"/>
<property name="PrintCondition" value=""/>
<property name="Alignment" value="3"/>
</TextField>
<TextField>
<property name="Text" value="_____________________________________________________________________________________________________________________________________________________________________________"/>
<property name="MultiLine" value="false"/>
<property name="Width" value="173"/>
<property name="PositionX" value="1"/>
<property name="PositionY" value="7"/>
<property name="PrintCondition" value=""/>
<property name="Alignment" value="1"/>
</TextField>
<TextField>
<property name="Text" value="CREDIT(Rs.)"/>
<property name="MultiLine" value="false"/>
<property name="Width" value="11"/>
<property name="PositionX" value="163"/>
<property name="PositionY" value="8"/>
<property name="PrintCondition" value=""/>
<property name="Alignment" value="2"/>
</TextField>
<TextField>
<property name="Text" value="RUN-DATE"/>
<property name="MultiLine" value="false"/>
<property name="Width" value="8"/>
<property name="PositionX" value="1"/>
<property name="PositionY" value="3"/>
<property name="PrintCondition" value=""/>
<property name="Alignment" value="1"/>
</TextField>
<TextField>
<property name="Text" value="Invoice Reference"/>
<property name="MultiLine" value="false"/>
<property name="Width" value="17"/>
<property name="PositionX" value="58"/>
<property name="PositionY" value="6"/>
<property name="PrintCondition" value=""/>
<property name="Alignment" value="1"/>
</TextField>
<TextField>
<property name="Text" value="RC-VOUCHER"/>
<property name="MultiLine" value="false"/>
<property name="Width" value="10"/>
<property name="PositionX" value="112"/>
<property name="PositionY" value="8"/>
<property name="PrintCondition" value=""/>
<property name="Alignment" value="2"/>
</TextField>
<TextField>
<property name="Text" value="TR"/>
<property name="MultiLine" value="false"/>
<property name="Width" value="2"/>
<property name="PositionX" value="99"/>
<property name="PositionY" value="8"/>
<property name="PrintCondition" value=""/>
<property name="Alignment" value="2"/>
</TextField>
<TextField>
<property name="Text" value="INV-DATE"/>
<property name="MultiLine" value="false"/>
<property name="Width" value="8"/>
<property name="PositionX" value="63"/>
<property name="PositionY" value="8"/>
<property name="PrintCondition" value=""/>
<property name="Alignment" value="1"/>
</TextField>
<DBField>
<property name="Text" value="$V{PAGE_NO}"/>
<property name="DataType" value="String"/>
<property name="MultiLine" value="false"/>
<property name="Width" value="5"/>
<property name="PositionX" value="109"/>
<property name="PositionY" value="1"/>
<property name="PrintCondition" value=""/>
<property name="FormatString" value=""/>
<property name="Alignment" value="1"/>
<property name="BlankWhenNull" value="false"/>
<property name="ConvertToWords" value="false"/>
</DBField>
<DBField>
<property name="Text" value="$F{CND_INTERVAL_CAPTION}"/>
<property name="DataType" value="String"/>
<property name="MultiLine" value="false"/>
<property name="Width" value="40"/>
<property name="PositionX" value="43"/>
<property name="PositionY" value="3"/>
<property name="PrintCondition" value=""/>
<property name="FormatString" value=""/>
<property name="Alignment" value="1"/>
<property name="BlankWhenNull" value="false"/>
<property name="ConvertToWords" value="false"/>
</DBField>
<DBField>
<property name="Text" value="$P{SYS_DATE}"/>
<property name="DataType" value="String"/>
<property name="MultiLine" value="false"/>
<property name="Width" value="10"/>
<property name="PositionX" value="10"/>
<property name="PositionY" value="3"/>
<property name="PrintCondition" value=""/>
<property name="FormatString" value=""/>
<property name="Alignment" value="1"/>
<property name="BlankWhenNull" value="false"/>
<property name="ConvertToWords" value="false"/>
</DBField>
</Band>
<Band BandHeight="2" SplitBand="true" BandType="3" BandStartRow="0" BandName="CND_LC_OPENER" GroupExpression="$F{CND_LC_OPENER}" StartGroupOnNewPage="true" >
<DBField>
<property name="Text" value="$F{CND_MAIN_ACCOUNT_NAME}"/>
<property name="DataType" value="String"/>
<property name="MultiLine" value="false"/>
<property name="Width" value="25"/>
<property name="PositionX" value="1"/>
<property name="PositionY" value="0"/>
<property name="PrintCondition" value=""/>
<property name="FormatString" value=""/>
<property name="Alignment" value="1"/>
<property name="BlankWhenNull" value="false"/>
<property name="ConvertToWords" value="false"/>
</DBField>
<DBField>
<property name="Text" value="$F{CND_LC_OPENER}"/>
<property name="DataType" value="String"/>
<property name="MultiLine" value="false"/>
<property name="Width" value="8"/>
<property name="PositionX" value="30"/>
<property name="PositionY" value="0"/>
<property name="PrintCondition" value=""/>
<property name="FormatString" value=""/>
<property name="Alignment" value="1"/>
<property name="BlankWhenNull" value="false"/>
<property name="ConvertToWords" value="false"/>
</DBField>
</Band>
<Band BandHeight="1" SplitBand="true" BandType="4" BandStartRow="0" BandName="Detail" GroupExpression="" StartGroupOnNewPage="false" >
<TextField>
<property name="Text" value="_______________________________________________________________________________________________________________________________________"/>
<property name="MultiLine" value="false"/>
<property name="Width" value="135"/>
<property name="PositionX" value="1"/>
<property name="PositionY" value="5"/>
<property name="PrintCondition" value=""/>
<property name="Alignment" value="1"/>
</TextField>
<DBField>
<property name="Text" value="$F{CND_LINK_NO}"/>
<property name="DataType" value="String"/>
<property name="MultiLine" value="false"/>
<property name="Width" value="13"/>
<property name="PositionX" value="48"/>
<property name="PositionY" value="0"/>
<property name="PrintCondition" value=""/>
<property name="FormatString" value=""/>
<property name="Alignment" value="1"/>
<property name="BlankWhenNull" value="false"/>
<property name="ConvertToWords" value="false"/>
</DBField>
<DBField>
<property name="Text" value="$F{CND_SUB_ACCOUNT_CODE}"/>
<property name="DataType" value="String"/>
<property name="MultiLine" value="false"/>
<property name="Width" value="8"/>
<property name="PositionX" value="39"/>
<property name="PositionY" value="0"/>
<property name="PrintCondition" value=""/>
<property name="FormatString" value=""/>
<property name="Alignment" value="1"/>
<property name="BlankWhenNull" value="false"/>
<property name="ConvertToWords" value="false"/>
</DBField>
<DBField>
<property name="Text" value="$F{CND_FIN_VOUCHER_NO}"/>
<property name="DataType" value="String"/>
<property name="MultiLine" value="false"/>
<property name="Width" value="13"/>
<property name="PositionX" value="142"/>
<property name="PositionY" value="0"/>
<property name="PrintCondition" value=""/>
<property name="FormatString" value=""/>
<property name="Alignment" value="2"/>
<property name="BlankWhenNull" value="false"/>
<property name="ConvertToWords" value="false"/>
</DBField>
<DBField>
<property name="Text" value="$F{CND_INVOICE_DATE}"/>
<property name="DataType" value="Date"/>
<property name="MultiLine" value="false"/>
<property name="Width" value="10"/>
<property name="PositionX" value="62"/>
<property name="PositionY" value="0"/>
<property name="PrintCondition" value=""/>
<property name="FormatString" value=""/>
<property name="Alignment" value="1"/>
<property name="BlankWhenNull" value="false"/>
<property name="ConvertToWords" value="false"/>
</DBField>
<DBField>
<property name="Text" value="$F{CND_INVOICE_AMOUNT}"/>
<property name="DataType" value="Numeric"/>
<property name="MultiLine" value="false"/>
<property name="Width" value="10"/>
<property name="PositionX" value="73"/>
<property name="PositionY" value="0"/>
<property name="PrintCondition" value=""/>
<property name="FormatString" value="##0.00"/>
<property name="Alignment" value="2"/>
<property name="BlankWhenNull" value="false"/>
<property name="ConvertToWords" value="false"/>
</DBField>
<DBField>
<property name="Text" value="$F{CND_VALUE_DATE}"/>
<property name="DataType" value="Date"/>
<property name="MultiLine" value="false"/>
<property name="Width" value="10"/>
<property name="PositionX" value="125"/>
<property name="PositionY" value="0"/>
<property name="PrintCondition" value=""/>
<property name="FormatString" value=""/>
<property name="Alignment" value="2"/>
<property name="BlankWhenNull" value="false"/>
<property name="ConvertToWords" value="false"/>
</DBField>
<DBField>
<property name="Text" value="$F{CND_RC_VOUCHER_NO}"/>
<property name="DataType" value="String"/>
<property name="MultiLine" value="false"/>
<property name="Width" value="19"/>
<property name="PositionX" value="103"/>
<property name="PositionY" value="0"/>
<property name="PrintCondition" value=""/>
<property name="FormatString" value=""/>
<property name="Alignment" value="2"/>
<property name="BlankWhenNull" value="false"/>
<property name="ConvertToWords" value="false"/>
</DBField>
<DBField>
<property name="Text" value="$F{CND_BOOK_CODE}"/>
<property name="DataType" value="String"/>
<property name="MultiLine" value="false"/>
<property name="Width" value="5"/>
<property name="PositionX" value="96"/>
<property name="PositionY" value="0"/>
<property name="PrintCondition" value=""/>
<property name="FormatString" value=""/>
<property name="Alignment" value="2"/>
<property name="BlankWhenNull" value="false"/>
<property name="ConvertToWords" value="false"/>
</DBField>
<DBField>
<property name="Text" value="$F{CND_PERCENT}"/>
<property name="DataType" value="String"/>
<property name="MultiLine" value="false"/>
<property name="Width" value="5"/>
<property name="PositionX" value="88"/>
<property name="PositionY" value="0"/>
<property name="PrintCondition" value=""/>
<property name="FormatString" value=""/>
<property name="Alignment" value="2"/>
<property name="BlankWhenNull" value="false"/>
<property name="ConvertToWords" value="false"/>
</DBField>
<DBField>
<property name="Text" value="$F{CND_DAYS}"/>
<property name="DataType" value="String"/>
<property name="MultiLine" value="false"/>
<property name="Width" value="5"/>
<property name="PositionX" value="157"/>
<property name="PositionY" value="0"/>
<property name="PrintCondition" value=""/>
<property name="FormatString" value=""/>
<property name="Alignment" value="2"/>
<property name="BlankWhenNull" value="false"/>
<property name="ConvertToWords" value="false"/>
</DBField>
<DBField>
<property name="Text" value="$F{CND_CREDIT_AMOUNT}"/>
<property name="DataType" value="Numeric"/>
<property name="MultiLine" value="false"/>
<property name="Width" value="10"/>
<property name="PositionX" value="164"/>
<property name="PositionY" value="0"/>
<property name="PrintCondition" value=""/>
<property name="FormatString" value="##0.00"/>
<property name="Alignment" value="2"/>
<property name="BlankWhenNull" value="false"/>
<property name="ConvertToWords" value="false"/>
</DBField>
</Band>
<Band BandHeight="4" SplitBand="true" BandType="5" BandStartRow="0" BandName="CND_LC_OPENER" GroupExpression="$F{CND_LC_OPENER}" StartGroupOnNewPage="true" >
<TextField>
<property name="Text" value="AGENCY TOTAL :"/>
<property name="MultiLine" value="false"/>
<property name="Width" value="14"/>
<property name="PositionX" value="1"/>
<property name="PositionY" value="1"/>
<property name="PrintCondition" value=""/>
<property name="Alignment" value="1"/>
</TextField>
<TextField>
<property name="Text" value="_____________________________________________________________________________________________________________________________________________________________________________"/>
<property name="MultiLine" value="false"/>
<property name="Width" value="173"/>
<property name="PositionX" value="1"/>
<property name="PositionY" value="0"/>
<property name="PrintCondition" value=""/>
<property name="Alignment" value="1"/>
</TextField>
<TextField>
<property name="Text" value="_____________________________________________________________________________________________________________________________________________________________________________"/>
<property name="MultiLine" value="false"/>
<property name="Width" value="173"/>
<property name="PositionX" value="1"/>
<property name="PositionY" value="2"/>
<property name="PrintCondition" value=""/>
<property name="Alignment" value="1"/>
</TextField>
<DBField>
<property name="Text" value="$V{TOTAL_CREDIT_AMT}"/>
<property name="DataType" value="Numeric"/>
<property name="MultiLine" value="false"/>
<property name="Width" value="10"/>
<property name="PositionX" value="164"/>
<property name="PositionY" value="1"/>
<property name="PrintCondition" value=""/>
<property name="FormatString" value="##0.00"/>
<property name="Alignment" value="2"/>
<property name="BlankWhenNull" value="false"/>
<property name="ConvertToWords" value="false"/>
</DBField>
<DBField>
<property name="Text" value="$V{TOTAL_INVOICE_AMT}"/>
<property name="DataType" value="Numeric"/>
<property name="MultiLine" value="false"/>
<property name="Width" value="10"/>
<property name="PositionX" value="73"/>
<property name="PositionY" value="1"/>
<property name="PrintCondition" value=""/>
<property name="FormatString" value="##0.00"/>
<property name="Alignment" value="2"/>
<property name="BlankWhenNull" value="false"/>
<property name="ConvertToWords" value="false"/>
</DBField>
</Band>
<Band BandHeight="0" SplitBand="true" BandType="6" BandStartRow="0" BandName="Page Footer" GroupExpression="" StartGroupOnNewPage="false" >
</Band>
<Band BandHeight="3" SplitBand="true" BandType="7" BandStartRow="0" BandName="Report Footer" GroupExpression="" StartGroupOnNewPage="false" >
<TextField>
<property name="Text" value="_____________________________________________________________________________________________________________________________________________________________________________"/>
<property name="MultiLine" value="false"/>
<property name="Width" value="173"/>
<property name="PositionX" value="1"/>
<property name="PositionY" value="1"/>
<property name="PrintCondition" value=""/>
<property name="Alignment" value="1"/>
</TextField>
<TextField>
<property name="Text" value="GRAND T O T A L"/>
<property name="MultiLine" value="false"/>
<property name="Width" value="15"/>
<property name="PositionX" value="1"/>
<property name="PositionY" value="0"/>
<property name="PrintCondition" value=""/>
<property name="Alignment" value="1"/>
</TextField>
<DBField>
<property name="Text" value="$V{GRAND_CREDIT_TOTAL}"/>
<property name="DataType" value="Numeric"/>
<property name="MultiLine" value="false"/>
<property name="Width" value="13"/>
<property name="PositionX" value="161"/>
<property name="PositionY" value="0"/>
<property name="PrintCondition" value=""/>
<property name="FormatString" value="##0.00"/>
<property name="Alignment" value="2"/>
<property name="BlankWhenNull" value="false"/>
<property name="ConvertToWords" value="false"/>
</DBField>
<DBField>
<property name="Text" value="$V{GRAND_TOTAL_INV_AMT}"/>
<property name="DataType" value="Numeric"/>
<property name="MultiLine" value="false"/>
<property name="Width" value="15"/>
<property name="PositionX" value="69"/>
<property name="PositionY" value="0"/>
<property name="PrintCondition" value=""/>
<property name="FormatString" value="##0.00"/>
<property name="Alignment" value="2"/>
<property name="BlankWhenNull" value="false"/>
<property name="ConvertToWords" value="false"/>
</DBField>
</Band>
