<?xml version="1.0" encoding="UTF-8  ?>"
<!-- TReportWriter Document - A Textbased Report writer -->
<DBInfo value="jdbc:mysql://200.0.0.227:3306/STGSALES"/>
<ReportQuery value="SELECT A.GR_ID,A.GR_DATE,A.PARTY_CODE,A.PARTY_NAME,A.CITY,  B.HSN_NO,B.INVOICE_NO,B.INVOICE_DATE,B.NET_AMOUNT,B.NET_GR_AMOUNT, B.CGST_AMOUNT, B.SGST_AMOUNT,B.IGST_AMOUNT,B.RCM_AMOUNT,B.TOTAL_AMOUNT,B.LINK_NO  FROM STGSALES.D_STG_GOODS_RETURNS_HEADER A,STGSALES.D_SAL_HSN_INVOICE_POSTING B WHERE A.GR_ID=B.GR_ID AND A.GR_ID='GR000083';"/>
<ReportPage>
<property name="PageHeight" value="72"/>
<property name="PageWidth" value="140"/>
<property name="PageSize" value="2"/>
<property name="PaperOrientation" value="1"/>
<property name="LeftMargin" value="0"/>
<property name="RightMargin" value="0"/>
<property name="TopMargin" value="0"/>
<property name="BottomMargin" value="0"/>
</ReportPage>
<InputParameters count="0">
</InputParameters>
<Variables count="14">
<Variable>
<property name="VariableName" value="PAGE_NO"/>
<property name="Expression" value="PAGE_NO"/>
<property name="Function" value="None"/>
<property name="EvaluationTime" value="3"/>
<property name="EvaluationGroup" value=""/>
<property name="BuiltInVariable" value="true"/>
<property name="VariableValue" value=""/>
<property name="ResetOn" value="4"/>
<property name="ResetGroupName" value=""/>
</Variable>
<Variable>
<property name="VariableName" value="TOTAL_PAGES"/>
<property name="Expression" value="TOTAL_PAGES"/>
<property name="Function" value="None"/>
<property name="EvaluationTime" value="1"/>
<property name="EvaluationGroup" value=""/>
<property name="BuiltInVariable" value="true"/>
<property name="VariableValue" value=""/>
<property name="ResetOn" value="4"/>
<property name="ResetGroupName" value=""/>
</Variable>
<Variable>
<property name="VariableName" value="DATE"/>
<property name="Expression" value="DATE"/>
<property name="Function" value="None"/>
<property name="EvaluationTime" value="0"/>
<property name="EvaluationGroup" value=""/>
<property name="BuiltInVariable" value="true"/>
<property name="VariableValue" value=""/>
<property name="ResetOn" value="4"/>
<property name="ResetGroupName" value=""/>
</Variable>
<Variable>
<property name="VariableName" value="TOTAL_NET_AMOUNT"/>
<property name="Expression" value="$F{NET_AMOUNT}"/>
<property name="Function" value="Sum"/>
<property name="EvaluationTime" value="0"/>
<property name="EvaluationGroup" value=" "/>
<property name="BuiltInVariable" value="false"/>
<property name="VariableValue" value=""/>
<property name="ResetOn" value="3"/>
<property name="ResetGroupName" value=" "/>
</Variable>
<Variable>
<property name="VariableName" value="TOTAL_NET_GR_AMOUNT"/>
<property name="Expression" value="$F{NET_GR_AMOUNT}"/>
<property name="Function" value="Sum"/>
<property name="EvaluationTime" value="0"/>
<property name="EvaluationGroup" value=" "/>
<property name="BuiltInVariable" value="false"/>
<property name="VariableValue" value=""/>
<property name="ResetOn" value="3"/>
<property name="ResetGroupName" value=" "/>
</Variable>
<Variable>
<property name="VariableName" value="TOTAL_CGST_AMOUNT"/>
<property name="Expression" value="$F{CGST_AMOUNT}"/>
<property name="Function" value="Sum"/>
<property name="EvaluationTime" value="0"/>
<property name="EvaluationGroup" value=" "/>
<property name="BuiltInVariable" value="false"/>
<property name="VariableValue" value=""/>
<property name="ResetOn" value="3"/>
<property name="ResetGroupName" value=" "/>
</Variable>
<Variable>
<property name="VariableName" value="TOTAL_SGST_AMOUNT"/>
<property name="Expression" value="$F{SGST_AMOUNT}"/>
<property name="Function" value="Sum"/>
<property name="EvaluationTime" value="0"/>
<property name="EvaluationGroup" value=" "/>
<property name="BuiltInVariable" value="false"/>
<property name="VariableValue" value=""/>
<property name="ResetOn" value="3"/>
<property name="ResetGroupName" value=" "/>
</Variable>
<Variable>
<property name="VariableName" value="TOTAL_IGST_AMOUNT"/>
<property name="Expression" value="$F{IGST_AMOUNT}"/>
<property name="Function" value="Sum"/>
<property name="EvaluationTime" value="0"/>
<property name="EvaluationGroup" value=" "/>
<property name="BuiltInVariable" value="false"/>
<property name="VariableValue" value=""/>
<property name="ResetOn" value="3"/>
<property name="ResetGroupName" value=" "/>
</Variable>
<Variable>
<property name="VariableName" value="LAST_TOTAL_AMT"/>
<property name="Expression" value="$F{TOTAL_AMOUNT}"/>
<property name="Function" value="Sum"/>
<property name="EvaluationTime" value="0"/>
<property name="EvaluationGroup" value=" "/>
<property name="BuiltInVariable" value="false"/>
<property name="VariableValue" value=""/>
<property name="ResetOn" value="3"/>
<property name="ResetGroupName" value=" "/>
</Variable>
<Variable>
<property name="VariableName" value="TOTAL_RCM_AMOUNT"/>
<property name="Expression" value="$F{RCM_AMOUNT}"/>
<property name="Function" value="Sum"/>
<property name="EvaluationTime" value="0"/>
<property name="EvaluationGroup" value=" "/>
<property name="BuiltInVariable" value="false"/>
<property name="VariableValue" value=""/>
<property name="ResetOn" value="3"/>
<property name="ResetGroupName" value=" "/>
</Variable>
<Variable>
<property name="VariableName" value="TOTAL_CGST_PER"/>
<property name="Expression" value="$F{CGST_PER}"/>
<property name="Function" value="Sum"/>
<property name="EvaluationTime" value="0"/>
<property name="EvaluationGroup" value=" "/>
<property name="BuiltInVariable" value="false"/>
<property name="VariableValue" value=""/>
<property name="ResetOn" value="3"/>
<property name="ResetGroupName" value=" "/>
</Variable>
<Variable>
<property name="VariableName" value="TOTAL_SGST_PER"/>
<property name="Expression" value="$F{SGST_PER}"/>
<property name="Function" value="Sum"/>
<property name="EvaluationTime" value="0"/>
<property name="EvaluationGroup" value=" "/>
<property name="BuiltInVariable" value="false"/>
<property name="VariableValue" value=""/>
<property name="ResetOn" value="3"/>
<property name="ResetGroupName" value=" "/>
</Variable>
<Variable>
<property name="VariableName" value="TOTAL_IGST_PER"/>
<property name="Expression" value="$F{IGST_PER}"/>
<property name="Function" value="Sum"/>
<property name="EvaluationTime" value="0"/>
<property name="EvaluationGroup" value=" "/>
<property name="BuiltInVariable" value="false"/>
<property name="VariableValue" value=""/>
<property name="ResetOn" value="3"/>
<property name="ResetGroupName" value=" "/>
</Variable>
<Variable>
<property name="VariableName" value="TOTAL_RCM_PER"/>
<property name="Expression" value="$F{RCM_PER}"/>
<property name="Function" value="Sum"/>
<property name="EvaluationTime" value="0"/>
<property name="EvaluationGroup" value=" "/>
<property name="BuiltInVariable" value="false"/>
<property name="VariableValue" value=""/>
<property name="ResetOn" value="3"/>
<property name="ResetGroupName" value=" "/>
</Variable>
</Variables>
<Band BandHeight="0" SplitBand="true" BandType="1" BandStartRow="0" BandName="Report Header" GroupExpression="" StartGroupOnNewPage="false" >
</Band>
<Band BandHeight="6" SplitBand="true" BandType="2" BandStartRow="0" BandName="Page Header" GroupExpression="" StartGroupOnNewPage="false" >
<TextField>
<property name="Text" value="INPUT OF CREDIT NOTES"/>
<property name="MultiLine" value="false"/>
<property name="Width" value="21"/>
<property name="PositionX" value="1"/>
<property name="PositionY" value="3"/>
<property name="PrintCondition" value=""/>
<property name="Alignment" value="1"/>
</TextField>
<TextField>
<property name="Text" value="PAGE NO :"/>
<property name="MultiLine" value="false"/>
<property name="Width" value="9"/>
<property name="PositionX" value="68"/>
<property name="PositionY" value="2"/>
<property name="PrintCondition" value=""/>
<property name="Alignment" value="1"/>
</TextField>
<TextField>
<property name="Text" value="________________________________________________________________________________________________________________________"/>
<property name="MultiLine" value="false"/>
<property name="Width" value="120"/>
<property name="PositionX" value="1"/>
<property name="PositionY" value="5"/>
<property name="PrintCondition" value=""/>
<property name="Alignment" value="1"/>
</TextField>
<TextField>
<property name="Text" value="SHRI DINESH MILLS LTD..BARODA."/>
<property name="MultiLine" value="false"/>
<property name="Width" value="30"/>
<property name="PositionX" value="28"/>
<property name="PositionY" value="0"/>
<property name="PrintCondition" value=""/>
<property name="Alignment" value="1"/>
</TextField>
<TextField>
<property name="Text" value="RUN-DATE :"/>
<property name="MultiLine" value="false"/>
<property name="Width" value="10"/>
<property name="PositionX" value="68"/>
<property name="PositionY" value="3"/>
<property name="PrintCondition" value=""/>
<property name="Alignment" value="1"/>
</TextField>
<DBField>
<property name="Text" value="$P{SYS_DATE}"/>
<property name="DataType" value="String"/>
<property name="MultiLine" value="false"/>
<property name="Width" value="15"/>
<property name="PositionX" value="79"/>
<property name="PositionY" value="3"/>
<property name="PrintCondition" value=""/>
<property name="FormatString" value=""/>
<property name="Alignment" value="1"/>
<property name="BlankWhenNull" value="false"/>
<property name="ConvertToWords" value="false"/>
</DBField>
<DBField>
<property name="Text" value="$V{PAGE_NO}"/>
<property name="DataType" value="String"/>
<property name="MultiLine" value="false"/>
<property name="Width" value="5"/>
<property name="PositionX" value="79"/>
<property name="PositionY" value="2"/>
<property name="PrintCondition" value=""/>
<property name="FormatString" value=""/>
<property name="Alignment" value="1"/>
<property name="BlankWhenNull" value="false"/>
<property name="ConvertToWords" value="false"/>
</DBField>
<DBField>
<property name="Text" value="$F{CND_INTERVAL_CAPTION}"/>
<property name="DataType" value="String"/>
<property name="MultiLine" value="false"/>
<property name="Width" value="35"/>
<property name="PositionX" value="28"/>
<property name="PositionY" value="1"/>
<property name="PrintCondition" value=""/>
<property name="FormatString" value=""/>
<property name="Alignment" value="1"/>
<property name="BlankWhenNull" value="false"/>
<property name="ConvertToWords" value="false"/>
</DBField>
</Band>
<Band BandHeight="45" SplitBand="true" BandType="3" BandStartRow="0" BandName="CNH_SUB_ACCOUNT_CODE" GroupExpression="$F{CNH_SUB_ACCOUNT_CODE}" StartGroupOnNewPage="true" >
<TextField>
<property name="Text" value="Account"/>
<property name="MultiLine" value="false"/>
<property name="Width" value="7"/>
<property name="PositionX" value="21"/>
<property name="PositionY" value="35"/>
<property name="PrintCondition" value=""/>
<property name="Alignment" value="1"/>
</TextField>
<TextField>
<property name="Text" value="A/c.Code :"/>
<property name="MultiLine" value="false"/>
<property name="Width" value="10"/>
<property name="PositionX" value="3"/>
<property name="PositionY" value="0"/>
<property name="PrintCondition" value=""/>
<property name="Alignment" value="1"/>
</TextField>
<TextField>
<property name="Text" value="|"/>
<property name="MultiLine" value="false"/>
<property name="Width" value="1"/>
<property name="PositionX" value="84"/>
<property name="PositionY" value="42"/>
<property name="PrintCondition" value=""/>
<property name="Alignment" value="1"/>
</TextField>
<TextField>
<property name="Text" value="|"/>
<property name="MultiLine" value="false"/>
<property name="Width" value="1"/>
<property name="PositionX" value="50"/>
<property name="PositionY" value="42"/>
<property name="PrintCondition" value=""/>
<property name="Alignment" value="1"/>
</TextField>
<TextField>
<property name="Text" value="|"/>
<property name="MultiLine" value="false"/>
<property name="Width" value="1"/>
<property name="PositionX" value="0"/>
<property name="PositionY" value="43"/>
<property name="PrintCondition" value=""/>
<property name="Alignment" value="1"/>
</TextField>
<TextField>
<property name="Text" value="INVOICE"/>
<property name="MultiLine" value="false"/>
<property name="Width" value="7"/>
<property name="PositionX" value="8"/>
<property name="PositionY" value="42"/>
<property name="PrintCondition" value=""/>
<property name="Alignment" value="1"/>
</TextField>
<TextField>
<property name="Text" value="AMOUNT"/>
<property name="MultiLine" value="false"/>
<property name="Width" value="6"/>
<property name="PositionX" value="102"/>
<property name="PositionY" value="43"/>
<property name="PrintCondition" value=""/>
<property name="Alignment" value="1"/>
</TextField>
<TextField>
<property name="Text" value="NET"/>
<property name="MultiLine" value="false"/>
<property name="Width" value="3"/>
<property name="PositionX" value="45"/>
<property name="PositionY" value="42"/>
<property name="PrintCondition" value=""/>
<property name="Alignment" value="1"/>
</TextField>
<TextField>
<property name="Text" value="PER"/>
<property name="MultiLine" value="false"/>
<property name="Width" value="3"/>
<property name="PositionX" value="63"/>
<property name="PositionY" value="43"/>
<property name="PrintCondition" value=""/>
<property name="Alignment" value="1"/>
</TextField>
<TextField>
<property name="Text" value="DATE :"/>
<property name="MultiLine" value="false"/>
<property name="Width" value="6"/>
<property name="PositionX" value="64"/>
<property name="PositionY" value="2"/>
<property name="PrintCondition" value=""/>
<property name="Alignment" value="1"/>
</TextField>
<TextField>
<property name="Text" value="|"/>
<property name="MultiLine" value="false"/>
<property name="Width" value="1"/>
<property name="PositionX" value="6"/>
<property name="PositionY" value="43"/>
<property name="PrintCondition" value=""/>
<property name="Alignment" value="1"/>
</TextField>
<TextField>
<property name="Text" value="|"/>
<property name="MultiLine" value="false"/>
<property name="Width" value="1"/>
<property name="PositionX" value="115"/>
<property name="PositionY" value="42"/>
<property name="PrintCondition" value=""/>
<property name="Alignment" value="1"/>
</TextField>
<TextField>
<property name="Text" value="|"/>
<property name="MultiLine" value="false"/>
<property name="Width" value="1"/>
<property name="PositionX" value="16"/>
<property name="PositionY" value="43"/>
<property name="PrintCondition" value=""/>
<property name="Alignment" value="1"/>
</TextField>
<TextField>
<property name="Text" value="|"/>
<property name="MultiLine" value="false"/>
<property name="Width" value="1"/>
<property name="PositionX" value="77"/>
<property name="PositionY" value="43"/>
<property name="PrintCondition" value=""/>
<property name="Alignment" value="1"/>
</TextField>
<TextField>
<property name="Text" value="___________________________________________________________________________"/>
<property name="MultiLine" value="false"/>
<property name="Width" value="75"/>
<property name="PositionX" value="46"/>
<property name="PositionY" value="21"/>
<property name="PrintCondition" value=""/>
<property name="Alignment" value="1"/>
</TextField>
<TextField>
<property name="Text" value="PER"/>
<property name="MultiLine" value="false"/>
<property name="Width" value="3"/>
<property name="PositionX" value="111"/>
<property name="PositionY" value="43"/>
<property name="PrintCondition" value=""/>
<property name="Alignment" value="1"/>
</TextField>
<TextField>
<property name="Text" value="Name"/>
<property name="MultiLine" value="false"/>
<property name="Width" value="4"/>
<property name="PositionX" value="41"/>
<property name="PositionY" value="14"/>
<property name="PrintCondition" value=""/>
<property name="Alignment" value="1"/>
</TextField>
<TextField>
<property name="Text" value="CGST"/>
<property name="MultiLine" value="false"/>
<property name="Width" value="4"/>
<property name="PositionX" value="62"/>
<property name="PositionY" value="42"/>
<property name="PrintCondition" value=""/>
<property name="Alignment" value="1"/>
</TextField>
<TextField>
<property name="Text" value="NET GR"/>
<property name="MultiLine" value="false"/>
<property name="Width" value="6"/>
<property name="PositionX" value="53"/>
<property name="PositionY" value="42"/>
<property name="PrintCondition" value=""/>
<property name="Alignment" value="1"/>
</TextField>
<TextField>
<property name="Text" value="RCM"/>
<property name="MultiLine" value="false"/>
<property name="Width" value="3"/>
<property name="PositionX" value="119"/>
<property name="PositionY" value="42"/>
<property name="PrintCondition" value=""/>
<property name="Alignment" value="1"/>
</TextField>
<TextField>
<property name="Text" value="|"/>
<property name="MultiLine" value="false"/>
<property name="Width" value="1"/>
<property name="PositionX" value="84"/>
<property name="PositionY" value="43"/>
<property name="PrintCondition" value=""/>
<property name="Alignment" value="1"/>
</TextField>
<TextField>
<property name="Text" value="Internal Auditor"/>
<property name="MultiLine" value="false"/>
<property name="Width" value="16"/>
<property name="PositionX" value="65"/>
<property name="PositionY" value="35"/>
<property name="PrintCondition" value=""/>
<property name="Alignment" value="1"/>
</TextField>
<TextField>
<property name="Text" value="_________________________________________________________________________________________________________________________________________"/>
<property name="MultiLine" value="false"/>
<property name="Width" value="137"/>
<property name="PositionX" value="0"/>
<property name="PositionY" value="44"/>
<property name="PrintCondition" value=""/>
<property name="Alignment" value="1"/>
</TextField>
<TextField>
<property name="Text" value="___________________________________________________________________________"/>
<property name="MultiLine" value="false"/>
<property name="Width" value="75"/>
<property name="PositionX" value="46"/>
<property name="PositionY" value="11"/>
<property name="PrintCondition" value=""/>
<property name="Alignment" value="1"/>
</TextField>
<TextField>
<property name="Text" value="|"/>
<property name="MultiLine" value="false"/>
<property name="Width" value="1"/>
<property name="PositionX" value="100"/>
<property name="PositionY" value="43"/>
<property name="PrintCondition" value=""/>
<property name="Alignment" value="1"/>
</TextField>
<TextField>
<property name="Text" value="RCM"/>
<property name="MultiLine" value="false"/>
<property name="Width" value="3"/>
<property name="PositionX" value="111"/>
<property name="PositionY" value="42"/>
<property name="PrintCondition" value=""/>
<property name="Alignment" value="1"/>
</TextField>
<TextField>
<property name="Text" value="___________________________________________________________________________"/>
<property name="MultiLine" value="false"/>
<property name="Width" value="75"/>
<property name="PositionX" value="46"/>
<property name="PositionY" value="23"/>
<property name="PrintCondition" value=""/>
<property name="Alignment" value="1"/>
</TextField>
<TextField>
<property name="Text" value="SGST"/>
<property name="MultiLine" value="false"/>
<property name="Width" value="4"/>
<property name="PositionX" value="79"/>
<property name="PositionY" value="42"/>
<property name="PrintCondition" value=""/>
<property name="Alignment" value="1"/>
</TextField>
<TextField>
<property name="Text" value="|"/>
<property name="MultiLine" value="false"/>
<property name="Width" value="1"/>
<property name="PositionX" value="68"/>
<property name="PositionY" value="43"/>
<property name="PrintCondition" value=""/>
<property name="Alignment" value="1"/>
</TextField>
<TextField>
<property name="Text" value="|"/>
<property name="MultiLine" value="false"/>
<property name="Width" value="1"/>
<property name="PositionX" value="61"/>
<property name="PositionY" value="42"/>
<property name="PrintCondition" value=""/>
<property name="Alignment" value="1"/>
</TextField>
<TextField>
<property name="Text" value="Amount Rs."/>
<property name="MultiLine" value="false"/>
<property name="Width" value="10"/>
<property name="PositionX" value="35"/>
<property name="PositionY" value="18"/>
<property name="PrintCondition" value=""/>
<property name="Alignment" value="1"/>
</TextField>
<TextField>
<property name="Text" value="INVOICE "/>
<property name="MultiLine" value="false"/>
<property name="Width" value="8"/>
<property name="PositionX" value="18"/>
<property name="PositionY" value="42"/>
<property name="PrintCondition" value=""/>
<property name="Alignment" value="1"/>
</TextField>
<TextField>
<property name="Text" value="IGST"/>
<property name="MultiLine" value="false"/>
<property name="Width" value="4"/>
<property name="PositionX" value="95"/>
<property name="PositionY" value="42"/>
<property name="PrintCondition" value=""/>
<property name="Alignment" value="1"/>
</TextField>
<TextField>
<property name="Text" value="CGST"/>
<property name="MultiLine" value="false"/>
<property name="Width" value="4"/>
<property name="PositionX" value="71"/>
<property name="PositionY" value="42"/>
<property name="PrintCondition" value=""/>
<property name="Alignment" value="1"/>
</TextField>
<TextField>
<property name="Text" value="|"/>
<property name="MultiLine" value="false"/>
<property name="Width" value="1"/>
<property name="PositionX" value="68"/>
<property name="PositionY" value="42"/>
<property name="PrintCondition" value=""/>
<property name="Alignment" value="1"/>
</TextField>
<TextField>
<property name="Text" value="___________________________________________________________________________"/>
<property name="MultiLine" value="false"/>
<property name="Width" value="75"/>
<property name="PositionX" value="46"/>
<property name="PositionY" value="25"/>
<property name="PrintCondition" value=""/>
<property name="Alignment" value="1"/>
</TextField>
<TextField>
<property name="Text" value="SGST"/>
<property name="MultiLine" value="false"/>
<property name="Width" value="4"/>
<property name="PositionX" value="87"/>
<property name="PositionY" value="42"/>
<property name="PrintCondition" value=""/>
<property name="Alignment" value="1"/>
</TextField>
<TextField>
<property name="Text" value="AMOUNT"/>
<property name="MultiLine" value="false"/>
<property name="Width" value="6"/>
<property name="PositionX" value="118"/>
<property name="PositionY" value="43"/>
<property name="PrintCondition" value=""/>
<property name="Alignment" value="1"/>
</TextField>
<TextField>
<property name="Text" value="PER"/>
<property name="MultiLine" value="false"/>
<property name="Width" value="3"/>
<property name="PositionX" value="79"/>
<property name="PositionY" value="43"/>
<property name="PrintCondition" value=""/>
<property name="Alignment" value="1"/>
</TextField>
<TextField>
<property name="Text" value="210027"/>
<property name="MultiLine" value="false"/>
<property name="Width" value="6"/>
<property name="PositionX" value="14"/>
<property name="PositionY" value="0"/>
<property name="PrintCondition" value=""/>
<property name="Alignment" value="1"/>
</TextField>
<TextField>
<property name="Text" value="|"/>
<property name="MultiLine" value="false"/>
<property name="Width" value="1"/>
<property name="PositionX" value="125"/>
<property name="PositionY" value="42"/>
<property name="PrintCondition" value=""/>
<property name="Alignment" value="1"/>
</TextField>
<TextField>
<property name="Text" value="MAIN CODE"/>
<property name="MultiLine" value="false"/>
<property name="Width" value="9"/>
<property name="PositionX" value="46"/>
<property name="PositionY" value="4"/>
<property name="PrintCondition" value=""/>
<property name="Alignment" value="1"/>
</TextField>
<TextField>
<property name="Text" value="|"/>
<property name="MultiLine" value="false"/>
<property name="Width" value="1"/>
<property name="PositionX" value="27"/>
<property name="PositionY" value="43"/>
<property name="PrintCondition" value=""/>
<property name="Alignment" value="1"/>
</TextField>
<TextField>
<property name="Text" value="PER"/>
<property name="MultiLine" value="false"/>
<property name="Width" value="3"/>
<property name="PositionX" value="95"/>
<property name="PositionY" value="43"/>
<property name="PrintCondition" value=""/>
<property name="Alignment" value="1"/>
</TextField>
<TextField>
<property name="Text" value="|"/>
<property name="MultiLine" value="false"/>
<property name="Width" value="1"/>
<property name="PositionX" value="115"/>
<property name="PositionY" value="43"/>
<property name="PrintCondition" value=""/>
<property name="Alignment" value="1"/>
</TextField>
<TextField>
<property name="Text" value="___________________________________________________________________________"/>
<property name="MultiLine" value="false"/>
<property name="Width" value="75"/>
<property name="PositionX" value="46"/>
<property name="PositionY" value="13"/>
<property name="PrintCondition" value=""/>
<property name="Alignment" value="1"/>
</TextField>
<TextField>
<property name="Text" value="|"/>
<property name="MultiLine" value="false"/>
<property name="Width" value="1"/>
<property name="PositionX" value="50"/>
<property name="PositionY" value="43"/>
<property name="PrintCondition" value=""/>
<property name="Alignment" value="1"/>
</TextField>
<TextField>
<property name="Text" value="________________________________________________________________________________________________________________________"/>
<property name="MultiLine" value="false"/>
<property name="Width" value="120"/>
<property name="PositionX" value="1"/>
<property name="PositionY" value="3"/>
<property name="PrintCondition" value=""/>
<property name="Alignment" value="1"/>
</TextField>
<TextField>
<property name="Text" value="________________________________________________________________________________________________________________________"/>
<property name="MultiLine" value="false"/>
<property name="Width" value="120"/>
<property name="PositionX" value="1"/>
<property name="PositionY" value="33"/>
<property name="PrintCondition" value=""/>
<property name="Alignment" value="1"/>
</TextField>
<TextField>
<property name="Text" value="AMOUNT"/>
<property name="MultiLine" value="false"/>
<property name="Width" value="6"/>
<property name="PositionX" value="129"/>
<property name="PositionY" value="43"/>
<property name="PrintCondition" value=""/>
<property name="Alignment" value="1"/>
</TextField>
<TextField>
<property name="Text" value="|"/>
<property name="MultiLine" value="false"/>
<property name="Width" value="1"/>
<property name="PositionX" value="77"/>
<property name="PositionY" value="42"/>
<property name="PrintCondition" value=""/>
<property name="Alignment" value="1"/>
</TextField>
<TextField>
<property name="Text" value="Inward No And Date"/>
<property name="MultiLine" value="false"/>
<property name="Width" value="18"/>
<property name="PositionX" value="27"/>
<property name="PositionY" value="24"/>
<property name="PrintCondition" value=""/>
<property name="Alignment" value="1"/>
</TextField>
<TextField>
<property name="Text" value="|"/>
<property name="MultiLine" value="false"/>
<property name="Width" value="1"/>
<property name="PositionX" value="0"/>
<property name="PositionY" value="42"/>
<property name="PrintCondition" value=""/>
<property name="Alignment" value="1"/>
</TextField>
<TextField>
<property name="Text" value="|"/>
<property name="MultiLine" value="false"/>
<property name="Width" value="1"/>
<property name="PositionX" value="109"/>
<property name="PositionY" value="42"/>
<property name="PrintCondition" value=""/>
<property name="Alignment" value="1"/>
</TextField>
<TextField>
<property name="Text" value="|"/>
<property name="MultiLine" value="false"/>
<property name="Width" value="1"/>
<property name="PositionX" value="125"/>
<property name="PositionY" value="43"/>
<property name="PrintCondition" value=""/>
<property name="Alignment" value="1"/>
</TextField>
<TextField>
<property name="Text" value="___________________________________________________________________________"/>
<property name="MultiLine" value="false"/>
<property name="Width" value="75"/>
<property name="PositionX" value="46"/>
<property name="PositionY" value="7"/>
<property name="PrintCondition" value=""/>
<property name="Alignment" value="1"/>
</TextField>
<TextField>
<property name="Text" value="Bill No. As Per The Following"/>
<property name="MultiLine" value="false"/>
<property name="Width" value="29"/>
<property name="PositionX" value="16"/>
<property name="PositionY" value="12"/>
<property name="PrintCondition" value=""/>
<property name="Alignment" value="1"/>
</TextField>
<TextField>
<property name="Text" value="NO"/>
<property name="MultiLine" value="false"/>
<property name="Width" value="2"/>
<property name="PositionX" value="8"/>
<property name="PositionY" value="43"/>
<property name="PrintCondition" value=""/>
<property name="Alignment" value="1"/>
</TextField>
<TextField>
<property name="Text" value="Forwarded To"/>
<property name="MultiLine" value="false"/>
<property name="Width" value="12"/>
<property name="PositionX" value="66"/>
<property name="PositionY" value="30"/>
<property name="PrintCondition" value=""/>
<property name="Alignment" value="1"/>
</TextField>
<TextField>
<property name="Text" value="IGST"/>
<property name="MultiLine" value="false"/>
<property name="Width" value="4"/>
<property name="PositionX" value="103"/>
<property name="PositionY" value="42"/>
<property name="PrintCondition" value=""/>
<property name="Alignment" value="1"/>
</TextField>
<TextField>
<property name="Text" value="Goods Return"/>
<property name="MultiLine" value="false"/>
<property name="Width" value="12"/>
<property name="PositionX" value="46"/>
<property name="PositionY" value="10"/>
<property name="PrintCondition" value=""/>
<property name="Alignment" value="1"/>
</TextField>
<TextField>
<property name="Text" value="TOTAL Rs."/>
<property name="MultiLine" value="false"/>
<property name="Width" value="9"/>
<property name="PositionX" value="51"/>
<property name="PositionY" value="27"/>
<property name="PrintCondition" value=""/>
<property name="Alignment" value="1"/>
</TextField>
<TextField>
<property name="Text" value="|"/>
<property name="MultiLine" value="false"/>
<property name="Width" value="1"/>
<property name="PositionX" value="39"/>
<property name="PositionY" value="43"/>
<property name="PrintCondition" value=""/>
<property name="Alignment" value="1"/>
</TextField>
<TextField>
<property name="Text" value="Checked By"/>
<property name="MultiLine" value="false"/>
<property name="Width" value="10"/>
<property name="PositionX" value="28"/>
<property name="PositionY" value="30"/>
<property name="PrintCondition" value=""/>
<property name="Alignment" value="1"/>
</TextField>
<TextField>
<property name="Text" value="AMOUNT"/>
<property name="MultiLine" value="false"/>
<property name="Width" value="6"/>
<property name="PositionX" value="70"/>
<property name="PositionY" value="43"/>
<property name="PrintCondition" value=""/>
<property name="Alignment" value="1"/>
</TextField>
<TextField>
<property name="Text" value="HSN"/>
<property name="MultiLine" value="false"/>
<property name="Width" value="3"/>
<property name="PositionX" value="2"/>
<property name="PositionY" value="42"/>
<property name="PrintCondition" value=""/>
<property name="Alignment" value="1"/>
</TextField>
<TextField>
<property name="Text" value="|"/>
<property name="MultiLine" value="false"/>
<property name="Width" value="1"/>
<property name="PositionX" value="27"/>
<property name="PositionY" value="42"/>
<property name="PrintCondition" value=""/>
<property name="Alignment" value="1"/>
</TextField>
<TextField>
<property name="Text" value="Reason For Cr.Note And Varibale For The Same"/>
<property name="MultiLine" value="false"/>
<property name="Width" value="44"/>
<property name="PositionX" value="1"/>
<property name="PositionY" value="6"/>
<property name="PrintCondition" value=""/>
<property name="Alignment" value="1"/>
</TextField>
<TextField>
<property name="Text" value="___________________________________________________________________________"/>
<property name="MultiLine" value="false"/>
<property name="Width" value="75"/>
<property name="PositionX" value="46"/>
<property name="PositionY" value="9"/>
<property name="PrintCondition" value=""/>
<property name="Alignment" value="1"/>
</TextField>
<TextField>
<property name="Text" value="|"/>
<property name="MultiLine" value="false"/>
<property name="Width" value="1"/>
<property name="PositionX" value="93"/>
<property name="PositionY" value="43"/>
<property name="PrintCondition" value=""/>
<property name="Alignment" value="1"/>
</TextField>
<TextField>
<property name="Text" value="Charge Code"/>
<property name="MultiLine" value="false"/>
<property name="Width" value="11"/>
<property name="PositionX" value="34"/>
<property name="PositionY" value="22"/>
<property name="PrintCondition" value=""/>
<property name="Alignment" value="1"/>
</TextField>
<TextField>
<property name="Text" value="TOTAL"/>
<property name="MultiLine" value="false"/>
<property name="Width" value="5"/>
<property name="PositionX" value="129"/>
<property name="PositionY" value="42"/>
<property name="PrintCondition" value=""/>
<property name="Alignment" value="1"/>
</TextField>
<TextField>
<property name="Text" value="NO"/>
<property name="MultiLine" value="false"/>
<property name="Width" value="2"/>
<property name="PositionX" value="2"/>
<property name="PositionY" value="43"/>
<property name="PrintCondition" value=""/>
<property name="Alignment" value="1"/>
</TextField>
<TextField>
<property name="Text" value="AMOUNT Rs."/>
<property name="MultiLine" value="false"/>
<property name="Width" value="10"/>
<property name="PositionX" value="60"/>
<property name="PositionY" value="4"/>
<property name="PrintCondition" value=""/>
<property name="Alignment" value="1"/>
</TextField>
<TextField>
<property name="Text" value="___________________________________________________________________________"/>
<property name="MultiLine" value="false"/>
<property name="Width" value="75"/>
<property name="PositionX" value="46"/>
<property name="PositionY" value="19"/>
<property name="PrintCondition" value=""/>
<property name="Alignment" value="1"/>
</TextField>
<TextField>
<property name="Text" value="305011"/>
<property name="MultiLine" value="false"/>
<property name="Width" value="6"/>
<property name="PositionX" value="46"/>
<property name="PositionY" value="6"/>
<property name="PrintCondition" value=""/>
<property name="Alignment" value="1"/>
</TextField>
<TextField>
<property name="Text" value="|"/>
<property name="MultiLine" value="false"/>
<property name="Width" value="1"/>
<property name="PositionX" value="100"/>
<property name="PositionY" value="42"/>
<property name="PrintCondition" value=""/>
<property name="Alignment" value="1"/>
</TextField>
<TextField>
<property name="Text" value="Party Code :"/>
<property name="MultiLine" value="false"/>
<property name="Width" value="12"/>
<property name="PositionX" value="1"/>
<property name="PositionY" value="2"/>
<property name="PrintCondition" value=""/>
<property name="Alignment" value="1"/>
</TextField>
<TextField>
<property name="Text" value="Place"/>
<property name="MultiLine" value="false"/>
<property name="Width" value="5"/>
<property name="PositionX" value="40"/>
<property name="PositionY" value="20"/>
<property name="PrintCondition" value=""/>
<property name="Alignment" value="1"/>
</TextField>
<TextField>
<property name="Text" value="LINK NO"/>
<property name="MultiLine" value="false"/>
<property name="Width" value="7"/>
<property name="PositionX" value="29"/>
<property name="PositionY" value="42"/>
<property name="PrintCondition" value=""/>
<property name="Alignment" value="1"/>
</TextField>
<TextField>
<property name="Text" value="Draft Cr.Note No :"/>
<property name="MultiLine" value="false"/>
<property name="Width" value="18"/>
<property name="PositionX" value="52"/>
<property name="PositionY" value="0"/>
<property name="PrintCondition" value=""/>
<property name="Alignment" value="1"/>
</TextField>
<TextField>
<property name="Text" value="_________________________________________________________________________________________________________________________________________"/>
<property name="MultiLine" value="false"/>
<property name="Width" value="137"/>
<property name="PositionX" value="0"/>
<property name="PositionY" value="41"/>
<property name="PrintCondition" value=""/>
<property name="Alignment" value="1"/>
</TextField>
<TextField>
<property name="Text" value="Prepared By"/>
<property name="MultiLine" value="false"/>
<property name="Width" value="11"/>
<property name="PositionX" value="2"/>
<property name="PositionY" value="30"/>
<property name="PrintCondition" value=""/>
<property name="Alignment" value="1"/>
</TextField>
<TextField>
<property name="Text" value="Percentage"/>
<property name="MultiLine" value="false"/>
<property name="Width" value="10"/>
<property name="PositionX" value="35"/>
<property name="PositionY" value="16"/>
<property name="PrintCondition" value=""/>
<property name="Alignment" value="1"/>
</TextField>
<TextField>
<property name="Text" value="|"/>
<property name="MultiLine" value="false"/>
<property name="Width" value="1"/>
<property name="PositionX" value="93"/>
<property name="PositionY" value="42"/>
<property name="PrintCondition" value=""/>
<property name="Alignment" value="1"/>
</TextField>
<TextField>
<property name="Text" value="TR 14"/>
<property name="MultiLine" value="false"/>
<property name="Width" value="5"/>
<property name="PositionX" value="34"/>
<property name="PositionY" value="1"/>
<property name="PrintCondition" value=""/>
<property name="Alignment" value="1"/>
</TextField>
<TextField>
<property name="Text" value="___________________________________________________________________________"/>
<property name="MultiLine" value="false"/>
<property name="Width" value="75"/>
<property name="PositionX" value="46"/>
<property name="PositionY" value="15"/>
<property name="PrintCondition" value=""/>
<property name="Alignment" value="1"/>
</TextField>
<TextField>
<property name="Text" value=" AMOUNT"/>
<property name="MultiLine" value="false"/>
<property name="Width" value="7"/>
<property name="PositionX" value="53"/>
<property name="PositionY" value="43"/>
<property name="PrintCondition" value=""/>
<property name="Alignment" value="1"/>
</TextField>
<TextField>
<property name="Text" value="|"/>
<property name="MultiLine" value="false"/>
<property name="Width" value="1"/>
<property name="PositionX" value="6"/>
<property name="PositionY" value="42"/>
<property name="PrintCondition" value=""/>
<property name="Alignment" value="1"/>
</TextField>
<TextField>
<property name="Text" value="CMD"/>
<property name="MultiLine" value="false"/>
<property name="Width" value="3"/>
<property name="PositionX" value="71"/>
<property name="PositionY" value="39"/>
<property name="PrintCondition" value=""/>
<property name="Alignment" value="3"/>
</TextField>
<TextField>
<property name="Text" value="DATE"/>
<property name="MultiLine" value="false"/>
<property name="Width" value="4"/>
<property name="PositionX" value="18"/>
<property name="PositionY" value="43"/>
<property name="PrintCondition" value=""/>
<property name="Alignment" value="1"/>
</TextField>
<TextField>
<property name="Text" value="|"/>
<property name="MultiLine" value="false"/>
<property name="Width" value="1"/>
<property name="PositionX" value="61"/>
<property name="PositionY" value="43"/>
<property name="PrintCondition" value=""/>
<property name="Alignment" value="1"/>
</TextField>
<TextField>
<property name="Text" value="AMOUNT"/>
<property name="MultiLine" value="false"/>
<property name="Width" value="6"/>
<property name="PositionX" value="43"/>
<property name="PositionY" value="43"/>
<property name="PrintCondition" value=""/>
<property name="Alignment" value="1"/>
</TextField>
<TextField>
<property name="Text" value="|"/>
<property name="MultiLine" value="false"/>
<property name="Width" value="1"/>
<property name="PositionX" value="109"/>
<property name="PositionY" value="43"/>
<property name="PrintCondition" value=""/>
<property name="Alignment" value="1"/>
</TextField>
<TextField>
<property name="Text" value="Variables "/>
<property name="MultiLine" value="false"/>
<property name="Width" value="10"/>
<property name="PositionX" value="35"/>
<property name="PositionY" value="10"/>
<property name="PrintCondition" value=""/>
<property name="Alignment" value="1"/>
</TextField>
<TextField>
<property name="Text" value="|"/>
<property name="MultiLine" value="false"/>
<property name="Width" value="1"/>
<property name="PositionX" value="16"/>
<property name="PositionY" value="42"/>
<property name="PrintCondition" value=""/>
<property name="Alignment" value="1"/>
</TextField>
<TextField>
<property name="Text" value="Sales"/>
<property name="MultiLine" value="false"/>
<property name="Width" value="5"/>
<property name="PositionX" value="2"/>
<property name="PositionY" value="35"/>
<property name="PrintCondition" value=""/>
<property name="Alignment" value="1"/>
</TextField>
<TextField>
<property name="Text" value="Reason Code 28"/>
<property name="MultiLine" value="false"/>
<property name="Width" value="14"/>
<property name="PositionX" value="31"/>
<property name="PositionY" value="8"/>
<property name="PrintCondition" value=""/>
<property name="Alignment" value="1"/>
</TextField>
<TextField>
<property name="Text" value="___________________________________________________________________________"/>
<property name="MultiLine" value="false"/>
<property name="Width" value="75"/>
<property name="PositionX" value="46"/>
<property name="PositionY" value="17"/>
<property name="PrintCondition" value=""/>
<property name="Alignment" value="1"/>
</TextField>
<TextField>
<property name="Text" value="AMOUNT"/>
<property name="MultiLine" value="false"/>
<property name="Width" value="6"/>
<property name="PositionX" value="86"/>
<property name="PositionY" value="43"/>
<property name="PrintCondition" value=""/>
<property name="Alignment" value="1"/>
</TextField>
<TextField>
<property name="Text" value="|"/>
<property name="MultiLine" value="false"/>
<property name="Width" value="1"/>
<property name="PositionX" value="39"/>
<property name="PositionY" value="42"/>
<property name="PrintCondition" value=""/>
<property name="Alignment" value="1"/>
</TextField>
<DBField>
<property name="Text" value="$F{GRCR_NO}"/>
<property name="DataType" value="String"/>
<property name="MultiLine" value="false"/>
<property name="Width" value="12"/>
<property name="PositionX" value="71"/>
<property name="PositionY" value="0"/>
<property name="PrintCondition" value=""/>
<property name="FormatString" value=""/>
<property name="Alignment" value="1"/>
<property name="BlankWhenNull" value="false"/>
<property name="ConvertToWords" value="false"/>
</DBField>
<DBField>
<property name="Text" value="$F{CNH_PERCENT}"/>
<property name="DataType" value="Numeric"/>
<property name="MultiLine" value="false"/>
<property name="Width" value="5"/>
<property name="PositionX" value="46"/>
<property name="PositionY" value="16"/>
<property name="PrintCondition" value=""/>
<property name="FormatString" value="##0.00"/>
<property name="Alignment" value="1"/>
<property name="BlankWhenNull" value="false"/>
<property name="ConvertToWords" value="false"/>
</DBField>
<DBField>
<property name="Text" value="$F{CITY}"/>
<property name="DataType" value="String"/>
<property name="MultiLine" value="false"/>
<property name="Width" value="25"/>
<property name="PositionX" value="46"/>
<property name="PositionY" value="20"/>
<property name="PrintCondition" value=""/>
<property name="FormatString" value=""/>
<property name="Alignment" value="1"/>
<property name="BlankWhenNull" value="false"/>
<property name="ConvertToWords" value="false"/>
</DBField>
<DBField>
<property name="Text" value="$F{TOTAL_AMOUNT}"/>
<property name="DataType" value="Numeric"/>
<property name="MultiLine" value="false"/>
<property name="Width" value="75"/>
<property name="PositionX" value="46"/>
<property name="PositionY" value="18"/>
<property name="PrintCondition" value=""/>
<property name="FormatString" value="##0.00"/>
<property name="Alignment" value="1"/>
<property name="BlankWhenNull" value="false"/>
<property name="ConvertToWords" value="true"/>
</DBField>
<DBField>
<property name="Text" value="$F{INWARD_NO}"/>
<property name="DataType" value="String"/>
<property name="MultiLine" value="false"/>
<property name="Width" value="10"/>
<property name="PositionX" value="46"/>
<property name="PositionY" value="24"/>
<property name="PrintCondition" value=""/>
<property name="FormatString" value=""/>
<property name="Alignment" value="1"/>
<property name="BlankWhenNull" value="false"/>
<property name="ConvertToWords" value="false"/>
</DBField>
<DBField>
<property name="Text" value="$F{GRCN_DATE}"/>
<property name="DataType" value="Date"/>
<property name="MultiLine" value="false"/>
<property name="Width" value="12"/>
<property name="PositionX" value="71"/>
<property name="PositionY" value="2"/>
<property name="PrintCondition" value=""/>
<property name="FormatString" value="00/00/0000"/>
<property name="Alignment" value="1"/>
<property name="BlankWhenNull" value="false"/>
<property name="ConvertToWords" value="false"/>
</DBField>
<DBField>
<property name="Text" value="$F{PARTY_CODE}"/>
<property name="DataType" value="String"/>
<property name="MultiLine" value="false"/>
<property name="Width" value="12"/>
<property name="PositionX" value="14"/>
<property name="PositionY" value="2"/>
<property name="PrintCondition" value=""/>
<property name="FormatString" value=""/>
<property name="Alignment" value="1"/>
<property name="BlankWhenNull" value="false"/>
<property name="ConvertToWords" value="false"/>
</DBField>
<DBField>
<property name="Text" value="$F{TOTAL_AMOUNT}"/>
<property name="DataType" value="Numeric"/>
<property name="MultiLine" value="false"/>
<property name="Width" value="12"/>
<property name="PositionX" value="60"/>
<property name="PositionY" value="6"/>
<property name="PrintCondition" value=""/>
<property name="FormatString" value="##0.00"/>
<property name="Alignment" value="3"/>
<property name="BlankWhenNull" value="false"/>
<property name="ConvertToWords" value="false"/>
</DBField>
<DBField>
<property name="Text" value="$F{CNH_CREDIT_AMOUNT}"/>
<property name="DataType" value="Numeric"/>
<property name="MultiLine" value="false"/>
<property name="Width" value="12"/>
<property name="PositionX" value="61"/>
<property name="PositionY" value="27"/>
<property name="PrintCondition" value=""/>
<property name="FormatString" value="##0.00"/>
<property name="Alignment" value="1"/>
<property name="BlankWhenNull" value="false"/>
<property name="ConvertToWords" value="false"/>
</DBField>
<DBField>
<property name="Text" value="$F{INWARD_DATE}"/>
<property name="DataType" value="Date"/>
<property name="MultiLine" value="false"/>
<property name="Width" value="12"/>
<property name="PositionX" value="58"/>
<property name="PositionY" value="24"/>
<property name="PrintCondition" value=""/>
<property name="FormatString" value=""/>
<property name="Alignment" value="1"/>
<property name="BlankWhenNull" value="false"/>
<property name="ConvertToWords" value="false"/>
</DBField>
<DBField>
<property name="Text" value="$F{PARTY_NAME}"/>
<property name="DataType" value="String"/>
<property name="MultiLine" value="false"/>
<property name="Width" value="40"/>
<property name="PositionX" value="46"/>
<property name="PositionY" value="14"/>
<property name="PrintCondition" value=""/>
<property name="FormatString" value=""/>
<property name="Alignment" value="1"/>
<property name="BlankWhenNull" value="false"/>
<property name="ConvertToWords" value="false"/>
</DBField>
</Band>
<Band BandHeight="1" SplitBand="true" BandType="4" BandStartRow="0" BandName="Detail" GroupExpression="" StartGroupOnNewPage="false" >
<DBField>
<property name="Text" value="$F{INVOICE_NO}"/>
<property name="DataType" value="String"/>
<property name="MultiLine" value="false"/>
<property name="Width" value="6"/>
<property name="PositionX" value="8"/>
<property name="PositionY" value="0"/>
<property name="PrintCondition" value=""/>
<property name="FormatString" value=""/>
<property name="Alignment" value="3"/>
<property name="BlankWhenNull" value="false"/>
<property name="ConvertToWords" value="false"/>
</DBField>
<DBField>
<property name="Text" value="$F{LINK_NO}"/>
<property name="DataType" value="Numeric"/>
<property name="MultiLine" value="false"/>
<property name="Width" value="12"/>
<property name="PositionX" value="28"/>
<property name="PositionY" value="0"/>
<property name="PrintCondition" value=""/>
<property name="FormatString" value=""/>
<property name="Alignment" value="3"/>
<property name="BlankWhenNull" value="false"/>
<property name="ConvertToWords" value="false"/>
</DBField>
<DBField>
<property name="Text" value="$F{CGST_PER}"/>
<property name="DataType" value="Numeric"/>
<property name="MultiLine" value="false"/>
<property name="Width" value="5"/>
<property name="PositionX" value="62"/>
<property name="PositionY" value="0"/>
<property name="PrintCondition" value=""/>
<property name="FormatString" value="#0.00"/>
<property name="Alignment" value="2"/>
<property name="BlankWhenNull" value="false"/>
<property name="ConvertToWords" value="false"/>
</DBField>
<DBField>
<property name="Text" value="$F{HSN_NO}"/>
<property name="DataType" value="String"/>
<property name="MultiLine" value="false"/>
<property name="Width" value="4"/>
<property name="PositionX" value="2"/>
<property name="PositionY" value="0"/>
<property name="PrintCondition" value=""/>
<property name="FormatString" value=""/>
<property name="Alignment" value="3"/>
<property name="BlankWhenNull" value="false"/>
<property name="ConvertToWords" value="false"/>
</DBField>
<DBField>
<property name="Text" value="$F{INVOICE_DATE}"/>
<property name="DataType" value="Date"/>
<property name="MultiLine" value="false"/>
<property name="Width" value="10"/>
<property name="PositionX" value="17"/>
<property name="PositionY" value="0"/>
<property name="PrintCondition" value=""/>
<property name="FormatString" value="00/00/0000"/>
<property name="Alignment" value="2"/>
<property name="BlankWhenNull" value="false"/>
<property name="ConvertToWords" value="false"/>
</DBField>
<DBField>
<property name="Text" value="$F{NET_GR_AMOUNT}"/>
<property name="DataType" value="Numeric"/>
<property name="MultiLine" value="false"/>
<property name="Width" value="10"/>
<property name="PositionX" value="50"/>
<property name="PositionY" value="0"/>
<property name="PrintCondition" value=""/>
<property name="FormatString" value="#0.00"/>
<property name="Alignment" value="2"/>
<property name="BlankWhenNull" value="false"/>
<property name="ConvertToWords" value="false"/>
</DBField>
<DBField>
<property name="Text" value="$F{CGST_AMOUNT}"/>
<property name="DataType" value="Numeric"/>
<property name="MultiLine" value="false"/>
<property name="Width" value="8"/>
<property name="PositionX" value="68"/>
<property name="PositionY" value="0"/>
<property name="PrintCondition" value=""/>
<property name="FormatString" value="#0.00"/>
<property name="Alignment" value="2"/>
<property name="BlankWhenNull" value="false"/>
<property name="ConvertToWords" value="false"/>
</DBField>
<DBField>
<property name="Text" value="$F{NET_AMOUNT}"/>
<property name="DataType" value="Numeric"/>
<property name="MultiLine" value="false"/>
<property name="Width" value="8"/>
<property name="PositionX" value="41"/>
<property name="PositionY" value="0"/>
<property name="PrintCondition" value=""/>
<property name="FormatString" value="#0.00"/>
<property name="Alignment" value="2"/>
<property name="BlankWhenNull" value="false"/>
<property name="ConvertToWords" value="false"/>
</DBField>
<DBField>
<property name="Text" value="$F{RCM_AMOUNT}"/>
<property name="DataType" value="Numeric"/>
<property name="MultiLine" value="false"/>
<property name="Width" value="8"/>
<property name="PositionX" value="116"/>
<property name="PositionY" value="0"/>
<property name="PrintCondition" value=""/>
<property name="FormatString" value="#0.00"/>
<property name="Alignment" value="2"/>
<property name="BlankWhenNull" value="false"/>
<property name="ConvertToWords" value="false"/>
</DBField>
<DBField>
<property name="Text" value="$F{IGST_PER}"/>
<property name="DataType" value="Numeric"/>
<property name="MultiLine" value="false"/>
<property name="Width" value="5"/>
<property name="PositionX" value="94"/>
<property name="PositionY" value="0"/>
<property name="PrintCondition" value=""/>
<property name="FormatString" value="#0.00"/>
<property name="Alignment" value="2"/>
<property name="BlankWhenNull" value="false"/>
<property name="ConvertToWords" value="false"/>
</DBField>
<DBField>
<property name="Text" value="$F{RCM_PER}"/>
<property name="DataType" value="Numeric"/>
<property name="MultiLine" value="false"/>
<property name="Width" value="5"/>
<property name="PositionX" value="110"/>
<property name="PositionY" value="0"/>
<property name="PrintCondition" value=""/>
<property name="FormatString" value="#0.00"/>
<property name="Alignment" value="2"/>
<property name="BlankWhenNull" value="false"/>
<property name="ConvertToWords" value="false"/>
</DBField>
<DBField>
<property name="Text" value="$F{IGST_AMOUNT}"/>
<property name="DataType" value="Numeric"/>
<property name="MultiLine" value="false"/>
<property name="Width" value="8"/>
<property name="PositionX" value="100"/>
<property name="PositionY" value="0"/>
<property name="PrintCondition" value=""/>
<property name="FormatString" value="#0.00"/>
<property name="Alignment" value="2"/>
<property name="BlankWhenNull" value="false"/>
<property name="ConvertToWords" value="false"/>
</DBField>
<DBField>
<property name="Text" value="$F{CGST_PER}"/>
<property name="DataType" value="Numeric"/>
<property name="MultiLine" value="false"/>
<property name="Width" value="5"/>
<property name="PositionX" value="78"/>
<property name="PositionY" value="0"/>
<property name="PrintCondition" value=""/>
<property name="FormatString" value="#0.00"/>
<property name="Alignment" value="2"/>
<property name="BlankWhenNull" value="false"/>
<property name="ConvertToWords" value="false"/>
</DBField>
<DBField>
<property name="Text" value="$F{SGST_AMOUNT}"/>
<property name="DataType" value="Numeric"/>
<property name="MultiLine" value="false"/>
<property name="Width" value="8"/>
<property name="PositionX" value="84"/>
<property name="PositionY" value="0"/>
<property name="PrintCondition" value=""/>
<property name="FormatString" value="#0.00"/>
<property name="Alignment" value="2"/>
<property name="BlankWhenNull" value="false"/>
<property name="ConvertToWords" value="false"/>
</DBField>
<DBField>
<property name="Text" value="$F{TOTAL_AMOUNT}"/>
<property name="DataType" value="Numeric"/>
<property name="MultiLine" value="false"/>
<property name="Width" value="12"/>
<property name="PositionX" value="125"/>
<property name="PositionY" value="0"/>
<property name="PrintCondition" value=""/>
<property name="FormatString" value="#0.00"/>
<property name="Alignment" value="2"/>
<property name="BlankWhenNull" value="false"/>
<property name="ConvertToWords" value="false"/>
</DBField>
</Band>
<Band BandHeight="2" SplitBand="true" BandType="5" BandStartRow="0" BandName="CNH_SUB_ACCOUNT_CODE" GroupExpression="$F{CNH_SUB_ACCOUNT_CODE}" StartGroupOnNewPage="true" >
<TextField>
<property name="Text" value="Total"/>
<property name="MultiLine" value="false"/>
<property name="Width" value="5"/>
<property name="PositionX" value="8"/>
<property name="PositionY" value="1"/>
<property name="PrintCondition" value=""/>
<property name="Alignment" value="1"/>
</TextField>
<TextField>
<property name="Text" value="_________________________________________________________________________________________________________________________________________"/>
<property name="MultiLine" value="false"/>
<property name="Width" value="137"/>
<property name="PositionX" value="0"/>
<property name="PositionY" value="0"/>
<property name="PrintCondition" value=""/>
<property name="Alignment" value="1"/>
</TextField>
<DBField>
<property name="Text" value="$V{LAST_TOTAL_AMT}"/>
<property name="DataType" value="Numeric"/>
<property name="MultiLine" value="false"/>
<property name="Width" value="12"/>
<property name="PositionX" value="125"/>
<property name="PositionY" value="1"/>
<property name="PrintCondition" value=""/>
<property name="FormatString" value="#0.00"/>
<property name="Alignment" value="2"/>
<property name="BlankWhenNull" value="false"/>
<property name="ConvertToWords" value="false"/>
</DBField>
<DBField>
<property name="Text" value="$V{TOTAL_SGST_PER}"/>
<property name="DataType" value="Numeric"/>
<property name="MultiLine" value="false"/>
<property name="Width" value="5"/>
<property name="PositionX" value="78"/>
<property name="PositionY" value="1"/>
<property name="PrintCondition" value=""/>
<property name="FormatString" value="#0.00"/>
<property name="Alignment" value="2"/>
<property name="BlankWhenNull" value="false"/>
<property name="ConvertToWords" value="false"/>
</DBField>
<DBField>
<property name="Text" value="$V{TOTAL_SGST_AMOUNT}"/>
<property name="DataType" value="Numeric"/>
<property name="MultiLine" value="false"/>
<property name="Width" value="8"/>
<property name="PositionX" value="84"/>
<property name="PositionY" value="1"/>
<property name="PrintCondition" value=""/>
<property name="FormatString" value="#0.00"/>
<property name="Alignment" value="2"/>
<property name="BlankWhenNull" value="false"/>
<property name="ConvertToWords" value="false"/>
</DBField>
<DBField>
<property name="Text" value="$V{TOTAL_NET_GR_AMOUNT}"/>
<property name="DataType" value="Numeric"/>
<property name="MultiLine" value="false"/>
<property name="Width" value="10"/>
<property name="PositionX" value="50"/>
<property name="PositionY" value="1"/>
<property name="PrintCondition" value=""/>
<property name="FormatString" value="#0.00"/>
<property name="Alignment" value="2"/>
<property name="BlankWhenNull" value="false"/>
<property name="ConvertToWords" value="false"/>
</DBField>
<DBField>
<property name="Text" value="$V{TOTAL_CGST_AMOUNT}"/>
<property name="DataType" value="Numeric"/>
<property name="MultiLine" value="false"/>
<property name="Width" value="8"/>
<property name="PositionX" value="68"/>
<property name="PositionY" value="1"/>
<property name="PrintCondition" value=""/>
<property name="FormatString" value="#0.00"/>
<property name="Alignment" value="2"/>
<property name="BlankWhenNull" value="false"/>
<property name="ConvertToWords" value="false"/>
</DBField>
<DBField>
<property name="Text" value="$V{TOTAL_RCM_PER}"/>
<property name="DataType" value="Numeric"/>
<property name="MultiLine" value="false"/>
<property name="Width" value="5"/>
<property name="PositionX" value="110"/>
<property name="PositionY" value="1"/>
<property name="PrintCondition" value=""/>
<property name="FormatString" value="#0.00"/>
<property name="Alignment" value="2"/>
<property name="BlankWhenNull" value="false"/>
<property name="ConvertToWords" value="false"/>
</DBField>
<DBField>
<property name="Text" value="$V{TOTAL_IGST_AMOUNT}"/>
<property name="DataType" value="Numeric"/>
<property name="MultiLine" value="false"/>
<property name="Width" value="8"/>
<property name="PositionX" value="100"/>
<property name="PositionY" value="1"/>
<property name="PrintCondition" value=""/>
<property name="FormatString" value="#0.00"/>
<property name="Alignment" value="2"/>
<property name="BlankWhenNull" value="false"/>
<property name="ConvertToWords" value="false"/>
</DBField>
<DBField>
<property name="Text" value="$V{TOTAL_RCM_AMOUNT}"/>
<property name="DataType" value="Numeric"/>
<property name="MultiLine" value="false"/>
<property name="Width" value="8"/>
<property name="PositionX" value="116"/>
<property name="PositionY" value="1"/>
<property name="PrintCondition" value=""/>
<property name="FormatString" value="#0.00"/>
<property name="Alignment" value="2"/>
<property name="BlankWhenNull" value="false"/>
<property name="ConvertToWords" value="false"/>
</DBField>
<DBField>
<property name="Text" value="$V{TOTAL_NET_AMOUNT}"/>
<property name="DataType" value="Numeric"/>
<property name="MultiLine" value="false"/>
<property name="Width" value="8"/>
<property name="PositionX" value="41"/>
<property name="PositionY" value="1"/>
<property name="PrintCondition" value=""/>
<property name="FormatString" value="#0.00"/>
<property name="Alignment" value="2"/>
<property name="BlankWhenNull" value="false"/>
<property name="ConvertToWords" value="false"/>
</DBField>
<DBField>
<property name="Text" value="$V{TOTAL_CGST_PER}"/>
<property name="DataType" value="Numeric"/>
<property name="MultiLine" value="false"/>
<property name="Width" value="5"/>
<property name="PositionX" value="62"/>
<property name="PositionY" value="1"/>
<property name="PrintCondition" value=""/>
<property name="FormatString" value="#0.00"/>
<property name="Alignment" value="2"/>
<property name="BlankWhenNull" value="false"/>
<property name="ConvertToWords" value="false"/>
</DBField>
<DBField>
<property name="Text" value="$V{TOTAL_IGST_PER}"/>
<property name="DataType" value="Numeric"/>
<property name="MultiLine" value="false"/>
<property name="Width" value="5"/>
<property name="PositionX" value="94"/>
<property name="PositionY" value="1"/>
<property name="PrintCondition" value=""/>
<property name="FormatString" value="#0.00"/>
<property name="Alignment" value="2"/>
<property name="BlankWhenNull" value="false"/>
<property name="ConvertToWords" value="false"/>
</DBField>
</Band>
<Band BandHeight="2" SplitBand="true" BandType="6" BandStartRow="0" BandName="Page Footer" GroupExpression="" StartGroupOnNewPage="false" >
</Band>
<Band BandHeight="0" SplitBand="true" BandType="7" BandStartRow="0" BandName="Report Footer" GroupExpression="" StartGroupOnNewPage="false" >
</Band>
