<?xml version="1.0" encoding="UTF-8  ?>"
<!-- TReportWriter Document - A Textbased Report writer -->
<DBInfo value=""/>
<ReportQuery value=""/>
<ReportPage>
<property name="PageHeight" value="72"/>
<property name="PageWidth" value="171"/>
<property name="PageSize" value="2"/>
<property name="PaperOrientation" value="1"/>
<property name="LeftMargin" value="0"/>
<property name="RightMargin" value="0"/>
<property name="TopMargin" value="0"/>
<property name="BottomMargin" value="0"/>
</ReportPage>
<InputParameters count="4">
<Parameter>
<property name="ParameterName" value="PARTY_CODE"/>
<property name="DataType" value="String"/>
<property name="ParameterValue" value=""/>
</Parameter>
<Parameter>
<property name="ParameterName" value="PARTY_NAME"/>
<property name="DataType" value="String"/>
<property name="ParameterValue" value=""/>
</Parameter>
<Parameter>
<property name="ParameterName" value="FROM_DATE"/>
<property name="DataType" value="String"/>
<property name="ParameterValue" value=""/>
</Parameter>
<Parameter>
<property name="ParameterName" value="TO_DATE"/>
<property name="DataType" value="String"/>
<property name="ParameterValue" value=""/>
</Parameter>
</InputParameters>
<Variables count="10">
<Variable>
<property name="VariableName" value="PAGE_NO"/>
<property name="Expression" value="PAGE_NO"/>
<property name="Function" value="None"/>
<property name="EvaluationTime" value="3"/>
<property name="EvaluationGroup" value=""/>
<property name="BuiltInVariable" value="true"/>
<property name="VariableValue" value=""/>
<property name="ResetOn" value="4"/>
<property name="ResetGroupName" value=""/>
</Variable>
<Variable>
<property name="VariableName" value="TOTAL_PAGES"/>
<property name="Expression" value="TOTAL_PAGES"/>
<property name="Function" value="None"/>
<property name="EvaluationTime" value="1"/>
<property name="EvaluationGroup" value=""/>
<property name="BuiltInVariable" value="true"/>
<property name="VariableValue" value=""/>
<property name="ResetOn" value="4"/>
<property name="ResetGroupName" value=""/>
</Variable>
<Variable>
<property name="VariableName" value="DATE"/>
<property name="Expression" value="DATE"/>
<property name="Function" value="None"/>
<property name="EvaluationTime" value="0"/>
<property name="EvaluationGroup" value=""/>
<property name="BuiltInVariable" value="true"/>
<property name="VariableValue" value=""/>
<property name="ResetOn" value="4"/>
<property name="ResetGroupName" value=""/>
</Variable>
<Variable>
<property name="VariableName" value="DEBIT_TOTAL"/>
<property name="Expression" value="$F{DEBIT_AMOUNT}"/>
<property name="Function" value="Sum"/>
<property name="EvaluationTime" value="0"/>
<property name="EvaluationGroup" value=" "/>
<property name="BuiltInVariable" value="false"/>
<property name="VariableValue" value=""/>
<property name="ResetOn" value="2"/>
<property name="ResetGroupName" value="VOUCHER_NO"/>
</Variable>
<Variable>
<property name="VariableName" value="CREDIT_TOTAL"/>
<property name="Expression" value="$F{CREDIT_AMOUNT}"/>
<property name="Function" value="Sum"/>
<property name="EvaluationTime" value="0"/>
<property name="EvaluationGroup" value=" "/>
<property name="BuiltInVariable" value="false"/>
<property name="VariableValue" value=""/>
<property name="ResetOn" value="2"/>
<property name="ResetGroupName" value="VOUCHER_NO"/>
</Variable>
<Variable>
<property name="VariableName" value="G_DEBIT_TOTAL"/>
<property name="Expression" value="IIF($F{VOUCHER_NO}='CLOSING',0,$F{DEBIT_AMOUNT})"/>
<property name="Function" value="Sum"/>
<property name="EvaluationTime" value="0"/>
<property name="EvaluationGroup" value=" "/>
<property name="BuiltInVariable" value="false"/>
<property name="VariableValue" value=""/>
<property name="ResetOn" value="4"/>
<property name="ResetGroupName" value=" "/>
</Variable>
<Variable>
<property name="VariableName" value="G_CREDIT_TOTAL"/>
<property name="Expression" value="IIF($F{VOUCHER_NO}='CLOSING',0,$F{CREDIT_AMOUNT})"/>
<property name="Function" value="Sum"/>
<property name="EvaluationTime" value="0"/>
<property name="EvaluationGroup" value=" "/>
<property name="BuiltInVariable" value="false"/>
<property name="VariableValue" value=""/>
<property name="ResetOn" value="4"/>
<property name="ResetGroupName" value=" "/>
</Variable>
<Variable>
<property name="VariableName" value="V_P_CREDIT"/>
<property name="Expression" value="$F{CREDIT_AMOUNT}"/>
<property name="Function" value="Sum"/>
<property name="EvaluationTime" value="0"/>
<property name="EvaluationGroup" value="SUB_ACCOUNT_CODE"/>
<property name="BuiltInVariable" value="false"/>
<property name="VariableValue" value=""/>
<property name="ResetOn" value="2"/>
<property name="ResetGroupName" value="SUB_ACCOUNT_CODE"/>
</Variable>
<Variable>
<property name="VariableName" value="V_P_DEBIT"/>
<property name="Expression" value="$F{DEBIT_AMOUNT}"/>
<property name="Function" value="Sum"/>
<property name="EvaluationTime" value="0"/>
<property name="EvaluationGroup" value="SUB_ACCOUNT_CODE"/>
<property name="BuiltInVariable" value="false"/>
<property name="VariableValue" value=""/>
<property name="ResetOn" value="2"/>
<property name="ResetGroupName" value="SUB_ACCOUNT_CODE"/>
</Variable>
<Variable>
<property name="VariableName" value="V_LABLE"/>
<property name="Expression" value="$F{SUB_ACCOUNT_CODE}"/>
<property name="Function" value="None"/>
<property name="EvaluationTime" value="0"/>
<property name="EvaluationGroup" value="SUB_ACCOUNT_CODE"/>
<property name="BuiltInVariable" value="false"/>
<property name="VariableValue" value=""/>
<property name="ResetOn" value="2"/>
<property name="ResetGroupName" value="SUB_ACCOUNT_CODE"/>
</Variable>
</Variables>
<Band BandHeight="0" SplitBand="true" BandType="1" BandStartRow="0" BandName="Report Header" GroupExpression="" StartGroupOnNewPage="false" >
</Band>
<Band BandHeight="7" SplitBand="true" BandType="2" BandStartRow="0" BandName="Page Header" GroupExpression="" StartGroupOnNewPage="false" >
<TextField>
<property name="Text" value="MAIN CODE AND NAME : "/>
<property name="MultiLine" value="false"/>
<property name="Width" value="21"/>
<property name="PositionX" value="54"/>
<property name="PositionY" value="2"/>
<property name="PrintCondition" value=""/>
<property name="Alignment" value="1"/>
</TextField>
<TextField>
<property name="Text" value="PARTY/ACC. CODE AND NAME"/>
<property name="MultiLine" value="false"/>
<property name="Width" value="24"/>
<property name="PositionX" value="30"/>
<property name="PositionY" value="4"/>
<property name="PrintCondition" value=""/>
<property name="Alignment" value="1"/>
</TextField>
<TextField>
<property name="Text" value="BILL-NUM"/>
<property name="MultiLine" value="false"/>
<property name="Width" value="8"/>
<property name="PositionX" value="42"/>
<property name="PositionY" value="14"/>
<property name="PrintCondition" value=""/>
<property name="Alignment" value="1"/>
</TextField>
<TextField>
<property name="Text" value="CREDIT"/>
<property name="MultiLine" value="false"/>
<property name="Width" value="11"/>
<property name="PositionX" value="96"/>
<property name="PositionY" value="14"/>
<property name="PrintCondition" value=""/>
<property name="Alignment" value="2"/>
</TextField>
<TextField>
<property name="Text" value="REF. NO."/>
<property name="MultiLine" value="false"/>
<property name="Width" value="8"/>
<property name="PositionX" value="15"/>
<property name="PositionY" value="14"/>
<property name="PrintCondition" value=""/>
<property name="Alignment" value="1"/>
</TextField>
<TextField>
<property name="Text" value="LEGACY_NO"/>
<property name="MultiLine" value="false"/>
<property name="Width" value="10"/>
<property name="PositionX" value="1"/>
<property name="PositionY" value="5"/>
<property name="PrintCondition" value=""/>
<property name="Alignment" value="1"/>
</TextField>
<TextField>
<property name="Text" value="CREDIT"/>
<property name="MultiLine" value="false"/>
<property name="Width" value="11"/>
<property name="PositionX" value="139"/>
<property name="PositionY" value="5"/>
<property name="PrintCondition" value=""/>
<property name="Alignment" value="2"/>
</TextField>
<TextField>
<property name="Text" value="------------------------------------------------------------------------------------------------------------------------------"/>
<property name="MultiLine" value="false"/>
<property name="Width" value="126"/>
<property name="PositionX" value="1"/>
<property name="PositionY" value="15"/>
<property name="PrintCondition" value=""/>
<property name="Alignment" value="1"/>
</TextField>
<TextField>
<property name="Text" value="P.O. NO."/>
<property name="MultiLine" value="false"/>
<property name="Width" value="10"/>
<property name="PositionX" value="53"/>
<property name="PositionY" value="14"/>
<property name="PrintCondition" value=""/>
<property name="Alignment" value="1"/>
</TextField>
<TextField>
<property name="Text" value="TR"/>
<property name="MultiLine" value="false"/>
<property name="Width" value="2"/>
<property name="PositionX" value="12"/>
<property name="PositionY" value="14"/>
<property name="PrintCondition" value=""/>
<property name="Alignment" value="1"/>
</TextField>
<TextField>
<property name="Text" value="NARRATION                                                "/>
<property name="MultiLine" value="false"/>
<property name="Width" value="57"/>
<property name="PositionX" value="62"/>
<property name="PositionY" value="4"/>
<property name="PrintCondition" value=""/>
<property name="Alignment" value="3"/>
</TextField>
<TextField>
<property name="Text" value="FOR THE PERIOD"/>
<property name="MultiLine" value="false"/>
<property name="Width" value="14"/>
<property name="PositionX" value="76"/>
<property name="PositionY" value="1"/>
<property name="PrintCondition" value=""/>
<property name="Alignment" value="1"/>
</TextField>
<TextField>
<property name="Text" value="S H R I  D I N E S H M I L L S  L T D."/>
<property name="MultiLine" value="false"/>
<property name="Width" value="38"/>
<property name="PositionX" value="66"/>
<property name="PositionY" value="0"/>
<property name="PrintCondition" value=""/>
<property name="Alignment" value="3"/>
</TextField>
<TextField>
<property name="Text" value="LINK NO"/>
<property name="MultiLine" value="false"/>
<property name="Width" value="7"/>
<property name="PositionX" value="15"/>
<property name="PositionY" value="5"/>
<property name="PrintCondition" value=""/>
<property name="Alignment" value="1"/>
</TextField>
<TextField>
<property name="Text" value="CHEQUE NO"/>
<property name="MultiLine" value="false"/>
<property name="Width" value="10"/>
<property name="PositionX" value="29"/>
<property name="PositionY" value="5"/>
<property name="PrintCondition" value=""/>
<property name="Alignment" value="1"/>
</TextField>
<TextField>
<property name="Text" value="VOUCHER NO"/>
<property name="MultiLine" value="false"/>
<property name="Width" value="11"/>
<property name="PositionX" value="15"/>
<property name="PositionY" value="4"/>
<property name="PrintCondition" value=""/>
<property name="Alignment" value="1"/>
</TextField>
<TextField>
<property name="Text" value="CLOSING"/>
<property name="MultiLine" value="false"/>
<property name="Width" value="14"/>
<property name="PositionX" value="109"/>
<property name="PositionY" value="14"/>
<property name="PrintCondition" value=""/>
<property name="Alignment" value="2"/>
</TextField>
<TextField>
<property name="Text" value="======================================================================================================================================================================="/>
<property name="MultiLine" value="false"/>
<property name="Width" value="167"/>
<property name="PositionX" value="1"/>
<property name="PositionY" value="6"/>
<property name="PrintCondition" value=""/>
<property name="Alignment" value="3"/>
</TextField>
<TextField>
<property name="Text" value="DEBIT"/>
<property name="MultiLine" value="false"/>
<property name="Width" value="11"/>
<property name="PositionX" value="124"/>
<property name="PositionY" value="5"/>
<property name="PrintCondition" value=""/>
<property name="Alignment" value="2"/>
</TextField>
<TextField>
<property name="Text" value="PAGE NO. : "/>
<property name="MultiLine" value="false"/>
<property name="Width" value="11"/>
<property name="PositionX" value="148"/>
<property name="PositionY" value="0"/>
<property name="PrintCondition" value=""/>
<property name="Alignment" value="1"/>
</TextField>
<TextField>
<property name="Text" value="DESCRIPTION"/>
<property name="MultiLine" value="false"/>
<property name="Width" value="19"/>
<property name="PositionX" value="64"/>
<property name="PositionY" value="14"/>
<property name="PrintCondition" value=""/>
<property name="Alignment" value="1"/>
</TextField>
<TextField>
<property name="Text" value="INVOICE NO"/>
<property name="MultiLine" value="false"/>
<property name="Width" value="10"/>
<property name="PositionX" value="40"/>
<property name="PositionY" value="5"/>
<property name="PrintCondition" value=""/>
<property name="Alignment" value="1"/>
</TextField>
<TextField>
<property name="Text" value="DEBIT"/>
<property name="MultiLine" value="false"/>
<property name="Width" value="11"/>
<property name="PositionX" value="84"/>
<property name="PositionY" value="14"/>
<property name="PrintCondition" value=""/>
<property name="Alignment" value="2"/>
</TextField>
<TextField>
<property name="Text" value="ERP COPY"/>
<property name="MultiLine" value="false"/>
<property name="Width" value="8"/>
<property name="PositionX" value="1"/>
<property name="PositionY" value="0"/>
<property name="PrintCondition" value=""/>
<property name="Alignment" value="1"/>
</TextField>
<TextField>
<property name="Text" value="CHEQUE NO."/>
<property name="MultiLine" value="false"/>
<property name="Width" value="10"/>
<property name="PositionX" value="31"/>
<property name="PositionY" value="14"/>
<property name="PrintCondition" value=""/>
<property name="Alignment" value="1"/>
</TextField>
<TextField>
<property name="Text" value="CLOSING BAL."/>
<property name="MultiLine" value="false"/>
<property name="Width" value="14"/>
<property name="PositionX" value="154"/>
<property name="PositionY" value="5"/>
<property name="PrintCondition" value=""/>
<property name="Alignment" value="2"/>
</TextField>
<TextField>
<property name="Text" value="------------------------------------------------------------------------------------------------------------------------------"/>
<property name="MultiLine" value="false"/>
<property name="Width" value="126"/>
<property name="PositionX" value="1"/>
<property name="PositionY" value="13"/>
<property name="PrintCondition" value=""/>
<property name="Alignment" value="1"/>
</TextField>
<TextField>
<property name="Text" value="NOMINAL - LEDGER"/>
<property name="MultiLine" value="false"/>
<property name="Width" value="16"/>
<property name="PositionX" value="59"/>
<property name="PositionY" value="1"/>
<property name="PrintCondition" value=""/>
<property name="Alignment" value="3"/>
</TextField>
<TextField>
<property name="Text" value="BC"/>
<property name="MultiLine" value="false"/>
<property name="Width" value="2"/>
<property name="PositionX" value="12"/>
<property name="PositionY" value="4"/>
<property name="PrintCondition" value=""/>
<property name="Alignment" value="1"/>
</TextField>
<TextField>
<property name="Text" value="RUN DATE : "/>
<property name="MultiLine" value="false"/>
<property name="Width" value="11"/>
<property name="PositionX" value="1"/>
<property name="PositionY" value="1"/>
<property name="PrintCondition" value=""/>
<property name="Alignment" value="1"/>
</TextField>
<TextField>
<property name="Text" value="PO NO"/>
<property name="MultiLine" value="false"/>
<property name="Width" value="10"/>
<property name="PositionX" value="51"/>
<property name="PositionY" value="5"/>
<property name="PrintCondition" value=""/>
<property name="Alignment" value="1"/>
</TextField>
<TextField>
<property name="Text" value="======================================================================================================================================================================="/>
<property name="MultiLine" value="false"/>
<property name="Width" value="167"/>
<property name="PositionX" value="1"/>
<property name="PositionY" value="3"/>
<property name="PrintCondition" value=""/>
<property name="Alignment" value="3"/>
</TextField>
<TextField>
<property name="Text" value="DATE"/>
<property name="MultiLine" value="false"/>
<property name="Width" value="10"/>
<property name="PositionX" value="1"/>
<property name="PositionY" value="14"/>
<property name="PrintCondition" value=""/>
<property name="Alignment" value="1"/>
</TextField>
<TextField>
<property name="Text" value="VOUC. DATE"/>
<property name="MultiLine" value="false"/>
<property name="Width" value="10"/>
<property name="PositionX" value="1"/>
<property name="PositionY" value="4"/>
<property name="PrintCondition" value=""/>
<property name="Alignment" value="1"/>
</TextField>
<TextField>
<property name="Text" value="TO"/>
<property name="MultiLine" value="false"/>
<property name="Width" value="2"/>
<property name="PositionX" value="102"/>
<property name="PositionY" value="1"/>
<property name="PrintCondition" value=""/>
<property name="Alignment" value="1"/>
</TextField>
<DBField>
<property name="Text" value="$P{MAIN_CODE}"/>
<property name="DataType" value="String"/>
<property name="MultiLine" value="false"/>
<property name="Width" value="60"/>
<property name="PositionX" value="76"/>
<property name="PositionY" value="2"/>
<property name="PrintCondition" value=""/>
<property name="FormatString" value=""/>
<property name="Alignment" value="1"/>
<property name="BlankWhenNull" value="false"/>
<property name="ConvertToWords" value="false"/>
</DBField>
<DBField>
<property name="Text" value="$P{FROM_DATE}"/>
<property name="DataType" value="String"/>
<property name="MultiLine" value="false"/>
<property name="Width" value="10"/>
<property name="PositionX" value="91"/>
<property name="PositionY" value="1"/>
<property name="PrintCondition" value=""/>
<property name="FormatString" value=""/>
<property name="Alignment" value="1"/>
<property name="BlankWhenNull" value="false"/>
<property name="ConvertToWords" value="false"/>
</DBField>
<DBField>
<property name="Text" value="$P{TO_DATE}"/>
<property name="DataType" value="String"/>
<property name="MultiLine" value="false"/>
<property name="Width" value="10"/>
<property name="PositionX" value="105"/>
<property name="PositionY" value="1"/>
<property name="PrintCondition" value=""/>
<property name="FormatString" value=""/>
<property name="Alignment" value="1"/>
<property name="BlankWhenNull" value="false"/>
<property name="ConvertToWords" value="false"/>
</DBField>
<DBField>
<property name="Text" value="$P{SYS_DATE}"/>
<property name="DataType" value="String"/>
<property name="MultiLine" value="false"/>
<property name="Width" value="12"/>
<property name="PositionX" value="13"/>
<property name="PositionY" value="1"/>
<property name="PrintCondition" value=""/>
<property name="FormatString" value=""/>
<property name="Alignment" value="1"/>
<property name="BlankWhenNull" value="false"/>
<property name="ConvertToWords" value="false"/>
</DBField>
<DBField>
<property name="Text" value="$V{PAGE_NO}"/>
<property name="DataType" value="String"/>
<property name="MultiLine" value="false"/>
<property name="Width" value="8"/>
<property name="PositionX" value="160"/>
<property name="PositionY" value="0"/>
<property name="PrintCondition" value=""/>
<property name="FormatString" value=""/>
<property name="Alignment" value="1"/>
<property name="BlankWhenNull" value="false"/>
<property name="ConvertToWords" value="false"/>
</DBField>
</Band>
<Band BandHeight="1" SplitBand="false" BandType="3" BandStartRow="0" BandName="SUB_ACCOUNT_CODE" GroupExpression="$F{SUB_ACCOUNT_CODE}" StartGroupOnNewPage="false" >
</Band>
<Band BandHeight="2" SplitBand="true" BandType="4" BandStartRow="0" BandName="Detail" GroupExpression="" StartGroupOnNewPage="false" >
<DBField>
<property name="Text" value="$F{PARTY_CODE1}"/>
<property name="DataType" value="String"/>
<property name="MultiLine" value="false"/>
<property name="Width" value="8"/>
<property name="PositionX" value="30"/>
<property name="PositionY" value="0"/>
<property name="PrintCondition" value=""/>
<property name="FormatString" value=""/>
<property name="Alignment" value="1"/>
<property name="BlankWhenNull" value="false"/>
<property name="ConvertToWords" value="false"/>
</DBField>
<DBField>
<property name="Text" value="$F{CHEQUE_NO}"/>
<property name="DataType" value="String"/>
<property name="MultiLine" value="false"/>
<property name="Width" value="7"/>
<property name="PositionX" value="30"/>
<property name="PositionY" value="1"/>
<property name="PrintCondition" value=""/>
<property name="FormatString" value=""/>
<property name="Alignment" value="1"/>
<property name="BlankWhenNull" value="false"/>
<property name="ConvertToWords" value="false"/>
</DBField>
<DBField>
<property name="Text" value="$F{REMARKS}"/>
<property name="DataType" value="String"/>
<property name="MultiLine" value="true"/>
<property name="Width" value="61"/>
<property name="PositionX" value="62"/>
<property name="PositionY" value="0"/>
<property name="PrintCondition" value=""/>
<property name="FormatString" value=""/>
<property name="Alignment" value="1"/>
<property name="BlankWhenNull" value="false"/>
<property name="ConvertToWords" value="false"/>
</DBField>
<DBField>
<property name="Text" value="$F{PO_NO}"/>
<property name="DataType" value="String"/>
<property name="MultiLine" value="false"/>
<property name="Width" value="10"/>
<property name="PositionX" value="51"/>
<property name="PositionY" value="1"/>
<property name="PrintCondition" value=""/>
<property name="FormatString" value=""/>
<property name="Alignment" value="1"/>
<property name="BlankWhenNull" value="false"/>
<property name="ConvertToWords" value="false"/>
</DBField>
<DBField>
<property name="Text" value="$F{VOUCHER_DATE|"/>
<property name="DataType" value="String"/>
<property name="MultiLine" value="false"/>
<property name="Width" value="10"/>
<property name="PositionX" value="1"/>
<property name="PositionY" value="0"/>
<property name="PrintCondition" value=""/>
<property name="FormatString" value=""/>
<property name="Alignment" value="1"/>
<property name="BlankWhenNull" value="false"/>
<property name="ConvertToWords" value="false"/>
</DBField>
<DBField>
<property name="Text" value="$F{LEGACY_NO}"/>
<property name="DataType" value="String"/>
<property name="MultiLine" value="false"/>
<property name="Width" value="11"/>
<property name="PositionX" value="1"/>
<property name="PositionY" value="1"/>
<property name="PrintCondition" value=""/>
<property name="FormatString" value=""/>
<property name="Alignment" value="1"/>
<property name="BlankWhenNull" value="false"/>
<property name="ConvertToWords" value="false"/>
</DBField>
<DBField>
<property name="Text" value="$F{DEBIT_AMOUNT}"/>
<property name="DataType" value="Numeric"/>
<property name="MultiLine" value="false"/>
<property name="Width" value="13"/>
<property name="PositionX" value="124"/>
<property name="PositionY" value="0"/>
<property name="PrintCondition" value=""/>
<property name="FormatString" value="##0.00"/>
<property name="Alignment" value="2"/>
<property name="BlankWhenNull" value="true"/>
<property name="ConvertToWords" value="false"/>
</DBField>
<DBField>
<property name="Text" value="$F{CLOSING_BALANCE}"/>
<property name="DataType" value="String"/>
<property name="MultiLine" value="false"/>
<property name="Width" value="17"/>
<property name="PositionX" value="154"/>
<property name="PositionY" value="0"/>
<property name="PrintCondition" value=""/>
<property name="FormatString" value="##0.00"/>
<property name="Alignment" value="2"/>
<property name="BlankWhenNull" value="true"/>
<property name="ConvertToWords" value="false"/>
</DBField>
<DBField>
<property name="Text" value="$F{LINK_NO}"/>
<property name="DataType" value="String"/>
<property name="MultiLine" value="false"/>
<property name="Width" value="14"/>
<property name="PositionX" value="15"/>
<property name="PositionY" value="1"/>
<property name="PrintCondition" value=""/>
<property name="FormatString" value=""/>
<property name="Alignment" value="1"/>
<property name="BlankWhenNull" value="false"/>
<property name="ConvertToWords" value="false"/>
</DBField>
<DBField>
<property name="Text" value="$F{CREDIT_AMOUNT}"/>
<property name="DataType" value="Numeric"/>
<property name="MultiLine" value="false"/>
<property name="Width" value="13"/>
<property name="PositionX" value="139"/>
<property name="PositionY" value="0"/>
<property name="PrintCondition" value=""/>
<property name="FormatString" value="##0.00"/>
<property name="Alignment" value="2"/>
<property name="BlankWhenNull" value="true"/>
<property name="ConvertToWords" value="false"/>
</DBField>
<DBField>
<property name="Text" value="$F{VOUCHER_NO}"/>
<property name="DataType" value="String"/>
<property name="MultiLine" value="false"/>
<property name="Width" value="13"/>
<property name="PositionX" value="15"/>
<property name="PositionY" value="0"/>
<property name="PrintCondition" value=""/>
<property name="FormatString" value=""/>
<property name="Alignment" value="1"/>
<property name="BlankWhenNull" value="false"/>
<property name="ConvertToWords" value="false"/>
</DBField>
<DBField>
<property name="Text" value="$F{BOOK_CODE}"/>
<property name="DataType" value="String"/>
<property name="MultiLine" value="false"/>
<property name="Width" value="2"/>
<property name="PositionX" value="12"/>
<property name="PositionY" value="0"/>
<property name="PrintCondition" value=""/>
<property name="FormatString" value=""/>
<property name="Alignment" value="1"/>
<property name="BlankWhenNull" value="false"/>
<property name="ConvertToWords" value="false"/>
</DBField>
<DBField>
<property name="Text" value="$F{INVOICE_NO}"/>
<property name="DataType" value="String"/>
<property name="MultiLine" value="false"/>
<property name="Width" value="10"/>
<property name="PositionX" value="40"/>
<property name="PositionY" value="1"/>
<property name="PrintCondition" value=""/>
<property name="FormatString" value=""/>
<property name="Alignment" value="1"/>
<property name="BlankWhenNull" value="false"/>
<property name="ConvertToWords" value="false"/>
</DBField>
<DBField>
<property name="Text" value="$F{NAME}"/>
<property name="DataType" value="String"/>
<property name="MultiLine" value="false"/>
<property name="Width" value="22"/>
<property name="PositionX" value="39"/>
<property name="PositionY" value="0"/>
<property name="PrintCondition" value=""/>
<property name="FormatString" value=""/>
<property name="Alignment" value="1"/>
<property name="BlankWhenNull" value="false"/>
<property name="ConvertToWords" value="false"/>
</DBField>
</Band>
<Band BandHeight="1" SplitBand="true" BandType="5" BandStartRow="0" BandName="SUB_ACCOUNT_CODE" GroupExpression="$F{SUB_ACCOUNT_CODE}" StartGroupOnNewPage="false" >
</Band>
<Band BandHeight="3" SplitBand="true" BandType="6" BandStartRow="0" BandName="Page Footer" GroupExpression="" StartGroupOnNewPage="false" >
</Band>
<Band BandHeight="0" SplitBand="true" BandType="7" BandStartRow="0" BandName="Report Footer" GroupExpression="" StartGroupOnNewPage="false" >
</Band>
