<?xml version="1.0" encoding="UTF-8  ?>"
<!-- TReportWriter Document - A Textbased Report writer -->
<DBInfo value=""/>
<ReportQuery value=""/>
<ReportPage>
<property name="PageHeight" value="80"/>
<property name="PageWidth" value="132"/>
<property name="PageSize" value="2"/>
<property name="PaperOrientation" value="1"/>
<property name="LeftMargin" value="0"/>
<property name="RightMargin" value="0"/>
<property name="TopMargin" value="0"/>
<property name="BottomMargin" value="0"/>
</ReportPage>
<InputParameters count="3">
<Parameter>
<property name="ParameterName" value="ASON_DATE"/>
<property name="DataType" value="String"/>
<property name="ParameterValue" value=""/>
</Parameter>
<Parameter>
<property name="ParameterName" value="SYS_DATE"/>
<property name="DataType" value="String"/>
<property name="ParameterValue" value=""/>
</Parameter>
<Parameter>
<property name="ParameterName" value="SCHEME_TYPE"/>
<property name="DataType" value="String"/>
<property name="ParameterValue" value="$P{SCHEME_TYPE}"/>
</Parameter>
</InputParameters>
<Variables count="6">
<Variable>
<property name="VariableName" value="PAGE_NO"/>
<property name="Expression" value="PAGE_NO"/>
<property name="Function" value="None"/>
<property name="EvaluationTime" value="3"/>
<property name="EvaluationGroup" value=""/>
<property name="BuiltInVariable" value="true"/>
<property name="VariableValue" value=""/>
<property name="ResetOn" value="4"/>
<property name="ResetGroupName" value=""/>
</Variable>
<Variable>
<property name="VariableName" value="TOTAL_PAGES"/>
<property name="Expression" value="TOTAL_PAGES"/>
<property name="Function" value="None"/>
<property name="EvaluationTime" value="1"/>
<property name="EvaluationGroup" value=""/>
<property name="BuiltInVariable" value="true"/>
<property name="VariableValue" value=""/>
<property name="ResetOn" value="4"/>
<property name="ResetGroupName" value=""/>
</Variable>
<Variable>
<property name="VariableName" value="DATE"/>
<property name="Expression" value="DATE"/>
<property name="Function" value="None"/>
<property name="EvaluationTime" value="0"/>
<property name="EvaluationGroup" value=""/>
<property name="BuiltInVariable" value="true"/>
<property name="VariableValue" value=""/>
<property name="ResetOn" value="4"/>
<property name="ResetGroupName" value=""/>
</Variable>
<Variable>
<property name="VariableName" value="GRAND_TOTAL"/>
<property name="Expression" value="$F{AMOUNT}"/>
<property name="Function" value="Sum"/>
<property name="EvaluationTime" value="0"/>
<property name="EvaluationGroup" value=" "/>
<property name="BuiltInVariable" value="false"/>
<property name="VariableValue" value=""/>
<property name="ResetOn" value="4"/>
<property name="ResetGroupName" value=" "/>
</Variable>
<Variable>
<property name="VariableName" value="PAGE_TOTAL"/>
<property name="Expression" value="$F{AMOUNT}"/>
<property name="Function" value="Sum"/>
<property name="EvaluationTime" value="0"/>
<property name="EvaluationGroup" value=" "/>
<property name="BuiltInVariable" value="false"/>
<property name="VariableValue" value=""/>
<property name="ResetOn" value="3"/>
<property name="ResetGroupName" value=" "/>
</Variable>
<Variable>
<property name="VariableName" value="CUMM_TOTAL"/>
<property name="Expression" value="$F{AMOUNT}"/>
<property name="Function" value="Sum"/>
<property name="EvaluationTime" value="0"/>
<property name="EvaluationGroup" value=" "/>
<property name="BuiltInVariable" value="false"/>
<property name="VariableValue" value=""/>
<property name="ResetOn" value="1"/>
<property name="ResetGroupName" value=" "/>
</Variable>
</Variables>
<Band BandHeight="0" SplitBand="true" BandType="1" BandStartRow="0" BandName="Report Header" GroupExpression="" StartGroupOnNewPage="false" >
</Band>
<Band BandHeight="12" SplitBand="true" BandType="2" BandStartRow="0" BandName="Page Header" GroupExpression="" StartGroupOnNewPage="false" >
<TextField>
<property name="Text" value="RCT NO"/>
<property name="MultiLine" value="false"/>
<property name="Width" value="6"/>
<property name="PositionX" value="6"/>
<property name="PositionY" value="7"/>
<property name="PrintCondition" value=""/>
<property name="Alignment" value="1"/>
</TextField>
<TextField>
<property name="Text" value="------------------------------------------------------------------------------------------------------------------------------------"/>
<property name="MultiLine" value="false"/>
<property name="Width" value="132"/>
<property name="PositionX" value="0"/>
<property name="PositionY" value="9"/>
<property name="PrintCondition" value=""/>
<property name="Alignment" value="1"/>
</TextField>
<TextField>
<property name="Text" value="LEGACY NO"/>
<property name="MultiLine" value="false"/>
<property name="Width" value="9"/>
<property name="PositionX" value="6"/>
<property name="PositionY" value="8"/>
<property name="PrintCondition" value=""/>
<property name="Alignment" value="1"/>
</TextField>
<TextField>
<property name="Text" value="CODE"/>
<property name="MultiLine" value="false"/>
<property name="Width" value="4"/>
<property name="PositionX" value="100"/>
<property name="PositionY" value="8"/>
<property name="PrintCondition" value=""/>
<property name="Alignment" value="1"/>
</TextField>
<TextField>
<property name="Text" value="DEPOSITORS REGISTER  AS ON -"/>
<property name="MultiLine" value="false"/>
<property name="Width" value="28"/>
<property name="PositionX" value="40"/>
<property name="PositionY" value="3"/>
<property name="PrintCondition" value=""/>
<property name="Alignment" value="1"/>
</TextField>
<TextField>
<property name="Text" value="BROKER"/>
<property name="MultiLine" value="false"/>
<property name="Width" value="6"/>
<property name="PositionX" value="100"/>
<property name="PositionY" value="7"/>
<property name="PrintCondition" value=""/>
<property name="Alignment" value="3"/>
</TextField>
<TextField>
<property name="Text" value="SR NO"/>
<property name="MultiLine" value="false"/>
<property name="Width" value="5"/>
<property name="PositionX" value="0"/>
<property name="PositionY" value="7"/>
<property name="PrintCondition" value=""/>
<property name="Alignment" value="3"/>
</TextField>
<TextField>
<property name="Text" value="PARTY CODE"/>
<property name="MultiLine" value="false"/>
<property name="Width" value="10"/>
<property name="PositionX" value="118"/>
<property name="PositionY" value="7"/>
<property name="PrintCondition" value=""/>
<property name="Alignment" value="1"/>
</TextField>
<TextField>
<property name="Text" value="STATUS"/>
<property name="MultiLine" value="false"/>
<property name="Width" value="6"/>
<property name="PositionX" value="109"/>
<property name="PositionY" value="7"/>
<property name="PrintCondition" value=""/>
<property name="Alignment" value="3"/>
</TextField>
<TextField>
<property name="Text" value="AMOUNT"/>
<property name="MultiLine" value="false"/>
<property name="Width" value="12"/>
<property name="PositionX" value="71"/>
<property name="PositionY" value="7"/>
<property name="PrintCondition" value=""/>
<property name="Alignment" value="2"/>
</TextField>
<TextField>
<property name="Text" value="RUN DATE:-"/>
<property name="MultiLine" value="false"/>
<property name="Width" value="10"/>
<property name="PositionX" value="0"/>
<property name="PositionY" value="3"/>
<property name="PrintCondition" value=""/>
<property name="Alignment" value="1"/>
</TextField>
<TextField>
<property name="Text" value="DUE DATE"/>
<property name="MultiLine" value="false"/>
<property name="Width" value="10"/>
<property name="PositionX" value="29"/>
<property name="PositionY" value="7"/>
<property name="PrintCondition" value=""/>
<property name="Alignment" value="3"/>
</TextField>
<TextField>
<property name="Text" value="------------------------------------------------------------------------------------------------------------------------------------"/>
<property name="MultiLine" value="false"/>
<property name="Width" value="132"/>
<property name="PositionX" value="0"/>
<property name="PositionY" value="6"/>
<property name="PrintCondition" value=""/>
<property name="Alignment" value="1"/>
</TextField>
<TextField>
<property name="Text" value="RCT DATE"/>
<property name="MultiLine" value="false"/>
<property name="Width" value="8"/>
<property name="PositionX" value="17"/>
<property name="PositionY" value="7"/>
<property name="PrintCondition" value=""/>
<property name="Alignment" value="1"/>
</TextField>
<TextField>
<property name="Text" value="S H R I   D I N E S H   M I L L S   L T D"/>
<property name="MultiLine" value="false"/>
<property name="Width" value="41"/>
<property name="PositionX" value="55"/>
<property name="PositionY" value="1"/>
<property name="PrintCondition" value=""/>
<property name="Alignment" value="1"/>
</TextField>
<TextField>
<property name="Text" value="RATE"/>
<property name="MultiLine" value="false"/>
<property name="Width" value="4"/>
<property name="PositionX" value="93"/>
<property name="PositionY" value="7"/>
<property name="PrintCondition" value=""/>
<property name="Alignment" value="3"/>
</TextField>
<TextField>
<property name="Text" value="EFCT DATE"/>
<property name="MultiLine" value="false"/>
<property name="Width" value="9"/>
<property name="PositionX" value="17"/>
<property name="PositionY" value="8"/>
<property name="PrintCondition" value=""/>
<property name="Alignment" value="1"/>
</TextField>
<TextField>
<property name="Text" value="PERIOD"/>
<property name="MultiLine" value="false"/>
<property name="Width" value="6"/>
<property name="PositionX" value="85"/>
<property name="PositionY" value="7"/>
<property name="PrintCondition" value=""/>
<property name="Alignment" value="3"/>
</TextField>
<TextField>
<property name="Text" value="Page : "/>
<property name="MultiLine" value="false"/>
<property name="Width" value="7"/>
<property name="PositionX" value="118"/>
<property name="PositionY" value="4"/>
<property name="PrintCondition" value=""/>
<property name="Alignment" value="2"/>
</TextField>
<TextField>
<property name="Text" value="NAME AND ADDRESS"/>
<property name="MultiLine" value="false"/>
<property name="Width" value="28"/>
<property name="PositionX" value="41"/>
<property name="PositionY" value="7"/>
<property name="PrintCondition" value=""/>
<property name="Alignment" value="1"/>
</TextField>
<DBField>
<property name="Text" value="$P{SYS_DATE}"/>
<property name="DataType" value="String"/>
<property name="MultiLine" value="false"/>
<property name="Width" value="10"/>
<property name="PositionX" value="11"/>
<property name="PositionY" value="3"/>
<property name="PrintCondition" value=""/>
<property name="FormatString" value=""/>
<property name="Alignment" value="1"/>
<property name="BlankWhenNull" value="false"/>
<property name="ConvertToWords" value="false"/>
</DBField>
<DBField>
<property name="Text" value="$P{ASON_DATE}"/>
<property name="DataType" value="String"/>
<property name="MultiLine" value="false"/>
<property name="Width" value="10"/>
<property name="PositionX" value="69"/>
<property name="PositionY" value="3"/>
<property name="PrintCondition" value=""/>
<property name="FormatString" value=""/>
<property name="Alignment" value="1"/>
<property name="BlankWhenNull" value="false"/>
<property name="ConvertToWords" value="false"/>
</DBField>
<DBField>
<property name="Text" value="$V{PAGE_NO}"/>
<property name="DataType" value="String"/>
<property name="MultiLine" value="false"/>
<property name="Width" value="5"/>
<property name="PositionX" value="126"/>
<property name="PositionY" value="4"/>
<property name="PrintCondition" value=""/>
<property name="FormatString" value=""/>
<property name="Alignment" value="1"/>
<property name="BlankWhenNull" value="false"/>
<property name="ConvertToWords" value="false"/>
</DBField>
</Band>
<Band BandHeight="5" SplitBand="true" BandType="4" BandStartRow="0" BandName="Detail" GroupExpression="" StartGroupOnNewPage="false" >
<DBField>
<property name="Text" value="$F{AMOUNT}"/>
<property name="DataType" value="Numeric"/>
<property name="MultiLine" value="false"/>
<property name="Width" value="12"/>
<property name="PositionX" value="71"/>
<property name="PositionY" value="0"/>
<property name="PrintCondition" value=""/>
<property name="FormatString" value="#,##,##0.00"/>
<property name="Alignment" value="2"/>
<property name="BlankWhenNull" value="false"/>
<property name="ConvertToWords" value="false"/>
</DBField>
<DBField>
<property name="Text" value="$F{DEPOSITER_STATUS}"/>
<property name="DataType" value="String"/>
<property name="MultiLine" value="false"/>
<property name="Width" value="6"/>
<property name="PositionX" value="109"/>
<property name="PositionY" value="0"/>
<property name="PrintCondition" value=""/>
<property name="FormatString" value=""/>
<property name="Alignment" value="3"/>
<property name="BlankWhenNull" value="false"/>
<property name="ConvertToWords" value="false"/>
</DBField>
<DBField>
<property name="Text" value="$F{DEPOSIT_PERIOD}"/>
<property name="DataType" value="String"/>
<property name="MultiLine" value="false"/>
<property name="Width" value="6"/>
<property name="PositionX" value="85"/>
<property name="PositionY" value="0"/>
<property name="PrintCondition" value=""/>
<property name="FormatString" value=""/>
<property name="Alignment" value="3"/>
<property name="BlankWhenNull" value="false"/>
<property name="ConvertToWords" value="false"/>
</DBField>
<DBField>
<property name="Text" value="$F{ADDRESS3}"/>
<property name="DataType" value="String"/>
<property name="MultiLine" value="false"/>
<property name="Width" value="20"/>
<property name="PositionX" value="41"/>
<property name="PositionY" value="3"/>
<property name="PrintCondition" value=""/>
<property name="FormatString" value=""/>
<property name="Alignment" value="1"/>
<property name="BlankWhenNull" value="false"/>
<property name="ConvertToWords" value="false"/>
</DBField>
<DBField>
<property name="Text" value="$F{CITY}"/>
<property name="DataType" value="String"/>
<property name="MultiLine" value="false"/>
<property name="Width" value="5"/>
<property name="PositionX" value="41"/>
<property name="PositionY" value="4"/>
<property name="PrintCondition" value=""/>
<property name="FormatString" value=""/>
<property name="Alignment" value="1"/>
<property name="BlankWhenNull" value="false"/>
<property name="ConvertToWords" value="false"/>
</DBField>
<DBField>
<property name="Text" value="$F{INTEREST_RATE}"/>
<property name="DataType" value="String"/>
<property name="MultiLine" value="false"/>
<property name="Width" value="5"/>
<property name="PositionX" value="93"/>
<property name="PositionY" value="0"/>
<property name="PrintCondition" value=""/>
<property name="FormatString" value=""/>
<property name="Alignment" value="3"/>
<property name="BlankWhenNull" value="false"/>
<property name="ConvertToWords" value="false"/>
</DBField>
<DBField>
<property name="Text" value="$F{SR_NO}"/>
<property name="DataType" value="String"/>
<property name="MultiLine" value="false"/>
<property name="Width" value="5"/>
<property name="PositionX" value="0"/>
<property name="PositionY" value="0"/>
<property name="PrintCondition" value=""/>
<property name="FormatString" value=""/>
<property name="Alignment" value="3"/>
<property name="BlankWhenNull" value="false"/>
<property name="ConvertToWords" value="false"/>
</DBField>
<DBField>
<property name="Text" value="$F{BROKER_CODE}"/>
<property name="DataType" value="String"/>
<property name="MultiLine" value="false"/>
<property name="Width" value="6"/>
<property name="PositionX" value="100"/>
<property name="PositionY" value="0"/>
<property name="PrintCondition" value=""/>
<property name="FormatString" value=""/>
<property name="Alignment" value="1"/>
<property name="BlankWhenNull" value="false"/>
<property name="ConvertToWords" value="false"/>
</DBField>
<DBField>
<property name="Text" value="$F{APPLICANT_NAME}"/>
<property name="DataType" value="String"/>
<property name="MultiLine" value="true"/>
<property name="Width" value="28"/>
<property name="PositionX" value="41"/>
<property name="PositionY" value="0"/>
<property name="PrintCondition" value=""/>
<property name="FormatString" value=""/>
<property name="Alignment" value="1"/>
<property name="BlankWhenNull" value="false"/>
<property name="ConvertToWords" value="false"/>
</DBField>
<DBField>
<property name="Text" value="$F{PARTY_CODE}"/>
<property name="DataType" value="String"/>
<property name="MultiLine" value="false"/>
<property name="Width" value="10"/>
<property name="PositionX" value="118"/>
<property name="PositionY" value="0"/>
<property name="PrintCondition" value=""/>
<property name="FormatString" value=""/>
<property name="Alignment" value="1"/>
<property name="BlankWhenNull" value="false"/>
<property name="ConvertToWords" value="false"/>
</DBField>
<DBField>
<property name="Text" value="$F{RECEIPT_DATE}"/>
<property name="DataType" value="String"/>
<property name="MultiLine" value="false"/>
<property name="Width" value="10"/>
<property name="PositionX" value="17"/>
<property name="PositionY" value="0"/>
<property name="PrintCondition" value=""/>
<property name="FormatString" value=""/>
<property name="Alignment" value="1"/>
<property name="BlankWhenNull" value="false"/>
<property name="ConvertToWords" value="false"/>
</DBField>
<DBField>
<property name="Text" value="$F{RECEIPT_NO}"/>
<property name="DataType" value="String"/>
<property name="MultiLine" value="false"/>
<property name="Width" value="9"/>
<property name="PositionX" value="6"/>
<property name="PositionY" value="0"/>
<property name="PrintCondition" value=""/>
<property name="FormatString" value=""/>
<property name="Alignment" value="1"/>
<property name="BlankWhenNull" value="false"/>
<property name="ConvertToWords" value="false"/>
</DBField>
<DBField>
<property name="Text" value="$F{ADDRESS1}"/>
<property name="DataType" value="String"/>
<property name="MultiLine" value="false"/>
<property name="Width" value="20"/>
<property name="PositionX" value="41"/>
<property name="PositionY" value="1"/>
<property name="PrintCondition" value=""/>
<property name="FormatString" value=""/>
<property name="Alignment" value="1"/>
<property name="BlankWhenNull" value="false"/>
<property name="ConvertToWords" value="false"/>
</DBField>
<DBField>
<property name="Text" value="$F{MATURITY_DATE}"/>
<property name="DataType" value="String"/>
<property name="MultiLine" value="false"/>
<property name="Width" value="10"/>
<property name="PositionX" value="29"/>
<property name="PositionY" value="0"/>
<property name="PrintCondition" value=""/>
<property name="FormatString" value=""/>
<property name="Alignment" value="1"/>
<property name="BlankWhenNull" value="false"/>
<property name="ConvertToWords" value="false"/>
</DBField>
<DBField>
<property name="Text" value="$F{LEGACY_NO}"/>
<property name="DataType" value="String"/>
<property name="MultiLine" value="false"/>
<property name="Width" value="9"/>
<property name="PositionX" value="6"/>
<property name="PositionY" value="1"/>
<property name="PrintCondition" value=""/>
<property name="FormatString" value=""/>
<property name="Alignment" value="1"/>
<property name="BlankWhenNull" value="false"/>
<property name="ConvertToWords" value="false"/>
</DBField>
<DBField>
<property name="Text" value="$F{EFFECTIVE_DATE}"/>
<property name="DataType" value="String"/>
<property name="MultiLine" value="false"/>
<property name="Width" value="10"/>
<property name="PositionX" value="17"/>
<property name="PositionY" value="1"/>
<property name="PrintCondition" value=""/>
<property name="FormatString" value=""/>
<property name="Alignment" value="1"/>
<property name="BlankWhenNull" value="false"/>
<property name="ConvertToWords" value="false"/>
</DBField>
<DBField>
<property name="Text" value="$F{ADDRESS2}"/>
<property name="DataType" value="String"/>
<property name="MultiLine" value="false"/>
<property name="Width" value="20"/>
<property name="PositionX" value="41"/>
<property name="PositionY" value="2"/>
<property name="PrintCondition" value=""/>
<property name="FormatString" value=""/>
<property name="Alignment" value="1"/>
<property name="BlankWhenNull" value="false"/>
<property name="ConvertToWords" value="false"/>
</DBField>
</Band>
<Band BandHeight="4" SplitBand="true" BandType="6" BandStartRow="0" BandName="Page Footer" GroupExpression="" StartGroupOnNewPage="false" >
<TextField>
<property name="Text" value="------------------------------------------------------------------------------------------------------------------------------------"/>
<property name="MultiLine" value="false"/>
<property name="Width" value="132"/>
<property name="PositionX" value="0"/>
<property name="PositionY" value="0"/>
<property name="PrintCondition" value=""/>
<property name="Alignment" value="1"/>
</TextField>
<TextField>
<property name="Text" value="CUMM TOTAL :-"/>
<property name="MultiLine" value="false"/>
<property name="Width" value="13"/>
<property name="PositionX" value="54"/>
<property name="PositionY" value="2"/>
<property name="PrintCondition" value=""/>
<property name="Alignment" value="1"/>
</TextField>
<TextField>
<property name="Text" value="------------------------------------------------------------------------------------------------------------------------------------"/>
<property name="MultiLine" value="false"/>
<property name="Width" value="132"/>
<property name="PositionX" value="0"/>
<property name="PositionY" value="3"/>
<property name="PrintCondition" value=""/>
<property name="Alignment" value="1"/>
</TextField>
<TextField>
<property name="Text" value="PAGE TOTAL :-"/>
<property name="MultiLine" value="false"/>
<property name="Width" value="13"/>
<property name="PositionX" value="54"/>
<property name="PositionY" value="1"/>
<property name="PrintCondition" value=""/>
<property name="Alignment" value="1"/>
</TextField>
<DBField>
<property name="Text" value="$V{CUMM_TOTAL}"/>
<property name="DataType" value="Numeric"/>
<property name="MultiLine" value="false"/>
<property name="Width" value="15"/>
<property name="PositionX" value="68"/>
<property name="PositionY" value="2"/>
<property name="PrintCondition" value=""/>
<property name="FormatString" value="##,#00.00"/>
<property name="Alignment" value="2"/>
<property name="BlankWhenNull" value="false"/>
<property name="ConvertToWords" value="false"/>
</DBField>
<DBField>
<property name="Text" value="$V{PAGE_TOTAL}"/>
<property name="DataType" value="Numeric"/>
<property name="MultiLine" value="false"/>
<property name="Width" value="15"/>
<property name="PositionX" value="68"/>
<property name="PositionY" value="1"/>
<property name="PrintCondition" value=""/>
<property name="FormatString" value="##,##0.00"/>
<property name="Alignment" value="2"/>
<property name="BlankWhenNull" value="false"/>
<property name="ConvertToWords" value="false"/>
</DBField>
</Band>
<Band BandHeight="2" SplitBand="true" BandType="7" BandStartRow="0" BandName="Report Footer" GroupExpression="" StartGroupOnNewPage="false" >
<TextField>
<property name="Text" value="GRAND TOTAL:-"/>
<property name="MultiLine" value="false"/>
<property name="Width" value="13"/>
<property name="PositionX" value="54"/>
<property name="PositionY" value="0"/>
<property name="PrintCondition" value=""/>
<property name="Alignment" value="1"/>
</TextField>
<DBField>
<property name="Text" value="$V{GRAND_TOTAL}"/>
<property name="DataType" value="Numeric"/>
<property name="MultiLine" value="false"/>
<property name="Width" value="15"/>
<property name="PositionX" value="68"/>
<property name="PositionY" value="0"/>
<property name="PrintCondition" value=""/>
<property name="FormatString" value="##,##0.00"/>
<property name="Alignment" value="2"/>
<property name="BlankWhenNull" value="false"/>
<property name="ConvertToWords" value="false"/>
</DBField>
</Band>
