<?xml version="1.0" encoding="UTF-8  ?>"
<!-- TReportWriter Document - A Textbased Report writer -->
<DBInfo value="jdbc:mysql://200.0.0.227:3306/FINANCE"/>
<ReportQuery value="SELECT A.CHEQUE_NO,A.CHEQUE_AMOUNT,A.CHEQUE_DATE, A.REMARKS,B.EFFECT,A.VOUCHER_NO,A.VOUCHER_DATE, IF(B.SUB_ACCOUNT_CODE<>'',B.SUB_ACCOUNT_CODE,B.MAIN_ACCOUNT_CODE) AS ACCOUNT_CODE, IF(IF(B.SUB_ACCOUNT_CODE<>'',PARTY.PARTY_NAME,GL.ACCOUNT_NAME) IS NULL,'',IF(B.SUB_ACCOUNT_CODE<>'',PARTY.PARTY_NAME,GL.ACCOUNT_NAME)) AS ACCOUNT_NAME,IF(EFFECT='C',AMOUNT,0) AS CR_AMOUNT,IF(EFFECT='D',AMOUNT,0) AS DR_AMOUNT,B.PO_NO,B.PO_DATE,B.INVOICE_NO,B.INVOICE_DATE,A.BOOK_CODE,A.ST_CATEGORY, IF(EX.EX_ACCOUNT_NAME IS NULL, IF(IF(B.SUB_ACCOUNT_CODE<>'',PARTY.PARTY_NAME,GL.ACCOUNT_NAME) IS NULL,'',IF(B.SUB_ACCOUNT_CODE<>'',PARTY.PARTY_NAME,GL.ACCOUNT_NAME)) ,EX_ACCOUNT_NAME) AS ACCOUNT_NAME_EX,EXTR.INVOICE_AMOUNT,PARTY.PARTY_NAME,B.MAIN_ACCOUNT_CODE,B.SUB_ACCOUNT_CODE FROM    D_FIN_VOUCHER_HEADER A,   D_FIN_VOUCHER_DETAIL B   LEFT JOIN D_FIN_GL AS GL ON (GL.MAIN_ACCOUNT_CODE=B.MAIN_ACCOUNT_CODE)   LEFT JOIN D_FIN_PARTY_MASTER AS PARTY ON (PARTY.PARTY_CODE=B.SUB_ACCOUNT_CODE)   LEFT JOIN D_FIN_EX_ACCOUNT_MASTER AS EX ON ( SUBSTRING(B.MAIN_ACCOUNT_CODE,LENGTH(B.MAIN_ACCOUNT_CODE)-1)=EX.EX_ACCOUNT_CODE)  LEFT JOIN D_FIN_EXPENSE_TRANSACTION AS EXTR ON (B.INVOICE_NO=EXTR.INVOICE_NO) WHERE  A.VOUCHER_NO=B.VOUCHER_NO AND A.VOUCHER_NO='$P{VOUCHER_NO}' AND EFFECT='D'  GROUP BY INVOICE_NO ORDER BY VOUCHER_NO,DR_AMOUNT DESC "/>
<ReportPage>
<property name="PageHeight" value="71"/>
<property name="PageWidth" value="80"/>
<property name="PageSize" value="2"/>
<property name="PaperOrientation" value="1"/>
<property name="LeftMargin" value="0"/>
<property name="RightMargin" value="0"/>
<property name="TopMargin" value="0"/>
<property name="BottomMargin" value="0"/>
</ReportPage>
<InputParameters count="1">
<Parameter>
<property name="ParameterName" value="VOUCHER_NO"/>
<property name="DataType" value="String"/>
<property name="ParameterValue" value=""/>
</Parameter>
</InputParameters>
<Variables count="5">
<Variable>
<property name="VariableName" value="PAGE_NO"/>
<property name="Expression" value="PAGE_NO"/>
<property name="Function" value="None"/>
<property name="EvaluationTime" value="3"/>
<property name="EvaluationGroup" value=""/>
<property name="BuiltInVariable" value="true"/>
<property name="VariableValue" value=""/>
<property name="ResetOn" value="4"/>
<property name="ResetGroupName" value=""/>
</Variable>
<Variable>
<property name="VariableName" value="TOTAL_PAGES"/>
<property name="Expression" value="TOTAL_PAGES"/>
<property name="Function" value="None"/>
<property name="EvaluationTime" value="1"/>
<property name="EvaluationGroup" value=""/>
<property name="BuiltInVariable" value="true"/>
<property name="VariableValue" value=""/>
<property name="ResetOn" value="4"/>
<property name="ResetGroupName" value=""/>
</Variable>
<Variable>
<property name="VariableName" value="DATE"/>
<property name="Expression" value="DATE"/>
<property name="Function" value="None"/>
<property name="EvaluationTime" value="0"/>
<property name="EvaluationGroup" value=""/>
<property name="BuiltInVariable" value="true"/>
<property name="VariableValue" value=""/>
<property name="ResetOn" value="4"/>
<property name="ResetGroupName" value=""/>
</Variable>
<Variable>
<property name="VariableName" value="INVOICE_TOTAL"/>
<property name="Expression" value="$F{INVOICE_AMOUNT}"/>
<property name="Function" value="Sum"/>
<property name="EvaluationTime" value="2"/>
<property name="EvaluationGroup" value="INVOICE"/>
<property name="BuiltInVariable" value="false"/>
<property name="VariableValue" value=""/>
<property name="ResetOn" value="2"/>
<property name="ResetGroupName" value="INVOICE"/>
</Variable>
<Variable>
<property name="VariableName" value="DEBIT_TOTAL"/>
<property name="Expression" value="$F{DR_AMOUNT}"/>
<property name="Function" value="Sum"/>
<property name="EvaluationTime" value="0"/>
<property name="EvaluationGroup" value=" "/>
<property name="BuiltInVariable" value="false"/>
<property name="VariableValue" value=""/>
<property name="ResetOn" value="2"/>
<property name="ResetGroupName" value="VOUCHER_NO"/>
</Variable>
</Variables>
<Band BandHeight="0" SplitBand="true" BandType="1" BandStartRow="0" BandName="Report Header" GroupExpression="" StartGroupOnNewPage="false" >
</Band>
<Band BandHeight="0" SplitBand="true" BandType="2" BandStartRow="0" BandName="Page Header" GroupExpression="" StartGroupOnNewPage="false" >
</Band>
<Band BandHeight="25" SplitBand="true" BandType="3" BandStartRow="0" BandName="VOUCHER_NO" GroupExpression="$F{VOUCHER_NO}" StartGroupOnNewPage="true" >
<TextField>
<property name="Text" value="of Rs."/>
<property name="MultiLine" value="false"/>
<property name="Width" value="6"/>
<property name="PositionX" value="44"/>
<property name="PositionY" value="18"/>
<property name="PrintCondition" value=""/>
<property name="Alignment" value="1"/>
</TextField>
<TextField>
<property name="Text" value="P.O.No."/>
<property name="MultiLine" value="false"/>
<property name="Width" value="12"/>
<property name="PositionX" value="1"/>
<property name="PositionY" value="22"/>
<property name="PrintCondition" value=""/>
<property name="Alignment" value="1"/>
</TextField>
<TextField>
<property name="Text" value="Date"/>
<property name="MultiLine" value="false"/>
<property name="Width" value="10"/>
<property name="PositionX" value="24"/>
<property name="PositionY" value="22"/>
<property name="PrintCondition" value=""/>
<property name="Alignment" value="1"/>
</TextField>
<TextField>
<property name="Text" value="in your favour "/>
<property name="MultiLine" value="false"/>
<property name="Width" value="15"/>
<property name="PositionX" value="60"/>
<property name="PositionY" value="17"/>
<property name="PrintCondition" value=""/>
<property name="Alignment" value="1"/>
</TextField>
<TextField>
<property name="Text" value="Voucher No."/>
<property name="MultiLine" value="false"/>
<property name="Width" value="11"/>
<property name="PositionX" value="52"/>
<property name="PositionY" value="9"/>
<property name="PrintCondition" value=""/>
<property name="Alignment" value="3"/>
</TextField>
<TextField>
<property name="Text" value="BANK PAYMENT (DEBIT)"/>
<property name="MultiLine" value="false"/>
<property name="Width" value="20"/>
<property name="PositionX" value="59"/>
<property name="PositionY" value="3"/>
<property name="PrintCondition" value=""/>
<property name="Alignment" value="1"/>
</TextField>
<TextField>
<property name="Text" value="VOUCHER"/>
<property name="MultiLine" value="false"/>
<property name="Width" value="7"/>
<property name="PositionX" value="66"/>
<property name="PositionY" value="4"/>
<property name="PrintCondition" value=""/>
<property name="Alignment" value="1"/>
</TextField>
<TextField>
<property name="Text" value="------------------------------------------------------------------------------"/>
<property name="MultiLine" value="false"/>
<property name="Width" value="78"/>
<property name="PositionX" value="1"/>
<property name="PositionY" value="21"/>
<property name="PrintCondition" value=""/>
<property name="Alignment" value="1"/>
</TextField>
<TextField>
<property name="Text" value="SHRI DINESH MILLS LTD., BARODA"/>
<property name="MultiLine" value="false"/>
<property name="Width" value="30"/>
<property name="PositionX" value="22"/>
<property name="PositionY" value="1"/>
<property name="PrintCondition" value=""/>
<property name="Alignment" value="1"/>
</TextField>
<TextField>
<property name="Text" value="in Payment of following :-"/>
<property name="MultiLine" value="false"/>
<property name="Width" value="26"/>
<property name="PositionX" value="1"/>
<property name="PositionY" value="19"/>
<property name="PrintCondition" value=""/>
<property name="Alignment" value="1"/>
</TextField>
<TextField>
<property name="Text" value="Main"/>
<property name="MultiLine" value="false"/>
<property name="Width" value="8"/>
<property name="PositionX" value="39"/>
<property name="PositionY" value="23"/>
<property name="PrintCondition" value=""/>
<property name="Alignment" value="1"/>
</TextField>
<TextField>
<property name="Text" value="Padra Road, P.O. Box No. 2501, BARODA"/>
<property name="MultiLine" value="false"/>
<property name="Width" value="37"/>
<property name="PositionX" value="18"/>
<property name="PositionY" value="2"/>
<property name="PrintCondition" value=""/>
<property name="Alignment" value="1"/>
</TextField>
<TextField>
<property name="Text" value="We are enclosing a Cheque No."/>
<property name="MultiLine" value="false"/>
<property name="Width" value="29"/>
<property name="PositionX" value="2"/>
<property name="PositionY" value="17"/>
<property name="PrintCondition" value=""/>
<property name="Alignment" value="1"/>
</TextField>
<TextField>
<property name="Text" value="Bill No."/>
<property name="MultiLine" value="false"/>
<property name="Width" value="8"/>
<property name="PositionX" value="15"/>
<property name="PositionY" value="22"/>
<property name="PrintCondition" value=""/>
<property name="Alignment" value="1"/>
</TextField>
<TextField>
<property name="Text" value="Dear Sirs,"/>
<property name="MultiLine" value="false"/>
<property name="Width" value="10"/>
<property name="PositionX" value="1"/>
<property name="PositionY" value="16"/>
<property name="PrintCondition" value=""/>
<property name="Alignment" value="1"/>
</TextField>
<TextField>
<property name="Text" value="To,"/>
<property name="MultiLine" value="false"/>
<property name="Width" value="3"/>
<property name="PositionX" value="1"/>
<property name="PositionY" value="8"/>
<property name="PrintCondition" value=""/>
<property name="Alignment" value="1"/>
</TextField>
<TextField>
<property name="Text" value="A/C CODE"/>
<property name="MultiLine" value="false"/>
<property name="Width" value="8"/>
<property name="PositionX" value="47"/>
<property name="PositionY" value="22"/>
<property name="PrintCondition" value=""/>
<property name="Alignment" value="1"/>
</TextField>
<TextField>
<property name="Text" value="TR CD:"/>
<property name="MultiLine" value="false"/>
<property name="Width" value="6"/>
<property name="PositionX" value="29"/>
<property name="PositionY" value="5"/>
<property name="PrintCondition" value=""/>
<property name="Alignment" value="1"/>
</TextField>
<TextField>
<property name="Text" value="Sub. : PAYMENT ADVICE"/>
<property name="MultiLine" value="false"/>
<property name="Width" value="21"/>
<property name="PositionX" value="27"/>
<property name="PositionY" value="3"/>
<property name="PrintCondition" value=""/>
<property name="Alignment" value="1"/>
</TextField>
<TextField>
<property name="Text" value="Dated"/>
<property name="MultiLine" value="false"/>
<property name="Width" value="5"/>
<property name="PositionX" value="43"/>
<property name="PositionY" value="17"/>
<property name="PrintCondition" value=""/>
<property name="Alignment" value="1"/>
</TextField>
<TextField>
<property name="Text" value="Date:"/>
<property name="MultiLine" value="false"/>
<property name="Width" value="5"/>
<property name="PositionX" value="58"/>
<property name="PositionY" value="10"/>
<property name="PrintCondition" value=""/>
<property name="Alignment" value="1"/>
</TextField>
<TextField>
<property name="Text" value="Amount"/>
<property name="MultiLine" value="false"/>
<property name="Width" value="12"/>
<property name="PositionX" value="63"/>
<property name="PositionY" value="22"/>
<property name="PrintCondition" value=""/>
<property name="Alignment" value="2"/>
</TextField>
<TextField>
<property name="Text" value="drawn upon "/>
<property name="MultiLine" value="false"/>
<property name="Width" value="11"/>
<property name="PositionX" value="1"/>
<property name="PositionY" value="18"/>
<property name="PrintCondition" value=""/>
<property name="Alignment" value="1"/>
</TextField>
<TextField>
<property name="Text" value="------------------------------------------------------------------------------"/>
<property name="MultiLine" value="false"/>
<property name="Width" value="78"/>
<property name="PositionX" value="1"/>
<property name="PositionY" value="24"/>
<property name="PrintCondition" value=""/>
<property name="Alignment" value="1"/>
</TextField>
<TextField>
<property name="Text" value="Sub"/>
<property name="MultiLine" value="false"/>
<property name="Width" value="8"/>
<property name="PositionX" value="51"/>
<property name="PositionY" value="23"/>
<property name="PrintCondition" value=""/>
<property name="Alignment" value="1"/>
</TextField>
<DBField>
<property name="Text" value="$F{VOUCHER_NO}"/>
<property name="DataType" value="String"/>
<property name="MultiLine" value="false"/>
<property name="Width" value="12"/>
<property name="PositionX" value="64"/>
<property name="PositionY" value="9"/>
<property name="PrintCondition" value=""/>
<property name="FormatString" value=""/>
<property name="Alignment" value="1"/>
<property name="BlankWhenNull" value="false"/>
<property name="ConvertToWords" value="false"/>
</DBField>
<DBField>
<property name="Text" value="$F{BOOK_CODE}"/>
<property name="DataType" value="String"/>
<property name="MultiLine" value="false"/>
<property name="Width" value="5"/>
<property name="PositionX" value="35"/>
<property name="PositionY" value="5"/>
<property name="PrintCondition" value=""/>
<property name="FormatString" value=""/>
<property name="Alignment" value="1"/>
<property name="BlankWhenNull" value="false"/>
<property name="ConvertToWords" value="false"/>
</DBField>
<DBField>
<property name="Text" value="$F{CHEQUE_AMOUNT}"/>
<property name="DataType" value="Numeric"/>
<property name="MultiLine" value="false"/>
<property name="Width" value="12"/>
<property name="PositionX" value="51"/>
<property name="PositionY" value="18"/>
<property name="PrintCondition" value=""/>
<property name="FormatString" value="###0.00"/>
<property name="Alignment" value="2"/>
<property name="BlankWhenNull" value="false"/>
<property name="ConvertToWords" value="false"/>
</DBField>
<DBField>
<property name="Text" value="$F{VOUCHER_DATE}"/>
<property name="DataType" value="Date"/>
<property name="MultiLine" value="false"/>
<property name="Width" value="10"/>
<property name="PositionX" value="64"/>
<property name="PositionY" value="10"/>
<property name="PrintCondition" value=""/>
<property name="FormatString" value=""/>
<property name="Alignment" value="1"/>
<property name="BlankWhenNull" value="false"/>
<property name="ConvertToWords" value="false"/>
</DBField>
<DBField>
<property name="Text" value="$F{FULL_ACCOUNT_NAME}"/>
<property name="DataType" value="String"/>
<property name="MultiLine" value="false"/>
<property name="Width" value="25"/>
<property name="PositionX" value="1"/>
<property name="PositionY" value="9"/>
<property name="PrintCondition" value=""/>
<property name="FormatString" value=""/>
<property name="Alignment" value="1"/>
<property name="BlankWhenNull" value="false"/>
<property name="ConvertToWords" value="false"/>
</DBField>
<DBField>
<property name="Text" value="$F{BOOK_NAME}"/>
<property name="DataType" value="String"/>
<property name="MultiLine" value="false"/>
<property name="Width" value="37"/>
<property name="PositionX" value="18"/>
<property name="PositionY" value="6"/>
<property name="PrintCondition" value=""/>
<property name="FormatString" value=""/>
<property name="Alignment" value="3"/>
<property name="BlankWhenNull" value="false"/>
<property name="ConvertToWords" value="false"/>
</DBField>
<DBField>
<property name="Text" value="$F{CHEQUE_NO}"/>
<property name="DataType" value="String"/>
<property name="MultiLine" value="false"/>
<property name="Width" value="10"/>
<property name="PositionX" value="32"/>
<property name="PositionY" value="17"/>
<property name="PrintCondition" value=""/>
<property name="FormatString" value=""/>
<property name="Alignment" value="1"/>
<property name="BlankWhenNull" value="false"/>
<property name="ConvertToWords" value="false"/>
</DBField>
<DBField>
<property name="Text" value="$F{BOOK_NAME}"/>
<property name="DataType" value="String"/>
<property name="MultiLine" value="false"/>
<property name="Width" value="30"/>
<property name="PositionX" value="13"/>
<property name="PositionY" value="18"/>
<property name="PrintCondition" value=""/>
<property name="FormatString" value=""/>
<property name="Alignment" value="1"/>
<property name="BlankWhenNull" value="false"/>
<property name="ConvertToWords" value="false"/>
</DBField>
<DBField>
<property name="Text" value="$F{CHEQUE_DATE}"/>
<property name="DataType" value="Date"/>
<property name="MultiLine" value="false"/>
<property name="Width" value="10"/>
<property name="PositionX" value="49"/>
<property name="PositionY" value="17"/>
<property name="PrintCondition" value=""/>
<property name="FormatString" value=""/>
<property name="Alignment" value="1"/>
<property name="BlankWhenNull" value="false"/>
<property name="ConvertToWords" value="false"/>
</DBField>
</Band>
<Band BandHeight="2" SplitBand="true" BandType="4" BandStartRow="0" BandName="Detail" GroupExpression="" StartGroupOnNewPage="false" >
<DBField>
<property name="Text" value="$F{REMARKS}"/>
<property name="DataType" value="String"/>
<property name="MultiLine" value="false"/>
<property name="Width" value="60"/>
<property name="PositionX" value="1"/>
<property name="PositionY" value="1"/>
<property name="PrintCondition" value=""/>
<property name="FormatString" value=""/>
<property name="Alignment" value="1"/>
<property name="BlankWhenNull" value="false"/>
<property name="ConvertToWords" value="false"/>
</DBField>
<DBField>
<property name="Text" value="$F{INVOICE_DATE}"/>
<property name="DataType" value="Date"/>
<property name="MultiLine" value="false"/>
<property name="Width" value="10"/>
<property name="PositionX" value="24"/>
<property name="PositionY" value="0"/>
<property name="PrintCondition" value=""/>
<property name="FormatString" value=""/>
<property name="Alignment" value="1"/>
<property name="BlankWhenNull" value="false"/>
<property name="ConvertToWords" value="false"/>
</DBField>
<DBField>
<property name="Text" value="$F{DR_AMOUNT}"/>
<property name="DataType" value="Numeric"/>
<property name="MultiLine" value="false"/>
<property name="Width" value="12"/>
<property name="PositionX" value="63"/>
<property name="PositionY" value="0"/>
<property name="PrintCondition" value=""/>
<property name="FormatString" value="###0.00"/>
<property name="Alignment" value="2"/>
<property name="BlankWhenNull" value="false"/>
<property name="ConvertToWords" value="false"/>
</DBField>
<DBField>
<property name="Text" value="$F{MAIN_ACCOUNT_CODE}"/>
<property name="DataType" value="String"/>
<property name="MultiLine" value="false"/>
<property name="Width" value="10"/>
<property name="PositionX" value="39"/>
<property name="PositionY" value="0"/>
<property name="PrintCondition" value=""/>
<property name="FormatString" value=""/>
<property name="Alignment" value="1"/>
<property name="BlankWhenNull" value="false"/>
<property name="ConvertToWords" value="false"/>
</DBField>
<DBField>
<property name="Text" value="$F{INVOICE_NO}"/>
<property name="DataType" value="String"/>
<property name="MultiLine" value="false"/>
<property name="Width" value="8"/>
<property name="PositionX" value="15"/>
<property name="PositionY" value="0"/>
<property name="PrintCondition" value=""/>
<property name="FormatString" value=""/>
<property name="Alignment" value="1"/>
<property name="BlankWhenNull" value="false"/>
<property name="ConvertToWords" value="false"/>
</DBField>
<DBField>
<property name="Text" value="$F{SUB_ACCOUNT_CODE}"/>
<property name="DataType" value="String"/>
<property name="MultiLine" value="false"/>
<property name="Width" value="10"/>
<property name="PositionX" value="51"/>
<property name="PositionY" value="0"/>
<property name="PrintCondition" value=""/>
<property name="FormatString" value=""/>
<property name="Alignment" value="1"/>
<property name="BlankWhenNull" value="false"/>
<property name="ConvertToWords" value="false"/>
</DBField>
<DBField>
<property name="Text" value="$F{PO_NO}"/>
<property name="DataType" value="String"/>
<property name="MultiLine" value="false"/>
<property name="Width" value="12"/>
<property name="PositionX" value="1"/>
<property name="PositionY" value="0"/>
<property name="PrintCondition" value=""/>
<property name="FormatString" value=""/>
<property name="Alignment" value="1"/>
<property name="BlankWhenNull" value="false"/>
<property name="ConvertToWords" value="false"/>
</DBField>
</Band>
<Band BandHeight="14" SplitBand="true" BandType="5" BandStartRow="0" BandName="VOUCHER_NO" GroupExpression="$F{VOUCHER_NO}" StartGroupOnNewPage="false" >
<TextField>
<property name="Text" value="------------------------------------------------------------------------------"/>
<property name="MultiLine" value="false"/>
<property name="Width" value="78"/>
<property name="PositionX" value="1"/>
<property name="PositionY" value="2"/>
<property name="PrintCondition" value=""/>
<property name="Alignment" value="1"/>
</TextField>
<TextField>
<property name="Text" value="Sr. Accountant"/>
<property name="MultiLine" value="false"/>
<property name="Width" value="14"/>
<property name="PositionX" value="38"/>
<property name="PositionY" value="12"/>
<property name="PrintCondition" value=""/>
<property name="Alignment" value="1"/>
</TextField>
<TextField>
<property name="Text" value="Rupees :"/>
<property name="MultiLine" value="false"/>
<property name="Width" value="8"/>
<property name="PositionX" value="1"/>
<property name="PositionY" value="6"/>
<property name="PrintCondition" value=""/>
<property name="Alignment" value="1"/>
</TextField>
<TextField>
<property name="Text" value="Total ::"/>
<property name="MultiLine" value="false"/>
<property name="Width" value="8"/>
<property name="PositionX" value="54"/>
<property name="PositionY" value="3"/>
<property name="PrintCondition" value=""/>
<property name="Alignment" value="1"/>
</TextField>
<TextField>
<property name="Text" value="Please send us your official stamped reciept"/>
<property name="MultiLine" value="false"/>
<property name="Width" value="44"/>
<property name="PositionX" value="1"/>
<property name="PositionY" value="8"/>
<property name="PrintCondition" value=""/>
<property name="Alignment" value="1"/>
</TextField>
<TextField>
<property name="Text" value="------------------------------------------------------------------------------"/>
<property name="MultiLine" value="false"/>
<property name="Width" value="78"/>
<property name="PositionX" value="1"/>
<property name="PositionY" value="4"/>
<property name="PrintCondition" value=""/>
<property name="Alignment" value="1"/>
</TextField>
<TextField>
<property name="Text" value="Prepared By"/>
<property name="MultiLine" value="false"/>
<property name="Width" value="11"/>
<property name="PositionX" value="1"/>
<property name="PositionY" value="12"/>
<property name="PrintCondition" value=""/>
<property name="Alignment" value="1"/>
</TextField>
<TextField>
<property name="Text" value="Checked By"/>
<property name="MultiLine" value="false"/>
<property name="Width" value="10"/>
<property name="PositionX" value="19"/>
<property name="PositionY" value="12"/>
<property name="PrintCondition" value=""/>
<property name="Alignment" value="1"/>
</TextField>
<TextField>
<property name="Text" value="Receiver's Sign."/>
<property name="MultiLine" value="false"/>
<property name="Width" value="16"/>
<property name="PositionX" value="61"/>
<property name="PositionY" value="12"/>
<property name="PrintCondition" value=""/>
<property name="Alignment" value="1"/>
</TextField>
<DBField>
<property name="Text" value="$F{CHEQUE_AMOUNT}"/>
<property name="DataType" value="Numeric"/>
<property name="MultiLine" value="false"/>
<property name="Width" value="65"/>
<property name="PositionX" value="10"/>
<property name="PositionY" value="6"/>
<property name="PrintCondition" value=""/>
<property name="FormatString" value="###0.00"/>
<property name="Alignment" value="1"/>
<property name="BlankWhenNull" value="false"/>
<property name="ConvertToWords" value="true"/>
</DBField>
<DBField>
<property name="Text" value="$V{DEBIT_TOTAL}"/>
<property name="DataType" value="Numeric"/>
<property name="MultiLine" value="false"/>
<property name="Width" value="12"/>
<property name="PositionX" value="63"/>
<property name="PositionY" value="3"/>
<property name="PrintCondition" value=""/>
<property name="FormatString" value="###0.00"/>
<property name="Alignment" value="2"/>
<property name="BlankWhenNull" value="false"/>
<property name="ConvertToWords" value="false"/>
</DBField>
</Band>
<Band BandHeight="4" SplitBand="true" BandType="6" BandStartRow="0" BandName="Page Footer" GroupExpression="" StartGroupOnNewPage="false" >
</Band>
<Band BandHeight="0" SplitBand="true" BandType="7" BandStartRow="0" BandName="Report Footer" GroupExpression="" StartGroupOnNewPage="false" >
</Band>
