<?xml version="1.0" encoding="UTF-8  ?>"
<!-- TReportWriter Document - A Textbased Report writer -->
<DBInfo value="jdbc:mysql://200.0.0.227:3306/DINESHMILLS"/>
<ReportQuery value="SELECT X.INVOICE_TYPE, INVOICE_NO ,TOTAL_GROSS_QTY,TOTAL_NET_QTY,TOTAL_GROSS_AMOUNT,COLUMN_9_AMT,COLUMN_16_AMT,TOTAL_NET_AMOUNT,COLUMN_1_AMT,TOTAL_VALUE, NET_AMOUNT,COLUMN_25_AMT,COLUMN_24_AMT,COLUMN_8_AMT,VAT4,VAT1,CST5,CST2,COLUMN_12_AMT,TOTAL_SQ_MTR,TRD_DISCOUNT,COLUMN_13_AMT,TOTAL_NET_AMOUNT+COLUMN_1_AMT AS TOTAL_SALES FROM                (SELECT INVOICE_TYPE,'COMBO' AS INVOICE_NO ,SUM(A.TOTAL_GROSS_QTY) AS TOTAL_GROSS_QTY,SUM(A.TOTAL_NET_QTY) AS TOTAL_NET_QTY,SUM(A.TOTAL_GROSS_AMOUNT) AS TOTAL_GROSS_AMOUNT,SUM(A.COLUMN_9_AMT) AS COLUMN_9_AMT,SUM(A.COLUMN_16_AMT) AS COLUMN_16_AMT,SUM(A.TOTAL_NET_AMOUNT) AS TOTAL_NET_AMOUNT,SUM(A.COLUMN_1_AMT) AS COLUMN_1_AMT,SUM(A.TOTAL_VALUE) AS TOTAL_VALUE,SUM(A.NET_AMOUNT) AS NET_AMOUNT,SUM(A.COLUMN_25_AMT) AS COLUMN_25_AMT,SUM(A.COLUMN_24_AMT) AS COLUMN_24_AMT,SUM(A.COLUMN_8_AMT) AS COLUMN_8_AMT,SUM(A.VAT4) AS VAT4,SUM(A.VAT1) AS VAT1,SUM(A.CST5) AS CST5,SUM(A.CST2) AS CST2,SUM(A.COLUMN_12_AMT) AS COLUMN_12_AMT,SUM(A.TOTAL_SQ_MTR) AS TOTAL_SQ_MTR,SUM(A.COLUMN_13_AMT) AS COLUMN_13_AMT  FROM D_SAL_INVOICE_HEADER A  WHERE A.COMPANY_ID=2 AND A.INVOICE_TYPE=1 AND A.INVOICE_DATE>='2016-07-01' AND A.INVOICE_DATE<='2016-07-31' AND A.WAREHOUSE_CODE=0 AND A.QUALITY_INDICATOR=0 AND A.CANCELLED=0 AND A.APPROVED=1 GROUP BY INVOICE_TYPE) AS X                  LEFT JOIN  (SELECT INVOICE_TYPE,SUM(TRD_DISCOUNT) AS TRD_DISCOUNT FROM D_SAL_INVOICE_DETAIL WHERE COMPANY_ID=2 AND INVOICE_TYPE=1 AND INVOICE_DATE>='2016-07-01' AND INVOICE_DATE<='2016-07-31' AND WAREHOUSE_CODE=0 AND CANCELLED=0 GROUP BY INVOICE_TYPE) AS Y ON X.INVOICE_TYPE=Y.INVOICE_TYPE                   UNION ALL                   SELECT X.INVOICE_TYPE, INVOICE_NO ,TOTAL_GROSS_QTY,TOTAL_NET_QTY,TOTAL_GROSS_AMOUNT,COLUMN_9_AMT,COLUMN_16_AMT,TOTAL_NET_AMOUNT,COLUMN_1_AMT,TOTAL_VALUE, NET_AMOUNT,COLUMN_25_AMT,COLUMN_24_AMT,COLUMN_8_AMT,VAT4,VAT1,CST5,CST2,COLUMN_12_AMT,TOTAL_SQ_MTR,TRD_DISCOUNT,COLUMN_13_AMT,TOTAL_NET_AMOUNT+COLUMN_1_AMT AS TOTAL_SALES FROM                   (SELECT INVOICE_TYPE,'REGULAR' AS INVOICE_NO ,SUM(TOTAL_GROSS_QTY) AS TOTAL_GROSS_QTY,SUM(TOTAL_NET_QTY) AS TOTAL_NET_QTY,SUM(TOTAL_GROSS_AMOUNT) AS TOTAL_GROSS_AMOUNT,SUM(COLUMN_9_AMT) AS COLUMN_9_AMT,SUM(COLUMN_16_AMT) AS COLUMN_16_AMT,SUM(TOTAL_NET_AMOUNT) AS TOTAL_NET_AMOUNT,SUM(COLUMN_1_AMT) AS COLUMN_1_AMT,SUM(TOTAL_VALUE) AS TOTAL_VALUE,SUM(NET_AMOUNT) AS NET_AMOUNT,SUM(COLUMN_25_AMT) AS COLUMN_25_AMT,SUM(COLUMN_24_AMT) AS COLUMN_24_AMT,SUM(COLUMN_8_AMT) AS COLUMN_8_AMT,SUM(VAT4) AS VAT4,SUM(VAT1) AS VAT1,SUM(CST5) AS CST5,SUM(CST2) AS CST2,SUM(COLUMN_12_AMT) AS COLUMN_12_AMT,SUM(TOTAL_SQ_MTR) AS TOTAL_SQ_MTR,SUM(A.COLUMN_13_AMT) AS COLUMN_13_AMT FROM D_SAL_INVOICE_HEADER A WHERE COMPANY_ID=2 AND INVOICE_TYPE=1 AND INVOICE_DATE>='2016-07-01' AND INVOICE_DATE<='2016-07-31' AND WAREHOUSE_CODE IN (1,9)  AND QUALITY_INDICATOR IN (0,2,3,4) AND CANCELLED=0 AND APPROVED=1 AND (TOTAL_NET_AMOUNT/TOTAL_GROSS_QTY)>80 GROUP BY INVOICE_TYPE) AS X                   LEFT JOIN (SELECT INVOICE_TYPE,SUM(TRD_DISCOUNT) AS TRD_DISCOUNT FROM D_SAL_INVOICE_DETAIL WHERE COMPANY_ID=2 AND INVOICE_TYPE=1 AND INVOICE_DATE>='2016-07-01' AND INVOICE_DATE<='2016-07-31' AND WAREHOUSE_CODE IN (1,9) AND CANCELLED=0 GROUP BY INVOICE_TYPE) AS Y ON X.INVOICE_TYPE=Y.INVOICE_TYPE                   UNION ALL                   SELECT X.INVOICE_TYPE, INVOICE_NO ,TOTAL_GROSS_QTY,TOTAL_NET_QTY,TOTAL_GROSS_AMOUNT,COLUMN_9_AMT,COLUMN_16_AMT,TOTAL_NET_AMOUNT,COLUMN_1_AMT,TOTAL_VALUE, NET_AMOUNT,COLUMN_25_AMT,COLUMN_24_AMT,COLUMN_8_AMT,VAT4,VAT1,CST5,CST2,COLUMN_12_AMT,TOTAL_SQ_MTR,TRD_DISCOUNT,COLUMN_13_AMT,TOTAL_NET_AMOUNT+COLUMN_1_AMT AS TOTAL_SALES FROM                   (SELECT INVOICE_TYPE,'BLANKET' AS INVOICE_NO ,SUM(TOTAL_GROSS_QTY) AS TOTAL_GROSS_QTY,SUM(TOTAL_NET_QTY) AS TOTAL_NET_QTY,SUM(TOTAL_GROSS_AMOUNT) AS TOTAL_GROSS_AMOUNT,SUM(COLUMN_9_AMT) AS COLUMN_9_AMT,SUM(COLUMN_16_AMT) AS COLUMN_16_AMT,SUM(TOTAL_NET_AMOUNT) AS TOTAL_NET_AMOUNT,SUM(COLUMN_1_AMT) AS COLUMN_1_AMT,SUM(TOTAL_VALUE) AS TOTAL_VALUE,SUM(NET_AMOUNT) AS NET_AMOUNT,SUM(COLUMN_25_AMT) AS COLUMN_25_AMT,SUM(COLUMN_24_AMT) AS COLUMN_24_AMT,SUM(COLUMN_8_AMT) AS COLUMN_8_AMT,SUM(VAT4) AS VAT4,SUM(VAT1) AS VAT1,SUM(CST5) AS CST5,SUM(CST2) AS CST2,SUM(COLUMN_12_AMT) AS COLUMN_12_AMT,SUM(TOTAL_SQ_MTR) AS TOTAL_SQ_MTR,SUM(A.COLUMN_13_AMT) AS COLUMN_13_AMT FROM D_SAL_INVOICE_HEADER A WHERE COMPANY_ID=2 AND INVOICE_TYPE=1 AND INVOICE_DATE>='2016-07-01' AND INVOICE_DATE<='2016-07-31' AND WAREHOUSE_CODE IN (4)  AND CANCELLED=0 AND APPROVED=1 AND (TOTAL_NET_AMOUNT/TOTAL_GROSS_QTY)>80 GROUP BY INVOICE_TYPE) AS X                   LEFT JOIN  (SELECT INVOICE_TYPE,SUM(TRD_DISCOUNT) AS TRD_DISCOUNT FROM D_SAL_INVOICE_DETAIL WHERE COMPANY_ID=2 AND INVOICE_TYPE=1 AND INVOICE_DATE>='2016-07-01' AND INVOICE_DATE<='2016-07-31' AND WAREHOUSE_CODE IN (4) AND CANCELLED=0 GROUP BY INVOICE_TYPE) AS Y ON X.INVOICE_TYPE=Y.INVOICE_TYPE                   UNION ALL                   SELECT X.INVOICE_TYPE, INVOICE_NO ,TOTAL_GROSS_QTY,TOTAL_NET_QTY,TOTAL_GROSS_AMOUNT,COLUMN_9_AMT,COLUMN_16_AMT,TOTAL_NET_AMOUNT,COLUMN_1_AMT,TOTAL_VALUE, NET_AMOUNT,COLUMN_25_AMT,COLUMN_24_AMT,COLUMN_8_AMT,VAT4,VAT1,CST5,CST2,COLUMN_12_AMT,TOTAL_SQ_MTR, COALESCE(TRD_DISCOUNT,0),COLUMN_13_AMT,TOTAL_NET_AMOUNT+COLUMN_1_AMT AS TOTAL_SALES FROM                   (SELECT INVOICE_TYPE,'FRC' AS INVOICE_NO ,SUM(TOTAL_GROSS_QTY) AS TOTAL_GROSS_QTY,SUM(TOTAL_NET_QTY) AS TOTAL_NET_QTY,SUM(TOTAL_GROSS_AMOUNT) AS TOTAL_GROSS_AMOUNT,SUM(COLUMN_9_AMT) AS COLUMN_9_AMT,SUM(COLUMN_16_AMT) AS COLUMN_16_AMT,SUM(TOTAL_NET_AMOUNT) AS TOTAL_NET_AMOUNT,SUM(COLUMN_1_AMT) AS COLUMN_1_AMT,SUM(TOTAL_VALUE) AS TOTAL_VALUE,SUM(NET_AMOUNT) AS NET_AMOUNT,SUM(COLUMN_25_AMT) AS COLUMN_25_AMT,SUM(COLUMN_24_AMT) AS COLUMN_24_AMT,SUM(COLUMN_8_AMT) AS COLUMN_8_AMT,SUM(VAT4) AS VAT4,SUM(VAT1) AS VAT1,SUM(CST5) AS CST5,SUM(CST2) AS CST2,SUM(COLUMN_12_AMT) AS COLUMN_12_AMT,SUM(TOTAL_SQ_MTR) AS TOTAL_SQ_MTR,SUM(A.COLUMN_13_AMT) AS COLUMN_13_AMT FROM D_SAL_INVOICE_HEADER A WHERE COMPANY_ID=2 AND INVOICE_TYPE=1 AND INVOICE_DATE>='2016-07-01' AND INVOICE_DATE<='2016-07-31' AND (TOTAL_NET_AMOUNT/TOTAL_GROSS_QTY)<80 AND CANCELLED=0 AND APPROVED=1 GROUP BY INVOICE_TYPE) AS X                   LEFT JOIN  (SELECT INVOICE_TYPE,SUM(TRD_DISCOUNT) AS TRD_DISCOUNT FROM D_SAL_INVOICE_DETAIL WHERE COMPANY_ID=2 AND INVOICE_TYPE=1 AND INVOICE_DATE>='2016-07-01' AND INVOICE_DATE<='2016-07-31' AND CANCELLED=0 AND (NET_AMOUNT/GROSS_QTY)< 80 GROUP BY INVOICE_TYPE) AS Y ON X.INVOICE_TYPE=Y.INVOICE_TYPE               "/>
<ReportPage>
<property name="PageHeight" value="72"/>
<property name="PageWidth" value="132"/>
<property name="PageSize" value="2"/>
<property name="PaperOrientation" value="1"/>
<property name="LeftMargin" value="0"/>
<property name="RightMargin" value="0"/>
<property name="TopMargin" value="0"/>
<property name="BottomMargin" value="0"/>
</ReportPage>
<InputParameters count="0">
</InputParameters>
<Variables count="7">
<Variable>
<property name="VariableName" value="PAGE_NO"/>
<property name="Expression" value="PAGE_NO"/>
<property name="Function" value="None"/>
<property name="EvaluationTime" value="3"/>
<property name="EvaluationGroup" value=""/>
<property name="BuiltInVariable" value="true"/>
<property name="VariableValue" value=""/>
<property name="ResetOn" value="4"/>
<property name="ResetGroupName" value=""/>
</Variable>
<Variable>
<property name="VariableName" value="TOTAL_PAGES"/>
<property name="Expression" value="TOTAL_PAGES"/>
<property name="Function" value="None"/>
<property name="EvaluationTime" value="1"/>
<property name="EvaluationGroup" value=""/>
<property name="BuiltInVariable" value="true"/>
<property name="VariableValue" value=""/>
<property name="ResetOn" value="4"/>
<property name="ResetGroupName" value=""/>
</Variable>
<Variable>
<property name="VariableName" value="DATE"/>
<property name="Expression" value="DATE"/>
<property name="Function" value="None"/>
<property name="EvaluationTime" value="0"/>
<property name="EvaluationGroup" value=""/>
<property name="BuiltInVariable" value="true"/>
<property name="VariableValue" value=""/>
<property name="ResetOn" value="4"/>
<property name="ResetGroupName" value=""/>
</Variable>
<Variable>
<property name="VariableName" value="A"/>
<property name="Expression" value="$F{TOTAL_GROSS_QTY}"/>
<property name="Function" value="Sum"/>
<property name="EvaluationTime" value="0"/>
<property name="EvaluationGroup" value=" "/>
<property name="BuiltInVariable" value="false"/>
<property name="VariableValue" value=""/>
<property name="ResetOn" value="4"/>
<property name="ResetGroupName" value=" "/>
</Variable>
<Variable>
<property name="VariableName" value="B"/>
<property name="Expression" value="$F{TOTAL_NET_AMOUNT}"/>
<property name="Function" value="Sum"/>
<property name="EvaluationTime" value="0"/>
<property name="EvaluationGroup" value=" "/>
<property name="BuiltInVariable" value="false"/>
<property name="VariableValue" value=""/>
<property name="ResetOn" value="4"/>
<property name="ResetGroupName" value=" "/>
</Variable>
<Variable>
<property name="VariableName" value="C"/>
<property name="Expression" value="$F{COLUMN_1_AMT}"/>
<property name="Function" value="Sum"/>
<property name="EvaluationTime" value="0"/>
<property name="EvaluationGroup" value=" "/>
<property name="BuiltInVariable" value="false"/>
<property name="VariableValue" value=""/>
<property name="ResetOn" value="4"/>
<property name="ResetGroupName" value=" "/>
</Variable>
<Variable>
<property name="VariableName" value="D"/>
<property name="Expression" value="$F{TOTAL_SALES}"/>
<property name="Function" value="Sum"/>
<property name="EvaluationTime" value="0"/>
<property name="EvaluationGroup" value=" "/>
<property name="BuiltInVariable" value="false"/>
<property name="VariableValue" value=""/>
<property name="ResetOn" value="4"/>
<property name="ResetGroupName" value=" "/>
</Variable>
</Variables>
<Band BandHeight="0" SplitBand="true" BandType="1" BandStartRow="0" BandName="Report Header" GroupExpression="" StartGroupOnNewPage="false" >
</Band>
<Band BandHeight="8" SplitBand="true" BandType="2" BandStartRow="0" BandName="Page Header" GroupExpression="" StartGroupOnNewPage="false" >
<TextField>
<property name="Text" value="SR NO"/>
<property name="MultiLine" value="false"/>
<property name="Width" value="5"/>
<property name="PositionX" value="3"/>
<property name="PositionY" value="5"/>
<property name="PrintCondition" value=""/>
<property name="Alignment" value="1"/>
</TextField>
<TextField>
<property name="Text" value="RUN DATE:"/>
<property name="MultiLine" value="false"/>
<property name="Width" value="9"/>
<property name="PositionX" value="1"/>
<property name="PositionY" value="1"/>
<property name="PrintCondition" value=""/>
<property name="Alignment" value="1"/>
</TextField>
<TextField>
<property name="Text" value="=================================================================================================================================="/>
<property name="MultiLine" value="false"/>
<property name="Width" value="130"/>
<property name="PositionX" value="1"/>
<property name="PositionY" value="7"/>
<property name="PrintCondition" value=""/>
<property name="Alignment" value="1"/>
</TextField>
<TextField>
<property name="Text" value="TOTAL SALES"/>
<property name="MultiLine" value="false"/>
<property name="Width" value="11"/>
<property name="PositionX" value="78"/>
<property name="PositionY" value="5"/>
<property name="PrintCondition" value=""/>
<property name="Alignment" value="1"/>
</TextField>
<TextField>
<property name="Text" value="QUANTITY"/>
<property name="MultiLine" value="false"/>
<property name="Width" value="8"/>
<property name="PositionX" value="28"/>
<property name="PositionY" value="5"/>
<property name="PrintCondition" value=""/>
<property name="Alignment" value="1"/>
</TextField>
<TextField>
<property name="Text" value="=================================================================================================================================="/>
<property name="MultiLine" value="false"/>
<property name="Width" value="130"/>
<property name="PositionX" value="1"/>
<property name="PositionY" value="3"/>
<property name="PrintCondition" value=""/>
<property name="Alignment" value="1"/>
</TextField>
<TextField>
<property name="Text" value="TO"/>
<property name="MultiLine" value="false"/>
<property name="Width" value="2"/>
<property name="PositionX" value="80"/>
<property name="PositionY" value="2"/>
<property name="PrintCondition" value=""/>
<property name="Alignment" value="1"/>
</TextField>
<TextField>
<property name="Text" value="CATEGORY"/>
<property name="MultiLine" value="false"/>
<property name="Width" value="8"/>
<property name="PositionX" value="10"/>
<property name="PositionY" value="5"/>
<property name="PrintCondition" value=""/>
<property name="Alignment" value="1"/>
</TextField>
<TextField>
<property name="Text" value="EXCISE+HLC"/>
<property name="MultiLine" value="false"/>
<property name="Width" value="10"/>
<property name="PositionX" value="61"/>
<property name="PositionY" value="5"/>
<property name="PrintCondition" value=""/>
<property name="Alignment" value="1"/>
</TextField>
<TextField>
<property name="Text" value="S H R I   D I N E S H   M I L L S   L T D."/>
<property name="MultiLine" value="false"/>
<property name="Width" value="42"/>
<property name="PositionX" value="30"/>
<property name="PositionY" value="0"/>
<property name="PrintCondition" value=""/>
<property name="Alignment" value="1"/>
</TextField>
<TextField>
<property name="Text" value="NET SALES VALUE"/>
<property name="MultiLine" value="false"/>
<property name="Width" value="15"/>
<property name="PositionX" value="42"/>
<property name="PositionY" value="5"/>
<property name="PrintCondition" value=""/>
<property name="Alignment" value="1"/>
</TextField>
<TextField>
<property name="Text" value="PAGE:"/>
<property name="MultiLine" value="false"/>
<property name="Width" value="5"/>
<property name="PositionX" value="109"/>
<property name="PositionY" value="1"/>
<property name="PrintCondition" value=""/>
<property name="Alignment" value="1"/>
</TextField>
<TextField>
<property name="Text" value="ERP COPY"/>
<property name="MultiLine" value="false"/>
<property name="Width" value="8"/>
<property name="PositionX" value="1"/>
<property name="PositionY" value="0"/>
<property name="PrintCondition" value=""/>
<property name="Alignment" value="1"/>
</TextField>
<TextField>
<property name="Text" value="CATEGORYWISE SALES PERFORMANCE REPORT FROM"/>
<property name="MultiLine" value="false"/>
<property name="Width" value="42"/>
<property name="PositionX" value="26"/>
<property name="PositionY" value="2"/>
<property name="PrintCondition" value=""/>
<property name="Alignment" value="1"/>
</TextField>
<DBField>
<property name="Text" value="$V{PAGE_NO}"/>
<property name="DataType" value="String"/>
<property name="MultiLine" value="false"/>
<property name="Width" value="2"/>
<property name="PositionX" value="115"/>
<property name="PositionY" value="1"/>
<property name="PrintCondition" value=""/>
<property name="FormatString" value=""/>
<property name="Alignment" value="2"/>
<property name="BlankWhenNull" value="false"/>
<property name="ConvertToWords" value="false"/>
</DBField>
<DBField>
<property name="Text" value="$P{SYS_DATE}"/>
<property name="DataType" value="String"/>
<property name="MultiLine" value="false"/>
<property name="Width" value="10"/>
<property name="PositionX" value="11"/>
<property name="PositionY" value="1"/>
<property name="PrintCondition" value=""/>
<property name="FormatString" value=""/>
<property name="Alignment" value="1"/>
<property name="BlankWhenNull" value="false"/>
<property name="ConvertToWords" value="false"/>
</DBField>
<DBField>
<property name="Text" value="$P{FROM_DATE}"/>
<property name="DataType" value="String"/>
<property name="MultiLine" value="false"/>
<property name="Width" value="10"/>
<property name="PositionX" value="69"/>
<property name="PositionY" value="2"/>
<property name="PrintCondition" value=""/>
<property name="FormatString" value=""/>
<property name="Alignment" value="1"/>
<property name="BlankWhenNull" value="false"/>
<property name="ConvertToWords" value="false"/>
</DBField>
<DBField>
<property name="Text" value="$P{INV_TYPE}"/>
<property name="DataType" value="String"/>
<property name="MultiLine" value="false"/>
<property name="Width" value="12"/>
<property name="PositionX" value="1"/>
<property name="PositionY" value="2"/>
<property name="PrintCondition" value=""/>
<property name="FormatString" value=""/>
<property name="Alignment" value="1"/>
<property name="BlankWhenNull" value="false"/>
<property name="ConvertToWords" value="false"/>
</DBField>
<DBField>
<property name="Text" value="$P{TO_DATE}"/>
<property name="DataType" value="String"/>
<property name="MultiLine" value="false"/>
<property name="Width" value="10"/>
<property name="PositionX" value="83"/>
<property name="PositionY" value="2"/>
<property name="PrintCondition" value=""/>
<property name="FormatString" value=""/>
<property name="Alignment" value="1"/>
<property name="BlankWhenNull" value="false"/>
<property name="ConvertToWords" value="false"/>
</DBField>
</Band>
<Band BandHeight="3" SplitBand="true" BandType="4" BandStartRow="0" BandName="Detail" GroupExpression="" StartGroupOnNewPage="false" >
<DBField>
<property name="Text" value="$F{TOTAL_NET_AMOUNT}"/>
<property name="DataType" value="Numeric"/>
<property name="MultiLine" value="false"/>
<property name="Width" value="13"/>
<property name="PositionX" value="43"/>
<property name="PositionY" value="1"/>
<property name="PrintCondition" value=""/>
<property name="FormatString" value="##0.00"/>
<property name="Alignment" value="2"/>
<property name="BlankWhenNull" value="false"/>
<property name="ConvertToWords" value="false"/>
</DBField>
<DBField>
<property name="Text" value="$F{TOTAL_SALES}"/>
<property name="DataType" value="Numeric"/>
<property name="MultiLine" value="false"/>
<property name="Width" value="13"/>
<property name="PositionX" value="76"/>
<property name="PositionY" value="1"/>
<property name="PrintCondition" value=""/>
<property name="FormatString" value="##0.00"/>
<property name="Alignment" value="2"/>
<property name="BlankWhenNull" value="false"/>
<property name="ConvertToWords" value="false"/>
</DBField>
<DBField>
<property name="Text" value="$F{INVOICE_NO}"/>
<property name="DataType" value="String"/>
<property name="MultiLine" value="false"/>
<property name="Width" value="15"/>
<property name="PositionX" value="10"/>
<property name="PositionY" value="1"/>
<property name="PrintCondition" value=""/>
<property name="FormatString" value=""/>
<property name="Alignment" value="1"/>
<property name="BlankWhenNull" value="false"/>
<property name="ConvertToWords" value="false"/>
</DBField>
<DBField>
<property name="Text" value="$F{TOTAL_GROSS_QTY}"/>
<property name="DataType" value="Numeric"/>
<property name="MultiLine" value="false"/>
<property name="Width" value="10"/>
<property name="PositionX" value="28"/>
<property name="PositionY" value="1"/>
<property name="PrintCondition" value=""/>
<property name="FormatString" value="##0.00"/>
<property name="Alignment" value="2"/>
<property name="BlankWhenNull" value="false"/>
<property name="ConvertToWords" value="false"/>
</DBField>
<DBField>
<property name="Text" value="$F{SR_NO}"/>
<property name="DataType" value="String"/>
<property name="MultiLine" value="false"/>
<property name="Width" value="3"/>
<property name="PositionX" value="3"/>
<property name="PositionY" value="1"/>
<property name="PrintCondition" value=""/>
<property name="FormatString" value=""/>
<property name="Alignment" value="1"/>
<property name="BlankWhenNull" value="false"/>
<property name="ConvertToWords" value="false"/>
</DBField>
<DBField>
<property name="Text" value="$F{COLUMN_1_AMT}"/>
<property name="DataType" value="Numeric"/>
<property name="MultiLine" value="false"/>
<property name="Width" value="10"/>
<property name="PositionX" value="61"/>
<property name="PositionY" value="1"/>
<property name="PrintCondition" value=""/>
<property name="FormatString" value="##0.00"/>
<property name="Alignment" value="2"/>
<property name="BlankWhenNull" value="false"/>
<property name="ConvertToWords" value="false"/>
</DBField>
</Band>
<Band BandHeight="0" SplitBand="true" BandType="6" BandStartRow="0" BandName="Page Footer" GroupExpression="" StartGroupOnNewPage="false" >
</Band>
<Band BandHeight="3" SplitBand="true" BandType="7" BandStartRow="0" BandName="Report Footer" GroupExpression="" StartGroupOnNewPage="false" >
<TextField>
<property name="Text" value="TOTAL ..."/>
<property name="MultiLine" value="false"/>
<property name="Width" value="9"/>
<property name="PositionX" value="10"/>
<property name="PositionY" value="1"/>
<property name="PrintCondition" value=""/>
<property name="Alignment" value="1"/>
</TextField>
<DBField>
<property name="Text" value="$V{A}"/>
<property name="DataType" value="Numeric"/>
<property name="MultiLine" value="false"/>
<property name="Width" value="10"/>
<property name="PositionX" value="28"/>
<property name="PositionY" value="1"/>
<property name="PrintCondition" value=""/>
<property name="FormatString" value="##0.00"/>
<property name="Alignment" value="2"/>
<property name="BlankWhenNull" value="false"/>
<property name="ConvertToWords" value="false"/>
</DBField>
<DBField>
<property name="Text" value="$V{B}"/>
<property name="DataType" value="Numeric"/>
<property name="MultiLine" value="false"/>
<property name="Width" value="13"/>
<property name="PositionX" value="43"/>
<property name="PositionY" value="1"/>
<property name="PrintCondition" value=""/>
<property name="FormatString" value="##0.00"/>
<property name="Alignment" value="2"/>
<property name="BlankWhenNull" value="false"/>
<property name="ConvertToWords" value="false"/>
</DBField>
<DBField>
<property name="Text" value="$V{D}"/>
<property name="DataType" value="Numeric"/>
<property name="MultiLine" value="false"/>
<property name="Width" value="13"/>
<property name="PositionX" value="76"/>
<property name="PositionY" value="1"/>
<property name="PrintCondition" value=""/>
<property name="FormatString" value="##0.00"/>
<property name="Alignment" value="2"/>
<property name="BlankWhenNull" value="false"/>
<property name="ConvertToWords" value="false"/>
</DBField>
<DBField>
<property name="Text" value="$V{C}"/>
<property name="DataType" value="Numeric"/>
<property name="MultiLine" value="false"/>
<property name="Width" value="10"/>
<property name="PositionX" value="61"/>
<property name="PositionY" value="1"/>
<property name="PrintCondition" value=""/>
<property name="FormatString" value="##0.00"/>
<property name="Alignment" value="2"/>
<property name="BlankWhenNull" value="false"/>
<property name="ConvertToWords" value="false"/>
</DBField>
</Band>
